<?xml version="1.0" encoding="UTF-8"?>
<!-- Generated by org.testng.reporters.JUnitXMLReporter -->
<testsuite ignored="0" hostname="forsa-vm31" failures="0" tests="7" name="TZP-Registrierung-GN" time="193.166" errors="0" timestamp="2021-06-09T10:28:10 CEST">
  <testcase classname="TopZinsPortal.TZPRegGN" name="TZPRegGNTest" time="27.595"/>
  <testcase classname="TopZinsPortal.TZPRegGN" name="TZPRegGNTest" time="27.212"/>
  <testcase classname="TopZinsPortal.TZPRegGN" name="TZPRegGNTest" time="27.067"/>
  <testcase classname="TopZinsPortal.TZPRegGN" name="TZPRegGNTest" time="27.071"/>
  <testcase classname="TopZinsPortal.TZPRegGN" name="TZPRegGNTest" time="26.934"/>
  <testcase classname="TopZinsPortal.TZPRegGN" name="TZPRegGNTest" time="26.981"/>
  <testcase classname="TopZinsPortal.TZPRegGN" name="TZPRegGNTest" time="27.341"/>
</testsuite> <!-- TZP-Registrierung-GN -->
