<?xml version="1.0" encoding="UTF-8"?>
<!-- Generated by org.testng.reporters.JUnitXMLReporter -->
<testsuite ignored="0" hostname="forsa-vm31" failures="0" tests="6" name="TZP-Registrierung-GG" time="155.332" errors="0" timestamp="2021-08-04T17:32:54 CEST">
  <testcase classname="TopZinsPortal.TZPRegGG" name="TZPRegGGTest" time="0.001"/>
  <testcase classname="TopZinsPortal.TZPRegGG" name="TZPRegGGTest" time="29.625"/>
  <testcase classname="TopZinsPortal.TZPRegGG" name="TZPRegGGTest" time="29.699"/>
  <testcase classname="TopZinsPortal.TZPRegGG" name="TZPRegGGTest" time="33.279"/>
  <testcase classname="TopZinsPortal.TZPRegGG" name="TZPRegGGTest" time="29.385"/>
  <testcase classname="TopZinsPortal.TZPRegGG" name="TZPRegGGTest" time="29.647"/>
</testsuite> <!-- TZP-Registrierung-GG -->
