<?xml version="1.0" encoding="UTF-8"?>
<!-- Generated by org.testng.reporters.JUnitXMLReporter -->
<testsuite ignored="0" hostname="forsa-vm31" failures="0" tests="3" name="TZP-Zinssatz-Vorgabe-GN" time="129.923" errors="0" timestamp="2021-08-04T17:56:44 CEST">
  <testcase classname="TopZinsPortal.TZPZinssatzVorgabeGN" name="TZPZinssatzVorgabeGNTest" time="42.663"/>
  <testcase classname="TopZinsPortal.TZPZinssatzVorgabeGN" name="TZPZinssatzVorgabeGNTest" time="42.569"/>
  <testcase classname="TopZinsPortal.TZPZinssatzVorgabeGN" name="TZPZinssatzVorgabeGNTest" time="41.904"/>
</testsuite> <!-- TZP-Zinssatz-Vorgabe-GN -->
