<?xml version="1.0" encoding="UTF-8"?>
<!-- Generated by org.testng.reporters.JUnitXMLReporter -->
<testsuite ignored="0" hostname="forsa-vm31" failures="0" tests="7" name="TZP-Registrierung-GN" time="200.65" errors="0" timestamp="2021-05-21T09:13:39 CEST">
  <testcase classname="TopZinsPortal.TZPRegGN" name="TZPRegGNTest" time="28.422"/>
  <testcase classname="TopZinsPortal.TZPRegGN" name="TZPRegGNTest" time="27.996"/>
  <testcase classname="TopZinsPortal.TZPRegGN" name="TZPRegGNTest" time="28.507"/>
  <testcase classname="TopZinsPortal.TZPRegGN" name="TZPRegGNTest" time="28.121"/>
  <testcase classname="TopZinsPortal.TZPRegGN" name="TZPRegGNTest" time="28.156"/>
  <testcase classname="TopZinsPortal.TZPRegGN" name="TZPRegGNTest" time="28.293"/>
  <testcase classname="TopZinsPortal.TZPRegGN" name="TZPRegGNTest" time="28.148"/>
</testsuite> <!-- TZP-Registrierung-GN -->
