<?xml version="1.0" encoding="UTF-8"?>
<!-- Generated by org.testng.reporters.JUnitXMLReporter -->
<testsuite ignored="0" hostname="forsa-vm31" failures="0" tests="7" name="TZP-Transaktion-Akzeptieren-GN" time="94.355" errors="0" timestamp="2021-08-04T18:00:33 CEST">
  <testcase classname="TopZinsPortal.TZPTransaktionBearbeitenGN" name="TZPTransaktionBearbeitenGNTest" time="23.808"/>
  <testcase classname="TopZinsPortal.TZPTransaktionBearbeitenGN" name="TZPTransaktionBearbeitenGNTest" time="23.066"/>
  <testcase classname="TopZinsPortal.TZPTransaktionBearbeitenGN" name="TZPTransaktionBearbeitenGNTest" time="21.349"/>
  <testcase classname="TopZinsPortal.TZPTransaktionBearbeitenGN" name="TZPTransaktionBearbeitenGNTest" time="23.34"/>
  <testcase classname="TopZinsPortal.TZPTransaktionBearbeitenGN" name="TZPTransaktionAkzeptierenGNTest" time="0.001"/>
  <testcase classname="TopZinsPortal.TZPTransaktionBearbeitenGN" name="TZPTransaktionAblehnenGNTest" time="0.001"/>
  <testcase classname="TopZinsPortal.TZPTransaktionBearbeitenGN" name="TZPTransaktionTelefonischWeiterleitenGNTest" time="0.0"/>
</testsuite> <!-- TZP-Transaktion-Akzeptieren-GN -->
