<?xml version="1.0" encoding="UTF-8"?>
<!-- Generated by org.testng.reporters.JUnitXMLReporter -->
<testsuite ignored="0" hostname="forsa-vm31" failures="0" tests="3" name="TZP-Transaktion-Akzeptieren-GG" time="47.193" errors="0" timestamp="2021-03-25T12:52:55 CET">
  <testcase classname="TopZinsPortal.TZPTransaktionAkzeptierenGG" name="TZPTransaktionAkzeptierenGGTest" time="14.722"/>
  <testcase classname="TopZinsPortal.TZPTransaktionAkzeptierenGG" name="TZPTransaktionAkzeptierenGGTest" time="10.699"/>
  <testcase classname="TopZinsPortal.TZPTransaktionAkzeptierenGG" name="TZPTransaktionAkzeptierenGGTest" time="16.156"/>
</testsuite> <!-- TZP-Transaktion-Akzeptieren-GG -->
