<?xml version="1.0" encoding="UTF-8"?>
<!-- Generated by org.testng.reporters.JUnitXMLReporter -->
<testsuite ignored="0" hostname="forsa-vm31" failures="0" tests="2" name="TZP-Admin-Handelsfreigabe-GG" time="33.195" errors="0" timestamp="2021-06-22T14:32:02 CEST">
  <testcase classname="TopZinsPortal.TZPAdminHandelsfreigabeGG" name="TZPAdminHandelsfreigabeGGTest" time="0.001"/>
  <testcase classname="TopZinsPortal.TZPAdminHandelsfreigabeGG" name="TZPAdminHandelsfreigabeGGTest" time="30.132"/>
</testsuite> <!-- TZP-Admin-Handelsfreigabe-GG -->
