<?xml version="1.0" encoding="UTF-8"?>
<!-- Generated by org.testng.reporters.JUnitXMLReporter -->
<testsuite ignored="0" hostname="forsa-vm31" failures="15" tests="26" name="TZP-Kontrolle E-Mails-GN" time="141.828" errors="0" timestamp="2021-08-04T18:06:44 CEST">
  <testcase classname="TopZinsPortal.TZPCheckEMailsGN" name="TZPCheckEMailsGNTest" time="5.313">
    <failure type="java.lang.AssertionError" message="The following asserts failed:
	expected [true] but found [false]">
      <![CDATA[java.lang.AssertionError: The following asserts failed:
expected [true] but found [false]
at TopZinsPortal.TZPCheckEMailsGN.TZPCheckEMailsGNTest(TZPCheckEMailsGN.java:119)
at java.base/java.util.ArrayList.forEach(ArrayList.java:1511)
... Removed 28 stack frames]]>
    </failure>
  </testcase> <!-- TZPCheckEMailsGNTest -->
  <testcase classname="TopZinsPortal.TZPCheckEMailsGN" name="TZPCheckEMailsGNTest" time="8.058">
    <failure type="java.lang.AssertionError" message="The following asserts failed:
	expected [true] but found [false]">
      <![CDATA[java.lang.AssertionError: The following asserts failed:
expected [true] but found [false]
at TopZinsPortal.TZPCheckEMailsGN.TZPCheckEMailsGNTest(TZPCheckEMailsGN.java:125)
at java.base/java.util.ArrayList.forEach(ArrayList.java:1511)
... Removed 28 stack frames]]>
    </failure>
  </testcase> <!-- TZPCheckEMailsGNTest -->
  <testcase classname="TopZinsPortal.TZPCheckEMailsGN" name="TZPCheckEMailsGNTest" time="4.51"/>
  <testcase classname="TopZinsPortal.TZPCheckEMailsGN" name="TZPCheckEMailsGNTest" time="8.41">
    <failure type="java.lang.AssertionError" message="The following asserts failed:
	expected [true] but found [false]">
      <![CDATA[java.lang.AssertionError: The following asserts failed:
expected [true] but found [false]
at TopZinsPortal.TZPCheckEMailsGN.TZPCheckEMailsGNTest(TZPCheckEMailsGN.java:125)
at java.base/java.util.ArrayList.forEach(ArrayList.java:1511)
... Removed 28 stack frames]]>
    </failure>
  </testcase> <!-- TZPCheckEMailsGNTest -->
  <testcase classname="TopZinsPortal.TZPCheckEMailsGN" name="TZPCheckEMailsGNTest" time="4.508"/>
  <testcase classname="TopZinsPortal.TZPCheckEMailsGN" name="TZPCheckEMailsGNTest" time="4.504"/>
  <testcase classname="TopZinsPortal.TZPCheckEMailsGN" name="TZPCheckEMailsGNTest" time="4.505">
    <failure type="java.lang.AssertionError" message="The following asserts failed:
	expected [true] but found [false]">
      <![CDATA[java.lang.AssertionError: The following asserts failed:
expected [true] but found [false]
at TopZinsPortal.TZPCheckEMailsGN.TZPCheckEMailsGNTest(TZPCheckEMailsGN.java:125)
at java.base/java.util.ArrayList.forEach(ArrayList.java:1511)
... Removed 28 stack frames]]>
    </failure>
  </testcase> <!-- TZPCheckEMailsGNTest -->
  <testcase classname="TopZinsPortal.TZPCheckEMailsGN" name="TZPCheckEMailsGNTest" time="4.516">
    <failure type="java.lang.AssertionError" message="The following asserts failed:
	expected [true] but found [false]">
      <![CDATA[java.lang.AssertionError: The following asserts failed:
expected [true] but found [false]
at TopZinsPortal.TZPCheckEMailsGN.TZPCheckEMailsGNTest(TZPCheckEMailsGN.java:125)
at java.base/java.util.ArrayList.forEach(ArrayList.java:1511)
... Removed 28 stack frames]]>
    </failure>
  </testcase> <!-- TZPCheckEMailsGNTest -->
  <testcase classname="TopZinsPortal.TZPCheckEMailsGN" name="TZPCheckEMailsGNTest" time="4.507">
    <failure type="java.lang.AssertionError" message="The following asserts failed:
	expected [true] but found [false]">
      <![CDATA[java.lang.AssertionError: The following asserts failed:
expected [true] but found [false]
at TopZinsPortal.TZPCheckEMailsGN.TZPCheckEMailsGNTest(TZPCheckEMailsGN.java:125)
at java.base/java.util.ArrayList.forEach(ArrayList.java:1511)
... Removed 28 stack frames]]>
    </failure>
  </testcase> <!-- TZPCheckEMailsGNTest -->
  <testcase classname="TopZinsPortal.TZPCheckEMailsGN" name="TZPCheckEMailsGNTest" time="4.516">
    <failure type="java.lang.AssertionError" message="The following asserts failed:
	expected [true] but found [false]">
      <![CDATA[java.lang.AssertionError: The following asserts failed:
expected [true] but found [false]
at TopZinsPortal.TZPCheckEMailsGN.TZPCheckEMailsGNTest(TZPCheckEMailsGN.java:125)
at java.base/java.util.ArrayList.forEach(ArrayList.java:1511)
... Removed 28 stack frames]]>
    </failure>
  </testcase> <!-- TZPCheckEMailsGNTest -->
  <testcase classname="TopZinsPortal.TZPCheckEMailsGN" name="TZPCheckEMailsGNTest" time="8.72">
    <failure type="java.lang.AssertionError" message="The following asserts failed:
	expected [true] but found [false]">
      <![CDATA[java.lang.AssertionError: The following asserts failed:
expected [true] but found [false]
at TopZinsPortal.TZPCheckEMailsGN.TZPCheckEMailsGNTest(TZPCheckEMailsGN.java:125)
at java.base/java.util.ArrayList.forEach(ArrayList.java:1511)
... Removed 28 stack frames]]>
    </failure>
  </testcase> <!-- TZPCheckEMailsGNTest -->
  <testcase classname="TopZinsPortal.TZPCheckEMailsGN" name="TZPCheckEMailsGNTest" time="4.503"/>
  <testcase classname="TopZinsPortal.TZPCheckEMailsGN" name="TZPCheckEMailsGNTest" time="5.517">
    <failure type="java.lang.AssertionError" message="The following asserts failed:
	expected [true] but found [false]">
      <![CDATA[java.lang.AssertionError: The following asserts failed:
expected [true] but found [false]
at TopZinsPortal.TZPCheckEMailsGN.TZPCheckEMailsGNTest(TZPCheckEMailsGN.java:125)
at java.base/java.util.ArrayList.forEach(ArrayList.java:1511)
... Removed 28 stack frames]]>
    </failure>
  </testcase> <!-- TZPCheckEMailsGNTest -->
  <testcase classname="TopZinsPortal.TZPCheckEMailsGN" name="TZPCheckEMailsGNTest" time="4.511"/>
  <testcase classname="TopZinsPortal.TZPCheckEMailsGN" name="TZPCheckEMailsGNTest" time="9.374"/>
  <testcase classname="TopZinsPortal.TZPCheckEMailsGN" name="TZPCheckEMailsGNTest" time="4.503"/>
  <testcase classname="TopZinsPortal.TZPCheckEMailsGN" name="TZPCheckEMailsGNTest" time="4.505"/>
  <testcase classname="TopZinsPortal.TZPCheckEMailsGN" name="TZPCheckEMailsGNTest" time="4.51">
    <failure type="java.lang.AssertionError" message="The following asserts failed:
	expected [true] but found [false]">
      <![CDATA[java.lang.AssertionError: The following asserts failed:
expected [true] but found [false]
at TopZinsPortal.TZPCheckEMailsGN.TZPCheckEMailsGNTest(TZPCheckEMailsGN.java:125)
at java.base/java.util.ArrayList.forEach(ArrayList.java:1511)
... Removed 28 stack frames]]>
    </failure>
  </testcase> <!-- TZPCheckEMailsGNTest -->
  <testcase classname="TopZinsPortal.TZPCheckEMailsGN" name="TZPCheckEMailsGNTest" time="4.514">
    <failure type="java.lang.AssertionError" message="The following asserts failed:
	expected [true] but found [false]">
      <![CDATA[java.lang.AssertionError: The following asserts failed:
expected [true] but found [false]
at TopZinsPortal.TZPCheckEMailsGN.TZPCheckEMailsGNTest(TZPCheckEMailsGN.java:125)
at java.base/java.util.ArrayList.forEach(ArrayList.java:1511)
... Removed 28 stack frames]]>
    </failure>
  </testcase> <!-- TZPCheckEMailsGNTest -->
  <testcase classname="TopZinsPortal.TZPCheckEMailsGN" name="TZPCheckEMailsGNTest" time="10.142"/>
  <testcase classname="TopZinsPortal.TZPCheckEMailsGN" name="TZPCheckEMailsGNTest" time="4.508"/>
  <testcase classname="TopZinsPortal.TZPCheckEMailsGN" name="TZPCheckEMailsGNTest" time="4.502"/>
  <testcase classname="TopZinsPortal.TZPCheckEMailsGN" name="TZPCheckEMailsGNTest" time="4.508">
    <failure type="java.lang.AssertionError" message="The following asserts failed:
	expected [true] but found [false]">
      <![CDATA[java.lang.AssertionError: The following asserts failed:
expected [true] but found [false]
at TopZinsPortal.TZPCheckEMailsGN.TZPCheckEMailsGNTest(TZPCheckEMailsGN.java:125)
at java.base/java.util.ArrayList.forEach(ArrayList.java:1511)
... Removed 28 stack frames]]>
    </failure>
  </testcase> <!-- TZPCheckEMailsGNTest -->
  <testcase classname="TopZinsPortal.TZPCheckEMailsGN" name="TZPCheckEMailsGNTest" time="4.512">
    <failure type="java.lang.AssertionError" message="The following asserts failed:
	expected [true] but found [false]">
      <![CDATA[java.lang.AssertionError: The following asserts failed:
expected [true] but found [false]
at TopZinsPortal.TZPCheckEMailsGN.TZPCheckEMailsGNTest(TZPCheckEMailsGN.java:125)
at java.base/java.util.ArrayList.forEach(ArrayList.java:1511)
... Removed 28 stack frames]]>
    </failure>
  </testcase> <!-- TZPCheckEMailsGNTest -->
  <testcase classname="TopZinsPortal.TZPCheckEMailsGN" name="TZPCheckEMailsGNTest" time="4.511">
    <failure type="java.lang.AssertionError" message="The following asserts failed:
	expected [true] but found [false]">
      <![CDATA[java.lang.AssertionError: The following asserts failed:
expected [true] but found [false]
at TopZinsPortal.TZPCheckEMailsGN.TZPCheckEMailsGNTest(TZPCheckEMailsGN.java:125)
at java.base/java.util.ArrayList.forEach(ArrayList.java:1511)
... Removed 28 stack frames]]>
    </failure>
  </testcase> <!-- TZPCheckEMailsGNTest -->
  <testcase classname="TopZinsPortal.TZPCheckEMailsGN" name="TZPCheckEMailsGNTest" time="4.505">
    <failure type="java.lang.AssertionError" message="The following asserts failed:
	expected [true] but found [false]">
      <![CDATA[java.lang.AssertionError: The following asserts failed:
expected [true] but found [false]
at TopZinsPortal.TZPCheckEMailsGN.TZPCheckEMailsGNTest(TZPCheckEMailsGN.java:125)
at java.base/java.util.ArrayList.forEach(ArrayList.java:1511)
... Removed 28 stack frames]]>
    </failure>
  </testcase> <!-- TZPCheckEMailsGNTest -->
</testsuite> <!-- TZP-Kontrolle E-Mails-GN -->
