<?xml version="1.0" encoding="UTF-8"?>
<!-- Generated by org.testng.reporters.JUnitXMLReporter -->
<testsuite ignored="0" hostname="forsa-vm31" failures="0" tests="9" name="TZP-Registrierung-GG" time="197.305" errors="0" timestamp="2021-04-13T08:55:59 CEST">
  <testcase classname="TopZinsPortal.TZPRegGG" name="TZPRegGGTest" time="34.185"/>
  <testcase classname="TopZinsPortal.TZPRegGG" name="TZPRegGGTest" time="33.897"/>
  <testcase classname="TopZinsPortal.TZPRegGG" name="TZPRegGGTest" time="29.497"/>
  <testcase classname="TopZinsPortal.TZPRegGG" name="TZPRegGGTest" time="31.743"/>
  <testcase classname="TopZinsPortal.TZPRegGG" name="TZPRegGGTest" time="29.772"/>
  <testcase classname="TopZinsPortal.TZPRegGG" name="TZPRegGGTest" time="29.015"/>
  <testcase classname="TopZinsPortal.TZPRegGG" name="TZPRegGGTest" time="0.001"/>
  <testcase classname="TopZinsPortal.TZPRegGG" name="TZPRegGGTest" time="0.001"/>
  <testcase classname="TopZinsPortal.TZPRegGG" name="TZPRegGGTest" time="0.001"/>
</testsuite> <!-- TZP-Registrierung-GG -->
