<?xml version="1.0" encoding="UTF-8"?>
<!-- Generated by org.testng.reporters.JUnitXMLReporter -->
<testsuite ignored="0" hostname="forsa-vm31" failures="0" tests="2" name="TZP-Ausschreibung-Start-GG" time="38.581" errors="0" timestamp="2021-03-25T12:54:06 CET">
  <testcase classname="TopZinsPortal.TZPTenderStartGG" name="TZPTenderStartGGTest" time="32.837"/>
  <testcase classname="TopZinsPortal.TZPTenderStartGG" name="TZPTenderStartGGTest" time="0.001"/>
</testsuite> <!-- TZP-Ausschreibung-Start-GG -->
