<?xml version="1.0" encoding="UTF-8"?>
<!-- Generated by org.testng.reporters.JUnitXMLReporter -->
<testsuite ignored="0" hostname="forsa-vm31" failures="0" tests="3" name="TZP-Transaktion-Start-GG" time="85.761" errors="0" timestamp="2021-04-07T14:48:10 CEST">
  <testcase classname="TopZinsPortal.TZPTransaktionStartGG" name="TZPTransaktionStartGGTest" time="27.336"/>
  <testcase classname="TopZinsPortal.TZPTransaktionStartGG" name="TZPTransaktionStartGGTest" time="25.842"/>
  <testcase classname="TopZinsPortal.TZPTransaktionStartGG" name="TZPTransaktionStartGGTest" time="26.881"/>
</testsuite> <!-- TZP-Transaktion-Start-GG -->
