<?xml version="1.0" encoding="UTF-8"?>
<!-- Generated by org.testng.reporters.JUnitXMLReporter -->
<testsuite ignored="0" hostname="forsa-vm31" failures="0" tests="3" name="TZP-Transaktion-Akzeptieren-GN" time="60.821" errors="0" timestamp="2021-04-07T14:49:11 CEST">
  <testcase classname="TopZinsPortal.TZPTransaktionBearbeitenGN" name="TZPTransaktionAkzeptierenGNTest" time="18.7"/>
  <testcase classname="TopZinsPortal.TZPTransaktionBearbeitenGN" name="TZPTransaktionAkzeptierenGNTest" time="17.705"/>
  <testcase classname="TopZinsPortal.TZPTransaktionBearbeitenGN" name="TZPTransaktionAkzeptierenGNTest" time="18.709"/>
</testsuite> <!-- TZP-Transaktion-Akzeptieren-GN -->
