<?xml version="1.0" encoding="UTF-8"?>
<!-- Generated by org.testng.reporters.JUnitXMLReporter -->
<testsuite ignored="0" hostname="forsa-vm31" failures="0" tests="11" name="TZP-Kontrolle E-Mails-GG" time="70.65" errors="0" timestamp="2021-05-21T09:38:02 CEST">
  <testcase classname="TopZinsPortal.TZPCheckEMailsGG" name="TZPCheckEmailGGTest" time="7.614"/>
  <testcase classname="TopZinsPortal.TZPCheckEMailsGG" name="TZPCheckEmailGGTest" time="8.941"/>
  <testcase classname="TopZinsPortal.TZPCheckEMailsGG" name="TZPCheckEmailGGTest" time="4.511"/>
  <testcase classname="TopZinsPortal.TZPCheckEMailsGG" name="TZPCheckEmailGGTest" time="9.994"/>
  <testcase classname="TopZinsPortal.TZPCheckEMailsGG" name="TZPCheckEmailGGTest" time="4.517"/>
  <testcase classname="TopZinsPortal.TZPCheckEMailsGG" name="TZPCheckEmailGGTest" time="4.513"/>
  <testcase classname="TopZinsPortal.TZPCheckEMailsGG" name="TZPCheckEmailGGTest" time="4.504"/>
  <testcase classname="TopZinsPortal.TZPCheckEMailsGG" name="TZPCheckEmailGGTest" time="9.242"/>
  <testcase classname="TopZinsPortal.TZPCheckEMailsGG" name="TZPCheckEmailGGTest" time="4.508"/>
  <testcase classname="TopZinsPortal.TZPCheckEMailsGG" name="TZPCheckEmailGGTest" time="7.111"/>
  <testcase classname="TopZinsPortal.TZPCheckEMailsGG" name="TZPCheckEmailGGTest" time="4.516"/>
</testsuite> <!-- TZP-Kontrolle E-Mails-GG -->
