<?xml version="1.0" encoding="UTF-8"?>
<!-- Generated by org.testng.reporters.JUnitXMLReporter -->
<testsuite ignored="0" hostname="forsa-vm31" failures="0" tests="4" name="TZP-Login-GN" time="59.65" errors="0" timestamp="2021-05-25T13:27:58 CEST">
  <testcase classname="TopZinsPortal.TZPLoginGN" name="TZPLoginGNTest" time="14.196"/>
  <testcase classname="TopZinsPortal.TZPLoginGN" name="TZPLoginGNTest" time="14.362"/>
  <testcase classname="TopZinsPortal.TZPLoginGN" name="TZPLoginGNTest" time="14.098"/>
  <testcase classname="TopZinsPortal.TZPLoginGN" name="TZPLoginGNTest" time="13.983"/>
</testsuite> <!-- TZP-Login-GN -->
