<?xml version="1.0" encoding="UTF-8"?>
<!-- Generated by org.testng.reporters.JUnitXMLReporter -->
<testsuite ignored="0" hostname="forsa-vm31" failures="0" tests="3" name="TZP-Akzeptieren-GG" time="50.682" errors="0" timestamp="2021-04-20T13:18:54 CEST">
  <testcase classname="TopZinsPortal.TZPTransaktionAkzeptierenGG" name="TZPTransaktionAkzeptierenGGTest" time="17.249"/>
  <testcase classname="TopZinsPortal.TZPTransaktionAkzeptierenGG" name="TZPTransaktionAkzeptierenGGTest" time="11.076"/>
  <testcase classname="TopZinsPortal.TZPTransaktionAkzeptierenGG" name="TZPTransaktionAkzeptierenGGTest" time="16.434"/>
</testsuite> <!-- TZP-Akzeptieren-GG -->
