<?xml version="1.0" encoding="UTF-8"?>
<!-- Generated by org.testng.reporters.JUnitXMLReporter -->
<testsuite ignored="0" hostname="forsa-vm31" failures="0" tests="3" name="TZP-Akzeptieren-GN" time="69.412" errors="0" timestamp="2021-05-12T16:56:11 CEST">
  <testcase classname="TopZinsPortal.TZPTransaktionBearbeitenGN" name="TZPTransaktionBearbeitenGNTest" time="23.747"/>
  <testcase classname="TopZinsPortal.TZPTransaktionBearbeitenGN" name="TZPTransaktionBearbeitenGNTest" time="21.566"/>
  <testcase classname="TopZinsPortal.TZPTransaktionBearbeitenGN" name="TZPTransaktionBearbeitenGNTest" time="21.198"/>
</testsuite> <!-- TZP-Akzeptieren-GN -->
