<?xml version="1.0" encoding="UTF-8"?>
<!-- Generated by org.testng.reporters.JUnitXMLReporter -->
<testsuite ignored="0" hostname="forsa-vm31" failures="0" tests="3" name="TZP-Zinssatz Vorgabe GN" time="130.677" errors="0" timestamp="2021-04-13T09:53:16 CEST">
  <testcase classname="TopZinsPortal.TZPZinssatzVorgabeGN" name="TZPZinssatzVorgabeGNTest" time="40.906"/>
  <testcase classname="TopZinsPortal.TZPZinssatzVorgabeGN" name="TZPZinssatzVorgabeGNTest" time="41.999"/>
  <testcase classname="TopZinsPortal.TZPZinssatzVorgabeGN" name="TZPZinssatzVorgabeGNTest" time="40.292"/>
</testsuite> <!-- TZP-Zinssatz Vorgabe GN -->
