<?xml version="1.0" encoding="UTF-8"?>
<!-- Generated by org.testng.reporters.JUnitXMLReporter -->
<testsuite ignored="0" hostname="forsa-vm31" failures="0" tests="3" name="TZP-Transaktion-Start-GG" time="116.196" errors="0" timestamp="2021-05-21T10:25:37 CEST">
  <testcase classname="TopZinsPortal.TZPTransaktionStartGG" name="TZPTransaktionStartGGTest" time="34.896"/>
  <testcase classname="TopZinsPortal.TZPTransaktionStartGG" name="TZPTransaktionStartGGTest" time="37.588"/>
  <testcase classname="TopZinsPortal.TZPTransaktionStartGG" name="TZPTransaktionStartGGTest" time="38.869"/>
</testsuite> <!-- TZP-Transaktion-Start-GG -->
