<?xml version="1.0" encoding="UTF-8"?>
<!-- Generated by org.testng.reporters.JUnitXMLReporter -->
<testsuite ignored="0" hostname="forsa-vm31" failures="0" tests="6" name="TZP-Admin-HandelsfreigabeGN" time="29.629" errors="0" timestamp="2021-02-25T13:35:49 CET">
  <testcase classname="TopZinsPortal.TZPAdminHandelsfreigabeGN" name="TZPAdminHandelsfreigabeGNTest" time="0.001"/>
  <testcase classname="TopZinsPortal.TZPAdminHandelsfreigabeGN" name="TZPAdminHandelsfreigabeGNTest" time="23.947"/>
  <testcase classname="TopZinsPortal.TZPAdminHandelsfreigabeGN" name="TZPAdminHandelsfreigabeGNTest" time="0.0"/>
  <testcase classname="TopZinsPortal.TZPAdminHandelsfreigabeGN" name="TZPAdminHandelsfreigabeGNTest" time="0.0"/>
  <testcase classname="TopZinsPortal.TZPAdminHandelsfreigabeGN" name="TZPAdminHandelsfreigabeGNTest" time="0.0"/>
  <testcase classname="TopZinsPortal.TZPAdminHandelsfreigabeGN" name="TZPAdminHandelsfreigabeGNTest" time="0.0"/>
</testsuite> <!-- TZP-Admin-HandelsfreigabeGN -->
