<?xml version="1.0" encoding="UTF-8"?>
<!-- Generated by org.testng.reporters.JUnitXMLReporter -->
<testsuite ignored="0" hostname="forsa-vm31" failures="0" tests="2" name="Default test" time="27.186" errors="0" timestamp="2021-02-26T15:01:35 CET">
  <testcase classname="TopZinsPortal.TZPTransaktionAkzeptierenGNTelefon" name="AdminTransactionActions" time="0.007"/>
  <testcase classname="TopZinsPortal.TZPTransaktionAkzeptierenGNTelefon" name="TZPTransaktionAkzeptierenGNTest" time="19.653"/>
</testsuite> <!-- Default test -->
