<?xml version="1.0" encoding="UTF-8"?>
<!-- Generated by org.testng.reporters.JUnitXMLReporter -->
<testsuite ignored="0" hostname="forsa-vm31" failures="0" tests="8" name="Default test" time="23.672" errors="0" timestamp="2021-05-03T18:50:43 CEST">
  <testcase classname="TopZinsPortal.TZPCheckEMailsGG" name="TZPCheckEmailGGTest" time="3.1"/>
  <testcase classname="TopZinsPortal.TZPCheckEMailsGG" name="TZPCheckEmailGGTest" time="4.531"/>
  <testcase classname="TopZinsPortal.TZPCheckEMailsGG" name="TZPCheckEmailGGTest" time="0.004"/>
  <testcase classname="TopZinsPortal.TZPCheckEMailsGG" name="TZPCheckEmailGGTest" time="4.434"/>
  <testcase classname="TopZinsPortal.TZPCheckEMailsGG" name="TZPCheckEmailGGTest" time="0.004"/>
  <testcase classname="TopZinsPortal.TZPCheckEMailsGG" name="TZPCheckEmailGGTest" time="0.001"/>
  <testcase classname="TopZinsPortal.TZPCheckEMailsGG" name="TZPCheckEmailGGTest" time="5.223"/>
  <testcase classname="TopZinsPortal.TZPCheckEMailsGG" name="TZPCheckEmailGGTest" time="2.083"/>
</testsuite> <!-- Default test -->
