<?xml version="1.0" encoding="UTF-8"?>
<!-- Generated by org.testng.reporters.JUnitXMLReporter -->
<testsuite ignored="0" hostname="forsa-vm31" failures="0" tests="3" name="Default test" time="134.907" errors="0" timestamp="2020-11-25T17:31:24 CET">
  <testcase classname="TopZinsPortal.TZPRegGG" name="TZRegGGTest" time="39.509"/>
  <testcase classname="TopZinsPortal.TZPRegGG" name="TZRegGGTest" time="38.757"/>
  <testcase classname="TopZinsPortal.TZPRegGG" name="TZRegGGTest" time="38.76"/>
</testsuite> <!-- Default test -->
