<?xml version="1.0" encoding="UTF-8"?>
<!-- Generated by org.testng.reporters.JUnitXMLReporter -->
<testsuite ignored="0" hostname="forsa-vm31" failures="0" tests="16" name="Default test" time="113.848" errors="0" timestamp="2021-05-14T16:21:01 CEST">
  <testcase classname="TopZinsPortal.TZPCheckEMailsGN" name="TZPCheckEmailGNTest" time="7.9"/>
  <testcase classname="TopZinsPortal.TZPCheckEMailsGN" name="TZPCheckEmailGNTest" time="9.634"/>
  <testcase classname="TopZinsPortal.TZPCheckEMailsGN" name="TZPCheckEmailGNTest" time="4.507"/>
  <testcase classname="TopZinsPortal.TZPCheckEMailsGN" name="TZPCheckEmailGNTest" time="23.622"/>
  <testcase classname="TopZinsPortal.TZPCheckEMailsGN" name="TZPCheckEmailGNTest" time="4.513"/>
  <testcase classname="TopZinsPortal.TZPCheckEMailsGN" name="TZPCheckEmailGNTest" time="4.509"/>
  <testcase classname="TopZinsPortal.TZPCheckEMailsGN" name="TZPCheckEmailGNTest" time="4.522"/>
  <testcase classname="TopZinsPortal.TZPCheckEMailsGN" name="TZPCheckEmailGNTest" time="4.52"/>
  <testcase classname="TopZinsPortal.TZPCheckEMailsGN" name="TZPCheckEmailGNTest" time="9.208"/>
  <testcase classname="TopZinsPortal.TZPCheckEMailsGN" name="TZPCheckEmailGNTest" time="4.507"/>
  <testcase classname="TopZinsPortal.TZPCheckEMailsGN" name="TZPCheckEmailGNTest" time="6.297"/>
  <testcase classname="TopZinsPortal.TZPCheckEMailsGN" name="TZPCheckEmailGNTest" time="4.516"/>
  <testcase classname="TopZinsPortal.TZPCheckEMailsGN" name="TZPCheckEmailGNTest" time="10.637"/>
  <testcase classname="TopZinsPortal.TZPCheckEMailsGN" name="TZPCheckEmailGNTest" time="4.516"/>
  <testcase classname="TopZinsPortal.TZPCheckEMailsGN" name="TZPCheckEmailGNTest" time="4.517"/>
  <testcase classname="TopZinsPortal.TZPCheckEMailsGN" name="TZPCheckEmailGNTest" time="4.519"/>
</testsuite> <!-- Default test -->
