<?xml version="1.0" encoding="UTF-8"?>
<!-- Generated by org.testng.reporters.JUnitXMLReporter -->
<testsuite ignored="0" hostname="forsa-vm31" failures="1" tests="1" name="Default test" time="27.264" errors="0" timestamp="2021-07-12T13:20:08 CEST">
  <testcase classname="TopZinsPortal.TZPAdminApplitoolScreenshots" name="TZPApplitoolScreenshot" time="22.951">
    <failure type="com.applitools.eyes.exceptions.DiffsFoundException" message="Test &amp;apos;DASHBOARD-Stage Sprint 43&amp;apos; of &amp;apos;Admin-Forsa&amp;apos; detected differences! See details at: https://eyes.applitools.com/app/batches/00000251776212003910/00000251776212002942?accountId=YtPt0DUaZkajGGdnI6uxvA~~">
      <![CDATA[com.applitools.eyes.exceptions.DiffsFoundException: Test 'DASHBOARD-Stage Sprint 43' of 'Admin-Forsa' detected differences! See details at: https://eyes.applitools.com/app/batches/00000251776212003910/00000251776212002942?accountId=YtPt0DUaZkajGGdnI6uxvA~~
at com.applitools.eyes.EyesBase.logSessionResultsAndThrowException(EyesBase.java:515)
at com.applitools.eyes.EyesBase.close(EyesBase.java:488)
at com.applitools.eyes.selenium.SeleniumEyes.close(SeleniumEyes.java:2127)
at com.applitools.eyes.selenium.Eyes.close(Eyes.java:415)
at com.applitools.eyes.selenium.Eyes.close(Eyes.java:129)
at Utils.SeleniumUtils.ApplitoolsAufnahme(SeleniumUtils.java:108)
at TopZinsPortal.TZPAdminApplitoolScreenshots.TZPApplitoolScreenshot(TZPAdminApplitoolScreenshots.java:140)
at java.base/jdk.internal.reflect.NativeMethodAccessorImpl.invoke0(Native Method)
at java.base/jdk.internal.reflect.NativeMethodAccessorImpl.invoke(NativeMethodAccessorImpl.java:64)
at java.base/jdk.internal.reflect.DelegatingMethodAccessorImpl.invoke(DelegatingMethodAccessorImpl.java:43)
at java.base/java.lang.reflect.Method.invoke(Method.java:564)
at org.testng.internal.MethodInvocationHelper.invokeMethod(MethodInvocationHelper.java:132)
at org.testng.internal.TestInvoker.invokeMethod(TestInvoker.java:599)
at org.testng.internal.TestInvoker.invokeTestMethod(TestInvoker.java:174)
at org.testng.internal.MethodRunner.runInSequence(MethodRunner.java:46)
at org.testng.internal.TestInvoker$MethodInvocationAgent.invoke(TestInvoker.java:822)
at org.testng.internal.TestInvoker.invokeTestMethods(TestInvoker.java:147)
at org.testng.internal.TestMethodWorker.invokeTestMethods(TestMethodWorker.java:146)
at org.testng.internal.TestMethodWorker.run(TestMethodWorker.java:128)
at java.base/java.util.ArrayList.forEach(ArrayList.java:1511)
at org.testng.TestRunner.privateRun(TestRunner.java:764)
at org.testng.TestRunner.run(TestRunner.java:585)
at org.testng.SuiteRunner.runTest(SuiteRunner.java:384)
at org.testng.SuiteRunner.runSequentially(SuiteRunner.java:378)
at org.testng.SuiteRunner.privateRun(SuiteRunner.java:337)
at org.testng.SuiteRunner.run(SuiteRunner.java:286)
at org.testng.SuiteRunnerWorker.runSuite(SuiteRunnerWorker.java:53)
at org.testng.SuiteRunnerWorker.run(SuiteRunnerWorker.java:96)
at org.testng.TestNG.runSuitesSequentially(TestNG.java:1218)
at org.testng.TestNG.runSuitesLocally(TestNG.java:1140)
at org.testng.TestNG.runSuites(TestNG.java:1069)
at org.testng.TestNG.run(TestNG.java:1037)
at org.testng.remote.AbstractRemoteTestNG.run(AbstractRemoteTestNG.java:115)
at org.testng.remote.RemoteTestNG.initAndRun(RemoteTestNG.java:251)
at org.testng.remote.RemoteTestNG.main(RemoteTestNG.java:77)
]]>
    </failure>
  </testcase> <!-- TZPApplitoolScreenshot -->
</testsuite> <!-- Default test -->
