<?xml version="1.0" encoding="UTF-8"?>
<!-- Generated by org.testng.reporters.JUnitXMLReporter -->
<testsuite ignored="0" hostname="forsa-vm31" failures="0" tests="2" name="Default test" time="53.022" errors="0" timestamp="2020-12-01T13:58:27 CET">
  <testcase classname="TopZinsPortal.TZPAdminHandelsfreigabe" name="TZP_Admin_Handelsfreigabe" time="38.69"/>
  <testcase classname="TopZinsPortal.TZPAdminHandelsfreigabe" name="TZP_Admin_Handelsfreigabe" time="0.001"/>
</testsuite> <!-- Default test -->
