<?xml version="1.0" encoding="UTF-8"?>
<!-- Generated by org.testng.reporters.JUnitXMLReporter -->
<testsuite ignored="0" hostname="forsa-vm31" failures="0" tests="2" name="Default test" time="26.859" errors="0" timestamp="2021-03-18T16:58:40 CET">
  <testcase classname="TopZinsPortal.TZPTransaktionAbschlussGN" name="TZPTransaktionAbschlussGNTest" time="9.81"/>
  <testcase classname="TopZinsPortal.TZPTransaktionAbschlussGN" name="TZPTransaktionAbschlussGNTest" time="9.602"/>
</testsuite> <!-- Default test -->
