<?xml version="1.0" encoding="UTF-8"?>
<!-- Generated by org.testng.reporters.JUnitXMLReporter -->
<testsuite ignored="0" hostname="forsa-vm31" failures="0" tests="8" name="Default test" time="133.031" errors="0" timestamp="2021-01-04T14:20:31 CET">
  <testcase classname="TopZinsPortal.TZPStammGN" name="TZPStammGNTest" time="0.007"/>
  <testcase classname="TopZinsPortal.TZPStammGN" name="TZPStammGNTest" time="0.002"/>
  <testcase classname="TopZinsPortal.TZPStammGN" name="TZPStammGNTest" time="0.002"/>
  <testcase classname="TopZinsPortal.TZPStammGN" name="TZPStammGNTest" time="0.001"/>
  <testcase classname="TopZinsPortal.TZPStammGN" name="TZPStammGNTest" time="64.171"/>
  <testcase classname="TopZinsPortal.TZPStammGN" name="TZPStammGNTest" time="59.438"/>
  <testcase classname="TopZinsPortal.TZPStammGN" name="TZPStammGNTest" time="0.002"/>
  <testcase classname="TopZinsPortal.TZPStammGN" name="TZPStammGNTest" time="0.002"/>
</testsuite> <!-- Default test -->
