<?xml version="1.0" encoding="UTF-8"?>
<!-- Generated by org.testng.reporters.JUnitXMLReporter -->
<testsuite ignored="0" hostname="forsa-vm31" failures="0" tests="3" name="TZP-Serveral-User-Einladung-GN" time="102.569" errors="0" timestamp="2021-06-24T16:24:36 CEST">
  <testcase classname="TopZinsPortal.TZPSeveralUserGNEinladung" name="TZPSeveralUserEinladenGNTest" time="33.673"/>
  <testcase classname="TopZinsPortal.TZPSeveralUserGNEinladung" name="TZPSeveralUserEinladenGNTest" time="32.71"/>
  <testcase classname="TopZinsPortal.TZPSeveralUserGNEinladung" name="TZPSeveralUserEinladenGNTest" time="33.374"/>
</testsuite> <!-- TZP-Serveral-User-Einladung-GN -->
