<?xml version="1.0" encoding="UTF-8"?>
<!-- Generated by org.testng.reporters.JUnitXMLReporter -->
<testsuite ignored="0" hostname="forsa-vm31" failures="0" tests="3" name="TZP-Serveral-User-Deaktivieren-GN" time="59.1" errors="0" timestamp="2021-07-02T11:10:41 CEST">
  <testcase classname="TopZinsPortal.TZPAdminSeveralUserDeaktivierenGN" name="TZPAdminSeveralUserDeaktivierenGNTest" time="27.795"/>
  <testcase classname="TopZinsPortal.TZPAdminSeveralUserDeaktivierenGN" name="TZPAdminSeveralUserDeaktivierenGNTest" time="10.039"/>
  <testcase classname="TopZinsPortal.TZPAdminSeveralUserDeaktivierenGN" name="TZPAdminSeveralUserDeaktivierenGNTest" time="18.241"/>
</testsuite> <!-- TZP-Serveral-User-Deaktivieren-GN -->
