<?xml version="1.0" encoding="UTF-8"?>
<testng-results ignored="0" total="15" passed="15" failed="0" skipped="0">
  <reporter-output>
  </reporter-output>
  <suite started-at="2021-03-19T18:11:04 CET" name="TopZinzPortal-Transaktion-Ablauftesttest" finished-at="2021-03-19T18:15:12 CET" duration-ms="248739">
    <groups>
    </groups>
    <test started-at="2021-03-19T18:11:04 CET" name="TZP-Transaktion-Start-GG" finished-at="2021-03-19T18:12:28 CET" duration-ms="84635">
      <class name="TopZinsPortal.TZPTransaktionStartGG">
        <test-method is-config="true" signature="SetupSeleniumTestdaten(java.lang.String)[pri:0, instance:TopZinsPortal.TZPTransaktionStartGG@245b4bdc]" started-at="2021-03-19T18:11:04 CET" name="SetupSeleniumTestdaten" finished-at="2021-03-19T18:11:07 CET" duration-ms="3019" status="PASS">
          <params>
            <param index="0">
              <value>
                <![CDATA[Smoketest]]>
              </value>
            </param>
          </params>
          <reporter-output>
          </reporter-output>
        </test-method> <!-- SetupSeleniumTestdaten -->
        <test-method signature="TZPTransaktionStartGGTest(java.lang.String, java.lang.String, java.lang.String, java.lang.String, java.lang.String, java.lang.String, java.lang.String, java.lang.String, java.lang.String, java.lang.String, java.lang.String, java.lang.String, java.lang.String, java.lang.String, java.lang.String, java.lang.String, java.lang.String, java.lang.String, java.lang.String, java.lang.String, java.lang.String, java.lang.String, java.lang.String, java.lang.String, java.lang.String, java.lang.String)[pri:0, instance:TopZinsPortal.TZPTransaktionStartGG@245b4bdc]" started-at="2021-03-19T18:11:07 CET" name="TZPTransaktionStartGGTest" data-provider="TZPTransaktionStartGG" finished-at="2021-03-19T18:11:34 CET" duration-ms="27490" status="PASS">
          <params>
            <param index="0">
              <value>
                <![CDATA[TZPTransaktionStartGG-TF-001]]>
              </value>
            </param>
            <param index="1">
              <value>
                <![CDATA[Ja]]>
              </value>
            </param>
            <param index="2">
              <value>
                <![CDATA[BHDR-GG-Handel@Forsa-gmbh.de]]>
              </value>
            </param>
            <param index="3">
              <value>
                <![CDATA[Test12345!]]>
              </value>
            </param>
            <param index="4">
              <value>
                <![CDATA[1000001]]>
              </value>
            </param>
            <param index="5">
              <value>
                <![CDATA[0,01 %]]>
              </value>
            </param>
            <param index="6">
              <value>
                <![CDATA[ActDatum]]>
              </value>
            </param>
            <param index="7">
              <value>
                <![CDATA[act/360]]>
              </value>
            </param>
            <param index="8">
              <value>
                <![CDATA[halbjährlich]]>
              </value>
            </param>
            <param index="9">
              <value>
                <![CDATA[Sonstiges TF 1 durch den]]>
              </value>
            </param>
            <param index="10">
              <value>
                <![CDATA[Kommentar TF1]]>
              </value>
            </param>
            <param index="11">
              <value>
                <![CDATA[20:00]]>
              </value>
            </param>
            <param index="12">
              <value>
                <![CDATA[Ja]]>
              </value>
            </param>
            <param index="13">
              <value>
                <![CDATA[Nein]]>
              </value>
            </param>
            <param index="14">
              <value>
                <![CDATA[BHDR-GN-Handel]]>
              </value>
            </param>
            <param index="15">
              <value>
                <![CDATA[BHDR-GN-Handel@Forsa-gmbh.de]]>
              </value>
            </param>
            <param index="16">
              <value>
                <![CDATA[Test12345!]]>
              </value>
            </param>
            <param index="17">
              <value>
                <![CDATA[100000]]>
              </value>
            </param>
            <param index="18">
              <value>
                <![CDATA[1]]>
              </value>
            </param>
            <param index="19">
              <value>
                <![CDATA[ActDatum + 3]]>
              </value>
            </param>
            <param index="20">
              <value>
                <![CDATA[Ja]]>
              </value>
            </param>
            <param index="21">
              <value>
                <![CDATA[Nein]]>
              </value>
            </param>
            <param index="22">
              <value>
                <![CDATA[Nein]]>
              </value>
            </param>
            <param index="23">
              <value>
                <![CDATA[Ja]]>
              </value>
            </param>
            <param index="24">
              <value>
                <![CDATA[Nein]]>
              </value>
            </param>
            <param index="25">
              <value>
                <![CDATA[Nein]]>
              </value>
            </param>
          </params>
          <reporter-output>
          </reporter-output>
        </test-method> <!-- TZPTransaktionStartGGTest -->
        <test-method signature="TZPTransaktionStartGGTest(java.lang.String, java.lang.String, java.lang.String, java.lang.String, java.lang.String, java.lang.String, java.lang.String, java.lang.String, java.lang.String, java.lang.String, java.lang.String, java.lang.String, java.lang.String, java.lang.String, java.lang.String, java.lang.String, java.lang.String, java.lang.String, java.lang.String, java.lang.String, java.lang.String, java.lang.String, java.lang.String, java.lang.String, java.lang.String, java.lang.String)[pri:0, instance:TopZinsPortal.TZPTransaktionStartGG@245b4bdc]" started-at="2021-03-19T18:11:34 CET" name="TZPTransaktionStartGGTest" data-provider="TZPTransaktionStartGG" finished-at="2021-03-19T18:11:59 CET" duration-ms="24515" status="PASS">
          <params>
            <param index="0">
              <value>
                <![CDATA[TZPTransaktionStartGG-TF-002]]>
              </value>
            </param>
            <param index="1">
              <value>
                <![CDATA[Ja]]>
              </value>
            </param>
            <param index="2">
              <value>
                <![CDATA[BHDR-GG-Handel@Forsa-gmbh.de]]>
              </value>
            </param>
            <param index="3">
              <value>
                <![CDATA[Test12345!]]>
              </value>
            </param>
            <param index="4">
              <value>
                <![CDATA[1000002]]>
              </value>
            </param>
            <param index="5">
              <value>
                <![CDATA[0,02 %]]>
              </value>
            </param>
            <param index="6">
              <value>
                <![CDATA[ActDatum]]>
              </value>
            </param>
            <param index="7">
              <value>
                <![CDATA[act/360]]>
              </value>
            </param>
            <param index="8">
              <value>
                <![CDATA[halbjährlich]]>
              </value>
            </param>
            <param index="9">
              <value>
                <![CDATA[Sonstiges TF 3 durch den]]>
              </value>
            </param>
            <param index="10">
              <value>
                <![CDATA[Kommentar TF3]]>
              </value>
            </param>
            <param index="11">
              <value>
                <![CDATA[20:00]]>
              </value>
            </param>
            <param index="12">
              <value>
                <![CDATA[Ja]]>
              </value>
            </param>
            <param index="13">
              <value>
                <![CDATA[Nein]]>
              </value>
            </param>
            <param index="14">
              <value>
                <![CDATA[BHDR-GN-Handel]]>
              </value>
            </param>
            <param index="15">
              <value>
                <![CDATA[BHDR-GN-Handel@Forsa-gmbh.de]]>
              </value>
            </param>
            <param index="16">
              <value>
                <![CDATA[Test12345!]]>
              </value>
            </param>
            <param index="17">
              <value>
                <![CDATA[200000]]>
              </value>
            </param>
            <param index="18">
              <value>
                <![CDATA[2]]>
              </value>
            </param>
            <param index="19">
              <value>
                <![CDATA[ActDatum + 3]]>
              </value>
            </param>
            <param index="20">
              <value>
                <![CDATA[Nein]]>
              </value>
            </param>
            <param index="21">
              <value>
                <![CDATA[Ja]]>
              </value>
            </param>
            <param index="22">
              <value>
                <![CDATA[Nein]]>
              </value>
            </param>
            <param index="23">
              <value>
                <![CDATA[Nein]]>
              </value>
            </param>
            <param index="24">
              <value>
                <![CDATA[Nein]]>
              </value>
            </param>
            <param index="25">
              <value>
                <![CDATA[Nein]]>
              </value>
            </param>
          </params>
          <reporter-output>
          </reporter-output>
        </test-method> <!-- TZPTransaktionStartGGTest -->
        <test-method signature="TZPTransaktionStartGGTest(java.lang.String, java.lang.String, java.lang.String, java.lang.String, java.lang.String, java.lang.String, java.lang.String, java.lang.String, java.lang.String, java.lang.String, java.lang.String, java.lang.String, java.lang.String, java.lang.String, java.lang.String, java.lang.String, java.lang.String, java.lang.String, java.lang.String, java.lang.String, java.lang.String, java.lang.String, java.lang.String, java.lang.String, java.lang.String, java.lang.String)[pri:0, instance:TopZinsPortal.TZPTransaktionStartGG@245b4bdc]" started-at="2021-03-19T18:11:59 CET" name="TZPTransaktionStartGGTest" data-provider="TZPTransaktionStartGG" finished-at="2021-03-19T18:12:24 CET" duration-ms="25053" status="PASS">
          <params>
            <param index="0">
              <value>
                <![CDATA[TZPTransaktionStartGG-TF-003]]>
              </value>
            </param>
            <param index="1">
              <value>
                <![CDATA[Ja]]>
              </value>
            </param>
            <param index="2">
              <value>
                <![CDATA[BHDR-GG-Handel@Forsa-gmbh.de]]>
              </value>
            </param>
            <param index="3">
              <value>
                <![CDATA[Test12345!]]>
              </value>
            </param>
            <param index="4">
              <value>
                <![CDATA[1000003]]>
              </value>
            </param>
            <param index="5">
              <value>
                <![CDATA[0,03 %]]>
              </value>
            </param>
            <param index="6">
              <value>
                <![CDATA[ActDatum]]>
              </value>
            </param>
            <param index="7">
              <value>
                <![CDATA[act/360]]>
              </value>
            </param>
            <param index="8">
              <value>
                <![CDATA[halbjährlich]]>
              </value>
            </param>
            <param index="9">
              <value>
                <![CDATA[Sonstiges TF 2 durch den]]>
              </value>
            </param>
            <param index="10">
              <value>
                <![CDATA[Kommentar TF2]]>
              </value>
            </param>
            <param index="11">
              <value>
                <![CDATA[20:00]]>
              </value>
            </param>
            <param index="12">
              <value>
                <![CDATA[Ja]]>
              </value>
            </param>
            <param index="13">
              <value>
                <![CDATA[Nein]]>
              </value>
            </param>
            <param index="14">
              <value>
                <![CDATA[BHDR-GN-Handel]]>
              </value>
            </param>
            <param index="15">
              <value>
                <![CDATA[BHDR-GN-Handel@Forsa-gmbh.de]]>
              </value>
            </param>
            <param index="16">
              <value>
                <![CDATA[Test12345!]]>
              </value>
            </param>
            <param index="17">
              <value>
                <![CDATA[300000]]>
              </value>
            </param>
            <param index="18">
              <value>
                <![CDATA[3]]>
              </value>
            </param>
            <param index="19">
              <value>
                <![CDATA[ActDatum + 3]]>
              </value>
            </param>
            <param index="20">
              <value>
                <![CDATA[Nein]]>
              </value>
            </param>
            <param index="21">
              <value>
                <![CDATA[Nein]]>
              </value>
            </param>
            <param index="22">
              <value>
                <![CDATA[Ja]]>
              </value>
            </param>
            <param index="23">
              <value>
                <![CDATA[Ja]]>
              </value>
            </param>
            <param index="24">
              <value>
                <![CDATA[Nein]]>
              </value>
            </param>
            <param index="25">
              <value>
                <![CDATA[Nein]]>
              </value>
            </param>
          </params>
          <reporter-output>
          </reporter-output>
        </test-method> <!-- TZPTransaktionStartGGTest -->
        <test-method is-config="true" signature="BrowserTearDown()[pri:0, instance:TopZinsPortal.TZPTransaktionStartGG@245b4bdc]" started-at="2021-03-19T18:12:24 CET" name="BrowserTearDown" finished-at="2021-03-19T18:12:28 CET" duration-ms="4389" status="PASS">
          <reporter-output>
          </reporter-output>
        </test-method> <!-- BrowserTearDown -->
      </class> <!-- TopZinsPortal.TZPTransaktionStartGG -->
    </test> <!-- TZP-Transaktion-Start-GG -->
    <test started-at="2021-03-19T18:12:28 CET" name="TZP-Transaktion-Akzeptieren-GN" finished-at="2021-03-19T18:13:26 CET" duration-ms="57683">
      <class name="TopZinsPortal.TZPTransaktionBearbeitenGN">
        <test-method is-config="true" signature="SetupSeleniumTestdaten(java.lang.String)[pri:0, instance:TopZinsPortal.TZPTransaktionBearbeitenGN@747ddf94]" started-at="2021-03-19T18:12:28 CET" name="SetupSeleniumTestdaten" finished-at="2021-03-19T18:12:30 CET" duration-ms="1509" status="PASS">
          <params>
            <param index="0">
              <value>
                <![CDATA[Smoketest]]>
              </value>
            </param>
          </params>
          <reporter-output>
          </reporter-output>
        </test-method> <!-- SetupSeleniumTestdaten -->
        <test-method signature="TZPTransaktionAkzeptierenGNTest(java.lang.String, java.lang.String, java.lang.String, java.lang.String, java.lang.String, java.lang.String, java.lang.String, java.lang.String, java.lang.String, java.lang.String, java.lang.String, java.lang.String, java.lang.String, java.lang.String, java.lang.String, java.lang.String, java.lang.String, java.lang.String, java.lang.String, java.lang.String, java.lang.String, java.lang.String, java.lang.String, java.lang.String, java.lang.String, java.lang.String)[pri:0, instance:TopZinsPortal.TZPTransaktionBearbeitenGN@747ddf94]" started-at="2021-03-19T18:12:30 CET" name="TZPTransaktionAkzeptierenGNTest" data-provider="TZPTransaktionAkzeptierenGN" finished-at="2021-03-19T18:12:48 CET" duration-ms="18573" status="PASS">
          <params>
            <param index="0">
              <value>
                <![CDATA[TZPTransaktionStartGG-TF-001]]>
              </value>
            </param>
            <param index="1">
              <value>
                <![CDATA[Ja]]>
              </value>
            </param>
            <param index="2">
              <value>
                <![CDATA[BHDR-GG-Handel@Forsa-gmbh.de]]>
              </value>
            </param>
            <param index="3">
              <value>
                <![CDATA[Test12345!]]>
              </value>
            </param>
            <param index="4">
              <value>
                <![CDATA[1000001]]>
              </value>
            </param>
            <param index="5">
              <value>
                <![CDATA[0,01 %]]>
              </value>
            </param>
            <param index="6">
              <value>
                <![CDATA[ActDatum]]>
              </value>
            </param>
            <param index="7">
              <value>
                <![CDATA[act/360]]>
              </value>
            </param>
            <param index="8">
              <value>
                <![CDATA[halbjährlich]]>
              </value>
            </param>
            <param index="9">
              <value>
                <![CDATA[Sonstiges TF 1 durch den]]>
              </value>
            </param>
            <param index="10">
              <value>
                <![CDATA[Kommentar TF1]]>
              </value>
            </param>
            <param index="11">
              <value>
                <![CDATA[20:00]]>
              </value>
            </param>
            <param index="12">
              <value>
                <![CDATA[Ja]]>
              </value>
            </param>
            <param index="13">
              <value>
                <![CDATA[Nein]]>
              </value>
            </param>
            <param index="14">
              <value>
                <![CDATA[BHDR-GN-Handel]]>
              </value>
            </param>
            <param index="15">
              <value>
                <![CDATA[BHDR-GN-Handel@Forsa-gmbh.de]]>
              </value>
            </param>
            <param index="16">
              <value>
                <![CDATA[Test12345!]]>
              </value>
            </param>
            <param index="17">
              <value>
                <![CDATA[100000]]>
              </value>
            </param>
            <param index="18">
              <value>
                <![CDATA[1]]>
              </value>
            </param>
            <param index="19">
              <value>
                <![CDATA[ActDatum + 3]]>
              </value>
            </param>
            <param index="20">
              <value>
                <![CDATA[Ja]]>
              </value>
            </param>
            <param index="21">
              <value>
                <![CDATA[Nein]]>
              </value>
            </param>
            <param index="22">
              <value>
                <![CDATA[Nein]]>
              </value>
            </param>
            <param index="23">
              <value>
                <![CDATA[Ja]]>
              </value>
            </param>
            <param index="24">
              <value>
                <![CDATA[Nein]]>
              </value>
            </param>
            <param index="25">
              <value>
                <![CDATA[Nein]]>
              </value>
            </param>
          </params>
          <reporter-output>
          </reporter-output>
        </test-method> <!-- TZPTransaktionAkzeptierenGNTest -->
        <test-method signature="TZPTransaktionAkzeptierenGNTest(java.lang.String, java.lang.String, java.lang.String, java.lang.String, java.lang.String, java.lang.String, java.lang.String, java.lang.String, java.lang.String, java.lang.String, java.lang.String, java.lang.String, java.lang.String, java.lang.String, java.lang.String, java.lang.String, java.lang.String, java.lang.String, java.lang.String, java.lang.String, java.lang.String, java.lang.String, java.lang.String, java.lang.String, java.lang.String, java.lang.String)[pri:0, instance:TopZinsPortal.TZPTransaktionBearbeitenGN@747ddf94]" started-at="2021-03-19T18:12:48 CET" name="TZPTransaktionAkzeptierenGNTest" data-provider="TZPTransaktionAkzeptierenGN" finished-at="2021-03-19T18:13:05 CET" duration-ms="17085" status="PASS">
          <params>
            <param index="0">
              <value>
                <![CDATA[TZPTransaktionStartGG-TF-002]]>
              </value>
            </param>
            <param index="1">
              <value>
                <![CDATA[Ja]]>
              </value>
            </param>
            <param index="2">
              <value>
                <![CDATA[BHDR-GG-Handel@Forsa-gmbh.de]]>
              </value>
            </param>
            <param index="3">
              <value>
                <![CDATA[Test12345!]]>
              </value>
            </param>
            <param index="4">
              <value>
                <![CDATA[1000002]]>
              </value>
            </param>
            <param index="5">
              <value>
                <![CDATA[0,02 %]]>
              </value>
            </param>
            <param index="6">
              <value>
                <![CDATA[ActDatum]]>
              </value>
            </param>
            <param index="7">
              <value>
                <![CDATA[act/360]]>
              </value>
            </param>
            <param index="8">
              <value>
                <![CDATA[halbjährlich]]>
              </value>
            </param>
            <param index="9">
              <value>
                <![CDATA[Sonstiges TF 3 durch den]]>
              </value>
            </param>
            <param index="10">
              <value>
                <![CDATA[Kommentar TF3]]>
              </value>
            </param>
            <param index="11">
              <value>
                <![CDATA[20:00]]>
              </value>
            </param>
            <param index="12">
              <value>
                <![CDATA[Ja]]>
              </value>
            </param>
            <param index="13">
              <value>
                <![CDATA[Nein]]>
              </value>
            </param>
            <param index="14">
              <value>
                <![CDATA[BHDR-GN-Handel]]>
              </value>
            </param>
            <param index="15">
              <value>
                <![CDATA[BHDR-GN-Handel@Forsa-gmbh.de]]>
              </value>
            </param>
            <param index="16">
              <value>
                <![CDATA[Test12345!]]>
              </value>
            </param>
            <param index="17">
              <value>
                <![CDATA[200000]]>
              </value>
            </param>
            <param index="18">
              <value>
                <![CDATA[2]]>
              </value>
            </param>
            <param index="19">
              <value>
                <![CDATA[ActDatum + 3]]>
              </value>
            </param>
            <param index="20">
              <value>
                <![CDATA[Nein]]>
              </value>
            </param>
            <param index="21">
              <value>
                <![CDATA[Ja]]>
              </value>
            </param>
            <param index="22">
              <value>
                <![CDATA[Nein]]>
              </value>
            </param>
            <param index="23">
              <value>
                <![CDATA[Nein]]>
              </value>
            </param>
            <param index="24">
              <value>
                <![CDATA[Nein]]>
              </value>
            </param>
            <param index="25">
              <value>
                <![CDATA[Nein]]>
              </value>
            </param>
          </params>
          <reporter-output>
          </reporter-output>
        </test-method> <!-- TZPTransaktionAkzeptierenGNTest -->
        <test-method signature="TZPTransaktionAkzeptierenGNTest(java.lang.String, java.lang.String, java.lang.String, java.lang.String, java.lang.String, java.lang.String, java.lang.String, java.lang.String, java.lang.String, java.lang.String, java.lang.String, java.lang.String, java.lang.String, java.lang.String, java.lang.String, java.lang.String, java.lang.String, java.lang.String, java.lang.String, java.lang.String, java.lang.String, java.lang.String, java.lang.String, java.lang.String, java.lang.String, java.lang.String)[pri:0, instance:TopZinsPortal.TZPTransaktionBearbeitenGN@747ddf94]" started-at="2021-03-19T18:13:05 CET" name="TZPTransaktionAkzeptierenGNTest" data-provider="TZPTransaktionAkzeptierenGN" finished-at="2021-03-19T18:13:22 CET" duration-ms="16367" status="PASS">
          <params>
            <param index="0">
              <value>
                <![CDATA[TZPTransaktionStartGG-TF-003]]>
              </value>
            </param>
            <param index="1">
              <value>
                <![CDATA[Ja]]>
              </value>
            </param>
            <param index="2">
              <value>
                <![CDATA[BHDR-GG-Handel@Forsa-gmbh.de]]>
              </value>
            </param>
            <param index="3">
              <value>
                <![CDATA[Test12345!]]>
              </value>
            </param>
            <param index="4">
              <value>
                <![CDATA[1000003]]>
              </value>
            </param>
            <param index="5">
              <value>
                <![CDATA[0,03 %]]>
              </value>
            </param>
            <param index="6">
              <value>
                <![CDATA[ActDatum]]>
              </value>
            </param>
            <param index="7">
              <value>
                <![CDATA[act/360]]>
              </value>
            </param>
            <param index="8">
              <value>
                <![CDATA[halbjährlich]]>
              </value>
            </param>
            <param index="9">
              <value>
                <![CDATA[Sonstiges TF 2 durch den]]>
              </value>
            </param>
            <param index="10">
              <value>
                <![CDATA[Kommentar TF2]]>
              </value>
            </param>
            <param index="11">
              <value>
                <![CDATA[20:00]]>
              </value>
            </param>
            <param index="12">
              <value>
                <![CDATA[Ja]]>
              </value>
            </param>
            <param index="13">
              <value>
                <![CDATA[Nein]]>
              </value>
            </param>
            <param index="14">
              <value>
                <![CDATA[BHDR-GN-Handel]]>
              </value>
            </param>
            <param index="15">
              <value>
                <![CDATA[BHDR-GN-Handel@Forsa-gmbh.de]]>
              </value>
            </param>
            <param index="16">
              <value>
                <![CDATA[Test12345!]]>
              </value>
            </param>
            <param index="17">
              <value>
                <![CDATA[300000]]>
              </value>
            </param>
            <param index="18">
              <value>
                <![CDATA[3]]>
              </value>
            </param>
            <param index="19">
              <value>
                <![CDATA[ActDatum + 3]]>
              </value>
            </param>
            <param index="20">
              <value>
                <![CDATA[Nein]]>
              </value>
            </param>
            <param index="21">
              <value>
                <![CDATA[Nein]]>
              </value>
            </param>
            <param index="22">
              <value>
                <![CDATA[Ja]]>
              </value>
            </param>
            <param index="23">
              <value>
                <![CDATA[Ja]]>
              </value>
            </param>
            <param index="24">
              <value>
                <![CDATA[Nein]]>
              </value>
            </param>
            <param index="25">
              <value>
                <![CDATA[Nein]]>
              </value>
            </param>
          </params>
          <reporter-output>
          </reporter-output>
        </test-method> <!-- TZPTransaktionAkzeptierenGNTest -->
        <test-method is-config="true" signature="BrowserTearDown()[pri:0, instance:TopZinsPortal.TZPTransaktionBearbeitenGN@747ddf94]" started-at="2021-03-19T18:13:22 CET" name="BrowserTearDown" finished-at="2021-03-19T18:13:26 CET" duration-ms="4072" status="PASS">
          <reporter-output>
          </reporter-output>
        </test-method> <!-- BrowserTearDown -->
      </class> <!-- TopZinsPortal.TZPTransaktionBearbeitenGN -->
    </test> <!-- TZP-Transaktion-Akzeptieren-GN -->
    <test started-at="2021-03-19T18:13:26 CET" name="TZP-Transaktion-Bearbeiten-Admin" finished-at="2021-03-19T18:13:56 CET" duration-ms="29666">
      <class name="TopZinsPortal.TZPTransaktionBearbeitenAdmin">
        <test-method is-config="true" signature="SetupSeleniumTestdaten(java.lang.String)[pri:0, instance:TopZinsPortal.TZPTransaktionBearbeitenAdmin@42a48628]" started-at="2021-03-19T18:13:26 CET" name="SetupSeleniumTestdaten" finished-at="2021-03-19T18:13:27 CET" duration-ms="1512" status="PASS">
          <params>
            <param index="0">
              <value>
                <![CDATA[Smoketest]]>
              </value>
            </param>
          </params>
          <reporter-output>
          </reporter-output>
        </test-method> <!-- SetupSeleniumTestdaten -->
        <test-method signature="TZPTransaktionAkzeptierenGNTest(java.lang.String, java.lang.String, java.lang.String, java.lang.String, java.lang.String, java.lang.String, java.lang.String, java.lang.String, java.lang.String, java.lang.String, java.lang.String, java.lang.String, java.lang.String, java.lang.String, java.lang.String, java.lang.String, java.lang.String, java.lang.String, java.lang.String, java.lang.String, java.lang.String, java.lang.String, java.lang.String, java.lang.String, java.lang.String, java.lang.String)[pri:0, instance:TopZinsPortal.TZPTransaktionBearbeitenAdmin@42a48628]" started-at="2021-03-19T18:13:28 CET" name="TZPTransaktionAkzeptierenGNTest" data-provider="TZPTransaktionAkzeptierenGN" finished-at="2021-03-19T18:13:33 CET" duration-ms="5032" status="PASS">
          <params>
            <param index="0">
              <value>
                <![CDATA[TZPTransaktionStartGG-TF-001]]>
              </value>
            </param>
            <param index="1">
              <value>
                <![CDATA[Ja]]>
              </value>
            </param>
            <param index="2">
              <value>
                <![CDATA[BHDR-GG-Handel@Forsa-gmbh.de]]>
              </value>
            </param>
            <param index="3">
              <value>
                <![CDATA[Test12345!]]>
              </value>
            </param>
            <param index="4">
              <value>
                <![CDATA[1000001]]>
              </value>
            </param>
            <param index="5">
              <value>
                <![CDATA[0,01 %]]>
              </value>
            </param>
            <param index="6">
              <value>
                <![CDATA[ActDatum]]>
              </value>
            </param>
            <param index="7">
              <value>
                <![CDATA[act/360]]>
              </value>
            </param>
            <param index="8">
              <value>
                <![CDATA[halbjährlich]]>
              </value>
            </param>
            <param index="9">
              <value>
                <![CDATA[Sonstiges TF 1 durch den]]>
              </value>
            </param>
            <param index="10">
              <value>
                <![CDATA[Kommentar TF1]]>
              </value>
            </param>
            <param index="11">
              <value>
                <![CDATA[20:00]]>
              </value>
            </param>
            <param index="12">
              <value>
                <![CDATA[Ja]]>
              </value>
            </param>
            <param index="13">
              <value>
                <![CDATA[Nein]]>
              </value>
            </param>
            <param index="14">
              <value>
                <![CDATA[BHDR-GN-Handel]]>
              </value>
            </param>
            <param index="15">
              <value>
                <![CDATA[BHDR-GN-Handel@Forsa-gmbh.de]]>
              </value>
            </param>
            <param index="16">
              <value>
                <![CDATA[Test12345!]]>
              </value>
            </param>
            <param index="17">
              <value>
                <![CDATA[100000]]>
              </value>
            </param>
            <param index="18">
              <value>
                <![CDATA[1]]>
              </value>
            </param>
            <param index="19">
              <value>
                <![CDATA[ActDatum + 3]]>
              </value>
            </param>
            <param index="20">
              <value>
                <![CDATA[Ja]]>
              </value>
            </param>
            <param index="21">
              <value>
                <![CDATA[Nein]]>
              </value>
            </param>
            <param index="22">
              <value>
                <![CDATA[Nein]]>
              </value>
            </param>
            <param index="23">
              <value>
                <![CDATA[Ja]]>
              </value>
            </param>
            <param index="24">
              <value>
                <![CDATA[Nein]]>
              </value>
            </param>
            <param index="25">
              <value>
                <![CDATA[Nein]]>
              </value>
            </param>
          </params>
          <reporter-output>
          </reporter-output>
        </test-method> <!-- TZPTransaktionAkzeptierenGNTest -->
        <test-method signature="TZPTransaktionAkzeptierenGNTest(java.lang.String, java.lang.String, java.lang.String, java.lang.String, java.lang.String, java.lang.String, java.lang.String, java.lang.String, java.lang.String, java.lang.String, java.lang.String, java.lang.String, java.lang.String, java.lang.String, java.lang.String, java.lang.String, java.lang.String, java.lang.String, java.lang.String, java.lang.String, java.lang.String, java.lang.String, java.lang.String, java.lang.String, java.lang.String, java.lang.String)[pri:0, instance:TopZinsPortal.TZPTransaktionBearbeitenAdmin@42a48628]" started-at="2021-03-19T18:13:33 CET" name="TZPTransaktionAkzeptierenGNTest" data-provider="TZPTransaktionAkzeptierenGN" finished-at="2021-03-19T18:13:38 CET" duration-ms="5072" status="PASS">
          <params>
            <param index="0">
              <value>
                <![CDATA[TZPTransaktionStartGG-TF-002]]>
              </value>
            </param>
            <param index="1">
              <value>
                <![CDATA[Ja]]>
              </value>
            </param>
            <param index="2">
              <value>
                <![CDATA[BHDR-GG-Handel@Forsa-gmbh.de]]>
              </value>
            </param>
            <param index="3">
              <value>
                <![CDATA[Test12345!]]>
              </value>
            </param>
            <param index="4">
              <value>
                <![CDATA[1000002]]>
              </value>
            </param>
            <param index="5">
              <value>
                <![CDATA[0,02 %]]>
              </value>
            </param>
            <param index="6">
              <value>
                <![CDATA[ActDatum]]>
              </value>
            </param>
            <param index="7">
              <value>
                <![CDATA[act/360]]>
              </value>
            </param>
            <param index="8">
              <value>
                <![CDATA[halbjährlich]]>
              </value>
            </param>
            <param index="9">
              <value>
                <![CDATA[Sonstiges TF 3 durch den]]>
              </value>
            </param>
            <param index="10">
              <value>
                <![CDATA[Kommentar TF3]]>
              </value>
            </param>
            <param index="11">
              <value>
                <![CDATA[20:00]]>
              </value>
            </param>
            <param index="12">
              <value>
                <![CDATA[Ja]]>
              </value>
            </param>
            <param index="13">
              <value>
                <![CDATA[Nein]]>
              </value>
            </param>
            <param index="14">
              <value>
                <![CDATA[BHDR-GN-Handel]]>
              </value>
            </param>
            <param index="15">
              <value>
                <![CDATA[BHDR-GN-Handel@Forsa-gmbh.de]]>
              </value>
            </param>
            <param index="16">
              <value>
                <![CDATA[Test12345!]]>
              </value>
            </param>
            <param index="17">
              <value>
                <![CDATA[200000]]>
              </value>
            </param>
            <param index="18">
              <value>
                <![CDATA[2]]>
              </value>
            </param>
            <param index="19">
              <value>
                <![CDATA[ActDatum + 3]]>
              </value>
            </param>
            <param index="20">
              <value>
                <![CDATA[Nein]]>
              </value>
            </param>
            <param index="21">
              <value>
                <![CDATA[Ja]]>
              </value>
            </param>
            <param index="22">
              <value>
                <![CDATA[Nein]]>
              </value>
            </param>
            <param index="23">
              <value>
                <![CDATA[Nein]]>
              </value>
            </param>
            <param index="24">
              <value>
                <![CDATA[Nein]]>
              </value>
            </param>
            <param index="25">
              <value>
                <![CDATA[Nein]]>
              </value>
            </param>
          </params>
          <reporter-output>
          </reporter-output>
        </test-method> <!-- TZPTransaktionAkzeptierenGNTest -->
        <test-method signature="TZPTransaktionAkzeptierenGNTest(java.lang.String, java.lang.String, java.lang.String, java.lang.String, java.lang.String, java.lang.String, java.lang.String, java.lang.String, java.lang.String, java.lang.String, java.lang.String, java.lang.String, java.lang.String, java.lang.String, java.lang.String, java.lang.String, java.lang.String, java.lang.String, java.lang.String, java.lang.String, java.lang.String, java.lang.String, java.lang.String, java.lang.String, java.lang.String, java.lang.String)[pri:0, instance:TopZinsPortal.TZPTransaktionBearbeitenAdmin@42a48628]" started-at="2021-03-19T18:13:38 CET" name="TZPTransaktionAkzeptierenGNTest" data-provider="TZPTransaktionAkzeptierenGN" finished-at="2021-03-19T18:13:51 CET" duration-ms="13866" status="PASS">
          <params>
            <param index="0">
              <value>
                <![CDATA[TZPTransaktionStartGG-TF-003]]>
              </value>
            </param>
            <param index="1">
              <value>
                <![CDATA[Ja]]>
              </value>
            </param>
            <param index="2">
              <value>
                <![CDATA[BHDR-GG-Handel@Forsa-gmbh.de]]>
              </value>
            </param>
            <param index="3">
              <value>
                <![CDATA[Test12345!]]>
              </value>
            </param>
            <param index="4">
              <value>
                <![CDATA[1000003]]>
              </value>
            </param>
            <param index="5">
              <value>
                <![CDATA[0,03 %]]>
              </value>
            </param>
            <param index="6">
              <value>
                <![CDATA[ActDatum]]>
              </value>
            </param>
            <param index="7">
              <value>
                <![CDATA[act/360]]>
              </value>
            </param>
            <param index="8">
              <value>
                <![CDATA[halbjährlich]]>
              </value>
            </param>
            <param index="9">
              <value>
                <![CDATA[Sonstiges TF 2 durch den]]>
              </value>
            </param>
            <param index="10">
              <value>
                <![CDATA[Kommentar TF2]]>
              </value>
            </param>
            <param index="11">
              <value>
                <![CDATA[20:00]]>
              </value>
            </param>
            <param index="12">
              <value>
                <![CDATA[Ja]]>
              </value>
            </param>
            <param index="13">
              <value>
                <![CDATA[Nein]]>
              </value>
            </param>
            <param index="14">
              <value>
                <![CDATA[BHDR-GN-Handel]]>
              </value>
            </param>
            <param index="15">
              <value>
                <![CDATA[BHDR-GN-Handel@Forsa-gmbh.de]]>
              </value>
            </param>
            <param index="16">
              <value>
                <![CDATA[Test12345!]]>
              </value>
            </param>
            <param index="17">
              <value>
                <![CDATA[300000]]>
              </value>
            </param>
            <param index="18">
              <value>
                <![CDATA[3]]>
              </value>
            </param>
            <param index="19">
              <value>
                <![CDATA[ActDatum + 3]]>
              </value>
            </param>
            <param index="20">
              <value>
                <![CDATA[Nein]]>
              </value>
            </param>
            <param index="21">
              <value>
                <![CDATA[Nein]]>
              </value>
            </param>
            <param index="22">
              <value>
                <![CDATA[Ja]]>
              </value>
            </param>
            <param index="23">
              <value>
                <![CDATA[Ja]]>
              </value>
            </param>
            <param index="24">
              <value>
                <![CDATA[Nein]]>
              </value>
            </param>
            <param index="25">
              <value>
                <![CDATA[Nein]]>
              </value>
            </param>
          </params>
          <reporter-output>
          </reporter-output>
        </test-method> <!-- TZPTransaktionAkzeptierenGNTest -->
        <test-method is-config="true" signature="BrowserTearDown()[pri:0, instance:TopZinsPortal.TZPTransaktionBearbeitenAdmin@42a48628]" started-at="2021-03-19T18:13:51 CET" name="BrowserTearDown" finished-at="2021-03-19T18:13:56 CET" duration-ms="4102" status="PASS">
          <reporter-output>
          </reporter-output>
        </test-method> <!-- BrowserTearDown -->
      </class> <!-- TopZinsPortal.TZPTransaktionBearbeitenAdmin -->
    </test> <!-- TZP-Transaktion-Bearbeiten-Admin -->
    <test started-at="2021-03-19T18:13:56 CET" name="TZP-Transaktion-Akzeptieren-GG" finished-at="2021-03-19T18:14:40 CET" duration-ms="44123">
      <class name="TopZinsPortal.TZPTransaktionAkzeptierenGG">
        <test-method is-config="true" signature="SetupSeleniumTestdaten(java.lang.String)[pri:0, instance:TopZinsPortal.TZPTransaktionAkzeptierenGG@38d8f54a]" started-at="2021-03-19T18:13:56 CET" name="SetupSeleniumTestdaten" finished-at="2021-03-19T18:13:57 CET" duration-ms="1466" status="PASS">
          <params>
            <param index="0">
              <value>
                <![CDATA[Smoketest]]>
              </value>
            </param>
          </params>
          <reporter-output>
          </reporter-output>
        </test-method> <!-- SetupSeleniumTestdaten -->
        <test-method signature="TZPTransaktionAkzeptierenGGTest(java.lang.String, java.lang.String, java.lang.String, java.lang.String, java.lang.String, java.lang.String, java.lang.String, java.lang.String, java.lang.String, java.lang.String, java.lang.String, java.lang.String, java.lang.String, java.lang.String, java.lang.String, java.lang.String, java.lang.String, java.lang.String, java.lang.String, java.lang.String, java.lang.String, java.lang.String, java.lang.String, java.lang.String, java.lang.String, java.lang.String)[pri:0, instance:TopZinsPortal.TZPTransaktionAkzeptierenGG@38d8f54a]" started-at="2021-03-19T18:13:57 CET" name="TZPTransaktionAkzeptierenGGTest" data-provider="TZPTransaktionAkzeptierenGG" finished-at="2021-03-19T18:14:12 CET" duration-ms="14375" status="PASS">
          <params>
            <param index="0">
              <value>
                <![CDATA[TZPTransaktionStartGG-TF-001]]>
              </value>
            </param>
            <param index="1">
              <value>
                <![CDATA[Ja]]>
              </value>
            </param>
            <param index="2">
              <value>
                <![CDATA[BHDR-GG-Handel@Forsa-gmbh.de]]>
              </value>
            </param>
            <param index="3">
              <value>
                <![CDATA[Test12345!]]>
              </value>
            </param>
            <param index="4">
              <value>
                <![CDATA[1000001]]>
              </value>
            </param>
            <param index="5">
              <value>
                <![CDATA[0,01 %]]>
              </value>
            </param>
            <param index="6">
              <value>
                <![CDATA[ActDatum]]>
              </value>
            </param>
            <param index="7">
              <value>
                <![CDATA[act/360]]>
              </value>
            </param>
            <param index="8">
              <value>
                <![CDATA[halbjährlich]]>
              </value>
            </param>
            <param index="9">
              <value>
                <![CDATA[Sonstiges TF 1 durch den]]>
              </value>
            </param>
            <param index="10">
              <value>
                <![CDATA[Kommentar TF1]]>
              </value>
            </param>
            <param index="11">
              <value>
                <![CDATA[20:00]]>
              </value>
            </param>
            <param index="12">
              <value>
                <![CDATA[Ja]]>
              </value>
            </param>
            <param index="13">
              <value>
                <![CDATA[Nein]]>
              </value>
            </param>
            <param index="14">
              <value>
                <![CDATA[BHDR-GN-Handel]]>
              </value>
            </param>
            <param index="15">
              <value>
                <![CDATA[BHDR-GN-Handel@Forsa-gmbh.de]]>
              </value>
            </param>
            <param index="16">
              <value>
                <![CDATA[Test12345!]]>
              </value>
            </param>
            <param index="17">
              <value>
                <![CDATA[100000]]>
              </value>
            </param>
            <param index="18">
              <value>
                <![CDATA[1]]>
              </value>
            </param>
            <param index="19">
              <value>
                <![CDATA[ActDatum + 3]]>
              </value>
            </param>
            <param index="20">
              <value>
                <![CDATA[Ja]]>
              </value>
            </param>
            <param index="21">
              <value>
                <![CDATA[Nein]]>
              </value>
            </param>
            <param index="22">
              <value>
                <![CDATA[Nein]]>
              </value>
            </param>
            <param index="23">
              <value>
                <![CDATA[Ja]]>
              </value>
            </param>
            <param index="24">
              <value>
                <![CDATA[Nein]]>
              </value>
            </param>
            <param index="25">
              <value>
                <![CDATA[Nein]]>
              </value>
            </param>
          </params>
          <reporter-output>
          </reporter-output>
        </test-method> <!-- TZPTransaktionAkzeptierenGGTest -->
        <test-method signature="TZPTransaktionAkzeptierenGGTest(java.lang.String, java.lang.String, java.lang.String, java.lang.String, java.lang.String, java.lang.String, java.lang.String, java.lang.String, java.lang.String, java.lang.String, java.lang.String, java.lang.String, java.lang.String, java.lang.String, java.lang.String, java.lang.String, java.lang.String, java.lang.String, java.lang.String, java.lang.String, java.lang.String, java.lang.String, java.lang.String, java.lang.String, java.lang.String, java.lang.String)[pri:0, instance:TopZinsPortal.TZPTransaktionAkzeptierenGG@38d8f54a]" started-at="2021-03-19T18:14:12 CET" name="TZPTransaktionAkzeptierenGGTest" data-provider="TZPTransaktionAkzeptierenGG" finished-at="2021-03-19T18:14:22 CET" duration-ms="10131" status="PASS">
          <params>
            <param index="0">
              <value>
                <![CDATA[TZPTransaktionStartGG-TF-002]]>
              </value>
            </param>
            <param index="1">
              <value>
                <![CDATA[Ja]]>
              </value>
            </param>
            <param index="2">
              <value>
                <![CDATA[BHDR-GG-Handel@Forsa-gmbh.de]]>
              </value>
            </param>
            <param index="3">
              <value>
                <![CDATA[Test12345!]]>
              </value>
            </param>
            <param index="4">
              <value>
                <![CDATA[1000002]]>
              </value>
            </param>
            <param index="5">
              <value>
                <![CDATA[0,02 %]]>
              </value>
            </param>
            <param index="6">
              <value>
                <![CDATA[ActDatum]]>
              </value>
            </param>
            <param index="7">
              <value>
                <![CDATA[act/360]]>
              </value>
            </param>
            <param index="8">
              <value>
                <![CDATA[halbjährlich]]>
              </value>
            </param>
            <param index="9">
              <value>
                <![CDATA[Sonstiges TF 3 durch den]]>
              </value>
            </param>
            <param index="10">
              <value>
                <![CDATA[Kommentar TF3]]>
              </value>
            </param>
            <param index="11">
              <value>
                <![CDATA[20:00]]>
              </value>
            </param>
            <param index="12">
              <value>
                <![CDATA[Ja]]>
              </value>
            </param>
            <param index="13">
              <value>
                <![CDATA[Nein]]>
              </value>
            </param>
            <param index="14">
              <value>
                <![CDATA[BHDR-GN-Handel]]>
              </value>
            </param>
            <param index="15">
              <value>
                <![CDATA[BHDR-GN-Handel@Forsa-gmbh.de]]>
              </value>
            </param>
            <param index="16">
              <value>
                <![CDATA[Test12345!]]>
              </value>
            </param>
            <param index="17">
              <value>
                <![CDATA[200000]]>
              </value>
            </param>
            <param index="18">
              <value>
                <![CDATA[2]]>
              </value>
            </param>
            <param index="19">
              <value>
                <![CDATA[ActDatum + 3]]>
              </value>
            </param>
            <param index="20">
              <value>
                <![CDATA[Nein]]>
              </value>
            </param>
            <param index="21">
              <value>
                <![CDATA[Ja]]>
              </value>
            </param>
            <param index="22">
              <value>
                <![CDATA[Nein]]>
              </value>
            </param>
            <param index="23">
              <value>
                <![CDATA[Nein]]>
              </value>
            </param>
            <param index="24">
              <value>
                <![CDATA[Nein]]>
              </value>
            </param>
            <param index="25">
              <value>
                <![CDATA[Nein]]>
              </value>
            </param>
          </params>
          <reporter-output>
          </reporter-output>
        </test-method> <!-- TZPTransaktionAkzeptierenGGTest -->
        <test-method signature="TZPTransaktionAkzeptierenGGTest(java.lang.String, java.lang.String, java.lang.String, java.lang.String, java.lang.String, java.lang.String, java.lang.String, java.lang.String, java.lang.String, java.lang.String, java.lang.String, java.lang.String, java.lang.String, java.lang.String, java.lang.String, java.lang.String, java.lang.String, java.lang.String, java.lang.String, java.lang.String, java.lang.String, java.lang.String, java.lang.String, java.lang.String, java.lang.String, java.lang.String)[pri:0, instance:TopZinsPortal.TZPTransaktionAkzeptierenGG@38d8f54a]" started-at="2021-03-19T18:14:22 CET" name="TZPTransaktionAkzeptierenGGTest" data-provider="TZPTransaktionAkzeptierenGG" finished-at="2021-03-19T18:14:36 CET" duration-ms="14002" status="PASS">
          <params>
            <param index="0">
              <value>
                <![CDATA[TZPTransaktionStartGG-TF-003]]>
              </value>
            </param>
            <param index="1">
              <value>
                <![CDATA[Ja]]>
              </value>
            </param>
            <param index="2">
              <value>
                <![CDATA[BHDR-GG-Handel@Forsa-gmbh.de]]>
              </value>
            </param>
            <param index="3">
              <value>
                <![CDATA[Test12345!]]>
              </value>
            </param>
            <param index="4">
              <value>
                <![CDATA[1000003]]>
              </value>
            </param>
            <param index="5">
              <value>
                <![CDATA[0,03 %]]>
              </value>
            </param>
            <param index="6">
              <value>
                <![CDATA[ActDatum]]>
              </value>
            </param>
            <param index="7">
              <value>
                <![CDATA[act/360]]>
              </value>
            </param>
            <param index="8">
              <value>
                <![CDATA[halbjährlich]]>
              </value>
            </param>
            <param index="9">
              <value>
                <![CDATA[Sonstiges TF 2 durch den]]>
              </value>
            </param>
            <param index="10">
              <value>
                <![CDATA[Kommentar TF2]]>
              </value>
            </param>
            <param index="11">
              <value>
                <![CDATA[20:00]]>
              </value>
            </param>
            <param index="12">
              <value>
                <![CDATA[Ja]]>
              </value>
            </param>
            <param index="13">
              <value>
                <![CDATA[Nein]]>
              </value>
            </param>
            <param index="14">
              <value>
                <![CDATA[BHDR-GN-Handel]]>
              </value>
            </param>
            <param index="15">
              <value>
                <![CDATA[BHDR-GN-Handel@Forsa-gmbh.de]]>
              </value>
            </param>
            <param index="16">
              <value>
                <![CDATA[Test12345!]]>
              </value>
            </param>
            <param index="17">
              <value>
                <![CDATA[300000]]>
              </value>
            </param>
            <param index="18">
              <value>
                <![CDATA[3]]>
              </value>
            </param>
            <param index="19">
              <value>
                <![CDATA[ActDatum + 3]]>
              </value>
            </param>
            <param index="20">
              <value>
                <![CDATA[Nein]]>
              </value>
            </param>
            <param index="21">
              <value>
                <![CDATA[Nein]]>
              </value>
            </param>
            <param index="22">
              <value>
                <![CDATA[Ja]]>
              </value>
            </param>
            <param index="23">
              <value>
                <![CDATA[Ja]]>
              </value>
            </param>
            <param index="24">
              <value>
                <![CDATA[Nein]]>
              </value>
            </param>
            <param index="25">
              <value>
                <![CDATA[Nein]]>
              </value>
            </param>
          </params>
          <reporter-output>
          </reporter-output>
        </test-method> <!-- TZPTransaktionAkzeptierenGGTest -->
        <test-method is-config="true" signature="BrowserTearDown()[pri:0, instance:TopZinsPortal.TZPTransaktionAkzeptierenGG@38d8f54a]" started-at="2021-03-19T18:14:36 CET" name="BrowserTearDown" finished-at="2021-03-19T18:14:40 CET" duration-ms="4072" status="PASS">
          <reporter-output>
          </reporter-output>
        </test-method> <!-- BrowserTearDown -->
      </class> <!-- TopZinsPortal.TZPTransaktionAkzeptierenGG -->
    </test> <!-- TZP-Transaktion-Akzeptieren-GG -->
    <test started-at="2021-03-19T18:14:40 CET" name="TZP-Transaktion-Abschluss-GN" finished-at="2021-03-19T18:15:12 CET" duration-ms="32528">
      <class name="TopZinsPortal.TZPTransaktionAbschlussGN">
        <test-method is-config="true" signature="SetupSeleniumTestdaten(java.lang.String)[pri:0, instance:TopZinsPortal.TZPTransaktionAbschlussGN@4c371370]" started-at="2021-03-19T18:14:40 CET" name="SetupSeleniumTestdaten" finished-at="2021-03-19T18:14:41 CET" duration-ms="1474" status="PASS">
          <params>
            <param index="0">
              <value>
                <![CDATA[Smoketest]]>
              </value>
            </param>
          </params>
          <reporter-output>
          </reporter-output>
        </test-method> <!-- SetupSeleniumTestdaten -->
        <test-method signature="TZPTransaktionAbschlussGNTest(java.lang.String, java.lang.String, java.lang.String, java.lang.String, java.lang.String, java.lang.String, java.lang.String, java.lang.String, java.lang.String, java.lang.String, java.lang.String, java.lang.String, java.lang.String, java.lang.String, java.lang.String, java.lang.String, java.lang.String, java.lang.String, java.lang.String, java.lang.String, java.lang.String, java.lang.String, java.lang.String, java.lang.String, java.lang.String, java.lang.String)[pri:0, instance:TopZinsPortal.TZPTransaktionAbschlussGN@4c371370]" started-at="2021-03-19T18:14:41 CET" name="TZPTransaktionAbschlussGNTest" data-provider="TZPTransaktionAbschlussGN" finished-at="2021-03-19T18:14:51 CET" duration-ms="9673" status="PASS">
          <params>
            <param index="0">
              <value>
                <![CDATA[TZPTransaktionStartGG-TF-001]]>
              </value>
            </param>
            <param index="1">
              <value>
                <![CDATA[Ja]]>
              </value>
            </param>
            <param index="2">
              <value>
                <![CDATA[BHDR-GG-Handel@Forsa-gmbh.de]]>
              </value>
            </param>
            <param index="3">
              <value>
                <![CDATA[Test12345!]]>
              </value>
            </param>
            <param index="4">
              <value>
                <![CDATA[1000001]]>
              </value>
            </param>
            <param index="5">
              <value>
                <![CDATA[0,01 %]]>
              </value>
            </param>
            <param index="6">
              <value>
                <![CDATA[ActDatum]]>
              </value>
            </param>
            <param index="7">
              <value>
                <![CDATA[act/360]]>
              </value>
            </param>
            <param index="8">
              <value>
                <![CDATA[halbjährlich]]>
              </value>
            </param>
            <param index="9">
              <value>
                <![CDATA[Sonstiges TF 1 durch den]]>
              </value>
            </param>
            <param index="10">
              <value>
                <![CDATA[Kommentar TF1]]>
              </value>
            </param>
            <param index="11">
              <value>
                <![CDATA[20:00]]>
              </value>
            </param>
            <param index="12">
              <value>
                <![CDATA[Ja]]>
              </value>
            </param>
            <param index="13">
              <value>
                <![CDATA[Nein]]>
              </value>
            </param>
            <param index="14">
              <value>
                <![CDATA[BHDR-GN-Handel]]>
              </value>
            </param>
            <param index="15">
              <value>
                <![CDATA[BHDR-GN-Handel@Forsa-gmbh.de]]>
              </value>
            </param>
            <param index="16">
              <value>
                <![CDATA[Test12345!]]>
              </value>
            </param>
            <param index="17">
              <value>
                <![CDATA[100000]]>
              </value>
            </param>
            <param index="18">
              <value>
                <![CDATA[1]]>
              </value>
            </param>
            <param index="19">
              <value>
                <![CDATA[ActDatum + 3]]>
              </value>
            </param>
            <param index="20">
              <value>
                <![CDATA[Ja]]>
              </value>
            </param>
            <param index="21">
              <value>
                <![CDATA[Nein]]>
              </value>
            </param>
            <param index="22">
              <value>
                <![CDATA[Nein]]>
              </value>
            </param>
            <param index="23">
              <value>
                <![CDATA[Ja]]>
              </value>
            </param>
            <param index="24">
              <value>
                <![CDATA[Nein]]>
              </value>
            </param>
            <param index="25">
              <value>
                <![CDATA[Nein]]>
              </value>
            </param>
          </params>
          <reporter-output>
          </reporter-output>
        </test-method> <!-- TZPTransaktionAbschlussGNTest -->
        <test-method signature="TZPTransaktionAbschlussGNTest(java.lang.String, java.lang.String, java.lang.String, java.lang.String, java.lang.String, java.lang.String, java.lang.String, java.lang.String, java.lang.String, java.lang.String, java.lang.String, java.lang.String, java.lang.String, java.lang.String, java.lang.String, java.lang.String, java.lang.String, java.lang.String, java.lang.String, java.lang.String, java.lang.String, java.lang.String, java.lang.String, java.lang.String, java.lang.String, java.lang.String)[pri:0, instance:TopZinsPortal.TZPTransaktionAbschlussGN@4c371370]" started-at="2021-03-19T18:14:51 CET" name="TZPTransaktionAbschlussGNTest" data-provider="TZPTransaktionAbschlussGN" finished-at="2021-03-19T18:14:58 CET" duration-ms="7521" status="PASS">
          <params>
            <param index="0">
              <value>
                <![CDATA[TZPTransaktionStartGG-TF-002]]>
              </value>
            </param>
            <param index="1">
              <value>
                <![CDATA[Ja]]>
              </value>
            </param>
            <param index="2">
              <value>
                <![CDATA[BHDR-GG-Handel@Forsa-gmbh.de]]>
              </value>
            </param>
            <param index="3">
              <value>
                <![CDATA[Test12345!]]>
              </value>
            </param>
            <param index="4">
              <value>
                <![CDATA[1000002]]>
              </value>
            </param>
            <param index="5">
              <value>
                <![CDATA[0,02 %]]>
              </value>
            </param>
            <param index="6">
              <value>
                <![CDATA[ActDatum]]>
              </value>
            </param>
            <param index="7">
              <value>
                <![CDATA[act/360]]>
              </value>
            </param>
            <param index="8">
              <value>
                <![CDATA[halbjährlich]]>
              </value>
            </param>
            <param index="9">
              <value>
                <![CDATA[Sonstiges TF 3 durch den]]>
              </value>
            </param>
            <param index="10">
              <value>
                <![CDATA[Kommentar TF3]]>
              </value>
            </param>
            <param index="11">
              <value>
                <![CDATA[20:00]]>
              </value>
            </param>
            <param index="12">
              <value>
                <![CDATA[Ja]]>
              </value>
            </param>
            <param index="13">
              <value>
                <![CDATA[Nein]]>
              </value>
            </param>
            <param index="14">
              <value>
                <![CDATA[BHDR-GN-Handel]]>
              </value>
            </param>
            <param index="15">
              <value>
                <![CDATA[BHDR-GN-Handel@Forsa-gmbh.de]]>
              </value>
            </param>
            <param index="16">
              <value>
                <![CDATA[Test12345!]]>
              </value>
            </param>
            <param index="17">
              <value>
                <![CDATA[200000]]>
              </value>
            </param>
            <param index="18">
              <value>
                <![CDATA[2]]>
              </value>
            </param>
            <param index="19">
              <value>
                <![CDATA[ActDatum + 3]]>
              </value>
            </param>
            <param index="20">
              <value>
                <![CDATA[Nein]]>
              </value>
            </param>
            <param index="21">
              <value>
                <![CDATA[Ja]]>
              </value>
            </param>
            <param index="22">
              <value>
                <![CDATA[Nein]]>
              </value>
            </param>
            <param index="23">
              <value>
                <![CDATA[Nein]]>
              </value>
            </param>
            <param index="24">
              <value>
                <![CDATA[Nein]]>
              </value>
            </param>
            <param index="25">
              <value>
                <![CDATA[Nein]]>
              </value>
            </param>
          </params>
          <reporter-output>
          </reporter-output>
        </test-method> <!-- TZPTransaktionAbschlussGNTest -->
        <test-method signature="TZPTransaktionAbschlussGNTest(java.lang.String, java.lang.String, java.lang.String, java.lang.String, java.lang.String, java.lang.String, java.lang.String, java.lang.String, java.lang.String, java.lang.String, java.lang.String, java.lang.String, java.lang.String, java.lang.String, java.lang.String, java.lang.String, java.lang.String, java.lang.String, java.lang.String, java.lang.String, java.lang.String, java.lang.String, java.lang.String, java.lang.String, java.lang.String, java.lang.String)[pri:0, instance:TopZinsPortal.TZPTransaktionAbschlussGN@4c371370]" started-at="2021-03-19T18:14:59 CET" name="TZPTransaktionAbschlussGNTest" data-provider="TZPTransaktionAbschlussGN" finished-at="2021-03-19T18:15:08 CET" duration-ms="9690" status="PASS">
          <params>
            <param index="0">
              <value>
                <![CDATA[TZPTransaktionStartGG-TF-003]]>
              </value>
            </param>
            <param index="1">
              <value>
                <![CDATA[Ja]]>
              </value>
            </param>
            <param index="2">
              <value>
                <![CDATA[BHDR-GG-Handel@Forsa-gmbh.de]]>
              </value>
            </param>
            <param index="3">
              <value>
                <![CDATA[Test12345!]]>
              </value>
            </param>
            <param index="4">
              <value>
                <![CDATA[1000003]]>
              </value>
            </param>
            <param index="5">
              <value>
                <![CDATA[0,03 %]]>
              </value>
            </param>
            <param index="6">
              <value>
                <![CDATA[ActDatum]]>
              </value>
            </param>
            <param index="7">
              <value>
                <![CDATA[act/360]]>
              </value>
            </param>
            <param index="8">
              <value>
                <![CDATA[halbjährlich]]>
              </value>
            </param>
            <param index="9">
              <value>
                <![CDATA[Sonstiges TF 2 durch den]]>
              </value>
            </param>
            <param index="10">
              <value>
                <![CDATA[Kommentar TF2]]>
              </value>
            </param>
            <param index="11">
              <value>
                <![CDATA[20:00]]>
              </value>
            </param>
            <param index="12">
              <value>
                <![CDATA[Ja]]>
              </value>
            </param>
            <param index="13">
              <value>
                <![CDATA[Nein]]>
              </value>
            </param>
            <param index="14">
              <value>
                <![CDATA[BHDR-GN-Handel]]>
              </value>
            </param>
            <param index="15">
              <value>
                <![CDATA[BHDR-GN-Handel@Forsa-gmbh.de]]>
              </value>
            </param>
            <param index="16">
              <value>
                <![CDATA[Test12345!]]>
              </value>
            </param>
            <param index="17">
              <value>
                <![CDATA[300000]]>
              </value>
            </param>
            <param index="18">
              <value>
                <![CDATA[3]]>
              </value>
            </param>
            <param index="19">
              <value>
                <![CDATA[ActDatum + 3]]>
              </value>
            </param>
            <param index="20">
              <value>
                <![CDATA[Nein]]>
              </value>
            </param>
            <param index="21">
              <value>
                <![CDATA[Nein]]>
              </value>
            </param>
            <param index="22">
              <value>
                <![CDATA[Ja]]>
              </value>
            </param>
            <param index="23">
              <value>
                <![CDATA[Ja]]>
              </value>
            </param>
            <param index="24">
              <value>
                <![CDATA[Nein]]>
              </value>
            </param>
            <param index="25">
              <value>
                <![CDATA[Nein]]>
              </value>
            </param>
          </params>
          <reporter-output>
          </reporter-output>
        </test-method> <!-- TZPTransaktionAbschlussGNTest -->
        <test-method is-config="true" signature="BrowserTearDown()[pri:0, instance:TopZinsPortal.TZPTransaktionAbschlussGN@4c371370]" started-at="2021-03-19T18:15:08 CET" name="BrowserTearDown" finished-at="2021-03-19T18:15:12 CET" duration-ms="4090" status="PASS">
          <reporter-output>
          </reporter-output>
        </test-method> <!-- BrowserTearDown -->
      </class> <!-- TopZinsPortal.TZPTransaktionAbschlussGN -->
    </test> <!-- TZP-Transaktion-Abschluss-GN -->
  </suite> <!-- TopZinzPortal-Transaktion-Ablauftesttest -->
</testng-results>
