<?xml version="1.0" encoding="UTF-8"?>
<testng-results ignored="0" total="16" passed="16" failed="0" skipped="0">
  <reporter-output>
  </reporter-output>
  <suite started-at="2021-05-14T16:19:08 CEST" name="Default suite" finished-at="2021-05-14T16:21:01 CEST" duration-ms="113848">
    <groups>
    </groups>
    <test started-at="2021-05-14T16:19:08 CEST" name="Default test" finished-at="2021-05-14T16:21:01 CEST" duration-ms="113848">
      <class name="TopZinsPortal.TZPCheckEMailsGN">
        <test-method is-config="true" signature="SetupSeleniumTestdaten(java.lang.String)[pri:0, instance:TopZinsPortal.TZPCheckEMailsGN@294425a7]" started-at="2021-05-14T16:19:08 CEST" name="SetupSeleniumTestdaten" finished-at="2021-05-14T16:19:08 CEST" duration-ms="270" status="PASS">
          <params>
            <param index="0">
              <value>
                <![CDATA[Ad Hoc Test]]>
              </value>
            </param>
          </params>
          <reporter-output>
          </reporter-output>
        </test-method> <!-- SetupSeleniumTestdaten -->
        <test-method signature="TZPCheckEmailGNTest(java.lang.String, java.lang.String, java.lang.String, java.lang.String, java.lang.String, java.lang.String, java.lang.String, java.lang.String, java.lang.String)[pri:10, instance:TopZinsPortal.TZPCheckEMailsGN@294425a7]" started-at="2021-05-14T16:19:08 CEST" name="TZPCheckEmailGNTest" data-provider="TZPCheckEMailsGN" finished-at="2021-05-14T16:19:16 CEST" duration-ms="7900" status="PASS">
          <params>
            <param index="0">
              <value>
                <![CDATA[TZPCheckEMailGN-TF-001]]>
              </value>
            </param>
            <param index="1">
              <value>
                <![CDATA[Ja]]>
              </value>
            </param>
            <param index="2">
              <value>
                <![CDATA[BHDR.GN.DGSVO@gmail.com]]>
              </value>
            </param>
            <param index="3">
              <value>
                <![CDATA[Test12345!]]>
              </value>
            </param>
            <param index="4">
              <value>
                <![CDATA[Herzlichen Dank für Ihre Registrierung auf dem FORSA TopZinsPortal]]>
              </value>
            </param>
            <param index="5">
              <value>
                <![CDATA[Vollständige-Registrierung-TopZinsPortal.pdf]]>
              </value>
            </param>
            <param index="6">
              <value>
                <![CDATA[http://www.forsa-gmbh.de/downloads/Topzins/TZP-Registration.mp4]]>
              </value>
            </param>
            <param index="7">
              <value>
                <![CDATA[mailto:sales-forsa@forsa-gmbh.de]]>
              </value>
            </param>
            <param index="8">
              <value>
                <![CDATA[]]>
              </value>
            </param>
          </params>
          <reporter-output>
          </reporter-output>
        </test-method> <!-- TZPCheckEmailGNTest -->
        <test-method signature="TZPCheckEmailGNTest(java.lang.String, java.lang.String, java.lang.String, java.lang.String, java.lang.String, java.lang.String, java.lang.String, java.lang.String, java.lang.String)[pri:10, instance:TopZinsPortal.TZPCheckEMailsGN@294425a7]" started-at="2021-05-14T16:19:16 CEST" name="TZPCheckEmailGNTest" data-provider="TZPCheckEMailsGN" finished-at="2021-05-14T16:19:26 CEST" duration-ms="9634" status="PASS">
          <params>
            <param index="0">
              <value>
                <![CDATA[TZPCheckEMailGN-TF-002]]>
              </value>
            </param>
            <param index="1">
              <value>
                <![CDATA[Ja]]>
              </value>
            </param>
            <param index="2">
              <value>
                <![CDATA[BHDR.GN.DatenKomplett@gmail.com]]>
              </value>
            </param>
            <param index="3">
              <value>
                <![CDATA[Test12345!]]>
              </value>
            </param>
            <param index="4">
              <value>
                <![CDATA[Herzlichen Dank für Ihre Registrierung auf dem FORSA TopZinsPortal]]>
              </value>
            </param>
            <param index="5">
              <value>
                <![CDATA[Vollständige-Registrierung-TopZinsPortal.pdf]]>
              </value>
            </param>
            <param index="6">
              <value>
                <![CDATA[http://www.forsa-gmbh.de/downloads/Topzins/TZP-Registration.mp4]]>
              </value>
            </param>
            <param index="7">
              <value>
                <![CDATA[mailto:sales-forsa@forsa-gmbh.de]]>
              </value>
            </param>
            <param index="8">
              <value>
                <![CDATA[]]>
              </value>
            </param>
          </params>
          <reporter-output>
          </reporter-output>
        </test-method> <!-- TZPCheckEmailGNTest -->
        <test-method signature="TZPCheckEmailGNTest(java.lang.String, java.lang.String, java.lang.String, java.lang.String, java.lang.String, java.lang.String, java.lang.String, java.lang.String, java.lang.String)[pri:10, instance:TopZinsPortal.TZPCheckEMailsGN@294425a7]" started-at="2021-05-14T16:19:26 CEST" name="TZPCheckEmailGNTest" data-provider="TZPCheckEMailsGN" finished-at="2021-05-14T16:19:30 CEST" duration-ms="4507" status="PASS">
          <params>
            <param index="0">
              <value>
                <![CDATA[TZPCheckEMailGN-TF-003]]>
              </value>
            </param>
            <param index="1">
              <value>
                <![CDATA[Ja]]>
              </value>
            </param>
            <param index="2">
              <value>
                <![CDATA[BHDR.GN.DatenKomplett@gmail.com]]>
              </value>
            </param>
            <param index="3">
              <value>
                <![CDATA[Test12345!]]>
              </value>
            </param>
            <param index="4">
              <value>
                <![CDATA[FORSA TopZinsPortal - Anforderung der Handelsberechtigung]]>
              </value>
            </param>
            <param index="5">
              <value>
                <![CDATA[]]>
              </value>
            </param>
            <param index="6">
              <value>
                <![CDATA[]]>
              </value>
            </param>
            <param index="7">
              <value>
                <![CDATA[]]>
              </value>
            </param>
            <param index="8">
              <value>
                <![CDATA[]]>
              </value>
            </param>
          </params>
          <reporter-output>
          </reporter-output>
        </test-method> <!-- TZPCheckEmailGNTest -->
        <test-method signature="TZPCheckEmailGNTest(java.lang.String, java.lang.String, java.lang.String, java.lang.String, java.lang.String, java.lang.String, java.lang.String, java.lang.String, java.lang.String)[pri:10, instance:TopZinsPortal.TZPCheckEMailsGN@294425a7]" started-at="2021-05-14T16:19:30 CEST" name="TZPCheckEmailGNTest" data-provider="TZPCheckEMailsGN" finished-at="2021-05-14T16:19:54 CEST" duration-ms="23622" status="PASS">
          <params>
            <param index="0">
              <value>
                <![CDATA[TZPCheckEMailGN-TF-004]]>
              </value>
            </param>
            <param index="1">
              <value>
                <![CDATA[Ja]]>
              </value>
            </param>
            <param index="2">
              <value>
                <![CDATA[BHDR.GN.Handel@gmail.com]]>
              </value>
            </param>
            <param index="3">
              <value>
                <![CDATA[Test12345!]]>
              </value>
            </param>
            <param index="4">
              <value>
                <![CDATA[Herzlichen Dank für Ihre Registrierung auf dem FORSA TopZinsPortal]]>
              </value>
            </param>
            <param index="5">
              <value>
                <![CDATA[Vollständige-Registrierung-TopZinsPortal.pdf]]>
              </value>
            </param>
            <param index="6">
              <value>
                <![CDATA[http://www.forsa-gmbh.de/downloads/Topzins/TZP-Registration.mp4]]>
              </value>
            </param>
            <param index="7">
              <value>
                <![CDATA[mailto:sales-forsa@forsa-gmbh.de]]>
              </value>
            </param>
            <param index="8">
              <value>
                <![CDATA[]]>
              </value>
            </param>
          </params>
          <reporter-output>
          </reporter-output>
        </test-method> <!-- TZPCheckEmailGNTest -->
        <test-method signature="TZPCheckEmailGNTest(java.lang.String, java.lang.String, java.lang.String, java.lang.String, java.lang.String, java.lang.String, java.lang.String, java.lang.String, java.lang.String)[pri:10, instance:TopZinsPortal.TZPCheckEMailsGN@294425a7]" started-at="2021-05-14T16:19:54 CEST" name="TZPCheckEmailGNTest" data-provider="TZPCheckEMailsGN" finished-at="2021-05-14T16:19:58 CEST" duration-ms="4513" status="PASS">
          <params>
            <param index="0">
              <value>
                <![CDATA[TZPCheckEMailGN-TF-005]]>
              </value>
            </param>
            <param index="1">
              <value>
                <![CDATA[Ja]]>
              </value>
            </param>
            <param index="2">
              <value>
                <![CDATA[BHDR.GN.Handel@gmail.com]]>
              </value>
            </param>
            <param index="3">
              <value>
                <![CDATA[Test12345!]]>
              </value>
            </param>
            <param index="4">
              <value>
                <![CDATA[FORSA TopZinsPortal - Anforderung der Handelsberechtigung]]>
              </value>
            </param>
            <param index="5">
              <value>
                <![CDATA[]]>
              </value>
            </param>
            <param index="6">
              <value>
                <![CDATA[]]>
              </value>
            </param>
            <param index="7">
              <value>
                <![CDATA[]]>
              </value>
            </param>
            <param index="8">
              <value>
                <![CDATA[]]>
              </value>
            </param>
          </params>
          <reporter-output>
          </reporter-output>
        </test-method> <!-- TZPCheckEmailGNTest -->
        <test-method signature="TZPCheckEmailGNTest(java.lang.String, java.lang.String, java.lang.String, java.lang.String, java.lang.String, java.lang.String, java.lang.String, java.lang.String, java.lang.String)[pri:10, instance:TopZinsPortal.TZPCheckEMailsGN@294425a7]" started-at="2021-05-14T16:19:58 CEST" name="TZPCheckEmailGNTest" data-provider="TZPCheckEMailsGN" finished-at="2021-05-14T16:20:03 CEST" duration-ms="4509" status="PASS">
          <params>
            <param index="0">
              <value>
                <![CDATA[TZPCheckEMailGN-TF-006]]>
              </value>
            </param>
            <param index="1">
              <value>
                <![CDATA[Ja]]>
              </value>
            </param>
            <param index="2">
              <value>
                <![CDATA[BHDR.GN.Handel@gmail.com]]>
              </value>
            </param>
            <param index="3">
              <value>
                <![CDATA[Test12345!]]>
              </value>
            </param>
            <param index="4">
              <value>
                <![CDATA[FORSA TopZinsPortal - Die Vergabe der Handelsberechtigung war erfolgreich]]>
              </value>
            </param>
            <param index="5">
              <value>
                <![CDATA[]]>
              </value>
            </param>
            <param index="6">
              <value>
                <![CDATA[]]>
              </value>
            </param>
            <param index="7">
              <value>
                <![CDATA[]]>
              </value>
            </param>
            <param index="8">
              <value>
                <![CDATA[]]>
              </value>
            </param>
          </params>
          <reporter-output>
          </reporter-output>
        </test-method> <!-- TZPCheckEmailGNTest -->
        <test-method signature="TZPCheckEmailGNTest(java.lang.String, java.lang.String, java.lang.String, java.lang.String, java.lang.String, java.lang.String, java.lang.String, java.lang.String, java.lang.String)[pri:10, instance:TopZinsPortal.TZPCheckEMailsGN@294425a7]" started-at="2021-05-14T16:20:03 CEST" name="TZPCheckEmailGNTest" data-provider="TZPCheckEMailsGN" finished-at="2021-05-14T16:20:07 CEST" duration-ms="4522" status="PASS">
          <params>
            <param index="0">
              <value>
                <![CDATA[TZPCheckEMailGN-TF-007]]>
              </value>
            </param>
            <param index="1">
              <value>
                <![CDATA[Ja]]>
              </value>
            </param>
            <param index="2">
              <value>
                <![CDATA[BHDR.GN.Handel@gmail.com]]>
              </value>
            </param>
            <param index="3">
              <value>
                <![CDATA[Test12345!]]>
              </value>
            </param>
            <param index="4">
              <value>
                <![CDATA[FORSA TopZinsPortal - Benachrichtigung über eine Termingeldanfrage]]>
              </value>
            </param>
            <param index="5">
              <value>
                <![CDATA[]]>
              </value>
            </param>
            <param index="6">
              <value>
                <![CDATA[]]>
              </value>
            </param>
            <param index="7">
              <value>
                <![CDATA[]]>
              </value>
            </param>
            <param index="8">
              <value>
                <![CDATA[]]>
              </value>
            </param>
          </params>
          <reporter-output>
          </reporter-output>
        </test-method> <!-- TZPCheckEmailGNTest -->
        <test-method signature="TZPCheckEmailGNTest(java.lang.String, java.lang.String, java.lang.String, java.lang.String, java.lang.String, java.lang.String, java.lang.String, java.lang.String, java.lang.String)[pri:10, instance:TopZinsPortal.TZPCheckEMailsGN@294425a7]" started-at="2021-05-14T16:20:07 CEST" name="TZPCheckEmailGNTest" data-provider="TZPCheckEMailsGN" finished-at="2021-05-14T16:20:12 CEST" duration-ms="4520" status="PASS">
          <params>
            <param index="0">
              <value>
                <![CDATA[TZPCheckEMailGN-TF-008]]>
              </value>
            </param>
            <param index="1">
              <value>
                <![CDATA[Ja]]>
              </value>
            </param>
            <param index="2">
              <value>
                <![CDATA[BHDR.GN.Handel@gmail.com]]>
              </value>
            </param>
            <param index="3">
              <value>
                <![CDATA[Test12345!]]>
              </value>
            </param>
            <param index="4">
              <value>
                <![CDATA[FORSA TopZinsPortal: Vielen Dank für den Geschäftsabschluss - Geschäftsbestätigung]]>
              </value>
            </param>
            <param index="5">
              <value>
                <![CDATA[Geschäftsbestätigung.pdf]]>
              </value>
            </param>
            <param index="6">
              <value>
                <![CDATA[]]>
              </value>
            </param>
            <param index="7">
              <value>
                <![CDATA[]]>
              </value>
            </param>
            <param index="8">
              <value>
                <![CDATA[]]>
              </value>
            </param>
          </params>
          <reporter-output>
          </reporter-output>
        </test-method> <!-- TZPCheckEmailGNTest -->
        <test-method signature="TZPCheckEmailGNTest(java.lang.String, java.lang.String, java.lang.String, java.lang.String, java.lang.String, java.lang.String, java.lang.String, java.lang.String, java.lang.String)[pri:10, instance:TopZinsPortal.TZPCheckEMailsGN@294425a7]" started-at="2021-05-14T16:20:12 CEST" name="TZPCheckEmailGNTest" data-provider="TZPCheckEMailsGN" finished-at="2021-05-14T16:20:21 CEST" duration-ms="9208" status="PASS">
          <params>
            <param index="0">
              <value>
                <![CDATA[TZPCheckEMailGN-TF-009]]>
              </value>
            </param>
            <param index="1">
              <value>
                <![CDATA[Ja]]>
              </value>
            </param>
            <param index="2">
              <value>
                <![CDATA[BHDR.GN.deaktiv@gmail.com]]>
              </value>
            </param>
            <param index="3">
              <value>
                <![CDATA[Test12345!]]>
              </value>
            </param>
            <param index="4">
              <value>
                <![CDATA[Herzlichen Dank für Ihre Registrierung auf dem FORSA TopZinsPortal]]>
              </value>
            </param>
            <param index="5">
              <value>
                <![CDATA[Vollständige-Registrierung-TopZinsPortal.pdf]]>
              </value>
            </param>
            <param index="6">
              <value>
                <![CDATA[http://www.forsa-gmbh.de/downloads/Topzins/TZP-Registration.mp4]]>
              </value>
            </param>
            <param index="7">
              <value>
                <![CDATA[mailto:sales-forsa@forsa-gmbh.de]]>
              </value>
            </param>
            <param index="8">
              <value>
                <![CDATA[]]>
              </value>
            </param>
          </params>
          <reporter-output>
          </reporter-output>
        </test-method> <!-- TZPCheckEmailGNTest -->
        <test-method signature="TZPCheckEmailGNTest(java.lang.String, java.lang.String, java.lang.String, java.lang.String, java.lang.String, java.lang.String, java.lang.String, java.lang.String, java.lang.String)[pri:10, instance:TopZinsPortal.TZPCheckEMailsGN@294425a7]" started-at="2021-05-14T16:20:21 CEST" name="TZPCheckEmailGNTest" data-provider="TZPCheckEMailsGN" finished-at="2021-05-14T16:20:26 CEST" duration-ms="4507" status="PASS">
          <params>
            <param index="0">
              <value>
                <![CDATA[TZPCheckEMailGN-TF-010]]>
              </value>
            </param>
            <param index="1">
              <value>
                <![CDATA[Ja]]>
              </value>
            </param>
            <param index="2">
              <value>
                <![CDATA[BHDR.GN.deaktiv@gmail.com]]>
              </value>
            </param>
            <param index="3">
              <value>
                <![CDATA[Test12345!]]>
              </value>
            </param>
            <param index="4">
              <value>
                <![CDATA[FORSA TopZinsPortal - Sie wurden temporär deaktiviert]]>
              </value>
            </param>
            <param index="5">
              <value>
                <![CDATA[]]>
              </value>
            </param>
            <param index="6">
              <value>
                <![CDATA[topzins@forsa-gmbh.de]]>
              </value>
            </param>
            <param index="7">
              <value>
                <![CDATA[]]>
              </value>
            </param>
            <param index="8">
              <value>
                <![CDATA[]]>
              </value>
            </param>
          </params>
          <reporter-output>
          </reporter-output>
        </test-method> <!-- TZPCheckEmailGNTest -->
        <test-method signature="TZPCheckEmailGNTest(java.lang.String, java.lang.String, java.lang.String, java.lang.String, java.lang.String, java.lang.String, java.lang.String, java.lang.String, java.lang.String)[pri:10, instance:TopZinsPortal.TZPCheckEMailsGN@294425a7]" started-at="2021-05-14T16:20:26 CEST" name="TZPCheckEmailGNTest" data-provider="TZPCheckEMailsGN" finished-at="2021-05-14T16:20:32 CEST" duration-ms="6297" status="PASS">
          <params>
            <param index="0">
              <value>
                <![CDATA[TZPCheckEMailGN-TF-011]]>
              </value>
            </param>
            <param index="1">
              <value>
                <![CDATA[Ja]]>
              </value>
            </param>
            <param index="2">
              <value>
                <![CDATA[BHDR.GN.Loeschen@gmail.com]]>
              </value>
            </param>
            <param index="3">
              <value>
                <![CDATA[Test12345!]]>
              </value>
            </param>
            <param index="4">
              <value>
                <![CDATA[Herzlichen Dank für Ihre Registrierung auf dem FORSA TopZinsPortal]]>
              </value>
            </param>
            <param index="5">
              <value>
                <![CDATA[Vollständige-Registrierung-TopZinsPortal.pdf]]>
              </value>
            </param>
            <param index="6">
              <value>
                <![CDATA[http://www.forsa-gmbh.de/downloads/Topzins/TZP-Registration.mp4]]>
              </value>
            </param>
            <param index="7">
              <value>
                <![CDATA[mailto:sales-forsa@forsa-gmbh.de]]>
              </value>
            </param>
            <param index="8">
              <value>
                <![CDATA[]]>
              </value>
            </param>
          </params>
          <reporter-output>
          </reporter-output>
        </test-method> <!-- TZPCheckEmailGNTest -->
        <test-method signature="TZPCheckEmailGNTest(java.lang.String, java.lang.String, java.lang.String, java.lang.String, java.lang.String, java.lang.String, java.lang.String, java.lang.String, java.lang.String)[pri:10, instance:TopZinsPortal.TZPCheckEMailsGN@294425a7]" started-at="2021-05-14T16:20:32 CEST" name="TZPCheckEmailGNTest" data-provider="TZPCheckEMailsGN" finished-at="2021-05-14T16:20:36 CEST" duration-ms="4516" status="PASS">
          <params>
            <param index="0">
              <value>
                <![CDATA[TZPCheckEMailGN-TF-012]]>
              </value>
            </param>
            <param index="1">
              <value>
                <![CDATA[Ja]]>
              </value>
            </param>
            <param index="2">
              <value>
                <![CDATA[BHDR.GN.Loeschen@gmail.com]]>
              </value>
            </param>
            <param index="3">
              <value>
                <![CDATA[Test12345!]]>
              </value>
            </param>
            <param index="4">
              <value>
                <![CDATA[FORSA TopZinsPortal - Sie wurden temporär deaktiviert]]>
              </value>
            </param>
            <param index="5">
              <value>
                <![CDATA[]]>
              </value>
            </param>
            <param index="6">
              <value>
                <![CDATA[topzins@forsa-gmbh.de]]>
              </value>
            </param>
            <param index="7">
              <value>
                <![CDATA[]]>
              </value>
            </param>
            <param index="8">
              <value>
                <![CDATA[]]>
              </value>
            </param>
          </params>
          <reporter-output>
          </reporter-output>
        </test-method> <!-- TZPCheckEmailGNTest -->
        <test-method signature="TZPCheckEmailGNTest(java.lang.String, java.lang.String, java.lang.String, java.lang.String, java.lang.String, java.lang.String, java.lang.String, java.lang.String, java.lang.String)[pri:10, instance:TopZinsPortal.TZPCheckEMailsGN@294425a7]" started-at="2021-05-14T16:20:36 CEST" name="TZPCheckEmailGNTest" data-provider="TZPCheckEMailsGN" finished-at="2021-05-14T16:20:47 CEST" duration-ms="10637" status="PASS">
          <params>
            <param index="0">
              <value>
                <![CDATA[TZPCheckEMailGN-TF-013]]>
              </value>
            </param>
            <param index="1">
              <value>
                <![CDATA[Ja]]>
              </value>
            </param>
            <param index="2">
              <value>
                <![CDATA[centner.gn.handel@gmail.com]]>
              </value>
            </param>
            <param index="3">
              <value>
                <![CDATA[Test12345!]]>
              </value>
            </param>
            <param index="4">
              <value>
                <![CDATA[Herzlichen Dank für Ihre Registrierung auf dem FORSA TopZinsPortal]]>
              </value>
            </param>
            <param index="5">
              <value>
                <![CDATA[Vollständige-Registrierung-TopZinsPortal.pdf]]>
              </value>
            </param>
            <param index="6">
              <value>
                <![CDATA[http://www.forsa-gmbh.de/downloads/Topzins/TZP-Registration.mp4]]>
              </value>
            </param>
            <param index="7">
              <value>
                <![CDATA[mailto:sales-forsa@forsa-gmbh.de]]>
              </value>
            </param>
            <param index="8">
              <value>
                <![CDATA[]]>
              </value>
            </param>
          </params>
          <reporter-output>
          </reporter-output>
        </test-method> <!-- TZPCheckEmailGNTest -->
        <test-method signature="TZPCheckEmailGNTest(java.lang.String, java.lang.String, java.lang.String, java.lang.String, java.lang.String, java.lang.String, java.lang.String, java.lang.String, java.lang.String)[pri:10, instance:TopZinsPortal.TZPCheckEMailsGN@294425a7]" started-at="2021-05-14T16:20:47 CEST" name="TZPCheckEmailGNTest" data-provider="TZPCheckEMailsGN" finished-at="2021-05-14T16:20:52 CEST" duration-ms="4516" status="PASS">
          <params>
            <param index="0">
              <value>
                <![CDATA[TZPCheckEMailGN-TF-014]]>
              </value>
            </param>
            <param index="1">
              <value>
                <![CDATA[Ja]]>
              </value>
            </param>
            <param index="2">
              <value>
                <![CDATA[centner.gn.handel@gmail.com]]>
              </value>
            </param>
            <param index="3">
              <value>
                <![CDATA[Test12345!]]>
              </value>
            </param>
            <param index="4">
              <value>
                <![CDATA[FORSA TopZinsPortal - Anforderung der Handelsberechtigung]]>
              </value>
            </param>
            <param index="5">
              <value>
                <![CDATA[]]>
              </value>
            </param>
            <param index="6">
              <value>
                <![CDATA[]]>
              </value>
            </param>
            <param index="7">
              <value>
                <![CDATA[]]>
              </value>
            </param>
            <param index="8">
              <value>
                <![CDATA[]]>
              </value>
            </param>
          </params>
          <reporter-output>
          </reporter-output>
        </test-method> <!-- TZPCheckEmailGNTest -->
        <test-method signature="TZPCheckEmailGNTest(java.lang.String, java.lang.String, java.lang.String, java.lang.String, java.lang.String, java.lang.String, java.lang.String, java.lang.String, java.lang.String)[pri:10, instance:TopZinsPortal.TZPCheckEMailsGN@294425a7]" started-at="2021-05-14T16:20:52 CEST" name="TZPCheckEmailGNTest" data-provider="TZPCheckEMailsGN" finished-at="2021-05-14T16:20:56 CEST" duration-ms="4517" status="PASS">
          <params>
            <param index="0">
              <value>
                <![CDATA[TZPCheckEMailGN-TF-015]]>
              </value>
            </param>
            <param index="1">
              <value>
                <![CDATA[Ja]]>
              </value>
            </param>
            <param index="2">
              <value>
                <![CDATA[centner.gn.handel@gmail.com]]>
              </value>
            </param>
            <param index="3">
              <value>
                <![CDATA[Test12345!]]>
              </value>
            </param>
            <param index="4">
              <value>
                <![CDATA[FORSA TopZinsPortal - Die Vergabe der Handelsberechtigung war erfolgreich]]>
              </value>
            </param>
            <param index="5">
              <value>
                <![CDATA[]]>
              </value>
            </param>
            <param index="6">
              <value>
                <![CDATA[]]>
              </value>
            </param>
            <param index="7">
              <value>
                <![CDATA[]]>
              </value>
            </param>
            <param index="8">
              <value>
                <![CDATA[]]>
              </value>
            </param>
          </params>
          <reporter-output>
          </reporter-output>
        </test-method> <!-- TZPCheckEmailGNTest -->
        <test-method signature="TZPCheckEmailGNTest(java.lang.String, java.lang.String, java.lang.String, java.lang.String, java.lang.String, java.lang.String, java.lang.String, java.lang.String, java.lang.String)[pri:10, instance:TopZinsPortal.TZPCheckEMailsGN@294425a7]" started-at="2021-05-14T16:20:56 CEST" name="TZPCheckEmailGNTest" data-provider="TZPCheckEMailsGN" finished-at="2021-05-14T16:21:01 CEST" duration-ms="4519" status="PASS">
          <params>
            <param index="0">
              <value>
                <![CDATA[TZPCheckEMailGN-TF-016]]>
              </value>
            </param>
            <param index="1">
              <value>
                <![CDATA[Ja]]>
              </value>
            </param>
            <param index="2">
              <value>
                <![CDATA[centner.gn.handel@gmail.com]]>
              </value>
            </param>
            <param index="3">
              <value>
                <![CDATA[Test12345!]]>
              </value>
            </param>
            <param index="4">
              <value>
                <![CDATA[FORSA TopZinsPortal: Vielen Dank für den Geschäftsabschluss - Geschäftsbestätigung]]>
              </value>
            </param>
            <param index="5">
              <value>
                <![CDATA[Geschäftsbestätigung.pdf]]>
              </value>
            </param>
            <param index="6">
              <value>
                <![CDATA[]]>
              </value>
            </param>
            <param index="7">
              <value>
                <![CDATA[]]>
              </value>
            </param>
            <param index="8">
              <value>
                <![CDATA[]]>
              </value>
            </param>
          </params>
          <reporter-output>
          </reporter-output>
        </test-method> <!-- TZPCheckEmailGNTest -->
        <test-method is-config="true" signature="BrowserTearDown()[pri:0, instance:TopZinsPortal.TZPCheckEMailsGN@294425a7]" started-at="2021-05-14T16:21:01 CEST" name="BrowserTearDown" finished-at="2021-05-14T16:21:01 CEST" duration-ms="898" status="PASS">
          <reporter-output>
          </reporter-output>
        </test-method> <!-- BrowserTearDown -->
      </class> <!-- TopZinsPortal.TZPCheckEMailsGN -->
    </test> <!-- Default test -->
  </suite> <!-- Default suite -->
</testng-results>
