<?xml version="1.0" encoding="UTF-8"?>
<testng-results ignored="0" total="1" passed="1" failed="0" skipped="0">
  <reporter-output>
  </reporter-output>
  <suite started-at="2021-01-22T13:38:40 CET" name="Default suite" finished-at="2021-01-22T13:39:13 CET" duration-ms="32443">
    <groups>
    </groups>
    <test started-at="2021-01-22T13:38:40 CET" name="Default test" finished-at="2021-01-22T13:39:13 CET" duration-ms="32443">
      <class name="TopZinsPortal.TZPZinssatzVorgabeGN">
        <test-method is-config="true" signature="SetupSeleniumTestdaten(java.lang.String)[pri:0, instance:TopZinsPortal.TZPZinssatzVorgabeGN@37afeb11]" started-at="2021-01-22T13:38:40 CET" name="SetupSeleniumTestdaten" finished-at="2021-01-22T13:38:45 CET" duration-ms="4856" status="PASS">
          <params>
            <param index="0">
              <value>
                <![CDATA[Ad Hoc Test]]>
              </value>
            </param>
          </params>
          <reporter-output>
          </reporter-output>
        </test-method> <!-- SetupSeleniumTestdaten -->
        <test-method signature="TZPZinssatzVorgabeGNTest(java.lang.String, java.lang.String, java.lang.String, java.lang.String, java.lang.String, java.lang.String, java.lang.String, java.lang.String, java.lang.String, java.lang.String, java.lang.String, java.lang.String, java.lang.String, java.lang.String, java.lang.String, java.lang.String, java.lang.String, java.lang.String, java.lang.String, java.lang.String, java.lang.String, java.lang.String)[pri:0, instance:TopZinsPortal.TZPZinssatzVorgabeGN@37afeb11]" started-at="2021-01-22T13:38:45 CET" name="TZPZinssatzVorgabeGNTest" data-provider="TZPZinssatzVorgabeGN" finished-at="2021-01-22T13:39:08 CET" duration-ms="23201" status="PASS">
          <params>
            <param index="0">
              <value>
                <![CDATA[TZPZinssatzVorgabeGN-TF-001]]>
              </value>
            </param>
            <param index="1">
              <value>
                <![CDATA[Ja]]>
              </value>
            </param>
            <param index="2">
              <value>
                <![CDATA[BHDR-GN-Handel]]>
              </value>
            </param>
            <param index="3">
              <value>
                <![CDATA[BHDR-GN-Handel@forsa-gmbh.de]]>
              </value>
            </param>
            <param index="4">
              <value>
                <![CDATA[Test12345!]]>
              </value>
            </param>
            <param index="5">
              <value>
                <![CDATA[0,01]]>
              </value>
            </param>
            <param index="6">
              <value>
                <![CDATA[0,02]]>
              </value>
            </param>
            <param index="7">
              <value>
                <![CDATA[0,03]]>
              </value>
            </param>
            <param index="8">
              <value>
                <![CDATA[0,04]]>
              </value>
            </param>
            <param index="9">
              <value>
                <![CDATA[0.05]]>
              </value>
            </param>
            <param index="10">
              <value>
                <![CDATA[0.06]]>
              </value>
            </param>
            <param index="11">
              <value>
                <![CDATA[0.07]]>
              </value>
            </param>
            <param index="12">
              <value>
                <![CDATA[0.08]]>
              </value>
            </param>
            <param index="13">
              <value>
                <![CDATA[0,09]]>
              </value>
            </param>
            <param index="14">
              <value>
                <![CDATA[0,10]]>
              </value>
            </param>
            <param index="15">
              <value>
                <![CDATA[0,11]]>
              </value>
            </param>
            <param index="16">
              <value>
                <![CDATA[0.12]]>
              </value>
            </param>
            <param index="17">
              <value>
                <![CDATA[0.18]]>
              </value>
            </param>
            <param index="18">
              <value>
                <![CDATA[0.24]]>
              </value>
            </param>
            <param index="19">
              <value>
                <![CDATA[0.36]]>
              </value>
            </param>
            <param index="20">
              <value>
                <![CDATA[0.48]]>
              </value>
            </param>
            <param index="21">
              <value>
                <![CDATA[0.6]]>
              </value>
            </param>
          </params>
          <reporter-output>
          </reporter-output>
        </test-method> <!-- TZPZinssatzVorgabeGNTest -->
        <test-method is-config="true" signature="BrowserTearDown()[pri:0, instance:TopZinsPortal.TZPZinssatzVorgabeGN@37afeb11]" started-at="2021-01-22T13:39:08 CET" name="BrowserTearDown" finished-at="2021-01-22T13:39:13 CET" duration-ms="4198" status="PASS">
          <reporter-output>
          </reporter-output>
        </test-method> <!-- BrowserTearDown -->
      </class> <!-- TopZinsPortal.TZPZinssatzVorgabeGN -->
    </test> <!-- Default test -->
  </suite> <!-- Default suite -->
</testng-results>
