<?xml version="1.0" encoding="UTF-8"?>
<testng-results ignored="0" total="64" passed="46" failed="18" skipped="0">
  <reporter-output>
  </reporter-output>
  <suite started-at="2021-06-15T13:50:31 CEST" name="TopZinzPortal-Ablauftesttest-Several-User-GG" finished-at="2021-06-15T14:08:25 CEST" duration-ms="1073225">
    <groups>
    </groups>
    <test started-at="2021-06-15T13:50:31 CEST" name="TZP-Serveral-User-Mails-Lesen-GG-Bereinigung" finished-at="2021-06-15T13:51:02 CEST" duration-ms="30929">
      <class name="TopZinsPortal.TZPCheckEMailsSeveralUserGG">
        <test-method is-config="true" signature="SetupSeleniumTestdaten(java.lang.String)[pri:0, instance:TopZinsPortal.TZPCheckEMailsSeveralUserGG@9f116cc]" started-at="2021-06-15T13:50:31 CEST" name="SetupSeleniumTestdaten" finished-at="2021-06-15T13:50:31 CEST" duration-ms="206" status="PASS">
          <params>
            <param index="0">
              <value>
                <![CDATA[Smoketest]]>
              </value>
            </param>
          </params>
          <reporter-output>
          </reporter-output>
        </test-method> <!-- SetupSeleniumTestdaten -->
        <test-method signature="TZPCheckEMailSeveralUserGGTest(java.lang.String, java.lang.String, java.lang.String, java.lang.String, java.lang.String, java.lang.String, java.lang.String, java.lang.String, java.lang.String)[pri:10, instance:TopZinsPortal.TZPCheckEMailsSeveralUserGG@9f116cc]" started-at="2021-06-15T13:50:32 CEST" name="TZPCheckEMailSeveralUserGGTest" data-provider="TZPCheckEMailsSeveralUserGG" finished-at="2021-06-15T13:50:38 CEST" duration-ms="6668" status="FAIL">
          <params>
            <param index="0">
              <value>
                <![CDATA[TZPCheckEMailGG-TF-001]]>
              </value>
            </param>
            <param index="1">
              <value>
                <![CDATA[Ja]]>
              </value>
            </param>
            <param index="2">
              <value>
                <![CDATA[tzpseveralusergg1@gmail.com]]>
              </value>
            </param>
            <param index="3">
              <value>
                <![CDATA[Test12345!]]>
              </value>
            </param>
            <param index="4">
              <value>
                <![CDATA[FORSA TopZinsPortal - Einladung zur Registrierung]]>
              </value>
            </param>
            <param index="5">
              <value>
                <![CDATA[]]>
              </value>
            </param>
            <param index="6">
              <value>
                <![CDATA[/portal/login]]>
              </value>
            </param>
            <param index="7">
              <value>
                <![CDATA[]]>
              </value>
            </param>
            <param index="8">
              <value>
                <![CDATA[]]>
              </value>
            </param>
          </params>
          <exception class="java.lang.AssertionError">
            <message>
              <![CDATA[The following asserts failed:
expected [true] but found [false]]]>
            </message>
            <full-stacktrace>
              <![CDATA[java.lang.AssertionError: The following asserts failed:
expected [true] but found [false]
at org.testng.asserts.SoftAssert.assertAll(SoftAssert.java:47)
at org.testng.asserts.SoftAssert.assertAll(SoftAssert.java:31)
at TopZinsPortal.TZPCheckEMailsSeveralUserGG.TZPCheckEMailSeveralUserGGTest(TZPCheckEMailsSeveralUserGG.java:119)
at java.base/jdk.internal.reflect.NativeMethodAccessorImpl.invoke0(Native Method)
at java.base/jdk.internal.reflect.NativeMethodAccessorImpl.invoke(NativeMethodAccessorImpl.java:64)
at java.base/jdk.internal.reflect.DelegatingMethodAccessorImpl.invoke(DelegatingMethodAccessorImpl.java:43)
at java.base/java.lang.reflect.Method.invoke(Method.java:564)
at org.testng.internal.MethodInvocationHelper.invokeMethod(MethodInvocationHelper.java:132)
at org.testng.internal.TestInvoker.invokeMethod(TestInvoker.java:599)
at org.testng.internal.TestInvoker.invokeTestMethod(TestInvoker.java:174)
at org.testng.internal.MethodRunner.runInSequence(MethodRunner.java:46)
at org.testng.internal.TestInvoker$MethodInvocationAgent.invoke(TestInvoker.java:822)
at org.testng.internal.TestInvoker.invokeTestMethods(TestInvoker.java:147)
at org.testng.internal.TestMethodWorker.invokeTestMethods(TestMethodWorker.java:146)
at org.testng.internal.TestMethodWorker.run(TestMethodWorker.java:128)
at java.base/java.util.ArrayList.forEach(ArrayList.java:1511)
at org.testng.TestRunner.privateRun(TestRunner.java:764)
at org.testng.TestRunner.run(TestRunner.java:585)
at org.testng.SuiteRunner.runTest(SuiteRunner.java:384)
at org.testng.SuiteRunner.runSequentially(SuiteRunner.java:378)
at org.testng.SuiteRunner.privateRun(SuiteRunner.java:337)
at org.testng.SuiteRunner.run(SuiteRunner.java:286)
at org.testng.SuiteRunnerWorker.runSuite(SuiteRunnerWorker.java:53)
at org.testng.SuiteRunnerWorker.run(SuiteRunnerWorker.java:96)
at org.testng.TestNG.runSuitesSequentially(TestNG.java:1218)
at org.testng.TestNG.runSuitesLocally(TestNG.java:1140)
at org.testng.TestNG.runSuites(TestNG.java:1069)
at org.testng.TestNG.run(TestNG.java:1037)
at org.testng.remote.AbstractRemoteTestNG.run(AbstractRemoteTestNG.java:115)
at org.testng.remote.RemoteTestNG.initAndRun(RemoteTestNG.java:251)
at org.testng.remote.RemoteTestNG.main(RemoteTestNG.java:77)
]]>
            </full-stacktrace>
          </exception> <!-- java.lang.AssertionError -->
          <reporter-output>
          </reporter-output>
        </test-method> <!-- TZPCheckEMailSeveralUserGGTest -->
        <test-method signature="TZPCheckEMailSeveralUserGGTest(java.lang.String, java.lang.String, java.lang.String, java.lang.String, java.lang.String, java.lang.String, java.lang.String, java.lang.String, java.lang.String)[pri:10, instance:TopZinsPortal.TZPCheckEMailsSeveralUserGG@9f116cc]" started-at="2021-06-15T13:50:38 CEST" name="TZPCheckEMailSeveralUserGGTest" data-provider="TZPCheckEMailsSeveralUserGG" finished-at="2021-06-15T13:50:43 CEST" duration-ms="4516" status="FAIL">
          <params>
            <param index="0">
              <value>
                <![CDATA[TZPCheckEMailGG-TF-002]]>
              </value>
            </param>
            <param index="1">
              <value>
                <![CDATA[Ja]]>
              </value>
            </param>
            <param index="2">
              <value>
                <![CDATA[tzpseveralusergg1@gmail.com]]>
              </value>
            </param>
            <param index="3">
              <value>
                <![CDATA[Test12345!]]>
              </value>
            </param>
            <param index="4">
              <value>
                <![CDATA[Herzlichen Dank für Ihre Registrierung auf dem FORSA TopZinsPortal]]>
              </value>
            </param>
            <param index="5">
              <value>
                <![CDATA[]]>
              </value>
            </param>
            <param index="6">
              <value>
                <![CDATA[]]>
              </value>
            </param>
            <param index="7">
              <value>
                <![CDATA[]]>
              </value>
            </param>
            <param index="8">
              <value>
                <![CDATA[]]>
              </value>
            </param>
          </params>
          <exception class="java.lang.AssertionError">
            <message>
              <![CDATA[The following asserts failed:
expected [true] but found [false]]]>
            </message>
            <full-stacktrace>
              <![CDATA[java.lang.AssertionError: The following asserts failed:
expected [true] but found [false]
at org.testng.asserts.SoftAssert.assertAll(SoftAssert.java:47)
at org.testng.asserts.SoftAssert.assertAll(SoftAssert.java:31)
at TopZinsPortal.TZPCheckEMailsSeveralUserGG.TZPCheckEMailSeveralUserGGTest(TZPCheckEMailsSeveralUserGG.java:126)
at java.base/jdk.internal.reflect.NativeMethodAccessorImpl.invoke0(Native Method)
at java.base/jdk.internal.reflect.NativeMethodAccessorImpl.invoke(NativeMethodAccessorImpl.java:64)
at java.base/jdk.internal.reflect.DelegatingMethodAccessorImpl.invoke(DelegatingMethodAccessorImpl.java:43)
at java.base/java.lang.reflect.Method.invoke(Method.java:564)
at org.testng.internal.MethodInvocationHelper.invokeMethod(MethodInvocationHelper.java:132)
at org.testng.internal.TestInvoker.invokeMethod(TestInvoker.java:599)
at org.testng.internal.TestInvoker.invokeTestMethod(TestInvoker.java:174)
at org.testng.internal.MethodRunner.runInSequence(MethodRunner.java:46)
at org.testng.internal.TestInvoker$MethodInvocationAgent.invoke(TestInvoker.java:822)
at org.testng.internal.TestInvoker.invokeTestMethods(TestInvoker.java:147)
at org.testng.internal.TestMethodWorker.invokeTestMethods(TestMethodWorker.java:146)
at org.testng.internal.TestMethodWorker.run(TestMethodWorker.java:128)
at java.base/java.util.ArrayList.forEach(ArrayList.java:1511)
at org.testng.TestRunner.privateRun(TestRunner.java:764)
at org.testng.TestRunner.run(TestRunner.java:585)
at org.testng.SuiteRunner.runTest(SuiteRunner.java:384)
at org.testng.SuiteRunner.runSequentially(SuiteRunner.java:378)
at org.testng.SuiteRunner.privateRun(SuiteRunner.java:337)
at org.testng.SuiteRunner.run(SuiteRunner.java:286)
at org.testng.SuiteRunnerWorker.runSuite(SuiteRunnerWorker.java:53)
at org.testng.SuiteRunnerWorker.run(SuiteRunnerWorker.java:96)
at org.testng.TestNG.runSuitesSequentially(TestNG.java:1218)
at org.testng.TestNG.runSuitesLocally(TestNG.java:1140)
at org.testng.TestNG.runSuites(TestNG.java:1069)
at org.testng.TestNG.run(TestNG.java:1037)
at org.testng.remote.AbstractRemoteTestNG.run(AbstractRemoteTestNG.java:115)
at org.testng.remote.RemoteTestNG.initAndRun(RemoteTestNG.java:251)
at org.testng.remote.RemoteTestNG.main(RemoteTestNG.java:77)
]]>
            </full-stacktrace>
          </exception> <!-- java.lang.AssertionError -->
          <reporter-output>
          </reporter-output>
        </test-method> <!-- TZPCheckEMailSeveralUserGGTest -->
        <test-method signature="TZPCheckEMailSeveralUserGGTest(java.lang.String, java.lang.String, java.lang.String, java.lang.String, java.lang.String, java.lang.String, java.lang.String, java.lang.String, java.lang.String)[pri:10, instance:TopZinsPortal.TZPCheckEMailsSeveralUserGG@9f116cc]" started-at="2021-06-15T13:50:43 CEST" name="TZPCheckEMailSeveralUserGGTest" data-provider="TZPCheckEMailsSeveralUserGG" finished-at="2021-06-15T13:50:47 CEST" duration-ms="4505" status="FAIL">
          <params>
            <param index="0">
              <value>
                <![CDATA[TZPCheckEMailGG-TF-003]]>
              </value>
            </param>
            <param index="1">
              <value>
                <![CDATA[Ja]]>
              </value>
            </param>
            <param index="2">
              <value>
                <![CDATA[tzpseveralusergg1@gmail.com]]>
              </value>
            </param>
            <param index="3">
              <value>
                <![CDATA[Test12345!]]>
              </value>
            </param>
            <param index="4">
              <value>
                <![CDATA[FORSA TopZinsPortal - Anforderung der Handelsberechtigung]]>
              </value>
            </param>
            <param index="5">
              <value>
                <![CDATA[]]>
              </value>
            </param>
            <param index="6">
              <value>
                <![CDATA[]]>
              </value>
            </param>
            <param index="7">
              <value>
                <![CDATA[]]>
              </value>
            </param>
            <param index="8">
              <value>
                <![CDATA[]]>
              </value>
            </param>
          </params>
          <exception class="java.lang.AssertionError">
            <message>
              <![CDATA[The following asserts failed:
expected [true] but found [false]]]>
            </message>
            <full-stacktrace>
              <![CDATA[java.lang.AssertionError: The following asserts failed:
expected [true] but found [false]
at org.testng.asserts.SoftAssert.assertAll(SoftAssert.java:47)
at org.testng.asserts.SoftAssert.assertAll(SoftAssert.java:31)
at TopZinsPortal.TZPCheckEMailsSeveralUserGG.TZPCheckEMailSeveralUserGGTest(TZPCheckEMailsSeveralUserGG.java:126)
at java.base/jdk.internal.reflect.NativeMethodAccessorImpl.invoke0(Native Method)
at java.base/jdk.internal.reflect.NativeMethodAccessorImpl.invoke(NativeMethodAccessorImpl.java:64)
at java.base/jdk.internal.reflect.DelegatingMethodAccessorImpl.invoke(DelegatingMethodAccessorImpl.java:43)
at java.base/java.lang.reflect.Method.invoke(Method.java:564)
at org.testng.internal.MethodInvocationHelper.invokeMethod(MethodInvocationHelper.java:132)
at org.testng.internal.TestInvoker.invokeMethod(TestInvoker.java:599)
at org.testng.internal.TestInvoker.invokeTestMethod(TestInvoker.java:174)
at org.testng.internal.MethodRunner.runInSequence(MethodRunner.java:46)
at org.testng.internal.TestInvoker$MethodInvocationAgent.invoke(TestInvoker.java:822)
at org.testng.internal.TestInvoker.invokeTestMethods(TestInvoker.java:147)
at org.testng.internal.TestMethodWorker.invokeTestMethods(TestMethodWorker.java:146)
at org.testng.internal.TestMethodWorker.run(TestMethodWorker.java:128)
at java.base/java.util.ArrayList.forEach(ArrayList.java:1511)
at org.testng.TestRunner.privateRun(TestRunner.java:764)
at org.testng.TestRunner.run(TestRunner.java:585)
at org.testng.SuiteRunner.runTest(SuiteRunner.java:384)
at org.testng.SuiteRunner.runSequentially(SuiteRunner.java:378)
at org.testng.SuiteRunner.privateRun(SuiteRunner.java:337)
at org.testng.SuiteRunner.run(SuiteRunner.java:286)
at org.testng.SuiteRunnerWorker.runSuite(SuiteRunnerWorker.java:53)
at org.testng.SuiteRunnerWorker.run(SuiteRunnerWorker.java:96)
at org.testng.TestNG.runSuitesSequentially(TestNG.java:1218)
at org.testng.TestNG.runSuitesLocally(TestNG.java:1140)
at org.testng.TestNG.runSuites(TestNG.java:1069)
at org.testng.TestNG.run(TestNG.java:1037)
at org.testng.remote.AbstractRemoteTestNG.run(AbstractRemoteTestNG.java:115)
at org.testng.remote.RemoteTestNG.initAndRun(RemoteTestNG.java:251)
at org.testng.remote.RemoteTestNG.main(RemoteTestNG.java:77)
]]>
            </full-stacktrace>
          </exception> <!-- java.lang.AssertionError -->
          <reporter-output>
          </reporter-output>
        </test-method> <!-- TZPCheckEMailSeveralUserGGTest -->
        <test-method signature="TZPCheckEMailSeveralUserGGTest(java.lang.String, java.lang.String, java.lang.String, java.lang.String, java.lang.String, java.lang.String, java.lang.String, java.lang.String, java.lang.String)[pri:10, instance:TopZinsPortal.TZPCheckEMailsSeveralUserGG@9f116cc]" started-at="2021-06-15T13:50:47 CEST" name="TZPCheckEMailSeveralUserGGTest" data-provider="TZPCheckEMailsSeveralUserGG" finished-at="2021-06-15T13:50:52 CEST" duration-ms="5004" status="FAIL">
          <params>
            <param index="0">
              <value>
                <![CDATA[TZPCheckEMailGG-TF-004]]>
              </value>
            </param>
            <param index="1">
              <value>
                <![CDATA[Ja]]>
              </value>
            </param>
            <param index="2">
              <value>
                <![CDATA[tzpseveralusergg2@gmail.com]]>
              </value>
            </param>
            <param index="3">
              <value>
                <![CDATA[Test12345!]]>
              </value>
            </param>
            <param index="4">
              <value>
                <![CDATA[FORSA TopZinsPortal - Einladung zur Registrierung]]>
              </value>
            </param>
            <param index="5">
              <value>
                <![CDATA[]]>
              </value>
            </param>
            <param index="6">
              <value>
                <![CDATA[/portal/login]]>
              </value>
            </param>
            <param index="7">
              <value>
                <![CDATA[]]>
              </value>
            </param>
            <param index="8">
              <value>
                <![CDATA[]]>
              </value>
            </param>
          </params>
          <exception class="java.lang.AssertionError">
            <message>
              <![CDATA[The following asserts failed:
expected [true] but found [false]]]>
            </message>
            <full-stacktrace>
              <![CDATA[java.lang.AssertionError: The following asserts failed:
expected [true] but found [false]
at org.testng.asserts.SoftAssert.assertAll(SoftAssert.java:47)
at org.testng.asserts.SoftAssert.assertAll(SoftAssert.java:31)
at TopZinsPortal.TZPCheckEMailsSeveralUserGG.TZPCheckEMailSeveralUserGGTest(TZPCheckEMailsSeveralUserGG.java:119)
at java.base/jdk.internal.reflect.NativeMethodAccessorImpl.invoke0(Native Method)
at java.base/jdk.internal.reflect.NativeMethodAccessorImpl.invoke(NativeMethodAccessorImpl.java:64)
at java.base/jdk.internal.reflect.DelegatingMethodAccessorImpl.invoke(DelegatingMethodAccessorImpl.java:43)
at java.base/java.lang.reflect.Method.invoke(Method.java:564)
at org.testng.internal.MethodInvocationHelper.invokeMethod(MethodInvocationHelper.java:132)
at org.testng.internal.TestInvoker.invokeMethod(TestInvoker.java:599)
at org.testng.internal.TestInvoker.invokeTestMethod(TestInvoker.java:174)
at org.testng.internal.MethodRunner.runInSequence(MethodRunner.java:46)
at org.testng.internal.TestInvoker$MethodInvocationAgent.invoke(TestInvoker.java:822)
at org.testng.internal.TestInvoker.invokeTestMethods(TestInvoker.java:147)
at org.testng.internal.TestMethodWorker.invokeTestMethods(TestMethodWorker.java:146)
at org.testng.internal.TestMethodWorker.run(TestMethodWorker.java:128)
at java.base/java.util.ArrayList.forEach(ArrayList.java:1511)
at org.testng.TestRunner.privateRun(TestRunner.java:764)
at org.testng.TestRunner.run(TestRunner.java:585)
at org.testng.SuiteRunner.runTest(SuiteRunner.java:384)
at org.testng.SuiteRunner.runSequentially(SuiteRunner.java:378)
at org.testng.SuiteRunner.privateRun(SuiteRunner.java:337)
at org.testng.SuiteRunner.run(SuiteRunner.java:286)
at org.testng.SuiteRunnerWorker.runSuite(SuiteRunnerWorker.java:53)
at org.testng.SuiteRunnerWorker.run(SuiteRunnerWorker.java:96)
at org.testng.TestNG.runSuitesSequentially(TestNG.java:1218)
at org.testng.TestNG.runSuitesLocally(TestNG.java:1140)
at org.testng.TestNG.runSuites(TestNG.java:1069)
at org.testng.TestNG.run(TestNG.java:1037)
at org.testng.remote.AbstractRemoteTestNG.run(AbstractRemoteTestNG.java:115)
at org.testng.remote.RemoteTestNG.initAndRun(RemoteTestNG.java:251)
at org.testng.remote.RemoteTestNG.main(RemoteTestNG.java:77)
]]>
            </full-stacktrace>
          </exception> <!-- java.lang.AssertionError -->
          <reporter-output>
          </reporter-output>
        </test-method> <!-- TZPCheckEMailSeveralUserGGTest -->
        <test-method signature="TZPCheckEMailSeveralUserGGTest(java.lang.String, java.lang.String, java.lang.String, java.lang.String, java.lang.String, java.lang.String, java.lang.String, java.lang.String, java.lang.String)[pri:10, instance:TopZinsPortal.TZPCheckEMailsSeveralUserGG@9f116cc]" started-at="2021-06-15T13:50:52 CEST" name="TZPCheckEMailSeveralUserGGTest" data-provider="TZPCheckEMailsSeveralUserGG" finished-at="2021-06-15T13:50:57 CEST" duration-ms="4507" status="FAIL">
          <params>
            <param index="0">
              <value>
                <![CDATA[TZPCheckEMailGG-TF-005]]>
              </value>
            </param>
            <param index="1">
              <value>
                <![CDATA[Ja]]>
              </value>
            </param>
            <param index="2">
              <value>
                <![CDATA[tzpseveralusergg2@gmail.com]]>
              </value>
            </param>
            <param index="3">
              <value>
                <![CDATA[Test12345!]]>
              </value>
            </param>
            <param index="4">
              <value>
                <![CDATA[Herzlichen Dank für Ihre Registrierung auf dem FORSA TopZinsPortal]]>
              </value>
            </param>
            <param index="5">
              <value>
                <![CDATA[]]>
              </value>
            </param>
            <param index="6">
              <value>
                <![CDATA[]]>
              </value>
            </param>
            <param index="7">
              <value>
                <![CDATA[]]>
              </value>
            </param>
            <param index="8">
              <value>
                <![CDATA[]]>
              </value>
            </param>
          </params>
          <exception class="java.lang.AssertionError">
            <message>
              <![CDATA[The following asserts failed:
expected [true] but found [false]]]>
            </message>
            <full-stacktrace>
              <![CDATA[java.lang.AssertionError: The following asserts failed:
expected [true] but found [false]
at org.testng.asserts.SoftAssert.assertAll(SoftAssert.java:47)
at org.testng.asserts.SoftAssert.assertAll(SoftAssert.java:31)
at TopZinsPortal.TZPCheckEMailsSeveralUserGG.TZPCheckEMailSeveralUserGGTest(TZPCheckEMailsSeveralUserGG.java:126)
at java.base/jdk.internal.reflect.NativeMethodAccessorImpl.invoke0(Native Method)
at java.base/jdk.internal.reflect.NativeMethodAccessorImpl.invoke(NativeMethodAccessorImpl.java:64)
at java.base/jdk.internal.reflect.DelegatingMethodAccessorImpl.invoke(DelegatingMethodAccessorImpl.java:43)
at java.base/java.lang.reflect.Method.invoke(Method.java:564)
at org.testng.internal.MethodInvocationHelper.invokeMethod(MethodInvocationHelper.java:132)
at org.testng.internal.TestInvoker.invokeMethod(TestInvoker.java:599)
at org.testng.internal.TestInvoker.invokeTestMethod(TestInvoker.java:174)
at org.testng.internal.MethodRunner.runInSequence(MethodRunner.java:46)
at org.testng.internal.TestInvoker$MethodInvocationAgent.invoke(TestInvoker.java:822)
at org.testng.internal.TestInvoker.invokeTestMethods(TestInvoker.java:147)
at org.testng.internal.TestMethodWorker.invokeTestMethods(TestMethodWorker.java:146)
at org.testng.internal.TestMethodWorker.run(TestMethodWorker.java:128)
at java.base/java.util.ArrayList.forEach(ArrayList.java:1511)
at org.testng.TestRunner.privateRun(TestRunner.java:764)
at org.testng.TestRunner.run(TestRunner.java:585)
at org.testng.SuiteRunner.runTest(SuiteRunner.java:384)
at org.testng.SuiteRunner.runSequentially(SuiteRunner.java:378)
at org.testng.SuiteRunner.privateRun(SuiteRunner.java:337)
at org.testng.SuiteRunner.run(SuiteRunner.java:286)
at org.testng.SuiteRunnerWorker.runSuite(SuiteRunnerWorker.java:53)
at org.testng.SuiteRunnerWorker.run(SuiteRunnerWorker.java:96)
at org.testng.TestNG.runSuitesSequentially(TestNG.java:1218)
at org.testng.TestNG.runSuitesLocally(TestNG.java:1140)
at org.testng.TestNG.runSuites(TestNG.java:1069)
at org.testng.TestNG.run(TestNG.java:1037)
at org.testng.remote.AbstractRemoteTestNG.run(AbstractRemoteTestNG.java:115)
at org.testng.remote.RemoteTestNG.initAndRun(RemoteTestNG.java:251)
at org.testng.remote.RemoteTestNG.main(RemoteTestNG.java:77)
]]>
            </full-stacktrace>
          </exception> <!-- java.lang.AssertionError -->
          <reporter-output>
          </reporter-output>
        </test-method> <!-- TZPCheckEMailSeveralUserGGTest -->
        <test-method signature="TZPCheckEMailSeveralUserGGTest(java.lang.String, java.lang.String, java.lang.String, java.lang.String, java.lang.String, java.lang.String, java.lang.String, java.lang.String, java.lang.String)[pri:10, instance:TopZinsPortal.TZPCheckEMailsSeveralUserGG@9f116cc]" started-at="2021-06-15T13:50:57 CEST" name="TZPCheckEMailSeveralUserGGTest" data-provider="TZPCheckEMailsSeveralUserGG" finished-at="2021-06-15T13:51:01 CEST" duration-ms="4507" status="FAIL">
          <params>
            <param index="0">
              <value>
                <![CDATA[TZPCheckEMailGG-TF-006]]>
              </value>
            </param>
            <param index="1">
              <value>
                <![CDATA[Ja]]>
              </value>
            </param>
            <param index="2">
              <value>
                <![CDATA[tzpseveralusergg2@gmail.com]]>
              </value>
            </param>
            <param index="3">
              <value>
                <![CDATA[Test12345!]]>
              </value>
            </param>
            <param index="4">
              <value>
                <![CDATA[FORSA TopZinsPortal - Anforderung der Handelsberechtigung]]>
              </value>
            </param>
            <param index="5">
              <value>
                <![CDATA[]]>
              </value>
            </param>
            <param index="6">
              <value>
                <![CDATA[]]>
              </value>
            </param>
            <param index="7">
              <value>
                <![CDATA[]]>
              </value>
            </param>
            <param index="8">
              <value>
                <![CDATA[]]>
              </value>
            </param>
          </params>
          <exception class="java.lang.AssertionError">
            <message>
              <![CDATA[The following asserts failed:
expected [true] but found [false]]]>
            </message>
            <full-stacktrace>
              <![CDATA[java.lang.AssertionError: The following asserts failed:
expected [true] but found [false]
at org.testng.asserts.SoftAssert.assertAll(SoftAssert.java:47)
at org.testng.asserts.SoftAssert.assertAll(SoftAssert.java:31)
at TopZinsPortal.TZPCheckEMailsSeveralUserGG.TZPCheckEMailSeveralUserGGTest(TZPCheckEMailsSeveralUserGG.java:126)
at java.base/jdk.internal.reflect.NativeMethodAccessorImpl.invoke0(Native Method)
at java.base/jdk.internal.reflect.NativeMethodAccessorImpl.invoke(NativeMethodAccessorImpl.java:64)
at java.base/jdk.internal.reflect.DelegatingMethodAccessorImpl.invoke(DelegatingMethodAccessorImpl.java:43)
at java.base/java.lang.reflect.Method.invoke(Method.java:564)
at org.testng.internal.MethodInvocationHelper.invokeMethod(MethodInvocationHelper.java:132)
at org.testng.internal.TestInvoker.invokeMethod(TestInvoker.java:599)
at org.testng.internal.TestInvoker.invokeTestMethod(TestInvoker.java:174)
at org.testng.internal.MethodRunner.runInSequence(MethodRunner.java:46)
at org.testng.internal.TestInvoker$MethodInvocationAgent.invoke(TestInvoker.java:822)
at org.testng.internal.TestInvoker.invokeTestMethods(TestInvoker.java:147)
at org.testng.internal.TestMethodWorker.invokeTestMethods(TestMethodWorker.java:146)
at org.testng.internal.TestMethodWorker.run(TestMethodWorker.java:128)
at java.base/java.util.ArrayList.forEach(ArrayList.java:1511)
at org.testng.TestRunner.privateRun(TestRunner.java:764)
at org.testng.TestRunner.run(TestRunner.java:585)
at org.testng.SuiteRunner.runTest(SuiteRunner.java:384)
at org.testng.SuiteRunner.runSequentially(SuiteRunner.java:378)
at org.testng.SuiteRunner.privateRun(SuiteRunner.java:337)
at org.testng.SuiteRunner.run(SuiteRunner.java:286)
at org.testng.SuiteRunnerWorker.runSuite(SuiteRunnerWorker.java:53)
at org.testng.SuiteRunnerWorker.run(SuiteRunnerWorker.java:96)
at org.testng.TestNG.runSuitesSequentially(TestNG.java:1218)
at org.testng.TestNG.runSuitesLocally(TestNG.java:1140)
at org.testng.TestNG.runSuites(TestNG.java:1069)
at org.testng.TestNG.run(TestNG.java:1037)
at org.testng.remote.AbstractRemoteTestNG.run(AbstractRemoteTestNG.java:115)
at org.testng.remote.RemoteTestNG.initAndRun(RemoteTestNG.java:251)
at org.testng.remote.RemoteTestNG.main(RemoteTestNG.java:77)
]]>
            </full-stacktrace>
          </exception> <!-- java.lang.AssertionError -->
          <reporter-output>
          </reporter-output>
        </test-method> <!-- TZPCheckEMailSeveralUserGGTest -->
        <test-method is-config="true" signature="BrowserTearDown()[pri:0, instance:TopZinsPortal.TZPCheckEMailsSeveralUserGG@9f116cc]" started-at="2021-06-15T13:51:01 CEST" name="BrowserTearDown" finished-at="2021-06-15T13:51:02 CEST" duration-ms="848" status="PASS">
          <reporter-output>
          </reporter-output>
        </test-method> <!-- BrowserTearDown -->
      </class> <!-- TopZinsPortal.TZPCheckEMailsSeveralUserGG -->
    </test> <!-- TZP-Serveral-User-Mails-Lesen-GG-Bereinigung -->
    <test started-at="2021-06-15T13:51:02 CEST" name="TZP-Serveral-User-Mails-Lesen-GN-Bereinigung" finished-at="2021-06-15T13:51:37 CEST" duration-ms="34886">
      <class name="TopZinsPortal.TZPCheckEMailsSeveralUserGN">
        <test-method is-config="true" signature="SetupSeleniumTestdaten(java.lang.String)[pri:0, instance:TopZinsPortal.TZPCheckEMailsSeveralUserGN@4550bb58]" started-at="2021-06-15T13:51:02 CEST" name="SetupSeleniumTestdaten" finished-at="2021-06-15T13:51:02 CEST" duration-ms="2" status="PASS">
          <params>
            <param index="0">
              <value>
                <![CDATA[Smoketest]]>
              </value>
            </param>
          </params>
          <reporter-output>
          </reporter-output>
        </test-method> <!-- SetupSeleniumTestdaten -->
        <test-method signature="TZPCheckEMailSeveralUserGNTest(java.lang.String, java.lang.String, java.lang.String, java.lang.String, java.lang.String, java.lang.String, java.lang.String, java.lang.String, java.lang.String)[pri:10, instance:TopZinsPortal.TZPCheckEMailsSeveralUserGN@4550bb58]" started-at="2021-06-15T13:51:02 CEST" name="TZPCheckEMailSeveralUserGNTest" data-provider="TZPCheckEMailsSeveralUserGN" finished-at="2021-06-15T13:51:12 CEST" duration-ms="9930" status="FAIL">
          <params>
            <param index="0">
              <value>
                <![CDATA[TZPCheckEMailGN-TF-001]]>
              </value>
            </param>
            <param index="1">
              <value>
                <![CDATA[Ja]]>
              </value>
            </param>
            <param index="2">
              <value>
                <![CDATA[tzpseveralusergn1@gmail.com]]>
              </value>
            </param>
            <param index="3">
              <value>
                <![CDATA[Test12345!]]>
              </value>
            </param>
            <param index="4">
              <value>
                <![CDATA[FORSA TopZinsPortal - Einladung zur Registrierung]]>
              </value>
            </param>
            <param index="5">
              <value>
                <![CDATA[]]>
              </value>
            </param>
            <param index="6">
              <value>
                <![CDATA[/portal/login]]>
              </value>
            </param>
            <param index="7">
              <value>
                <![CDATA[]]>
              </value>
            </param>
            <param index="8">
              <value>
                <![CDATA[]]>
              </value>
            </param>
          </params>
          <exception class="java.lang.AssertionError">
            <message>
              <![CDATA[The following asserts failed:
expected [true] but found [false]]]>
            </message>
            <full-stacktrace>
              <![CDATA[java.lang.AssertionError: The following asserts failed:
expected [true] but found [false]
at org.testng.asserts.SoftAssert.assertAll(SoftAssert.java:47)
at org.testng.asserts.SoftAssert.assertAll(SoftAssert.java:31)
at TopZinsPortal.TZPCheckEMailsSeveralUserGN.TZPCheckEMailSeveralUserGNTest(TZPCheckEMailsSeveralUserGN.java:125)
at java.base/jdk.internal.reflect.NativeMethodAccessorImpl.invoke0(Native Method)
at java.base/jdk.internal.reflect.NativeMethodAccessorImpl.invoke(NativeMethodAccessorImpl.java:64)
at java.base/jdk.internal.reflect.DelegatingMethodAccessorImpl.invoke(DelegatingMethodAccessorImpl.java:43)
at java.base/java.lang.reflect.Method.invoke(Method.java:564)
at org.testng.internal.MethodInvocationHelper.invokeMethod(MethodInvocationHelper.java:132)
at org.testng.internal.TestInvoker.invokeMethod(TestInvoker.java:599)
at org.testng.internal.TestInvoker.invokeTestMethod(TestInvoker.java:174)
at org.testng.internal.MethodRunner.runInSequence(MethodRunner.java:46)
at org.testng.internal.TestInvoker$MethodInvocationAgent.invoke(TestInvoker.java:822)
at org.testng.internal.TestInvoker.invokeTestMethods(TestInvoker.java:147)
at org.testng.internal.TestMethodWorker.invokeTestMethods(TestMethodWorker.java:146)
at org.testng.internal.TestMethodWorker.run(TestMethodWorker.java:128)
at java.base/java.util.ArrayList.forEach(ArrayList.java:1511)
at org.testng.TestRunner.privateRun(TestRunner.java:764)
at org.testng.TestRunner.run(TestRunner.java:585)
at org.testng.SuiteRunner.runTest(SuiteRunner.java:384)
at org.testng.SuiteRunner.runSequentially(SuiteRunner.java:378)
at org.testng.SuiteRunner.privateRun(SuiteRunner.java:337)
at org.testng.SuiteRunner.run(SuiteRunner.java:286)
at org.testng.SuiteRunnerWorker.runSuite(SuiteRunnerWorker.java:53)
at org.testng.SuiteRunnerWorker.run(SuiteRunnerWorker.java:96)
at org.testng.TestNG.runSuitesSequentially(TestNG.java:1218)
at org.testng.TestNG.runSuitesLocally(TestNG.java:1140)
at org.testng.TestNG.runSuites(TestNG.java:1069)
at org.testng.TestNG.run(TestNG.java:1037)
at org.testng.remote.AbstractRemoteTestNG.run(AbstractRemoteTestNG.java:115)
at org.testng.remote.RemoteTestNG.initAndRun(RemoteTestNG.java:251)
at org.testng.remote.RemoteTestNG.main(RemoteTestNG.java:77)
]]>
            </full-stacktrace>
          </exception> <!-- java.lang.AssertionError -->
          <reporter-output>
          </reporter-output>
        </test-method> <!-- TZPCheckEMailSeveralUserGNTest -->
        <test-method signature="TZPCheckEMailSeveralUserGNTest(java.lang.String, java.lang.String, java.lang.String, java.lang.String, java.lang.String, java.lang.String, java.lang.String, java.lang.String, java.lang.String)[pri:10, instance:TopZinsPortal.TZPCheckEMailsSeveralUserGN@4550bb58]" started-at="2021-06-15T13:51:12 CEST" name="TZPCheckEMailSeveralUserGNTest" data-provider="TZPCheckEMailsSeveralUserGN" finished-at="2021-06-15T13:51:17 CEST" duration-ms="4510" status="PASS">
          <params>
            <param index="0">
              <value>
                <![CDATA[TZPCheckEMailGN-TF-002]]>
              </value>
            </param>
            <param index="1">
              <value>
                <![CDATA[Ja]]>
              </value>
            </param>
            <param index="2">
              <value>
                <![CDATA[tzpseveralusergn1@gmail.com]]>
              </value>
            </param>
            <param index="3">
              <value>
                <![CDATA[Test12345!]]>
              </value>
            </param>
            <param index="4">
              <value>
                <![CDATA[Herzlichen Dank für Ihre Registrierung auf dem FORSA TopZinsPortal]]>
              </value>
            </param>
            <param index="5">
              <value>
                <![CDATA[]]>
              </value>
            </param>
            <param index="6">
              <value>
                <![CDATA[]]>
              </value>
            </param>
            <param index="7">
              <value>
                <![CDATA[]]>
              </value>
            </param>
            <param index="8">
              <value>
                <![CDATA[]]>
              </value>
            </param>
          </params>
          <reporter-output>
          </reporter-output>
        </test-method> <!-- TZPCheckEMailSeveralUserGNTest -->
        <test-method signature="TZPCheckEMailSeveralUserGNTest(java.lang.String, java.lang.String, java.lang.String, java.lang.String, java.lang.String, java.lang.String, java.lang.String, java.lang.String, java.lang.String)[pri:10, instance:TopZinsPortal.TZPCheckEMailsSeveralUserGN@4550bb58]" started-at="2021-06-15T13:51:17 CEST" name="TZPCheckEMailSeveralUserGNTest" data-provider="TZPCheckEMailsSeveralUserGN" finished-at="2021-06-15T13:51:21 CEST" duration-ms="4502" status="PASS">
          <params>
            <param index="0">
              <value>
                <![CDATA[TZPCheckEMailGN-TF-003]]>
              </value>
            </param>
            <param index="1">
              <value>
                <![CDATA[Ja]]>
              </value>
            </param>
            <param index="2">
              <value>
                <![CDATA[tzpseveralusergn1@gmail.com]]>
              </value>
            </param>
            <param index="3">
              <value>
                <![CDATA[Test12345!]]>
              </value>
            </param>
            <param index="4">
              <value>
                <![CDATA[FORSA TopZinsPortal - Anforderung der Handelsberechtigung]]>
              </value>
            </param>
            <param index="5">
              <value>
                <![CDATA[]]>
              </value>
            </param>
            <param index="6">
              <value>
                <![CDATA[]]>
              </value>
            </param>
            <param index="7">
              <value>
                <![CDATA[]]>
              </value>
            </param>
            <param index="8">
              <value>
                <![CDATA[]]>
              </value>
            </param>
          </params>
          <reporter-output>
          </reporter-output>
        </test-method> <!-- TZPCheckEMailSeveralUserGNTest -->
        <test-method signature="TZPCheckEMailSeveralUserGNTest(java.lang.String, java.lang.String, java.lang.String, java.lang.String, java.lang.String, java.lang.String, java.lang.String, java.lang.String, java.lang.String)[pri:10, instance:TopZinsPortal.TZPCheckEMailsSeveralUserGN@4550bb58]" started-at="2021-06-15T13:51:21 CEST" name="TZPCheckEMailSeveralUserGNTest" data-provider="TZPCheckEMailsSeveralUserGN" finished-at="2021-06-15T13:51:28 CEST" duration-ms="6307" status="FAIL">
          <params>
            <param index="0">
              <value>
                <![CDATA[TZPCheckEMailGN-TF-004]]>
              </value>
            </param>
            <param index="1">
              <value>
                <![CDATA[Ja]]>
              </value>
            </param>
            <param index="2">
              <value>
                <![CDATA[tzpseveralusergn2@gmail.com]]>
              </value>
            </param>
            <param index="3">
              <value>
                <![CDATA[Test12345!]]>
              </value>
            </param>
            <param index="4">
              <value>
                <![CDATA[FORSA TopZinsPortal - Einladung zur Registrierung]]>
              </value>
            </param>
            <param index="5">
              <value>
                <![CDATA[]]>
              </value>
            </param>
            <param index="6">
              <value>
                <![CDATA[/portal/login]]>
              </value>
            </param>
            <param index="7">
              <value>
                <![CDATA[]]>
              </value>
            </param>
            <param index="8">
              <value>
                <![CDATA[]]>
              </value>
            </param>
          </params>
          <exception class="java.lang.AssertionError">
            <message>
              <![CDATA[The following asserts failed:
expected [true] but found [false]]]>
            </message>
            <full-stacktrace>
              <![CDATA[java.lang.AssertionError: The following asserts failed:
expected [true] but found [false]
at org.testng.asserts.SoftAssert.assertAll(SoftAssert.java:47)
at org.testng.asserts.SoftAssert.assertAll(SoftAssert.java:31)
at TopZinsPortal.TZPCheckEMailsSeveralUserGN.TZPCheckEMailSeveralUserGNTest(TZPCheckEMailsSeveralUserGN.java:125)
at java.base/jdk.internal.reflect.NativeMethodAccessorImpl.invoke0(Native Method)
at java.base/jdk.internal.reflect.NativeMethodAccessorImpl.invoke(NativeMethodAccessorImpl.java:64)
at java.base/jdk.internal.reflect.DelegatingMethodAccessorImpl.invoke(DelegatingMethodAccessorImpl.java:43)
at java.base/java.lang.reflect.Method.invoke(Method.java:564)
at org.testng.internal.MethodInvocationHelper.invokeMethod(MethodInvocationHelper.java:132)
at org.testng.internal.TestInvoker.invokeMethod(TestInvoker.java:599)
at org.testng.internal.TestInvoker.invokeTestMethod(TestInvoker.java:174)
at org.testng.internal.MethodRunner.runInSequence(MethodRunner.java:46)
at org.testng.internal.TestInvoker$MethodInvocationAgent.invoke(TestInvoker.java:822)
at org.testng.internal.TestInvoker.invokeTestMethods(TestInvoker.java:147)
at org.testng.internal.TestMethodWorker.invokeTestMethods(TestMethodWorker.java:146)
at org.testng.internal.TestMethodWorker.run(TestMethodWorker.java:128)
at java.base/java.util.ArrayList.forEach(ArrayList.java:1511)
at org.testng.TestRunner.privateRun(TestRunner.java:764)
at org.testng.TestRunner.run(TestRunner.java:585)
at org.testng.SuiteRunner.runTest(SuiteRunner.java:384)
at org.testng.SuiteRunner.runSequentially(SuiteRunner.java:378)
at org.testng.SuiteRunner.privateRun(SuiteRunner.java:337)
at org.testng.SuiteRunner.run(SuiteRunner.java:286)
at org.testng.SuiteRunnerWorker.runSuite(SuiteRunnerWorker.java:53)
at org.testng.SuiteRunnerWorker.run(SuiteRunnerWorker.java:96)
at org.testng.TestNG.runSuitesSequentially(TestNG.java:1218)
at org.testng.TestNG.runSuitesLocally(TestNG.java:1140)
at org.testng.TestNG.runSuites(TestNG.java:1069)
at org.testng.TestNG.run(TestNG.java:1037)
at org.testng.remote.AbstractRemoteTestNG.run(AbstractRemoteTestNG.java:115)
at org.testng.remote.RemoteTestNG.initAndRun(RemoteTestNG.java:251)
at org.testng.remote.RemoteTestNG.main(RemoteTestNG.java:77)
]]>
            </full-stacktrace>
          </exception> <!-- java.lang.AssertionError -->
          <reporter-output>
          </reporter-output>
        </test-method> <!-- TZPCheckEMailSeveralUserGNTest -->
        <test-method signature="TZPCheckEMailSeveralUserGNTest(java.lang.String, java.lang.String, java.lang.String, java.lang.String, java.lang.String, java.lang.String, java.lang.String, java.lang.String, java.lang.String)[pri:10, instance:TopZinsPortal.TZPCheckEMailsSeveralUserGN@4550bb58]" started-at="2021-06-15T13:51:28 CEST" name="TZPCheckEMailSeveralUserGNTest" data-provider="TZPCheckEMailsSeveralUserGN" finished-at="2021-06-15T13:51:32 CEST" duration-ms="4504" status="PASS">
          <params>
            <param index="0">
              <value>
                <![CDATA[TZPCheckEMailGN-TF-005]]>
              </value>
            </param>
            <param index="1">
              <value>
                <![CDATA[Ja]]>
              </value>
            </param>
            <param index="2">
              <value>
                <![CDATA[tzpseveralusergn2@gmail.com]]>
              </value>
            </param>
            <param index="3">
              <value>
                <![CDATA[Test12345!]]>
              </value>
            </param>
            <param index="4">
              <value>
                <![CDATA[Herzlichen Dank für Ihre Registrierung auf dem FORSA TopZinsPortal]]>
              </value>
            </param>
            <param index="5">
              <value>
                <![CDATA[]]>
              </value>
            </param>
            <param index="6">
              <value>
                <![CDATA[]]>
              </value>
            </param>
            <param index="7">
              <value>
                <![CDATA[]]>
              </value>
            </param>
            <param index="8">
              <value>
                <![CDATA[]]>
              </value>
            </param>
          </params>
          <reporter-output>
          </reporter-output>
        </test-method> <!-- TZPCheckEMailSeveralUserGNTest -->
        <test-method signature="TZPCheckEMailSeveralUserGNTest(java.lang.String, java.lang.String, java.lang.String, java.lang.String, java.lang.String, java.lang.String, java.lang.String, java.lang.String, java.lang.String)[pri:10, instance:TopZinsPortal.TZPCheckEMailsSeveralUserGN@4550bb58]" started-at="2021-06-15T13:51:32 CEST" name="TZPCheckEMailSeveralUserGNTest" data-provider="TZPCheckEMailsSeveralUserGN" finished-at="2021-06-15T13:51:37 CEST" duration-ms="4504" status="PASS">
          <params>
            <param index="0">
              <value>
                <![CDATA[TZPCheckEMailGN-TF-006]]>
              </value>
            </param>
            <param index="1">
              <value>
                <![CDATA[Ja]]>
              </value>
            </param>
            <param index="2">
              <value>
                <![CDATA[tzpseveralusergn2@gmail.com]]>
              </value>
            </param>
            <param index="3">
              <value>
                <![CDATA[Test12345!]]>
              </value>
            </param>
            <param index="4">
              <value>
                <![CDATA[FORSA TopZinsPortal - Anforderung der Handelsberechtigung]]>
              </value>
            </param>
            <param index="5">
              <value>
                <![CDATA[]]>
              </value>
            </param>
            <param index="6">
              <value>
                <![CDATA[]]>
              </value>
            </param>
            <param index="7">
              <value>
                <![CDATA[]]>
              </value>
            </param>
            <param index="8">
              <value>
                <![CDATA[]]>
              </value>
            </param>
          </params>
          <reporter-output>
          </reporter-output>
        </test-method> <!-- TZPCheckEMailSeveralUserGNTest -->
        <test-method is-config="true" signature="BrowserTearDown()[pri:0, instance:TopZinsPortal.TZPCheckEMailsSeveralUserGN@4550bb58]" started-at="2021-06-15T13:51:37 CEST" name="BrowserTearDown" finished-at="2021-06-15T13:51:37 CEST" duration-ms="552" status="PASS">
          <reporter-output>
          </reporter-output>
        </test-method> <!-- BrowserTearDown -->
      </class> <!-- TopZinsPortal.TZPCheckEMailsSeveralUserGN -->
    </test> <!-- TZP-Serveral-User-Mails-Lesen-GN-Bereinigung -->
    <test started-at="2021-06-15T13:51:37 CEST" name="TZP-Serveral-User-Einladung-GG" finished-at="2021-06-15T13:53:28 CEST" duration-ms="111323">
      <class name="TopZinsPortal.TZPSeveralUserGGEinladung">
        <test-method is-config="true" signature="SetupSeleniumTestdaten(java.lang.String)[pri:0, instance:TopZinsPortal.TZPSeveralUserGGEinladung@77fbd92c]" started-at="2021-06-15T13:51:37 CEST" name="SetupSeleniumTestdaten" finished-at="2021-06-15T13:51:40 CEST" duration-ms="2343" status="PASS">
          <params>
            <param index="0">
              <value>
                <![CDATA[Smoketest]]>
              </value>
            </param>
          </params>
          <reporter-output>
          </reporter-output>
        </test-method> <!-- SetupSeleniumTestdaten -->
        <test-method signature="TZPSeveralUserEinladenGGTest(java.lang.String, java.lang.String, java.lang.String, java.lang.String, java.lang.String, java.lang.String, java.lang.String, java.lang.String, java.lang.String, java.lang.String, java.lang.String, java.lang.String, java.lang.String, java.lang.String, java.lang.String)[pri:0, instance:TopZinsPortal.TZPSeveralUserGGEinladung@77fbd92c]" started-at="2021-06-15T13:51:40 CEST" name="TZPSeveralUserEinladenGGTest" data-provider="TZPSeveralUserGG" finished-at="2021-06-15T13:51:40 CEST" duration-ms="2" status="PASS">
          <params>
            <param index="0">
              <value>
                <![CDATA[TZSUGG-TF-000]]>
              </value>
            </param>
            <param index="1">
              <value>
                <![CDATA[Nein]]>
              </value>
            </param>
            <param index="2">
              <value>
                <![CDATA[vor.nach@Kommune.de]]>
              </value>
            </param>
            <param index="3">
              <value>
                <![CDATA[Test12345!]]>
              </value>
            </param>
            <param index="4">
              <value>
                <![CDATA[Herr]]>
              </value>
            </param>
            <param index="5">
              <value>
                <![CDATA[Mitarbeiter Vorname]]>
              </value>
            </param>
            <param index="6">
              <value>
                <![CDATA[Mitarbeiter Nachname]]>
              </value>
            </param>
            <param index="7">
              <value>
                <![CDATA[MitarbeiterVor.MitarbeiterNach@kommunue.de]]>
              </value>
            </param>
            <param index="8">
              <value>
                <![CDATA[Test12345!]]>
              </value>
            </param>
            <param index="9">
              <value>
                <![CDATA[Test Kommunue]]>
              </value>
            </param>
            <param index="10">
              <value>
                <![CDATA[Max]]>
              </value>
            </param>
            <param index="11">
              <value>
                <![CDATA[00496119738163]]>
              </value>
            </param>
            <param index="12">
              <value>
                <![CDATA[Dr.]]>
              </value>
            </param>
            <param index="13">
              <value>
                <![CDATA[Mustermann]]>
              </value>
            </param>
            <param index="14">
              <value>
                <![CDATA[01.01.1990]]>
              </value>
            </param>
          </params>
          <reporter-output>
          </reporter-output>
        </test-method> <!-- TZPSeveralUserEinladenGGTest -->
        <test-method signature="TZPSeveralUserEinladenGGTest(java.lang.String, java.lang.String, java.lang.String, java.lang.String, java.lang.String, java.lang.String, java.lang.String, java.lang.String, java.lang.String, java.lang.String, java.lang.String, java.lang.String, java.lang.String, java.lang.String, java.lang.String)[pri:0, instance:TopZinsPortal.TZPSeveralUserGGEinladung@77fbd92c]" started-at="2021-06-15T13:51:40 CEST" name="TZPSeveralUserEinladenGGTest" data-provider="TZPSeveralUserGG" finished-at="2021-06-15T13:52:14 CEST" duration-ms="34613" status="PASS">
          <params>
            <param index="0">
              <value>
                <![CDATA[TZSUGG-TF-001]]>
              </value>
            </param>
            <param index="1">
              <value>
                <![CDATA[Ja]]>
              </value>
            </param>
            <param index="2">
              <value>
                <![CDATA[bhdr.gg.handel@gmail.com]]>
              </value>
            </param>
            <param index="3">
              <value>
                <![CDATA[Test12345!]]>
              </value>
            </param>
            <param index="4">
              <value>
                <![CDATA[Herr]]>
              </value>
            </param>
            <param index="5">
              <value>
                <![CDATA[TZP Serveral User]]>
              </value>
            </param>
            <param index="6">
              <value>
                <![CDATA[GG der Erste Handel]]>
              </value>
            </param>
            <param index="7">
              <value>
                <![CDATA[TZPSeveralUserGG1@gmail.com]]>
              </value>
            </param>
            <param index="8">
              <value>
                <![CDATA[Test12345!]]>
              </value>
            </param>
            <param index="9">
              <value>
                <![CDATA[BHDR-GG-Handel]]>
              </value>
            </param>
            <param index="10">
              <value>
                <![CDATA[Bahadir]]>
              </value>
            </param>
            <param index="11">
              <value>
                <![CDATA[00496119738163]]>
              </value>
            </param>
            <param index="12">
              <value>
                <![CDATA[Dr.]]>
              </value>
            </param>
            <param index="13">
              <value>
                <![CDATA[TZP.Serveral.User.gg.Handel]]>
              </value>
            </param>
            <param index="14">
              <value>
                <![CDATA[01.01.1990]]>
              </value>
            </param>
          </params>
          <reporter-output>
          </reporter-output>
        </test-method> <!-- TZPSeveralUserEinladenGGTest -->
        <test-method signature="TZPSeveralUserEinladenGGTest(java.lang.String, java.lang.String, java.lang.String, java.lang.String, java.lang.String, java.lang.String, java.lang.String, java.lang.String, java.lang.String, java.lang.String, java.lang.String, java.lang.String, java.lang.String, java.lang.String, java.lang.String)[pri:0, instance:TopZinsPortal.TZPSeveralUserGGEinladung@77fbd92c]" started-at="2021-06-15T13:52:14 CEST" name="TZPSeveralUserEinladenGGTest" data-provider="TZPSeveralUserGG" finished-at="2021-06-15T13:52:51 CEST" duration-ms="36769" status="PASS">
          <params>
            <param index="0">
              <value>
                <![CDATA[TZSUGG-TF-002]]>
              </value>
            </param>
            <param index="1">
              <value>
                <![CDATA[Ja]]>
              </value>
            </param>
            <param index="2">
              <value>
                <![CDATA[bhdr.gg.handel@gmail.com]]>
              </value>
            </param>
            <param index="3">
              <value>
                <![CDATA[Test12345!]]>
              </value>
            </param>
            <param index="4">
              <value>
                <![CDATA[Frau]]>
              </value>
            </param>
            <param index="5">
              <value>
                <![CDATA[TZP Serveral User]]>
              </value>
            </param>
            <param index="6">
              <value>
                <![CDATA[GG der Zweite Handel]]>
              </value>
            </param>
            <param index="7">
              <value>
                <![CDATA[TZPSeveralUserGG2@gmail.com]]>
              </value>
            </param>
            <param index="8">
              <value>
                <![CDATA[Test12345!]]>
              </value>
            </param>
            <param index="9">
              <value>
                <![CDATA[BHDR-GG-Handel]]>
              </value>
            </param>
            <param index="10">
              <value>
                <![CDATA[Bahadir]]>
              </value>
            </param>
            <param index="11">
              <value>
                <![CDATA[0049-611-97381-63]]>
              </value>
            </param>
            <param index="12">
              <value>
                <![CDATA[]]>
              </value>
            </param>
            <param index="13">
              <value>
                <![CDATA[TZP.Serveral.User.gg.Handel]]>
              </value>
            </param>
            <param index="14">
              <value>
                <![CDATA[01.01.1990]]>
              </value>
            </param>
          </params>
          <reporter-output>
          </reporter-output>
        </test-method> <!-- TZPSeveralUserEinladenGGTest -->
        <test-method signature="TZPSeveralUserEinladenGGTest(java.lang.String, java.lang.String, java.lang.String, java.lang.String, java.lang.String, java.lang.String, java.lang.String, java.lang.String, java.lang.String, java.lang.String, java.lang.String, java.lang.String, java.lang.String, java.lang.String, java.lang.String)[pri:0, instance:TopZinsPortal.TZPSeveralUserGGEinladung@77fbd92c]" started-at="2021-06-15T13:52:51 CEST" name="TZPSeveralUserEinladenGGTest" data-provider="TZPSeveralUserGG" finished-at="2021-06-15T13:53:27 CEST" duration-ms="36249" status="PASS">
          <params>
            <param index="0">
              <value>
                <![CDATA[TZSUGG-TF-003]]>
              </value>
            </param>
            <param index="1">
              <value>
                <![CDATA[Ja]]>
              </value>
            </param>
            <param index="2">
              <value>
                <![CDATA[bhdr.gg.handel@gmail.com]]>
              </value>
            </param>
            <param index="3">
              <value>
                <![CDATA[Test12345!]]>
              </value>
            </param>
            <param index="4">
              <value>
                <![CDATA[Herr]]>
              </value>
            </param>
            <param index="5">
              <value>
                <![CDATA[TZP Serveral User]]>
              </value>
            </param>
            <param index="6">
              <value>
                <![CDATA[GG Eingeladen]]>
              </value>
            </param>
            <param index="7">
              <value>
                <![CDATA[TZPSeveralUserGGEingeladen@gmail.com]]>
              </value>
            </param>
            <param index="8">
              <value>
                <![CDATA[Test12345!]]>
              </value>
            </param>
            <param index="9">
              <value>
                <![CDATA[BHDR-GG-Handel]]>
              </value>
            </param>
            <param index="10">
              <value>
                <![CDATA[Bahadir]]>
              </value>
            </param>
            <param index="11">
              <value>
                <![CDATA[00496119738163]]>
              </value>
            </param>
            <param index="12">
              <value>
                <![CDATA[Prof.]]>
              </value>
            </param>
            <param index="13">
              <value>
                <![CDATA[TZP.Serveral.User.gg.Eingeladen]]>
              </value>
            </param>
            <param index="14">
              <value>
                <![CDATA[01.01.1990]]>
              </value>
            </param>
          </params>
          <reporter-output>
          </reporter-output>
        </test-method> <!-- TZPSeveralUserEinladenGGTest -->
        <test-method is-config="true" signature="BrowserTearDown()[pri:0, instance:TopZinsPortal.TZPSeveralUserGGEinladung@77fbd92c]" started-at="2021-06-15T13:53:27 CEST" name="BrowserTearDown" finished-at="2021-06-15T13:53:28 CEST" duration-ms="1250" status="PASS">
          <reporter-output>
          </reporter-output>
        </test-method> <!-- BrowserTearDown -->
      </class> <!-- TopZinsPortal.TZPSeveralUserGGEinladung -->
    </test> <!-- TZP-Serveral-User-Einladung-GG -->
    <test started-at="2021-06-15T13:53:29 CEST" name="TZP-Serveral-User-Mail-GG" finished-at="2021-06-15T13:54:40 CEST" duration-ms="71468">
      <class name="TopZinsPortal.TZPSeveralUserGGMailRegistration">
        <test-method is-config="true" signature="SetupSeleniumTestdaten(java.lang.String)[pri:0, instance:TopZinsPortal.TZPSeveralUserGGMailRegistration@55183b20]" started-at="2021-06-15T13:53:29 CEST" name="SetupSeleniumTestdaten" finished-at="2021-06-15T13:53:30 CEST" duration-ms="1601" status="PASS">
          <params>
            <param index="0">
              <value>
                <![CDATA[Smoketest]]>
              </value>
            </param>
          </params>
          <reporter-output>
          </reporter-output>
        </test-method> <!-- SetupSeleniumTestdaten -->
        <test-method signature="TZPServeralUserMailRegistrationGGTest(java.lang.String, java.lang.String, java.lang.String, java.lang.String, java.lang.String, java.lang.String, java.lang.String, java.lang.String, java.lang.String, java.lang.String, java.lang.String, java.lang.String, java.lang.String, java.lang.String, java.lang.String)[pri:0, instance:TopZinsPortal.TZPSeveralUserGGMailRegistration@55183b20]" started-at="2021-06-15T13:53:30 CEST" name="TZPServeralUserMailRegistrationGGTest" data-provider="TZPSeveralUserGG" finished-at="2021-06-15T13:53:30 CEST" duration-ms="2" status="PASS">
          <params>
            <param index="0">
              <value>
                <![CDATA[TZSUGG-TF-000]]>
              </value>
            </param>
            <param index="1">
              <value>
                <![CDATA[Nein]]>
              </value>
            </param>
            <param index="2">
              <value>
                <![CDATA[vor.nach@Kommune.de]]>
              </value>
            </param>
            <param index="3">
              <value>
                <![CDATA[Test12345!]]>
              </value>
            </param>
            <param index="4">
              <value>
                <![CDATA[Herr]]>
              </value>
            </param>
            <param index="5">
              <value>
                <![CDATA[Mitarbeiter Vorname]]>
              </value>
            </param>
            <param index="6">
              <value>
                <![CDATA[Mitarbeiter Nachname]]>
              </value>
            </param>
            <param index="7">
              <value>
                <![CDATA[MitarbeiterVor.MitarbeiterNach@kommunue.de]]>
              </value>
            </param>
            <param index="8">
              <value>
                <![CDATA[Test12345!]]>
              </value>
            </param>
            <param index="9">
              <value>
                <![CDATA[Test Kommunue]]>
              </value>
            </param>
            <param index="10">
              <value>
                <![CDATA[Max]]>
              </value>
            </param>
            <param index="11">
              <value>
                <![CDATA[00496119738163]]>
              </value>
            </param>
            <param index="12">
              <value>
                <![CDATA[Dr.]]>
              </value>
            </param>
            <param index="13">
              <value>
                <![CDATA[Mustermann]]>
              </value>
            </param>
            <param index="14">
              <value>
                <![CDATA[01.01.1990]]>
              </value>
            </param>
          </params>
          <reporter-output>
          </reporter-output>
        </test-method> <!-- TZPServeralUserMailRegistrationGGTest -->
        <test-method signature="TZPServeralUserMailRegistrationGGTest(java.lang.String, java.lang.String, java.lang.String, java.lang.String, java.lang.String, java.lang.String, java.lang.String, java.lang.String, java.lang.String, java.lang.String, java.lang.String, java.lang.String, java.lang.String, java.lang.String, java.lang.String)[pri:0, instance:TopZinsPortal.TZPSeveralUserGGMailRegistration@55183b20]" started-at="2021-06-15T13:53:30 CEST" name="TZPServeralUserMailRegistrationGGTest" data-provider="TZPSeveralUserGG" finished-at="2021-06-15T13:53:58 CEST" duration-ms="27795" status="PASS">
          <params>
            <param index="0">
              <value>
                <![CDATA[TZSUGG-TF-001]]>
              </value>
            </param>
            <param index="1">
              <value>
                <![CDATA[Ja]]>
              </value>
            </param>
            <param index="2">
              <value>
                <![CDATA[bhdr.gg.handel@gmail.com]]>
              </value>
            </param>
            <param index="3">
              <value>
                <![CDATA[Test12345!]]>
              </value>
            </param>
            <param index="4">
              <value>
                <![CDATA[Herr]]>
              </value>
            </param>
            <param index="5">
              <value>
                <![CDATA[TZP Serveral User]]>
              </value>
            </param>
            <param index="6">
              <value>
                <![CDATA[GG der Erste Handel]]>
              </value>
            </param>
            <param index="7">
              <value>
                <![CDATA[TZPSeveralUserGG1@gmail.com]]>
              </value>
            </param>
            <param index="8">
              <value>
                <![CDATA[Test12345!]]>
              </value>
            </param>
            <param index="9">
              <value>
                <![CDATA[BHDR-GG-Handel]]>
              </value>
            </param>
            <param index="10">
              <value>
                <![CDATA[Bahadir]]>
              </value>
            </param>
            <param index="11">
              <value>
                <![CDATA[00496119738163]]>
              </value>
            </param>
            <param index="12">
              <value>
                <![CDATA[Dr.]]>
              </value>
            </param>
            <param index="13">
              <value>
                <![CDATA[TZP.Serveral.User.gg.Handel]]>
              </value>
            </param>
            <param index="14">
              <value>
                <![CDATA[01.01.1990]]>
              </value>
            </param>
          </params>
          <reporter-output>
          </reporter-output>
        </test-method> <!-- TZPServeralUserMailRegistrationGGTest -->
        <test-method signature="TZPServeralUserMailRegistrationGGTest(java.lang.String, java.lang.String, java.lang.String, java.lang.String, java.lang.String, java.lang.String, java.lang.String, java.lang.String, java.lang.String, java.lang.String, java.lang.String, java.lang.String, java.lang.String, java.lang.String, java.lang.String)[pri:0, instance:TopZinsPortal.TZPSeveralUserGGMailRegistration@55183b20]" started-at="2021-06-15T13:53:58 CEST" name="TZPServeralUserMailRegistrationGGTest" data-provider="TZPSeveralUserGG" finished-at="2021-06-15T13:54:27 CEST" duration-ms="29119" status="PASS">
          <params>
            <param index="0">
              <value>
                <![CDATA[TZSUGG-TF-002]]>
              </value>
            </param>
            <param index="1">
              <value>
                <![CDATA[Ja]]>
              </value>
            </param>
            <param index="2">
              <value>
                <![CDATA[bhdr.gg.handel@gmail.com]]>
              </value>
            </param>
            <param index="3">
              <value>
                <![CDATA[Test12345!]]>
              </value>
            </param>
            <param index="4">
              <value>
                <![CDATA[Frau]]>
              </value>
            </param>
            <param index="5">
              <value>
                <![CDATA[TZP Serveral User]]>
              </value>
            </param>
            <param index="6">
              <value>
                <![CDATA[GG der Zweite Handel]]>
              </value>
            </param>
            <param index="7">
              <value>
                <![CDATA[TZPSeveralUserGG2@gmail.com]]>
              </value>
            </param>
            <param index="8">
              <value>
                <![CDATA[Test12345!]]>
              </value>
            </param>
            <param index="9">
              <value>
                <![CDATA[BHDR-GG-Handel]]>
              </value>
            </param>
            <param index="10">
              <value>
                <![CDATA[Bahadir]]>
              </value>
            </param>
            <param index="11">
              <value>
                <![CDATA[0049-611-97381-63]]>
              </value>
            </param>
            <param index="12">
              <value>
                <![CDATA[]]>
              </value>
            </param>
            <param index="13">
              <value>
                <![CDATA[TZP.Serveral.User.gg.Handel]]>
              </value>
            </param>
            <param index="14">
              <value>
                <![CDATA[01.01.1990]]>
              </value>
            </param>
          </params>
          <reporter-output>
          </reporter-output>
        </test-method> <!-- TZPServeralUserMailRegistrationGGTest -->
        <test-method signature="TZPServeralUserMailRegistrationGGTest(java.lang.String, java.lang.String, java.lang.String, java.lang.String, java.lang.String, java.lang.String, java.lang.String, java.lang.String, java.lang.String, java.lang.String, java.lang.String, java.lang.String, java.lang.String, java.lang.String, java.lang.String)[pri:0, instance:TopZinsPortal.TZPSeveralUserGGMailRegistration@55183b20]" started-at="2021-06-15T13:54:27 CEST" name="TZPServeralUserMailRegistrationGGTest" data-provider="TZPSeveralUserGG" finished-at="2021-06-15T13:54:39 CEST" duration-ms="11565" status="FAIL">
          <params>
            <param index="0">
              <value>
                <![CDATA[TZSUGG-TF-003]]>
              </value>
            </param>
            <param index="1">
              <value>
                <![CDATA[Ja]]>
              </value>
            </param>
            <param index="2">
              <value>
                <![CDATA[bhdr.gg.handel@gmail.com]]>
              </value>
            </param>
            <param index="3">
              <value>
                <![CDATA[Test12345!]]>
              </value>
            </param>
            <param index="4">
              <value>
                <![CDATA[Herr]]>
              </value>
            </param>
            <param index="5">
              <value>
                <![CDATA[TZP Serveral User]]>
              </value>
            </param>
            <param index="6">
              <value>
                <![CDATA[GG Eingeladen]]>
              </value>
            </param>
            <param index="7">
              <value>
                <![CDATA[TZPSeveralUserGGEingeladen@gmail.com]]>
              </value>
            </param>
            <param index="8">
              <value>
                <![CDATA[Test12345!]]>
              </value>
            </param>
            <param index="9">
              <value>
                <![CDATA[BHDR-GG-Handel]]>
              </value>
            </param>
            <param index="10">
              <value>
                <![CDATA[Bahadir]]>
              </value>
            </param>
            <param index="11">
              <value>
                <![CDATA[00496119738163]]>
              </value>
            </param>
            <param index="12">
              <value>
                <![CDATA[Prof.]]>
              </value>
            </param>
            <param index="13">
              <value>
                <![CDATA[TZP.Serveral.User.gg.Eingeladen]]>
              </value>
            </param>
            <param index="14">
              <value>
                <![CDATA[01.01.1990]]>
              </value>
            </param>
          </params>
          <exception class="org.openqa.selenium.TimeoutException">
            <message>
              <![CDATA[Expected condition failed: waiting for visibility of element located by By.xpath: //button[@type='submit'] (tried for 10 second(s) with 500 milliseconds interval)]]>
            </message>
            <full-stacktrace>
              <![CDATA[org.openqa.selenium.TimeoutException: Expected condition failed: waiting for visibility of element located by By.xpath: //button[@type='submit'] (tried for 10 second(s) with 500 milliseconds interval)
at org.openqa.selenium.support.ui.WebDriverWait.timeoutException(WebDriverWait.java:95)
at org.openqa.selenium.support.ui.FluentWait.until(FluentWait.java:272)
at TopZinsPortal.TZPSeveralUserGGMailRegistration.TZPServeralUserMailRegistrationGGTest(TZPSeveralUserGGMailRegistration.java:143)
at java.base/jdk.internal.reflect.NativeMethodAccessorImpl.invoke0(Native Method)
at java.base/jdk.internal.reflect.NativeMethodAccessorImpl.invoke(NativeMethodAccessorImpl.java:64)
at java.base/jdk.internal.reflect.DelegatingMethodAccessorImpl.invoke(DelegatingMethodAccessorImpl.java:43)
at java.base/java.lang.reflect.Method.invoke(Method.java:564)
at org.testng.internal.MethodInvocationHelper.invokeMethod(MethodInvocationHelper.java:132)
at org.testng.internal.TestInvoker.invokeMethod(TestInvoker.java:599)
at org.testng.internal.TestInvoker.invokeTestMethod(TestInvoker.java:174)
at org.testng.internal.MethodRunner.runInSequence(MethodRunner.java:46)
at org.testng.internal.TestInvoker$MethodInvocationAgent.invoke(TestInvoker.java:822)
at org.testng.internal.TestInvoker.invokeTestMethods(TestInvoker.java:147)
at org.testng.internal.TestMethodWorker.invokeTestMethods(TestMethodWorker.java:146)
at org.testng.internal.TestMethodWorker.run(TestMethodWorker.java:128)
at java.base/java.util.ArrayList.forEach(ArrayList.java:1511)
at org.testng.TestRunner.privateRun(TestRunner.java:764)
at org.testng.TestRunner.run(TestRunner.java:585)
at org.testng.SuiteRunner.runTest(SuiteRunner.java:384)
at org.testng.SuiteRunner.runSequentially(SuiteRunner.java:378)
at org.testng.SuiteRunner.privateRun(SuiteRunner.java:337)
at org.testng.SuiteRunner.run(SuiteRunner.java:286)
at org.testng.SuiteRunnerWorker.runSuite(SuiteRunnerWorker.java:53)
at org.testng.SuiteRunnerWorker.run(SuiteRunnerWorker.java:96)
at org.testng.TestNG.runSuitesSequentially(TestNG.java:1218)
at org.testng.TestNG.runSuitesLocally(TestNG.java:1140)
at org.testng.TestNG.runSuites(TestNG.java:1069)
at org.testng.TestNG.run(TestNG.java:1037)
at org.testng.remote.AbstractRemoteTestNG.run(AbstractRemoteTestNG.java:115)
at org.testng.remote.RemoteTestNG.initAndRun(RemoteTestNG.java:251)
at org.testng.remote.RemoteTestNG.main(RemoteTestNG.java:77)
Caused by: org.openqa.selenium.NoSuchElementException: no such element: Unable to locate element: {"method":"xpath","selector":"//button[@type='submit']"}
  (Session info: chrome=91.0.4472.101)
For documentation on this error, please visit: https://www.seleniumhq.org/exceptions/no_such_element.html
Build info: version: '3.141.59', revision: 'e82be7d358', time: '2018-11-14T08:17:03'
System info: host: 'FORSA-VM31', ip: '10.52.76.82', os.name: 'Windows 10', os.arch: 'amd64', os.version: '10.0', java.version: '15'
Driver info: org.openqa.selenium.chrome.ChromeDriver
Capabilities {acceptInsecureCerts: false, browserName: chrome, browserVersion: 91.0.4472.101, chrome: {chromedriverVersion: 91.0.4472.101 (af52a90bf870..., userDataDir: C:\Users\B22E7~1.DIK\AppDat...}, goog:chromeOptions: {debuggerAddress: localhost:53414}, javascriptEnabled: true, networkConnectionEnabled: false, pageLoadStrategy: normal, platform: WINDOWS, platformName: WINDOWS, proxy: Proxy(), setWindowRect: true, strictFileInteractability: false, timeouts: {implicit: 0, pageLoad: 300000, script: 30000}, unhandledPromptBehavior: dismiss and notify, webauthn:extension:largeBlob: true, webauthn:virtualAuthenticators: true}
Session ID: b7fc727887fde9f19a211c0d5b268468
*** Element info: {Using=xpath, value=//button[@type='submit']}
at java.base/jdk.internal.reflect.NativeConstructorAccessorImpl.newInstance0(Native Method)
at java.base/jdk.internal.reflect.NativeConstructorAccessorImpl.newInstance(NativeConstructorAccessorImpl.java:64)
at java.base/jdk.internal.reflect.DelegatingConstructorAccessorImpl.newInstance(DelegatingConstructorAccessorImpl.java:45)
at java.base/java.lang.reflect.Constructor.newInstanceWithCaller(Constructor.java:500)
at java.base/java.lang.reflect.Constructor.newInstance(Constructor.java:481)
at org.openqa.selenium.remote.http.W3CHttpResponseCodec.createException(W3CHttpResponseCodec.java:187)
at org.openqa.selenium.remote.http.W3CHttpResponseCodec.decode(W3CHttpResponseCodec.java:122)
at org.openqa.selenium.remote.http.W3CHttpResponseCodec.decode(W3CHttpResponseCodec.java:49)
at org.openqa.selenium.remote.HttpCommandExecutor.execute(HttpCommandExecutor.java:158)
at org.openqa.selenium.remote.service.DriverCommandExecutor.execute(DriverCommandExecutor.java:83)
at org.openqa.selenium.remote.RemoteWebDriver.execute(RemoteWebDriver.java:552)
at org.openqa.selenium.remote.RemoteWebDriver.findElement(RemoteWebDriver.java:323)
at org.openqa.selenium.remote.RemoteWebDriver.findElementByXPath(RemoteWebDriver.java:428)
at org.openqa.selenium.By$ByXPath.findElement(By.java:353)
at org.openqa.selenium.remote.RemoteWebDriver.findElement(RemoteWebDriver.java:315)
at org.openqa.selenium.support.ui.ExpectedConditions$7.apply(ExpectedConditions.java:205)
at org.openqa.selenium.support.ui.ExpectedConditions$7.apply(ExpectedConditions.java:201)
at org.openqa.selenium.support.ui.FluentWait.until(FluentWait.java:249)
... 29 more
]]>
            </full-stacktrace>
          </exception> <!-- org.openqa.selenium.TimeoutException -->
          <reporter-output>
          </reporter-output>
        </test-method> <!-- TZPServeralUserMailRegistrationGGTest -->
        <test-method is-config="true" signature="BrowserTearDown()[pri:0, instance:TopZinsPortal.TZPSeveralUserGGMailRegistration@55183b20]" started-at="2021-06-15T13:54:39 CEST" name="BrowserTearDown" finished-at="2021-06-15T13:54:40 CEST" duration-ms="1281" status="PASS">
          <reporter-output>
          </reporter-output>
        </test-method> <!-- BrowserTearDown -->
      </class> <!-- TopZinsPortal.TZPSeveralUserGGMailRegistration -->
    </test> <!-- TZP-Serveral-User-Mail-GG -->
    <test started-at="2021-06-15T13:54:40 CEST" name="TZP-Serveral-User-Stamm-GG" finished-at="2021-06-15T13:56:18 CEST" duration-ms="98067">
      <class name="TopZinsPortal.TZPSeveralUserGGStamm">
        <test-method is-config="true" signature="SetupSeleniumTestdaten(java.lang.String)[pri:0, instance:TopZinsPortal.TZPSeveralUserGGStamm@74f0ea28]" started-at="2021-06-15T13:54:40 CEST" name="SetupSeleniumTestdaten" finished-at="2021-06-15T13:54:42 CEST" duration-ms="1635" status="PASS">
          <params>
            <param index="0">
              <value>
                <![CDATA[Smoketest]]>
              </value>
            </param>
          </params>
          <reporter-output>
          </reporter-output>
        </test-method> <!-- SetupSeleniumTestdaten -->
[...]
            </param>
            <param index="2">
              <value>
                <![CDATA[tzpseveralusergg2@gmail.com]]>
              </value>
            </param>
            <param index="3">
              <value>
                <![CDATA[Test12345!]]>
              </value>
            </param>
            <param index="4">
              <value>
                <![CDATA[FORSA TopZinsPortal - Anforderung der Handelsberechtigung]]>
              </value>
            </param>
            <param index="5">
              <value>
                <![CDATA[]]>
              </value>
            </param>
            <param index="6">
              <value>
                <![CDATA[]]>
              </value>
            </param>
            <param index="7">
              <value>
                <![CDATA[]]>
              </value>
            </param>
            <param index="8">
              <value>
                <![CDATA[]]>
              </value>
            </param>
          </params>
          <reporter-output>
          </reporter-output>
        </test-method> <!-- TZPCheckEMailSeveralUserGGTest -->
        <test-method is-config="true" signature="BrowserTearDown()[pri:0, instance:TopZinsPortal.TZPCheckEMailsSeveralUserGG@22555ebf]" started-at="2021-06-15T14:07:49 CEST" name="BrowserTearDown" finished-at="2021-06-15T14:07:50 CEST" duration-ms="513" status="PASS">
          <reporter-output>
          </reporter-output>
        </test-method> <!-- BrowserTearDown -->
      </class> <!-- TopZinsPortal.TZPCheckEMailsSeveralUserGG -->
    </test> <!-- TZP-Serveral-User-Mails-Lesen-GG -->
    <test started-at="2021-06-15T14:07:50 CEST" name="TZP-Serveral-User-Mails-Lesen-GN" finished-at="2021-06-15T14:08:25 CEST" duration-ms="34634">
      <class name="TopZinsPortal.TZPCheckEMailsSeveralUserGN">
        <test-method is-config="true" signature="SetupSeleniumTestdaten(java.lang.String)[pri:0, instance:TopZinsPortal.TZPCheckEMailsSeveralUserGN@43bc63a3]" started-at="2021-06-15T14:07:50 CEST" name="SetupSeleniumTestdaten" finished-at="2021-06-15T14:07:50 CEST" duration-ms="1" status="PASS">
          <params>
            <param index="0">
              <value>
                <![CDATA[Smoketest]]>
              </value>
            </param>
          </params>
          <reporter-output>
          </reporter-output>
        </test-method> <!-- SetupSeleniumTestdaten -->
        <test-method signature="TZPCheckEMailSeveralUserGNTest(java.lang.String, java.lang.String, java.lang.String, java.lang.String, java.lang.String, java.lang.String, java.lang.String, java.lang.String, java.lang.String)[pri:10, instance:TopZinsPortal.TZPCheckEMailsSeveralUserGN@43bc63a3]" started-at="2021-06-15T14:07:50 CEST" name="TZPCheckEMailSeveralUserGNTest" data-provider="TZPCheckEMailsSeveralUserGN" finished-at="2021-06-15T14:08:00 CEST" duration-ms="10166" status="FAIL">
          <params>
            <param index="0">
              <value>
                <![CDATA[TZPCheckEMailGN-TF-001]]>
              </value>
            </param>
            <param index="1">
              <value>
                <![CDATA[Ja]]>
              </value>
            </param>
            <param index="2">
              <value>
                <![CDATA[tzpseveralusergn1@gmail.com]]>
              </value>
            </param>
            <param index="3">
              <value>
                <![CDATA[Test12345!]]>
              </value>
            </param>
            <param index="4">
              <value>
                <![CDATA[FORSA TopZinsPortal - Einladung zur Registrierung]]>
              </value>
            </param>
            <param index="5">
              <value>
                <![CDATA[]]>
              </value>
            </param>
            <param index="6">
              <value>
                <![CDATA[/portal/login]]>
              </value>
            </param>
            <param index="7">
              <value>
                <![CDATA[]]>
              </value>
            </param>
            <param index="8">
              <value>
                <![CDATA[]]>
              </value>
            </param>
          </params>
          <exception class="java.lang.AssertionError">
            <message>
              <![CDATA[The following asserts failed:
expected [true] but found [false]]]>
            </message>
            <full-stacktrace>
              <![CDATA[java.lang.AssertionError: The following asserts failed:
expected [true] but found [false]
at org.testng.asserts.SoftAssert.assertAll(SoftAssert.java:47)
at org.testng.asserts.SoftAssert.assertAll(SoftAssert.java:31)
at TopZinsPortal.TZPCheckEMailsSeveralUserGN.TZPCheckEMailSeveralUserGNTest(TZPCheckEMailsSeveralUserGN.java:125)
at java.base/jdk.internal.reflect.NativeMethodAccessorImpl.invoke0(Native Method)
at java.base/jdk.internal.reflect.NativeMethodAccessorImpl.invoke(NativeMethodAccessorImpl.java:64)
at java.base/jdk.internal.reflect.DelegatingMethodAccessorImpl.invoke(DelegatingMethodAccessorImpl.java:43)
at java.base/java.lang.reflect.Method.invoke(Method.java:564)
at org.testng.internal.MethodInvocationHelper.invokeMethod(MethodInvocationHelper.java:132)
at org.testng.internal.TestInvoker.invokeMethod(TestInvoker.java:599)
at org.testng.internal.TestInvoker.invokeTestMethod(TestInvoker.java:174)
at org.testng.internal.MethodRunner.runInSequence(MethodRunner.java:46)
at org.testng.internal.TestInvoker$MethodInvocationAgent.invoke(TestInvoker.java:822)
at org.testng.internal.TestInvoker.invokeTestMethods(TestInvoker.java:147)
at org.testng.internal.TestMethodWorker.invokeTestMethods(TestMethodWorker.java:146)
at org.testng.internal.TestMethodWorker.run(TestMethodWorker.java:128)
at java.base/java.util.ArrayList.forEach(ArrayList.java:1511)
at org.testng.TestRunner.privateRun(TestRunner.java:764)
at org.testng.TestRunner.run(TestRunner.java:585)
at org.testng.SuiteRunner.runTest(SuiteRunner.java:384)
at org.testng.SuiteRunner.runSequentially(SuiteRunner.java:378)
at org.testng.SuiteRunner.privateRun(SuiteRunner.java:337)
at org.testng.SuiteRunner.run(SuiteRunner.java:286)
at org.testng.SuiteRunnerWorker.runSuite(SuiteRunnerWorker.java:53)
at org.testng.SuiteRunnerWorker.run(SuiteRunnerWorker.java:96)
at org.testng.TestNG.runSuitesSequentially(TestNG.java:1218)
at org.testng.TestNG.runSuitesLocally(TestNG.java:1140)
at org.testng.TestNG.runSuites(TestNG.java:1069)
at org.testng.TestNG.run(TestNG.java:1037)
at org.testng.remote.AbstractRemoteTestNG.run(AbstractRemoteTestNG.java:115)
at org.testng.remote.RemoteTestNG.initAndRun(RemoteTestNG.java:251)
at org.testng.remote.RemoteTestNG.main(RemoteTestNG.java:77)
]]>
            </full-stacktrace>
          </exception> <!-- java.lang.AssertionError -->
          <reporter-output>
          </reporter-output>
        </test-method> <!-- TZPCheckEMailSeveralUserGNTest -->
        <test-method signature="TZPCheckEMailSeveralUserGNTest(java.lang.String, java.lang.String, java.lang.String, java.lang.String, java.lang.String, java.lang.String, java.lang.String, java.lang.String, java.lang.String)[pri:10, instance:TopZinsPortal.TZPCheckEMailsSeveralUserGN@43bc63a3]" started-at="2021-06-15T14:08:00 CEST" name="TZPCheckEMailSeveralUserGNTest" data-provider="TZPCheckEMailsSeveralUserGN" finished-at="2021-06-15T14:08:05 CEST" duration-ms="4501" status="PASS">
          <params>
            <param index="0">
              <value>
                <![CDATA[TZPCheckEMailGN-TF-002]]>
              </value>
            </param>
            <param index="1">
              <value>
                <![CDATA[Ja]]>
              </value>
            </param>
            <param index="2">
              <value>
                <![CDATA[tzpseveralusergn1@gmail.com]]>
              </value>
            </param>
            <param index="3">
              <value>
                <![CDATA[Test12345!]]>
              </value>
            </param>
            <param index="4">
              <value>
                <![CDATA[Herzlichen Dank für Ihre Registrierung auf dem FORSA TopZinsPortal]]>
              </value>
            </param>
            <param index="5">
              <value>
                <![CDATA[]]>
              </value>
            </param>
            <param index="6">
              <value>
                <![CDATA[]]>
              </value>
            </param>
            <param index="7">
              <value>
                <![CDATA[]]>
              </value>
            </param>
            <param index="8">
              <value>
                <![CDATA[]]>
              </value>
            </param>
          </params>
          <reporter-output>
          </reporter-output>
        </test-method> <!-- TZPCheckEMailSeveralUserGNTest -->
        <test-method signature="TZPCheckEMailSeveralUserGNTest(java.lang.String, java.lang.String, java.lang.String, java.lang.String, java.lang.String, java.lang.String, java.lang.String, java.lang.String, java.lang.String)[pri:10, instance:TopZinsPortal.TZPCheckEMailsSeveralUserGN@43bc63a3]" started-at="2021-06-15T14:08:05 CEST" name="TZPCheckEMailSeveralUserGNTest" data-provider="TZPCheckEMailsSeveralUserGN" finished-at="2021-06-15T14:08:09 CEST" duration-ms="4510" status="PASS">
          <params>
            <param index="0">
              <value>
                <![CDATA[TZPCheckEMailGN-TF-003]]>
              </value>
            </param>
            <param index="1">
              <value>
                <![CDATA[Ja]]>
              </value>
            </param>
            <param index="2">
              <value>
                <![CDATA[tzpseveralusergn1@gmail.com]]>
              </value>
            </param>
            <param index="3">
              <value>
                <![CDATA[Test12345!]]>
              </value>
            </param>
            <param index="4">
              <value>
                <![CDATA[FORSA TopZinsPortal - Anforderung der Handelsberechtigung]]>
              </value>
            </param>
            <param index="5">
              <value>
                <![CDATA[]]>
              </value>
            </param>
            <param index="6">
              <value>
                <![CDATA[]]>
              </value>
            </param>
            <param index="7">
              <value>
                <![CDATA[]]>
              </value>
            </param>
            <param index="8">
              <value>
                <![CDATA[]]>
              </value>
            </param>
          </params>
          <reporter-output>
          </reporter-output>
        </test-method> <!-- TZPCheckEMailSeveralUserGNTest -->
        <test-method signature="TZPCheckEMailSeveralUserGNTest(java.lang.String, java.lang.String, java.lang.String, java.lang.String, java.lang.String, java.lang.String, java.lang.String, java.lang.String, java.lang.String)[pri:10, instance:TopZinsPortal.TZPCheckEMailsSeveralUserGN@43bc63a3]" started-at="2021-06-15T14:08:09 CEST" name="TZPCheckEMailSeveralUserGNTest" data-provider="TZPCheckEMailsSeveralUserGN" finished-at="2021-06-15T14:08:15 CEST" duration-ms="5839" status="FAIL">
          <params>
            <param index="0">
              <value>
                <![CDATA[TZPCheckEMailGN-TF-004]]>
              </value>
            </param>
            <param index="1">
              <value>
                <![CDATA[Ja]]>
              </value>
            </param>
            <param index="2">
              <value>
                <![CDATA[tzpseveralusergn2@gmail.com]]>
              </value>
            </param>
            <param index="3">
              <value>
                <![CDATA[Test12345!]]>
              </value>
            </param>
            <param index="4">
              <value>
                <![CDATA[FORSA TopZinsPortal - Einladung zur Registrierung]]>
              </value>
            </param>
            <param index="5">
              <value>
                <![CDATA[]]>
              </value>
            </param>
            <param index="6">
              <value>
                <![CDATA[/portal/login]]>
              </value>
            </param>
            <param index="7">
              <value>
                <![CDATA[]]>
              </value>
            </param>
            <param index="8">
              <value>
                <![CDATA[]]>
              </value>
            </param>
          </params>
          <exception class="java.lang.AssertionError">
            <message>
              <![CDATA[The following asserts failed:
expected [true] but found [false]]]>
            </message>
            <full-stacktrace>
              <![CDATA[java.lang.AssertionError: The following asserts failed:
expected [true] but found [false]
at org.testng.asserts.SoftAssert.assertAll(SoftAssert.java:47)
at org.testng.asserts.SoftAssert.assertAll(SoftAssert.java:31)
at TopZinsPortal.TZPCheckEMailsSeveralUserGN.TZPCheckEMailSeveralUserGNTest(TZPCheckEMailsSeveralUserGN.java:125)
at java.base/jdk.internal.reflect.NativeMethodAccessorImpl.invoke0(Native Method)
at java.base/jdk.internal.reflect.NativeMethodAccessorImpl.invoke(NativeMethodAccessorImpl.java:64)
at java.base/jdk.internal.reflect.DelegatingMethodAccessorImpl.invoke(DelegatingMethodAccessorImpl.java:43)
at java.base/java.lang.reflect.Method.invoke(Method.java:564)
at org.testng.internal.MethodInvocationHelper.invokeMethod(MethodInvocationHelper.java:132)
at org.testng.internal.TestInvoker.invokeMethod(TestInvoker.java:599)
at org.testng.internal.TestInvoker.invokeTestMethod(TestInvoker.java:174)
at org.testng.internal.MethodRunner.runInSequence(MethodRunner.java:46)
at org.testng.internal.TestInvoker$MethodInvocationAgent.invoke(TestInvoker.java:822)
at org.testng.internal.TestInvoker.invokeTestMethods(TestInvoker.java:147)
at org.testng.internal.TestMethodWorker.invokeTestMethods(TestMethodWorker.java:146)
at org.testng.internal.TestMethodWorker.run(TestMethodWorker.java:128)
at java.base/java.util.ArrayList.forEach(ArrayList.java:1511)
at org.testng.TestRunner.privateRun(TestRunner.java:764)
at org.testng.TestRunner.run(TestRunner.java:585)
at org.testng.SuiteRunner.runTest(SuiteRunner.java:384)
at org.testng.SuiteRunner.runSequentially(SuiteRunner.java:378)
at org.testng.SuiteRunner.privateRun(SuiteRunner.java:337)
at org.testng.SuiteRunner.run(SuiteRunner.java:286)
at org.testng.SuiteRunnerWorker.runSuite(SuiteRunnerWorker.java:53)
at org.testng.SuiteRunnerWorker.run(SuiteRunnerWorker.java:96)
at org.testng.TestNG.runSuitesSequentially(TestNG.java:1218)
at org.testng.TestNG.runSuitesLocally(TestNG.java:1140)
at org.testng.TestNG.runSuites(TestNG.java:1069)
at org.testng.TestNG.run(TestNG.java:1037)
at org.testng.remote.AbstractRemoteTestNG.run(AbstractRemoteTestNG.java:115)
at org.testng.remote.RemoteTestNG.initAndRun(RemoteTestNG.java:251)
at org.testng.remote.RemoteTestNG.main(RemoteTestNG.java:77)
]]>
            </full-stacktrace>
          </exception> <!-- java.lang.AssertionError -->
          <reporter-output>
          </reporter-output>
        </test-method> <!-- TZPCheckEMailSeveralUserGNTest -->
        <test-method signature="TZPCheckEMailSeveralUserGNTest(java.lang.String, java.lang.String, java.lang.String, java.lang.String, java.lang.String, java.lang.String, java.lang.String, java.lang.String, java.lang.String)[pri:10, instance:TopZinsPortal.TZPCheckEMailsSeveralUserGN@43bc63a3]" started-at="2021-06-15T14:08:15 CEST" name="TZPCheckEMailSeveralUserGNTest" data-provider="TZPCheckEMailsSeveralUserGN" finished-at="2021-06-15T14:08:19 CEST" duration-ms="4505" status="PASS">
          <params>
            <param index="0">
              <value>
                <![CDATA[TZPCheckEMailGN-TF-005]]>
              </value>
            </param>
            <param index="1">
              <value>
                <![CDATA[Ja]]>
              </value>
            </param>
            <param index="2">
              <value>
                <![CDATA[tzpseveralusergn2@gmail.com]]>
              </value>
            </param>
            <param index="3">
              <value>
                <![CDATA[Test12345!]]>
              </value>
            </param>
            <param index="4">
              <value>
                <![CDATA[Herzlichen Dank für Ihre Registrierung auf dem FORSA TopZinsPortal]]>
              </value>
            </param>
            <param index="5">
              <value>
                <![CDATA[]]>
              </value>
            </param>
            <param index="6">
              <value>
                <![CDATA[]]>
              </value>
            </param>
            <param index="7">
              <value>
                <![CDATA[]]>
              </value>
            </param>
            <param index="8">
              <value>
                <![CDATA[]]>
              </value>
            </param>
          </params>
          <reporter-output>
          </reporter-output>
        </test-method> <!-- TZPCheckEMailSeveralUserGNTest -->
        <test-method signature="TZPCheckEMailSeveralUserGNTest(java.lang.String, java.lang.String, java.lang.String, java.lang.String, java.lang.String, java.lang.String, java.lang.String, java.lang.String, java.lang.String)[pri:10, instance:TopZinsPortal.TZPCheckEMailsSeveralUserGN@43bc63a3]" started-at="2021-06-15T14:08:19 CEST" name="TZPCheckEMailSeveralUserGNTest" data-provider="TZPCheckEMailsSeveralUserGN" finished-at="2021-06-15T14:08:24 CEST" duration-ms="4511" status="PASS">
          <params>
            <param index="0">
              <value>
                <![CDATA[TZPCheckEMailGN-TF-006]]>
              </value>
            </param>
            <param index="1">
              <value>
                <![CDATA[Ja]]>
              </value>
            </param>
            <param index="2">
              <value>
                <![CDATA[tzpseveralusergn2@gmail.com]]>
              </value>
            </param>
            <param index="3">
              <value>
                <![CDATA[Test12345!]]>
              </value>
            </param>
            <param index="4">
              <value>
                <![CDATA[FORSA TopZinsPortal - Anforderung der Handelsberechtigung]]>
              </value>
            </param>
            <param index="5">
              <value>
                <![CDATA[]]>
              </value>
            </param>
            <param index="6">
              <value>
                <![CDATA[]]>
              </value>
            </param>
            <param index="7">
              <value>
                <![CDATA[]]>
              </value>
            </param>
            <param index="8">
              <value>
                <![CDATA[]]>
              </value>
            </param>
          </params>
          <reporter-output>
          </reporter-output>
        </test-method> <!-- TZPCheckEMailSeveralUserGNTest -->
        <test-method is-config="true" signature="BrowserTearDown()[pri:0, instance:TopZinsPortal.TZPCheckEMailsSeveralUserGN@43bc63a3]" started-at="2021-06-15T14:08:24 CEST" name="BrowserTearDown" finished-at="2021-06-15T14:08:25 CEST" duration-ms="510" status="PASS">
          <reporter-output>
          </reporter-output>
        </test-method> <!-- BrowserTearDown -->
      </class> <!-- TopZinsPortal.TZPCheckEMailsSeveralUserGN -->
    </test> <!-- TZP-Serveral-User-Mails-Lesen-GN -->
  </suite> <!-- TopZinzPortal-Ablauftesttest-Several-User-GG -->
</testng-results>
