<?xml version="1.0" encoding="UTF-8"?>
<testng-results ignored="0" total="71" passed="71" failed="0" skipped="0">
  <reporter-output>
  </reporter-output>
  <suite started-at="2021-01-04T14:29:45 CET" name="TopZinzPortal-Ablauftesttest" finished-at="2021-01-04T14:35:38 CET" duration-ms="353277">
    <groups>
    </groups>
    <test started-at="2021-01-04T14:29:45 CET" name="TZP-Registrierung-GN" finished-at="2021-01-04T14:31:33 CET" duration-ms="108085">
      <class name="TopZinsPortal.TZPRegGN">
        <test-method is-config="true" signature="SetupSeleniumTestdaten(java.lang.String)[pri:0, instance:TopZinsPortal.TZPRegGN@6c64cb25]" started-at="2021-01-04T14:29:45 CET" name="SetupSeleniumTestdaten" finished-at="2021-01-04T14:29:50 CET" duration-ms="5196" status="PASS">
          <params>
            <param index="0">
              <value>
                <![CDATA[Smoketest]]>
              </value>
            </param>
          </params>
          <reporter-output>
          </reporter-output>
        </test-method> <!-- SetupSeleniumTestdaten -->
        <test-method signature="TZPRegGNTest(java.lang.String, java.lang.String, java.lang.String, java.lang.String, java.lang.String, java.lang.String, java.lang.String, java.lang.String, java.lang.String, java.lang.String, java.lang.String, java.lang.String, java.lang.String, java.lang.String)[pri:0, instance:TopZinsPortal.TZPRegGN@6c64cb25]" started-at="2021-01-04T14:29:50 CET" name="TZPRegGNTest" data-provider="TZPRegGN" finished-at="2021-01-04T14:29:50 CET" duration-ms="6" status="PASS">
          <params>
            <param index="0">
              <value>
                <![CDATA[TZPRegGN-TF-001]]>
              </value>
            </param>
            <param index="1">
              <value>
                <![CDATA[Nein]]>
              </value>
            </param>
            <param index="2">
              <value>
                <![CDATA[Lidiia-GN-DGSVO]]>
              </value>
            </param>
            <param index="3">
              <value>
                <![CDATA[Frau]]>
              </value>
            </param>
            <param index="4">
              <value>
                <![CDATA[Dr.]]>
              </value>
            </param>
            <param index="5">
              <value>
                <![CDATA[Lidiia eins]]>
              </value>
            </param>
            <param index="6">
              <value>
                <![CDATA[Ananchenko eins]]>
              </value>
            </param>
            <param index="7">
              <value>
                <![CDATA[0611 11 11 11]]>
              </value>
            </param>
            <param index="8">
              <value>
                <![CDATA[lidiia1@forsa.de]]>
              </value>
            </param>
            <param index="9">
              <value>
                <![CDATA[lidiia1@forsa.de]]>
              </value>
            </param>
            <param index="10">
              <value>
                <![CDATA[Test12345!]]>
              </value>
            </param>
            <param index="11">
              <value>
                <![CDATA[Ja]]>
              </value>
            </param>
            <param index="12">
              <value>
                <![CDATA[Ja]]>
              </value>
            </param>
            <param index="13">
              <value>
                <![CDATA[Nein]]>
              </value>
            </param>
          </params>
          <reporter-output>
          </reporter-output>
        </test-method> <!-- TZPRegGNTest -->
        <test-method signature="TZPRegGNTest(java.lang.String, java.lang.String, java.lang.String, java.lang.String, java.lang.String, java.lang.String, java.lang.String, java.lang.String, java.lang.String, java.lang.String, java.lang.String, java.lang.String, java.lang.String, java.lang.String)[pri:0, instance:TopZinsPortal.TZPRegGN@6c64cb25]" started-at="2021-01-04T14:29:50 CET" name="TZPRegGNTest" data-provider="TZPRegGN" finished-at="2021-01-04T14:29:50 CET" duration-ms="0" status="PASS">
          <params>
            <param index="0">
              <value>
                <![CDATA[TZPRegGN-TF-002]]>
              </value>
            </param>
            <param index="1">
              <value>
                <![CDATA[Nein]]>
              </value>
            </param>
            <param index="2">
              <value>
                <![CDATA[Lidiia-GN-DatenKomplett]]>
              </value>
            </param>
            <param index="3">
              <value>
                <![CDATA[Frau]]>
              </value>
            </param>
            <param index="4">
              <value>
                <![CDATA[]]>
              </value>
            </param>
            <param index="5">
              <value>
                <![CDATA[Lidiia zwei]]>
              </value>
            </param>
            <param index="6">
              <value>
                <![CDATA[Ananchenko zwei]]>
              </value>
            </param>
            <param index="7">
              <value>
                <![CDATA[0611 11 11 11]]>
              </value>
            </param>
            <param index="8">
              <value>
                <![CDATA[lidiia2@forsa.de]]>
              </value>
            </param>
            <param index="9">
              <value>
                <![CDATA[lidiia2@forsa.de]]>
              </value>
            </param>
            <param index="10">
              <value>
                <![CDATA[Test12345!]]>
              </value>
            </param>
            <param index="11">
              <value>
                <![CDATA[Ja]]>
              </value>
            </param>
            <param index="12">
              <value>
                <![CDATA[Ja]]>
              </value>
            </param>
            <param index="13">
              <value>
                <![CDATA[Nein]]>
              </value>
            </param>
          </params>
          <reporter-output>
          </reporter-output>
        </test-method> <!-- TZPRegGNTest -->
        <test-method signature="TZPRegGNTest(java.lang.String, java.lang.String, java.lang.String, java.lang.String, java.lang.String, java.lang.String, java.lang.String, java.lang.String, java.lang.String, java.lang.String, java.lang.String, java.lang.String, java.lang.String, java.lang.String)[pri:0, instance:TopZinsPortal.TZPRegGN@6c64cb25]" started-at="2021-01-04T14:29:50 CET" name="TZPRegGNTest" data-provider="TZPRegGN" finished-at="2021-01-04T14:29:50 CET" duration-ms="2" status="PASS">
          <params>
            <param index="0">
              <value>
                <![CDATA[TZPRegGN-TF-003]]>
              </value>
            </param>
            <param index="1">
              <value>
                <![CDATA[Nein]]>
              </value>
            </param>
            <param index="2">
              <value>
                <![CDATA[Lidiia-GN-Handel]]>
              </value>
            </param>
            <param index="3">
              <value>
                <![CDATA[Frau]]>
              </value>
            </param>
            <param index="4">
              <value>
                <![CDATA[]]>
              </value>
            </param>
            <param index="5">
              <value>
                <![CDATA[Lidiia drei]]>
              </value>
            </param>
            <param index="6">
              <value>
                <![CDATA[Ananchenko drei]]>
              </value>
            </param>
            <param index="7">
              <value>
                <![CDATA[0611 11 11 11]]>
              </value>
            </param>
            <param index="8">
              <value>
                <![CDATA[lidiia3@forsa.de]]>
              </value>
            </param>
            <param index="9">
              <value>
                <![CDATA[lidiia3@forsa.de]]>
              </value>
            </param>
            <param index="10">
              <value>
                <![CDATA[Test12345!]]>
              </value>
            </param>
            <param index="11">
              <value>
                <![CDATA[Ja]]>
              </value>
            </param>
            <param index="12">
              <value>
                <![CDATA[Ja]]>
              </value>
            </param>
            <param index="13">
              <value>
                <![CDATA[Nein]]>
              </value>
            </param>
          </params>
          <reporter-output>
          </reporter-output>
        </test-method> <!-- TZPRegGNTest -->
        <test-method signature="TZPRegGNTest(java.lang.String, java.lang.String, java.lang.String, java.lang.String, java.lang.String, java.lang.String, java.lang.String, java.lang.String, java.lang.String, java.lang.String, java.lang.String, java.lang.String, java.lang.String, java.lang.String)[pri:0, instance:TopZinsPortal.TZPRegGN@6c64cb25]" started-at="2021-01-04T14:29:50 CET" name="TZPRegGNTest" data-provider="TZPRegGN" finished-at="2021-01-04T14:30:10 CET" duration-ms="20241" status="PASS">
          <params>
            <param index="0">
              <value>
                <![CDATA[TZPRegGN-TF-004]]>
              </value>
            </param>
            <param index="1">
              <value>
                <![CDATA[Ja]]>
              </value>
            </param>
            <param index="2">
              <value>
                <![CDATA[BHDR-GN-DGSVO]]>
              </value>
            </param>
            <param index="3">
              <value>
                <![CDATA[Herr]]>
              </value>
            </param>
            <param index="4">
              <value>
                <![CDATA[Dr.]]>
              </value>
            </param>
            <param index="5">
              <value>
                <![CDATA[BHDR-GN-DGSVO Vorname]]>
              </value>
            </param>
            <param index="6">
              <value>
                <![CDATA[BHDR-GN-DGSVO Nachname]]>
              </value>
            </param>
            <param index="7">
              <value>
                <![CDATA[0611 11 11 11]]>
              </value>
            </param>
            <param index="8">
              <value>
                <![CDATA[BHDR-GN-DGSVO@forsa-gmbh.de]]>
              </value>
            </param>
            <param index="9">
              <value>
                <![CDATA[BHDR-GN-DGSVO@forsa-gmbh.de]]>
              </value>
            </param>
            <param index="10">
              <value>
                <![CDATA[Test12345!]]>
              </value>
            </param>
            <param index="11">
              <value>
                <![CDATA[Ja]]>
              </value>
            </param>
            <param index="12">
              <value>
                <![CDATA[Ja]]>
              </value>
            </param>
            <param index="13">
              <value>
                <![CDATA[Nein]]>
              </value>
            </param>
          </params>
          <reporter-output>
          </reporter-output>
        </test-method> <!-- TZPRegGNTest -->
        <test-method signature="TZPRegGNTest(java.lang.String, java.lang.String, java.lang.String, java.lang.String, java.lang.String, java.lang.String, java.lang.String, java.lang.String, java.lang.String, java.lang.String, java.lang.String, java.lang.String, java.lang.String, java.lang.String)[pri:0, instance:TopZinsPortal.TZPRegGN@6c64cb25]" started-at="2021-01-04T14:30:10 CET" name="TZPRegGNTest" data-provider="TZPRegGN" finished-at="2021-01-04T14:30:30 CET" duration-ms="19570" status="PASS">
          <params>
            <param index="0">
              <value>
                <![CDATA[TZPRegGN-TF-005]]>
              </value>
            </param>
            <param index="1">
              <value>
                <![CDATA[Ja]]>
              </value>
            </param>
            <param index="2">
              <value>
                <![CDATA[BHDR-GN-DatenKomplett]]>
              </value>
            </param>
            <param index="3">
              <value>
                <![CDATA[Herr]]>
              </value>
            </param>
            <param index="4">
              <value>
                <![CDATA[]]>
              </value>
            </param>
            <param index="5">
              <value>
                <![CDATA[BHDR-GN-DatenKomplett Vorname]]>
              </value>
            </param>
            <param index="6">
              <value>
                <![CDATA[BHDR-GN-DatenKomplett Nachname]]>
              </value>
            </param>
            <param index="7">
              <value>
                <![CDATA[0611 11 11 11]]>
              </value>
            </param>
            <param index="8">
              <value>
                <![CDATA[BHDR-GN-DatenKomplett@forsa-gmbh.de]]>
              </value>
            </param>
            <param index="9">
              <value>
                <![CDATA[BHDR-GN-DatenKomplett@forsa-gmbh.de]]>
              </value>
            </param>
            <param index="10">
              <value>
                <![CDATA[Test12345!]]>
              </value>
            </param>
            <param index="11">
              <value>
                <![CDATA[Ja]]>
              </value>
            </param>
            <param index="12">
              <value>
                <![CDATA[Ja]]>
              </value>
            </param>
            <param index="13">
              <value>
                <![CDATA[Nein]]>
              </value>
            </param>
          </params>
          <reporter-output>
          </reporter-output>
        </test-method> <!-- TZPRegGNTest -->
        <test-method signature="TZPRegGNTest(java.lang.String, java.lang.String, java.lang.String, java.lang.String, java.lang.String, java.lang.String, java.lang.String, java.lang.String, java.lang.String, java.lang.String, java.lang.String, java.lang.String, java.lang.String, java.lang.String)[pri:0, instance:TopZinsPortal.TZPRegGN@6c64cb25]" started-at="2021-01-04T14:30:30 CET" name="TZPRegGNTest" data-provider="TZPRegGN" finished-at="2021-01-04T14:30:49 CET" duration-ms="19135" status="PASS">
          <params>
            <param index="0">
              <value>
                <![CDATA[TZPRegGN-TF-006]]>
              </value>
            </param>
            <param index="1">
              <value>
                <![CDATA[Ja]]>
              </value>
            </param>
            <param index="2">
              <value>
                <![CDATA[BHDR-GN-Handel]]>
              </value>
            </param>
            <param index="3">
              <value>
                <![CDATA[Herr]]>
              </value>
            </param>
            <param index="4">
              <value>
                <![CDATA[]]>
              </value>
            </param>
            <param index="5">
              <value>
                <![CDATA[BHDR-GN-Handel Vorname]]>
              </value>
            </param>
            <param index="6">
              <value>
                <![CDATA[BHDR-GN-Handel Nachname]]>
              </value>
            </param>
            <param index="7">
              <value>
                <![CDATA[0611 11 11 11]]>
              </value>
            </param>
            <param index="8">
              <value>
                <![CDATA[BHDR-GN-Handel@forsa-gmbh.de]]>
              </value>
            </param>
            <param index="9">
              <value>
                <![CDATA[BHDR-GN-Handel@forsa-gmbh.de]]>
              </value>
            </param>
            <param index="10">
              <value>
                <![CDATA[Test12345!]]>
              </value>
            </param>
            <param index="11">
              <value>
                <![CDATA[Ja]]>
              </value>
            </param>
            <param index="12">
              <value>
                <![CDATA[Ja]]>
              </value>
            </param>
            <param index="13">
              <value>
                <![CDATA[Nein]]>
              </value>
            </param>
          </params>
          <reporter-output>
          </reporter-output>
        </test-method> <!-- TZPRegGNTest -->
        <test-method signature="TZPRegGNTest(java.lang.String, java.lang.String, java.lang.String, java.lang.String, java.lang.String, java.lang.String, java.lang.String, java.lang.String, java.lang.String, java.lang.String, java.lang.String, java.lang.String, java.lang.String, java.lang.String)[pri:0, instance:TopZinsPortal.TZPRegGN@6c64cb25]" started-at="2021-01-04T14:30:49 CET" name="TZPRegGNTest" data-provider="TZPRegGN" finished-at="2021-01-04T14:31:09 CET" duration-ms="19600" status="PASS">
          <params>
            <param index="0">
              <value>
                <![CDATA[TZPRegGN-TF-007]]>
              </value>
            </param>
            <param index="1">
              <value>
                <![CDATA[Ja]]>
              </value>
            </param>
            <param index="2">
              <value>
                <![CDATA[BHDR-GN-Deaktiv]]>
              </value>
            </param>
            <param index="3">
              <value>
                <![CDATA[Frau]]>
              </value>
            </param>
            <param index="4">
              <value>
                <![CDATA[Dr.]]>
              </value>
            </param>
            <param index="5">
              <value>
                <![CDATA[BHDR-GN-Deaktiv Vorname]]>
              </value>
            </param>
            <param index="6">
              <value>
                <![CDATA[BHDR-GN-Deaktiv Nachname]]>
              </value>
            </param>
            <param index="7">
              <value>
                <![CDATA[06119738163]]>
              </value>
            </param>
            <param index="8">
              <value>
                <![CDATA[BHDR-GN-Deaktiv@forsa-gmbh.de]]>
              </value>
            </param>
            <param index="9">
              <value>
                <![CDATA[BHDR-GN-Deaktiv@forsa-gmbh.de]]>
              </value>
            </param>
            <param index="10">
              <value>
                <![CDATA[Test12345!]]>
              </value>
            </param>
            <param index="11">
              <value>
                <![CDATA[Ja]]>
              </value>
            </param>
            <param index="12">
              <value>
                <![CDATA[Ja]]>
              </value>
            </param>
            <param index="13">
              <value>
                <![CDATA[Nein]]>
              </value>
            </param>
          </params>
          <reporter-output>
          </reporter-output>
        </test-method> <!-- TZPRegGNTest -->
        <test-method signature="TZPRegGNTest(java.lang.String, java.lang.String, java.lang.String, java.lang.String, java.lang.String, java.lang.String, java.lang.String, java.lang.String, java.lang.String, java.lang.String, java.lang.String, java.lang.String, java.lang.String, java.lang.String)[pri:0, instance:TopZinsPortal.TZPRegGN@6c64cb25]" started-at="2021-01-04T14:31:09 CET" name="TZPRegGNTest" data-provider="TZPRegGN" finished-at="2021-01-04T14:31:28 CET" duration-ms="19836" status="PASS">
          <params>
            <param index="0">
              <value>
                <![CDATA[TZPRegGN-TF-008]]>
              </value>
            </param>
            <param index="1">
              <value>
                <![CDATA[Ja]]>
              </value>
            </param>
            <param index="2">
              <value>
                <![CDATA[BHDR-GN-Loeschen]]>
              </value>
            </param>
            <param index="3">
              <value>
                <![CDATA[Frau]]>
              </value>
            </param>
            <param index="4">
              <value>
                <![CDATA[Dr.]]>
              </value>
            </param>
            <param index="5">
              <value>
                <![CDATA[BHDR-GN-Loeschen Vorname]]>
              </value>
            </param>
            <param index="6">
              <value>
                <![CDATA[BHDR-GN-Loeschen Nachname]]>
              </value>
            </param>
            <param index="7">
              <value>
                <![CDATA[06119738163]]>
              </value>
            </param>
            <param index="8">
              <value>
                <![CDATA[BHDR-GN-Loeschen@forsa-gmbh.de]]>
              </value>
            </param>
            <param index="9">
              <value>
                <![CDATA[BHDR-GN-Loeschen@forsa-gmbh.de]]>
              </value>
            </param>
            <param index="10">
              <value>
                <![CDATA[Test12345!]]>
              </value>
            </param>
            <param index="11">
              <value>
                <![CDATA[Ja]]>
              </value>
            </param>
            <param index="12">
              <value>
                <![CDATA[Ja]]>
              </value>
            </param>
            <param index="13">
              <value>
                <![CDATA[Nein]]>
              </value>
            </param>
          </params>
          <reporter-output>
          </reporter-output>
        </test-method> <!-- TZPRegGNTest -->
        <test-method signature="TZPRegGNTest(java.lang.String, java.lang.String, java.lang.String, java.lang.String, java.lang.String, java.lang.String, java.lang.String, java.lang.String, java.lang.String, java.lang.String, java.lang.String, java.lang.String, java.lang.String, java.lang.String)[pri:0, instance:TopZinsPortal.TZPRegGN@6c64cb25]" started-at="2021-01-04T14:31:28 CET" name="TZPRegGNTest" data-provider="TZPRegGN" finished-at="2021-01-04T14:31:28 CET" duration-ms="1" status="PASS">
          <params>
            <param index="0">
              <value>
                <![CDATA[TZPRegGN-TF-009]]>
              </value>
            </param>
            <param index="1">
              <value>
                <![CDATA[Nein]]>
              </value>
            </param>
            <param index="2">
              <value>
                <![CDATA[Burk-GN-DGSVO]]>
              </value>
            </param>
            <param index="3">
              <value>
                <![CDATA[Herr]]>
              </value>
            </param>
            <param index="4">
              <value>
                <![CDATA[Dr.]]>
              </value>
            </param>
            <param index="5">
              <value>
                <![CDATA[Burk-GN-DGSVO Vorname]]>
              </value>
            </param>
            <param index="6">
              <value>
                <![CDATA[Burk-GN-DGSVO Nachname]]>
              </value>
            </param>
            <param index="7">
              <value>
                <![CDATA[0611 11 11 11]]>
              </value>
            </param>
            <param index="8">
              <value>
                <![CDATA[Burk-GN-DGSVO@forsa-gmbh.de]]>
              </value>
            </param>
            <param index="9">
              <value>
                <![CDATA[Burk-GN-DGSVO@forsa-gmbh.de]]>
              </value>
            </param>
            <param index="10">
              <value>
                <![CDATA[Test12345!]]>
              </value>
            </param>
            <param index="11">
              <value>
                <![CDATA[Ja]]>
              </value>
            </param>
            <param index="12">
              <value>
                <![CDATA[Ja]]>
              </value>
            </param>
            <param index="13">
              <value>
                <![CDATA[Nein]]>
              </value>
            </param>
          </params>
          <reporter-output>
          </reporter-output>
        </test-method> <!-- TZPRegGNTest -->
        <test-method signature="TZPRegGNTest(java.lang.String, java.lang.String, java.lang.String, java.lang.String, java.lang.String, java.lang.String, java.lang.String, java.lang.String, java.lang.String, java.lang.String, java.lang.String, java.lang.String, java.lang.String, java.lang.String)[pri:0, instance:TopZinsPortal.TZPRegGN@6c64cb25]" started-at="2021-01-04T14:31:28 CET" name="TZPRegGNTest" data-provider="TZPRegGN" finished-at="2021-01-04T14:31:28 CET" duration-ms="1" status="PASS">
          <params>
            <param index="0">
              <value>
                <![CDATA[TZPRegGN-TF-010]]>
              </value>
            </param>
            <param index="1">
              <value>
                <![CDATA[Nein]]>
              </value>
            </param>
            <param index="2">
              <value>
                <![CDATA[Burk-GN-DatenKomplett]]>
              </value>
            </param>
            <param index="3">
              <value>
                <![CDATA[Herr]]>
              </value>
            </param>
            <param index="4">
              <value>
                <![CDATA[]]>
              </value>
            </param>
            <param index="5">
              <value>
                <![CDATA[Burk-GN-DatenKomplett Vorname]]>
              </value>
            </param>
            <param index="6">
              <value>
                <![CDATA[Burk-GN-DatenKomplett Nachname]]>
              </value>
            </param>
            <param index="7">
              <value>
                <![CDATA[0611 11 11 11]]>
              </value>
            </param>
            <param index="8">
              <value>
                <![CDATA[Burk-GN-DatenKomplett@forsa-gmbh.de]]>
              </value>
            </param>
            <param index="9">
              <value>
                <![CDATA[Burk-GN-DatenKomplett@forsa-gmbh.de]]>
              </value>
            </param>
            <param index="10">
              <value>
                <![CDATA[Test12345!]]>
              </value>
            </param>
            <param index="11">
              <value>
                <![CDATA[Ja]]>
              </value>
            </param>
            <param index="12">
              <value>
                <![CDATA[Ja]]>
              </value>
            </param>
            <param index="13">
              <value>
                <![CDATA[Nein]]>
              </value>
            </param>
          </params>
          <reporter-output>
          </reporter-output>
        </test-method> <!-- TZPRegGNTest -->
        <test-method signature="TZPRegGNTest(java.lang.String, java.lang.String, java.lang.String, java.lang.String, java.lang.String, java.lang.String, java.lang.String, java.lang.String, java.lang.String, java.lang.String, java.lang.String, java.lang.String, java.lang.String, java.lang.String)[pri:0, instance:TopZinsPortal.TZPRegGN@6c64cb25]" started-at="2021-01-04T14:31:28 CET" name="TZPRegGNTest" data-provider="TZPRegGN" finished-at="2021-01-04T14:31:28 CET" duration-ms="1" status="PASS">
          <params>
            <param index="0">
              <value>
                <![CDATA[TZPRegGN-TF-011]]>
              </value>
            </param>
            <param index="1">
              <value>
                <![CDATA[Nein]]>
              </value>
            </param>
            <param index="2">
              <value>
                <![CDATA[Burk-GN-Handel]]>
              </value>
            </param>
            <param index="3">
              <value>
                <![CDATA[Herr]]>
              </value>
            </param>
            <param index="4">
              <value>
                <![CDATA[]]>
              </value>
            </param>
            <param index="5">
              <value>
                <![CDATA[Burk-GN-Handel Vorname]]>
              </value>
            </param>
            <param index="6">
              <value>
                <![CDATA[Burk-GN-Handel Nachname]]>
              </value>
            </param>
            <param index="7">
              <value>
                <![CDATA[0611 11 11 11]]>
              </value>
            </param>
            <param index="8">
              <value>
                <![CDATA[Burk-GN-Handel@forsa-gmbh.de]]>
              </value>
            </param>
            <param index="9">
              <value>
                <![CDATA[Burk-GN-Handel@forsa-gmbh.de]]>
              </value>
            </param>
            <param index="10">
              <value>
                <![CDATA[Test12345!]]>
              </value>
            </param>
            <param index="11">
              <value>
                <![CDATA[Ja]]>
              </value>
            </param>
            <param index="12">
              <value>
                <![CDATA[Ja]]>
              </value>
            </param>
            <param index="13">
              <value>
                <![CDATA[Nein]]>
              </value>
            </param>
          </params>
          <reporter-output>
          </reporter-output>
        </test-method> <!-- TZPRegGNTest -->
        <test-method signature="TZPRegGNTest(java.lang.String, java.lang.String, java.lang.String, java.lang.String, java.lang.String, java.lang.String, java.lang.String, java.lang.String, java.lang.String, java.lang.String, java.lang.String, java.lang.String, java.lang.String, java.lang.String)[pri:0, instance:TopZinsPortal.TZPRegGN@6c64cb25]" started-at="2021-01-04T14:31:28 CET" name="TZPRegGNTest" data-provider="TZPRegGN" finished-at="2021-01-04T14:31:28 CET" duration-ms="0" status="PASS">
          <params>
            <param index="0">
              <value>
                <![CDATA[TZPRegGN-TF-012]]>
              </value>
            </param>
            <param index="1">
              <value>
                <![CDATA[Nein]]>
              </value>
            </param>
            <param index="2">
              <value>
                <![CDATA[Burk-GN-Deaktiv]]>
              </value>
            </param>
            <param index="3">
              <value>
                <![CDATA[Herr]]>
              </value>
            </param>
            <param index="4">
              <value>
                <![CDATA[Dr.]]>
              </value>
            </param>
            <param index="5">
              <value>
                <![CDATA[Burk-GN-Deaktiv Vorname]]>
              </value>
            </param>
            <param index="6">
              <value>
                <![CDATA[Burk-GN-Deaktiv Nachname]]>
              </value>
            </param>
            <param index="7">
              <value>
                <![CDATA[06119738171]]>
              </value>
            </param>
            <param index="8">
              <value>
                <![CDATA[Burk-GN-Deaktiv@forsa-gmbh.de]]>
              </value>
            </param>
            <param index="9">
              <value>
                <![CDATA[Burk-GN-Deaktiv@forsa-gmbh.de]]>
              </value>
            </param>
            <param index="10">
              <value>
                <![CDATA[Test12345!]]>
              </value>
            </param>
            <param index="11">
              <value>
                <![CDATA[Ja]]>
              </value>
            </param>
            <param index="12">
              <value>
                <![CDATA[Ja]]>
              </value>
            </param>
            <param index="13">
              <value>
                <![CDATA[Nein]]>
              </value>
            </param>
          </params>
          <reporter-output>
          </reporter-output>
        </test-method> <!-- TZPRegGNTest -->
        <test-method signature="TZPRegGNTest(java.lang.String, java.lang.String, java.lang.String, java.lang.String, java.lang.String, java.lang.String, java.lang.String, java.lang.String, java.lang.String, java.lang.String, java.lang.String, java.lang.String, java.lang.String, java.lang.String)[pri:0, instance:TopZinsPortal.TZPRegGN@6c64cb25]" started-at="2021-01-04T14:31:28 CET" name="TZPRegGNTest" data-provider="TZPRegGN" finished-at="2021-01-04T14:31:28 CET" duration-ms="1" status="PASS">
          <params>
            <param index="0">
              <value>
                <![CDATA[TZPRegGN-TF-013]]>
              </value>
            </param>
            <param index="1">
              <value>
                <![CDATA[Nein]]>
              </value>
            </param>
            <param index="2">
              <value>
                <![CDATA[Burk-GN-Loeschen]]>
              </value>
            </param>
            <param index="3">
              <value>
                <![CDATA[Herr]]>
              </value>
            </param>
            <param index="4">
              <value>
                <![CDATA[Dr.]]>
              </value>
            </param>
            <param index="5">
              <value>
                <![CDATA[Burk-GN-Loeschen Vorname]]>
              </value>
            </param>
            <param index="6">
              <value>
                <![CDATA[Burk-GN-Loeschen Nachname]]>
              </value>
            </param>
            <param index="7">
              <value>
                <![CDATA[06119738171]]>
              </value>
            </param>
            <param index="8">
              <value>
                <![CDATA[Burk-GN-Loeschen@forsa-gmbh.de]]>
              </value>
            </param>
            <param index="9">
              <value>
                <![CDATA[Burk-GN-Loeschen@forsa-gmbh.de]]>
              </value>
            </param>
            <param index="10">
              <value>
                <![CDATA[Test12345!]]>
              </value>
            </param>
            <param index="11">
              <value>
                <![CDATA[Ja]]>
              </value>
            </param>
            <param index="12">
              <value>
                <![CDATA[Ja]]>
              </value>
            </param>
            <param index="13">
              <value>
                <![CDATA[Nein]]>
              </value>
            </param>
          </params>
          <reporter-output>
          </reporter-output>
        </test-method> <!-- TZPRegGNTest -->
        <test-method is-config="true" signature="BrowserTearDown()[pri:0, instance:TopZinsPortal.TZPRegGN@6c64cb25]" started-at="2021-01-04T14:31:28 CET" name="BrowserTearDown" finished-at="2021-01-04T14:31:33 CET" duration-ms="4284" status="PASS">
          <reporter-output>
          </reporter-output>
        </test-method> <!-- BrowserTearDown -->
      </class> <!-- TopZinsPortal.TZPRegGN -->
    </test> <!-- TZP-Registrierung-GN -->
    <test started-at="2021-01-04T14:31:33 CET" name="TZP-Login-GN" finished-at="2021-01-04T14:32:03 CET" duration-ms="30556">
      <class name="TopZinsPortal.TZPLoginGN">
        <test-method is-config="true" signature="SetupSeleniumTestdaten(java.lang.String)[pri:0, instance:TopZinsPortal.TZPLoginGN@747ddf94]" started-at="2021-01-04T14:31:33 CET" name="SetupSeleniumTestdaten" finished-at="2021-01-04T14:31:36 CET" duration-ms="3494" status="PASS">
          <params>
            <param index="0">
              <value>
                <![CDATA[Smoketest]]>
              </value>
            </param>
          </params>
          <reporter-output>
          </reporter-output>
        </test-method> <!-- SetupSeleniumTestdaten -->
        <test-method signature="TZPLoginGN(java.lang.String, java.lang.String, java.lang.String, java.lang.String, java.lang.String, java.lang.String, java.lang.String, java.lang.String, java.lang.String, java.lang.String, java.lang.String, java.lang.String, java.lang.String, java.lang.String, java.lang.String, java.lang.String, java.lang.String, java.lang.String, java.lang.String, java.lang.String, java.lang.String, java.lang.String, java.lang.String, java.lang.String, java.lang.String, java.lang.String, java.lang.String, java.lang.String, java.lang.String, java.lang.String, java.lang.String, java.lang.String, java.lang.String, java.lang.String)[pri:0, instance:TopZinsPortal.TZPLoginGN@747ddf94]" started-at="2021-01-04T14:31:36 CET" name="TZPLoginGN" data-provider="TZPStammGN" finished-at="2021-01-04T14:31:36 CET" duration-ms="1" status="PASS">
          <params>
            <param index="0">
              <value>
                <![CDATA[TZStammGN-TF-001]]>
              </value>
            </param>
            <param index="1">
              <value>
                <![CDATA[Nein]]>
              </value>
            </param>
            <param index="2">
              <value>
                <![CDATA[lidiia1@forsa.de]]>
              </value>
            </param>
            <param index="3">
              <value>
                <![CDATA[Test12345!]]>
              </value>
            </param>
            <param index="4">
              <value>
                <![CDATA[Lidiia-GN-DGSVO]]>
              </value>
            </param>
            <param index="5">
              <value>
                <![CDATA[54930084UKLVMY22DS16]]>
              </value>
            </param>
            <param index="6">
              <value>
                <![CDATA[Deutschland]]>
              </value>
            </param>
            <param index="7">
              <value>
                <![CDATA[www.google.de]]>
              </value>
            </param>
            <param index="8">
              <value>
                <![CDATA[ananchenko@forsa-gmbh.de]]>
              </value>
            </param>
            <param index="9">
              <value>
                <![CDATA[Am Großen Garten]]>
              </value>
            </param>
            <param index="10">
              <value>
                <![CDATA[12 d]]>
              </value>
            </param>
            <param index="11">
              <value>
                <![CDATA[65207]]>
              </value>
            </param>
            <param index="12">
              <value>
                <![CDATA[Wiesbaden]]>
              </value>
            </param>
            <param index="13">
              <value>
                <![CDATA[Adresszusatz]]>
              </value>
            </param>
            <param index="14">
              <value>
                <![CDATA[Ing Diba]]>
              </value>
            </param>
            <param index="15">
              <value>
                <![CDATA[INGDDEFFXXX]]>
              </value>
            </param>
            <param index="16">
              <value>
                <![CDATA[DE02500105170137075030 ]]>
              </value>
            </param>
            <param index="17">
              <value>
                <![CDATA[Ananchenko]]>
              </value>
            </param>
            <param index="18">
              <value>
                <![CDATA[Frau]]>
              </value>
            </param>
            <param index="19">
              <value>
                <![CDATA[Lidiia]]>
              </value>
            </param>
            <param index="20">
              <value>
                <![CDATA[06112787484]]>
              </value>
            </param>
            <param index="21">
              <value>
                <![CDATA[Prof.Dr.]]>
              </value>
            </param>
            <param index="22">
              <value>
                <![CDATA[Ananchenko]]>
              </value>
            </param>
            <param index="23">
              <value>
                <![CDATA[lidiia1@forsa.de]]>
              </value>
            </param>
            <param index="24">
              <value>
                <![CDATA[Private Banken]]>
              </value>
            </param>
            <param index="25">
              <value>
                <![CDATA[200000]]>
              </value>
            </param>
            <param index="26">
              <value>
                <![CDATA[10000]]>
              </value>
            </param>
            <param index="27">
              <value>
                <![CDATA[1000000000]]>
              </value>
            </param>
            <param index="28">
              <value>
                <![CDATA[Moody's]]>
              </value>
            </param>
            <param index="29">
              <value>
                <![CDATA[Aaa]]>
              </value>
            </param>
            <param index="30">
              <value>
                <![CDATA[S&P]]>
              </value>
            </param>
            <param index="31">
              <value>
                <![CDATA[AAA]]>
              </value>
            </param>
            <param index="32">
              <value>
                <![CDATA[Dieses Feld ist prefilled und ist nicht editierbar]]>
              </value>
            </param>
            <param index="33">
              <value>
                <![CDATA[01.01.1990]]>
              </value>
            </param>
          </params>
          <reporter-output>
          </reporter-output>
        </test-method> <!-- TZPLoginGN -->
        <test-method signature="TZPLoginGN(java.lang.String, java.lang.String, java.lang.String, java.lang.String, java.lang.String, java.lang.String, java.lang.String, java.lang.String, java.lang.String, java.lang.String, java.lang.String, java.lang.String, java.lang.String, java.lang.String, java.lang.String, java.lang.String, java.lang.String, java.lang.String, java.lang.String, java.lang.String, java.lang.String, java.lang.String, java.lang.String, java.lang.String, java.lang.String, java.lang.String, java.lang.String, java.lang.String, java.lang.String, java.lang.String, java.lang.String, java.lang.String, java.lang.String, java.lang.String)[pri:0, instance:TopZinsPortal.TZPLoginGN@747ddf94]" started-at="2021-01-04T14:31:36 CET" name="TZPLoginGN" data-provider="TZPStammGN" finished-at="2021-01-04T14:31:36 CET" duration-ms="1" status="PASS">
          <params>
            <param index="0">
              <value>
                <![CDATA[TZStammGN-TF-002]]>
              </value>
            </param>
            <param index="1">
              <value>
                <![CDATA[Nein]]>
              </value>
            </param>
            <param index="2">
              <value>
                <![CDATA[lidiia2@forsa.de]]>
              </value>
            </param>
            <param index="3">
              <value>
                <![CDATA[Test12345!]]>
              </value>
            </param>
            <param index="4">
              <value>
                <![CDATA[Lidiia-GN-DatenKomplett]]>
              </value>
            </param>
            <param index="5">
              <value>
                <![CDATA[54930084UKLVMY22DS16]]>
              </value>
            </param>
            <param index="6">
              <value>
                <![CDATA[Deutschland]]>
              </value>
            </param>
            <param index="7">
              <value>
                <![CDATA[www.online.de]]>
              </value>
            </param>
            <param index="8">
              <value>
                <![CDATA[lidaananchenko@ukr.net]]>
              </value>
            </param>
            <param index="9">
              <value>
                <![CDATA[Am Großen Garten]]>
              </value>
            </param>
            <param index="10">
              <value>
                <![CDATA[22-27]]>
              </value>
            </param>
            <param index="11">
              <value>
                <![CDATA[65207]]>
              </value>
            </param>
            <param index="12">
              <value>
                <![CDATA[Köln]]>
              </value>
            </param>
            <param index="13">
              <value>
                <![CDATA[Adresszusatz]]>
              </value>
            </param>
            <param index="14">
              <value>
                <![CDATA[Ing Diba]]>
              </value>
            </param>
            <param index="15">
              <value>
                <![CDATA[INGDDEFFXXX]]>
              </value>
            </param>
            <param index="16">
              <value>
                <![CDATA[DE02500105170137075030 ]]>
              </value>
            </param>
            <param index="17">
              <value>
                <![CDATA[Ananchenko]]>
              </value>
            </param>
            <param index="18">
              <value>
                <![CDATA[Frau]]>
              </value>
            </param>
            <param index="19">
              <value>
                <![CDATA[Lidiia]]>
              </value>
            </param>
            <param index="20">
              <value>
                <![CDATA[0611-451458]]>
              </value>
            </param>
            <param index="21">
              <value>
                <![CDATA[Prof.Dr.]]>
              </value>
            </param>
            <param index="22">
              <value>
                <![CDATA[Ananchenko]]>
              </value>
            </param>
            <param index="23">
              <value>
                <![CDATA[lidiia2@forsa.de]]>
              </value>
            </param>
            <param index="24">
              <value>
                <![CDATA[Private Banken]]>
              </value>
            </param>
            <param index="25">
              <value>
                <![CDATA[30000]]>
              </value>
            </param>
            <param index="26">
              <value>
                <![CDATA[20000]]>
              </value>
            </param>
            <param index="27">
              <value>
                <![CDATA[2000000000]]>
              </value>
            </param>
            <param index="28">
              <value>
                <![CDATA[Fitch]]>
              </value>
            </param>
            <param index="29">
              <value>
                <![CDATA[AAA]]>
              </value>
            </param>
            <param index="30">
              <value>
                <![CDATA[S&P]]>
              </value>
            </param>
            <param index="31">
              <value>
                <![CDATA[AAA]]>
              </value>
            </param>
            <param index="32">
              <value>
                <![CDATA[Dieses Feld ist prefilled und ist nicht editierbar]]>
              </value>
            </param>
            <param index="33">
              <value>
                <![CDATA[23.08.1968]]>
              </value>
            </param>
          </params>
          <reporter-output>
          </reporter-output>
        </test-method> <!-- TZPLoginGN -->
        <test-method signature="TZPLoginGN(java.lang.String, java.lang.String, java.lang.String, java.lang.String, java.lang.String, java.lang.String, java.lang.String, java.lang.String, java.lang.String, java.lang.String, java.lang.String, java.lang.String, java.lang.String, java.lang.String, java.lang.String, java.lang.String, java.lang.String, java.lang.String, java.lang.String, java.lang.String, java.lang.String, java.lang.String, java.lang.String, java.lang.String, java.lang.String, java.lang.String, java.lang.String, java.lang.String, java.lang.String, java.lang.String, java.lang.String, java.lang.String, java.lang.String, java.lang.String)[pri:0, instance:TopZinsPortal.TZPLoginGN@747ddf94]" started-at="2021-01-04T14:31:36 CET" name="TZPLoginGN" data-provider="TZPStammGN" finished-at="2021-01-04T14:31:36 CET" duration-ms="1" status="PASS">
          <params>
            <param index="0">
              <value>
                <![CDATA[TZStammGN-TF-003]]>
              </value>
            </param>
            <param index="1">
              <value>
                <![CDATA[Nein]]>
              </value>
            </param>
            <param index="2">
              <value>
                <![CDATA[lidiia3@forsa.de]]>
              </value>
            </param>
            <param index="3">
              <value>
                <![CDATA[Test12345!]]>
              </value>
            </param>
            <param index="4">
              <value>
                <![CDATA[Lidiia-GN-Handel]]>
              </value>
            </param>
            <param index="5">
              <value>
                <![CDATA[54930084UKLVMY22DS16]]>
              </value>
            </param>
            <param index="6">
              <value>
                <![CDATA[Deutschland]]>
              </value>
            </param>
            <param index="7">
              <value>
                <![CDATA[www.forsa.de]]>
              </value>
            </param>
            <param index="8">
              <value>
                <![CDATA[lidaananchenko58@gmail.com]]>
              </value>
            </param>
            <param index="9">
              <value>
                <![CDATA[Am Großen Garten]]>
              </value>
            </param>
            <param index="10">
              <value>
                <![CDATA[389]]>
              </value>
            </param>
            <param index="11">
              <value>
                <![CDATA[1234]]>
              </value>
            </param>
            <param index="12">
              <value>
                <![CDATA[Tirol]]>
              </value>
            </param>
            <param index="13">
              <value>
                <![CDATA[Adresszusatz]]>
              </value>
            </param>
            <param index="14">
              <value>
                <![CDATA[Ing Diba]]>
              </value>
            </param>
            <param index="15">
              <value>
                <![CDATA[INGDDEFFXXX]]>
              </value>
            </param>
            <param index="16">
              <value>
                <![CDATA[DE02500105170137075030 ]]>
              </value>
            </param>
            <param index="17">
              <value>
                <![CDATA[Ananchenko]]>
              </value>
            </param>
            <param index="18">
              <value>
                <![CDATA[Frau]]>
              </value>
            </param>
            <param index="19">
              <value>
                <![CDATA[Lidiia]]>
              </value>
            </param>
            <param index="20">
              <value>
                <![CDATA[0611-451458]]>
              </value>
            </param>
            <param index="21">
              <value>
                <![CDATA[Prof.Dr.]]>
              </value>
            </param>
            <param index="22">
              <value>
                <![CDATA[Ananchenko]]>
              </value>
            </param>
            <param index="23">
              <value>
                <![CDATA[lidiia3@forsa.de]]>
              </value>
            </param>
            <param index="24">
              <value>
                <![CDATA[Private Banken]]>
              </value>
            </param>
            <param index="25">
              <value>
                <![CDATA[400000]]>
              </value>
            </param>
            <param index="26">
              <value>
                <![CDATA[30000]]>
              </value>
            </param>
            <param index="27">
              <value>
                <![CDATA[3000000000]]>
              </value>
            </param>
            <param index="28">
              <value>
                <![CDATA[ICV]]>
              </value>
            </param>
            <param index="29">
              <value>
                <![CDATA[AAA]]>
              </value>
            </param>
            <param index="30">
              <value>
                <![CDATA[S&P]]>
              </value>
            </param>
            <param index="31">
              <value>
                <![CDATA[AAA]]>
              </value>
            </param>
            <param index="32">
              <value>
                <![CDATA[Dieses Feld ist prefilled und ist nicht editierbar]]>
              </value>
            </param>
            <param index="33">
              <value>
                <![CDATA[23.08.1968]]>
              </value>
            </param>
          </params>
          <reporter-output>
          </reporter-output>
        </test-method> <!-- TZPLoginGN -->
        <test-method signature="TZPLoginGN(java.lang.String, java.lang.String, java.lang.String, java.lang.String, java.lang.String, java.lang.String, java.lang.String, java.lang.String, java.lang.String, java.lang.String, java.lang.String, java.lang.String, java.lang.String, java.lang.String, java.lang.String, java.lang.String, java.lang.String, java.lang.String, java.lang.String, java.lang.String, java.lang.String, java.lang.String, java.lang.String, java.lang.String, java.lang.String, java.lang.String, java.lang.String, java.lang.String, java.lang.String, java.lang.String, java.lang.String, java.lang.String, java.lang.String, java.lang.String)[pri:0, instance:TopZinsPortal.TZPLoginGN@747ddf94]" started-at="2021-01-04T14:31:36 CET" name="TZPLoginGN" data-provider="TZPStammGN" finished-at="2021-01-04T14:31:36 CET" duration-ms="1" status="PASS">
          <params>
            <param index="0">
              <value>
                <![CDATA[TZStammGN-TF-004]]>
              </value>
            </param>
            <param index="1">
              <value>
                <![CDATA[Nein]]>
              </value>
            </param>
            <param index="2">
              <value>
                <![CDATA[BHDR-GN-DGSVO@forsa-gmbh.de]]>
              </value>
            </param>
            <param index="3">
              <value>
                <![CDATA[Test12345!]]>
              </value>
            </param>
            <param index="4">
              <value>
                <![CDATA[BHDR-GN-DGSVO]]>
              </value>
            </param>
            <param index="5">
              <value>
                <![CDATA[54930084UKLVMY22DS16]]>
              </value>
            </param>
            <param index="6">
              <value>
                <![CDATA[Deutschland]]>
              </value>
            </param>
            <param index="7">
              <value>
                <![CDATA[www.google.de]]>
              </value>
            </param>
            <param index="8">
              <value>
                <![CDATA[BHDR-GN-DGSVO@forsa-gmbh.de]]>
              </value>
            </param>
            <param index="9">
              <value>
                <![CDATA[Am Großen Garten]]>
              </value>
            </param>
            <param index="10">
              <value>
                <![CDATA[12 d]]>
              </value>
            </param>
            <param index="11">
              <value>
                <![CDATA[65207]]>
              </value>
            </param>
            <param index="12">
              <value>
                <![CDATA[Wiesbaden]]>
              </value>
            </param>
            <param index="13">
              <value>
                <![CDATA[Adresszusatz]]>
              </value>
            </param>
            <param index="14">
              <value>
                <![CDATA[Ing Diba]]>
              </value>
            </param>
            <param index="15">
              <value>
                <![CDATA[INGDDEFFXXX]]>
              </value>
            </param>
            <param index="16">
              <value>
                <![CDATA[DE02500105170137075030 ]]>
              </value>
            </param>
            <param index="17">
              <value>
                <![CDATA[BHDR-GN-DGSVO]]>
              </value>
            </param>
            <param index="18">
              <value>
                <![CDATA[Frau]]>
              </value>
            </param>
            <param index="19">
              <value>
                <![CDATA[Lidiia]]>
              </value>
            </param>
            <param index="20">
              <value>
                <![CDATA[06112787484]]>
              </value>
            </param>
            <param index="21">
              <value>
                <![CDATA[Prof.Dr.]]>
              </value>
            </param>
            <param index="22">
              <value>
                <![CDATA[Ananchenko]]>
              </value>
            </param>
            <param index="23">
              <value>
                <![CDATA[BHDR-GN-DGSVO@forsa-gmbh.de]]>
              </value>
            </param>
            <param index="24">
              <value>
                <![CDATA[Private Banken]]>
              </value>
            </param>
            <param index="25">
              <value>
                <![CDATA[100000]]>
              </value>
            </param>
            <param index="26">
              <value>
                <![CDATA[10000]]>
              </value>
            </param>
            <param index="27">
              <value>
                <![CDATA[1000000000]]>
              </value>
            </param>
            <param index="28">
              <value>
                <![CDATA[Moody\'s]]>
              </value>
            </param>
            <param index="29">
              <value>
                <![CDATA[Aaa]]>
              </value>
            </param>
            <param index="30">
              <value>
                <![CDATA[S&P]]>
              </value>
            </param>
            <param index="31">
              <value>
                <![CDATA[AAA]]>
              </value>
            </param>
            <param index="32">
              <value>
                <![CDATA[Dieses Feld ist prefilled und ist nicht editierbar]]>
              </value>
            </param>
            <param index="33">
              <value>
                <![CDATA[01.01.1990]]>
              </value>
            </param>
          </params>
          <reporter-output>
          </reporter-output>
        </test-method> <!-- TZPLoginGN -->
        <test-method signature="TZPLoginGN(java.lang.String, java.lang.String, java.lang.String, java.lang.String, java.lang.String, java.lang.String, java.lang.String, java.lang.String, java.lang.String, java.lang.String, java.lang.String, java.lang.String, java.lang.String, java.lang.String, java.lang.String, java.lang.String, java.lang.String, java.lang.String, java.lang.String, java.lang.String, java.lang.String, java.lang.String, java.lang.String, java.lang.String, java.lang.String, java.lang.String, java.lang.String, java.lang.String, java.lang.String, java.lang.String, java.lang.String, java.lang.String, java.lang.String, java.lang.String)[pri:0, instance:TopZinsPortal.TZPLoginGN@747ddf94]" started-at="2021-01-04T14:31:36 CET" name="TZPLoginGN" data-provider="TZPStammGN" finished-at="2021-01-04T14:31:48 CET" duration-ms="11686" status="PASS">
          <params>
            <param index="0">
              <value>
                <![CDATA[TZStammGN-TF-005]]>
              </value>
            </param>
            <param index="1">
              <value>
                <![CDATA[Ja]]>
              </value>
            </param>
            <param index="2">
              <value>
                <![CDATA[BHDR-GN-DatenKomplett@forsa-gmbh.de]]>
              </value>
            </param>
            <param index="3">
              <value>
                <![CDATA[Test12345!]]>
              </value>
            </param>
            <param index="4">
              <value>
                <![CDATA[BHDR-GN-DatenKomplett]]>
              </value>
            </param>
            <param index="5">
              <value>
                <![CDATA[54930084UKLVMY22DS16]]>
              </value>
            </param>
            <param index="6">
              <value>
                <![CDATA[Deutschland]]>
              </value>
            </param>
            <param index="7">
              <value>
                <![CDATA[www.online.de]]>
              </value>
            </param>
            <param index="8">
              <value>
                <![CDATA[BHDR-GN-DatenKomplett@forsa-gmbh.de]]>
              </value>
            </param>
            <param index="9">
              <value>
                <![CDATA[Am Großen Garten]]>
              </value>
            </param>
            <param index="10">
              <value>
                <![CDATA[22-27]]>
              </value>
            </param>
            <param index="11">
              <value>
                <![CDATA[65207]]>
              </value>
            </param>
            <param index="12">
              <value>
                <![CDATA[Köln]]>
              </value>
            </param>
            <param index="13">
              <value>
                <![CDATA[Adresszusatz]]>
              </value>
            </param>
            <param index="14">
              <value>
                <![CDATA[Ing Diba]]>
              </value>
            </param>
            <param index="15">
              <value>
                <![CDATA[INGDDEFFXXX]]>
              </value>
            </param>
            <param index="16">
              <value>
                <![CDATA[DE02500105170137075030 ]]>
              </value>
            </param>
            <param index="17">
              <value>
                <![CDATA[BHDR-GN-DatenKomplett]]>
              </value>
            </param>
            <param index="18">
              <value>
                <![CDATA[Herr]]>
              </value>
            </param>
            <param index="19">
              <value>
                <![CDATA[Bahadir]]>
              </value>
            </param>
            <param index="20">
              <value>
                <![CDATA[0611-451458]]>
              </value>
            </param>
            <param index="21">
              <value>
                <![CDATA[Prof.Dr.]]>
              </value>
            </param>
            <param index="22">
              <value>
                <![CDATA[Dikmen]]>
              </value>
            </param>
            <param index="23">
              <value>
                <![CDATA[BHDR-GN-DatenKomplett@forsa-gmbh.de]]>
              </value>
            </param>
            <param index="24">
              <value>
                <![CDATA[Private Banken]]>
              </value>
            </param>
            <param index="25">
              <value>
                <![CDATA[200000]]>
              </value>
            </param>
            <param index="26">
              <value>
                <![CDATA[20000]]>
              </value>
            </param>
            <param index="27">
              <value>
                <![CDATA[2000000000]]>
              </value>
            </param>
            <param index="28">
              <value>
                <![CDATA[Fitch]]>
              </value>
            </param>
            <param index="29">
              <value>
                <![CDATA[AAA]]>
              </value>
            </param>
            <param index="30">
              <value>
                <![CDATA[S&P]]>
              </value>
            </param>
            <param index="31">
              <value>
                <![CDATA[AAA]]>
              </value>
            </param>
            <param index="32">
              <value>
                <![CDATA[Dieses Feld ist prefilled und ist nicht editierbar]]>
              </value>
            </param>
            <param index="33">
              <value>
                <![CDATA[23.08.1968]]>
              </value>
            </param>
          </params>
          <reporter-output>
          </reporter-output>
        </test-method> <!-- TZPLoginGN -->
        <test-method signature="TZPLoginGN(java.lang.String, java.lang.String, java.lang.String, java.lang.String, java.lang.String, java.lang.String, java.lang.String, java.lang.String, java.lang.String, java.lang.String, java.lang.String, java.lang.String, java.lang.String, java.lang.String, java.lang.String, java.lang.String, java.lang.String, java.lang.String, java.lang.String, java.lang.String, java.lang.String, java.lang.String, java.lang.String, java.lang.String, java.lang.String, java.lang.String, java.lang.String, java.lang.String, java.lang.String, java.lang.String, java.lang.String, java.lang.String, java.lang.String, java.lang.String)[pri:0, instance:TopZinsPortal.TZPLoginGN@747ddf94]" started-at="2021-01-04T14:31:48 CET" name="TZPLoginGN" data-provider="TZPStammGN" finished-at="2021-01-04T14:31:59 CET" duration-ms="10876" status="PASS">
          <params>
            <param index="0">
              <value>
                <![CDATA[TZStammGN-TF-006]]>
              </value>
            </param>
            <param index="1">
              <value>
                <![CDATA[Ja]]>
              </value>
            </param>
            <param index="2">
              <value>
                <![CDATA[BHDR-GN-Handel@forsa-gmbh.de]]>
              </value>
            </param>
            <param index="3">
              <value>
                <![CDATA[Test12345!]]>
              </value>
            </param>
            <param index="4">
              <value>
                <![CDATA[BHDR-GN-Handel]]>
              </value>
            </param>
            <param index="5">
              <value>
                <![CDATA[54930084UKLVMY22DS16]]>
              </value>
            </param>
            <param index="6">
              <value>
                <![CDATA[Deutschland]]>
              </value>
            </param>
            <param index="7">
              <value>
                <![CDATA[www.forsa.de]]>
              </value>
            </param>
            <param index="8">
              <value>
                <![CDATA[BHDR-GN-Handel@forsa-gmbh.de]]>
              </value>
            </param>
            <param index="9">
              <value>
                <![CDATA[Am Großen Garten]]>
              </value>
            </param>
            <param index="10">
              <value>
                <![CDATA[389]]>
              </value>
            </param>
            <param index="11">
              <value>
                <![CDATA[12345]]>
              </value>
            </param>
            <param index="12">
              <value>
                <![CDATA[Frankfurt]]>
              </value>
            </param>
            <param index="13">
              <value>
                <![CDATA[Adresszusatz]]>
              </value>
            </param>
            <param index="14">
              <value>
                <![CDATA[Ing Diba]]>
              </value>
            </param>
            <param index="15">
              <value>
                <![CDATA[INGDDEFFXXX]]>
              </value>
            </param>
            <param index="16">
              <value>
                <![CDATA[DE02500105170137075030 ]]>
              </value>
            </param>
            <param index="17">
              <value>
                <![CDATA[BHDR-GN-Handel]]>
              </value>
            </param>
            <param index="18">
              <value>
                <![CDATA[Herr]]>
              </value>
            </param>
            <param index="19">
              <value>
                <![CDATA[Bahadir]]>
              </value>
            </param>
            <param index="20">
              <value>
                <![CDATA[0611-451458]]>
              </value>
            </param>
            <param index="21">
              <value>
                <![CDATA[Prof.Dr.]]>
              </value>
            </param>
            <param index="22">
              <value>
                <![CDATA[Dikmen]]>
              </value>
            </param>
            <param index="23">
              <value>
                <![CDATA[BHDR-GN-Handel@forsa-gmbh.de]]>
              </value>
            </param>
            <param index="24">
              <value>
                <![CDATA[Private Banken]]>
              </value>
            </param>
            <param index="25">
              <value>
                <![CDATA[300000]]>
              </value>
            </param>
            <param index="26">
              <value>
                <![CDATA[30000]]>
              </value>
            </param>
            <param index="27">
              <value>
                <![CDATA[3000000000]]>
              </value>
            </param>
            <param index="28">
              <value>
                <![CDATA[ICV]]>
              </value>
            </param>
            <param index="29">
              <value>
                <![CDATA[AAA]]>
              </value>
            </param>
            <param index="30">
              <value>
                <![CDATA[S&P]]>
              </value>
            </param>
            <param index="31">
              <value>
                <![CDATA[AAA]]>
              </value>
            </param>
            <param index="32">
              <value>
                <![CDATA[Dieses Feld ist prefilled und ist nicht editierbar]]>
              </value>
            </param>
            <param index="33">
              <value>
                <![CDATA[23.08.1968]]>
              </value>
            </param>
          </params>
          <reporter-output>
          </reporter-output>
        </test-method> <!-- TZPLoginGN -->
        <test-method signature="TZPLoginGN(java.lang.String, java.lang.String, java.lang.String, java.lang.String, java.lang.String, java.lang.String, java.lang.String, java.lang.String, java.lang.String, java.lang.String, java.lang.String, java.lang.String, java.lang.String, java.lang.String, java.lang.String, java.lang.String, java.lang.String, java.lang.String, java.lang.String, java.lang.String, java.lang.String, java.lang.String, java.lang.String, java.lang.String, java.lang.String, java.lang.String, java.lang.String, java.lang.String, java.lang.String, java.lang.String, java.lang.String, java.lang.String, java.lang.String, java.lang.String)[pri:0, instance:TopZinsPortal.TZPLoginGN@747ddf94]" started-at="2021-01-04T14:31:59 CET" name="TZPLoginGN" data-provider="TZPStammGN" finished-at="2021-01-04T14:31:59 CET" duration-ms="1" status="PASS">
          <params>
            <param index="0">
              <value>
                <![CDATA[TZStammGN-TF-007]]>
              </value>
            </param>
            <param index="1">
              <value>
                <![CDATA[Nein]]>
              </value>
            </param>
            <param index="2">
              <value>
                <![CDATA[Burk-GN-DatenKomplett@forsa-gmbh.de]]>
              </value>
            </param>
            <param index="3">
              <value>
                <![CDATA[Test12345!]]>
              </value>
            </param>
            <param index="4">
              <value>
                <![CDATA[Burk-GN-DatenKomplett]]>
              </value>
            </param>
            <param index="5">
              <value>
                <![CDATA[54930084UKLVMY22DS16]]>
              </value>
            </param>
            <param index="6">
              <value>
                <![CDATA[Deutschland]]>
              </value>
            </param>
            <param index="7">
              <value>
                <![CDATA[www.forsa.de]]>
              </value>
            </param>
            <param index="8">
              <value>
                <![CDATA[Burk-GN-DatenKomplett@forsa-gmbh.de]]>
              </value>
            </param>
            <param index="9">
              <value>
                <![CDATA[Am Großen Garten]]>
              </value>
            </param>
            <param index="10">
              <value>
                <![CDATA[22-27]]>
              </value>
            </param>
            <param index="11">
              <value>
                <![CDATA[65207]]>
              </value>
            </param>
            <param index="12">
              <value>
                <![CDATA[Köln]]>
              </value>
            </param>
            <param index="13">
              <value>
                <![CDATA[Adresszusatz]]>
              </value>
            </param>
            <param index="14">
              <value>
                <![CDATA[Ing Diba]]>
              </value>
            </param>
            <param index="15">
              <value>
                <![CDATA[INGDDEFFXXX]]>
              </value>
            </param>
            <param index="16">
              <value>
                <![CDATA[DE02500105170137075030 ]]>
              </value>
            </param>
            <param index="17">
              <value>
                <![CDATA[Burk-GN-DatenKomplett]]>
              </value>
            </param>
            <param index="18">
              <value>
                <![CDATA[Herr]]>
              </value>
            </param>
            <param index="19">
              <value>
                <![CDATA[Burkhard]]>
              </value>
            </param>
            <param index="20">
              <value>
                <![CDATA[0611-451458]]>
              </value>
            </param>
            <param index="21">
              <value>
                <![CDATA[Prof.Dr.]]>
              </value>
            </param>
            <param index="22">
              <value>
                <![CDATA[Sturm]]>
              </value>
            </param>
            <param index="23">
              <value>
                <![CDATA[Burk-GN-DatenKomplett@forsa-gmbh.de]]>
              </value>
            </param>
            <param index="24">
              <value>
                <![CDATA[Private Banken]]>
              </value>
            </param>
            <param index="25">
              <value>
                <![CDATA[200000]]>
              </value>
            </param>
            <param index="26">
              <value>
                <![CDATA[20000]]>
              </value>
            </param>
            <param index="27">
              <value>
                <![CDATA[2000000000]]>
              </value>
            </param>
            <param index="28">
              <value>
                <![CDATA[Fitch]]>
              </value>
            </param>
            <param index="29">
              <value>
                <![CDATA[AAA]]>
              </value>
            </param>
            <param index="30">
              <value>
                <![CDATA[S&P]]>
              </value>
            </param>
            <param index="31">
              <value>
                <![CDATA[AAA]]>
              </value>
            </param>
            <param index="32">
              <value>
                <![CDATA[Dieses Feld ist prefilled und ist nicht editierbar]]>
              </value>
            </param>
            <param index="33">
              <value>
                <![CDATA[01.01.1990]]>
              </value>
            </param>
          </params>
          <reporter-output>
          </reporter-output>
        </test-method> <!-- TZPLoginGN -->
        <test-method signature="TZPLoginGN(java.lang.String, java.lang.String, java.lang.String, java.lang.String, java.lang.String, java.lang.String, java.lang.String, java.lang.String, java.lang.String, java.lang.String, java.lang.String, java.lang.String, java.lang.String, java.lang.String, java.lang.String, java.lang.String, java.lang.String, java.lang.String, java.lang.String, java.lang.String, java.lang.String, java.lang.String, java.lang.String, java.lang.String, java.lang.String, java.lang.String, java.lang.String, java.lang.String, java.lang.String, java.lang.String, java.lang.String, java.lang.String, java.lang.String, java.lang.String)[pri:0, instance:TopZinsPortal.TZPLoginGN@747ddf94]" started-at="2021-01-04T14:31:59 CET" name="TZPLoginGN" data-provider="TZPStammGN" finished-at="2021-01-04T14:31:59 CET" duration-ms="0" status="PASS">
          <params>
            <param index="0">
              <value>
                <![CDATA[TZStammGN-TF-008]]>
              </value>
            </param>
            <param index="1">
              <value>
                <![CDATA[Nein]]>
              </value>
            </param>
            <param index="2">
              <value>
                <![CDATA[Burk-GN-Handel@forsa-gmbh.de]]>
              </value>
            </param>
            <param index="3">
              <value>
                <![CDATA[Test12345!]]>
              </value>
            </param>
            <param index="4">
              <value>
                <![CDATA[Burk-GN-Handel]]>
              </value>
            </param>
            <param index="5">
              <value>
                <![CDATA[54930084UKLVMY22DS16]]>
              </value>
            </param>
            <param index="6">
              <value>
                <![CDATA[Deutschland]]>
              </value>
            </param>
            <param index="7">
              <value>
                <![CDATA[www.forsa.de]]>
              </value>
            </param>
            <param index="8">
              <value>
                <![CDATA[Burk-GN-Handel@forsa-gmbh.de]]>
              </value>
            </param>
            <param index="9">
              <value>
                <![CDATA[Am Großen Garten]]>
              </value>
            </param>
            <param index="10">
[...]
              <value>
                <![CDATA[BHDR-GG-Deaktiv]]>
              </value>
            </param>
            <param index="7">
              <value>
                <![CDATA[INAKTIV]]>
              </value>
            </param>
          </params>
          <reporter-output>
          </reporter-output>
        </test-method> <!-- TZPAdminUserLoeschenTest -->
        <test-method signature="TZPAdminUserLoeschenTest(java.lang.String, java.lang.String, java.lang.String, java.lang.String, java.lang.String, java.lang.String, java.lang.String, java.lang.String)[pri:0, instance:TopZinsPortal.TZPAdminUserLoeschen@2a4fb17b]" started-at="2021-01-04T14:35:21 CET" name="TZPAdminUserLoeschenTest" data-provider="TZPAdminLoeschen" finished-at="2021-01-04T14:35:21 CET" duration-ms="1" status="PASS">
          <params>
            <param index="0">
              <value>
                <![CDATA[TZPAdminLoeschen-TF-003]]>
              </value>
            </param>
            <param index="1">
              <value>
                <![CDATA[Nein]]>
              </value>
            </param>
            <param index="2">
              <value>
                <![CDATA[Admintest@forsa-gmbh.de]]>
              </value>
            </param>
            <param index="3">
              <value>
                <![CDATA[Test12345!]]>
              </value>
            </param>
            <param index="4">
              <value>
                <![CDATA[INAKTIV]]>
              </value>
            </param>
            <param index="5">
              <value>
                <![CDATA[100]]>
              </value>
            </param>
            <param index="6">
              <value>
                <![CDATA[BHDR-GG-Loeschen]]>
              </value>
            </param>
            <param index="7">
              <value>
                <![CDATA[INAKTIV]]>
              </value>
            </param>
          </params>
          <reporter-output>
          </reporter-output>
        </test-method> <!-- TZPAdminUserLoeschenTest -->
        <test-method signature="TZPAdminUserLoeschenTest(java.lang.String, java.lang.String, java.lang.String, java.lang.String, java.lang.String, java.lang.String, java.lang.String, java.lang.String)[pri:0, instance:TopZinsPortal.TZPAdminUserLoeschen@2a4fb17b]" started-at="2021-01-04T14:35:21 CET" name="TZPAdminUserLoeschenTest" data-provider="TZPAdminLoeschen" finished-at="2021-01-04T14:35:34 CET" duration-ms="13207" status="PASS">
          <params>
            <param index="0">
              <value>
                <![CDATA[TZPAdminLoeschen-TF-004]]>
              </value>
            </param>
            <param index="1">
              <value>
                <![CDATA[Ja]]>
              </value>
            </param>
            <param index="2">
              <value>
                <![CDATA[Admintest@forsa-gmbh.de]]>
              </value>
            </param>
            <param index="3">
              <value>
                <![CDATA[Test12345!]]>
              </value>
            </param>
            <param index="4">
              <value>
                <![CDATA[INAKTIV]]>
              </value>
            </param>
            <param index="5">
              <value>
                <![CDATA[100]]>
              </value>
            </param>
            <param index="6">
              <value>
                <![CDATA[BHDR-GN-Loeschen]]>
              </value>
            </param>
            <param index="7">
              <value>
                <![CDATA[INAKTIV]]>
              </value>
            </param>
          </params>
          <reporter-output>
          </reporter-output>
        </test-method> <!-- TZPAdminUserLoeschenTest -->
        <test-method signature="TZPAdminUserLoeschenTest(java.lang.String, java.lang.String, java.lang.String, java.lang.String, java.lang.String, java.lang.String, java.lang.String, java.lang.String)[pri:0, instance:TopZinsPortal.TZPAdminUserLoeschen@2a4fb17b]" started-at="2021-01-04T14:35:34 CET" name="TZPAdminUserLoeschenTest" data-provider="TZPAdminLoeschen" finished-at="2021-01-04T14:35:34 CET" duration-ms="0" status="PASS">
          <params>
            <param index="0">
              <value>
                <![CDATA[TZPAdminLoeschen-TF-005]]>
              </value>
            </param>
            <param index="1">
              <value>
                <![CDATA[Nein]]>
              </value>
            </param>
            <param index="2">
              <value>
                <![CDATA[topzins@forsa-gmbh.de]]>
              </value>
            </param>
            <param index="3">
              <value>
                <![CDATA[phaiweighui%Joteghe6]]>
              </value>
            </param>
            <param index="4">
              <value>
                <![CDATA[OHNE HANDELSBERECHTIGUNG]]>
              </value>
            </param>
            <param index="5">
              <value>
                <![CDATA[100]]>
              </value>
            </param>
            <param index="6">
              <value>
                <![CDATA[BHDR-GG-DGSVO]]>
              </value>
            </param>
            <param index="7">
              <value>
                <![CDATA[INAKTIV]]>
              </value>
            </param>
          </params>
          <reporter-output>
          </reporter-output>
        </test-method> <!-- TZPAdminUserLoeschenTest -->
        <test-method signature="TZPAdminUserLoeschenTest(java.lang.String, java.lang.String, java.lang.String, java.lang.String, java.lang.String, java.lang.String, java.lang.String, java.lang.String)[pri:0, instance:TopZinsPortal.TZPAdminUserLoeschen@2a4fb17b]" started-at="2021-01-04T14:35:34 CET" name="TZPAdminUserLoeschenTest" data-provider="TZPAdminLoeschen" finished-at="2021-01-04T14:35:34 CET" duration-ms="1" status="PASS">
          <params>
            <param index="0">
              <value>
                <![CDATA[TZPAdminLoeschen-TF-006]]>
              </value>
            </param>
            <param index="1">
              <value>
                <![CDATA[Nein]]>
              </value>
            </param>
            <param index="2">
              <value>
                <![CDATA[topzins@forsa-gmbh.de]]>
              </value>
            </param>
            <param index="3">
              <value>
                <![CDATA[phaiweighui%Joteghe6]]>
              </value>
            </param>
            <param index="4">
              <value>
                <![CDATA[BEREIT FÜR HANDELSBERECHTIGUNG]]>
              </value>
            </param>
            <param index="5">
              <value>
                <![CDATA[100]]>
              </value>
            </param>
            <param index="6">
              <value>
                <![CDATA[BHDR-GG-DatenKomplett]]>
              </value>
            </param>
            <param index="7">
              <value>
                <![CDATA[INAKTIV]]>
              </value>
            </param>
          </params>
          <reporter-output>
          </reporter-output>
        </test-method> <!-- TZPAdminUserLoeschenTest -->
        <test-method signature="TZPAdminUserLoeschenTest(java.lang.String, java.lang.String, java.lang.String, java.lang.String, java.lang.String, java.lang.String, java.lang.String, java.lang.String)[pri:0, instance:TopZinsPortal.TZPAdminUserLoeschen@2a4fb17b]" started-at="2021-01-04T14:35:34 CET" name="TZPAdminUserLoeschenTest" data-provider="TZPAdminLoeschen" finished-at="2021-01-04T14:35:34 CET" duration-ms="1" status="PASS">
          <params>
            <param index="0">
              <value>
                <![CDATA[TZPAdminLoeschen-TF-007]]>
              </value>
            </param>
            <param index="1">
              <value>
                <![CDATA[Nein]]>
              </value>
            </param>
            <param index="2">
              <value>
                <![CDATA[topzins@forsa-gmbh.de]]>
              </value>
            </param>
            <param index="3">
              <value>
                <![CDATA[phaiweighui%Joteghe6]]>
              </value>
            </param>
            <param index="4">
              <value>
                <![CDATA[MIT HANDELSBERECHTIGUNG]]>
              </value>
            </param>
            <param index="5">
              <value>
                <![CDATA[100]]>
              </value>
            </param>
            <param index="6">
              <value>
                <![CDATA[BHDR-GG-Handel]]>
              </value>
            </param>
            <param index="7">
              <value>
                <![CDATA[INAKTIV]]>
              </value>
            </param>
          </params>
          <reporter-output>
          </reporter-output>
        </test-method> <!-- TZPAdminUserLoeschenTest -->
        <test-method signature="TZPAdminUserLoeschenTest(java.lang.String, java.lang.String, java.lang.String, java.lang.String, java.lang.String, java.lang.String, java.lang.String, java.lang.String)[pri:0, instance:TopZinsPortal.TZPAdminUserLoeschen@2a4fb17b]" started-at="2021-01-04T14:35:34 CET" name="TZPAdminUserLoeschenTest" data-provider="TZPAdminLoeschen" finished-at="2021-01-04T14:35:34 CET" duration-ms="0" status="PASS">
          <params>
            <param index="0">
              <value>
                <![CDATA[TZPAdminLoeschen-TF-008]]>
              </value>
            </param>
            <param index="1">
              <value>
                <![CDATA[Nein]]>
              </value>
            </param>
            <param index="2">
              <value>
                <![CDATA[Admintest@forsa-gmbh.de]]>
              </value>
            </param>
            <param index="3">
              <value>
                <![CDATA[Test12345!]]>
              </value>
            </param>
            <param index="4">
              <value>
                <![CDATA[INAKTIV]]>
              </value>
            </param>
            <param index="5">
              <value>
                <![CDATA[100]]>
              </value>
            </param>
            <param index="6">
              <value>
                <![CDATA[Burk-GG-Loeschen]]>
              </value>
            </param>
            <param index="7">
              <value>
                <![CDATA[INAKTIV]]>
              </value>
            </param>
          </params>
          <reporter-output>
          </reporter-output>
        </test-method> <!-- TZPAdminUserLoeschenTest -->
        <test-method signature="TZPAdminUserLoeschenTest(java.lang.String, java.lang.String, java.lang.String, java.lang.String, java.lang.String, java.lang.String, java.lang.String, java.lang.String)[pri:0, instance:TopZinsPortal.TZPAdminUserLoeschen@2a4fb17b]" started-at="2021-01-04T14:35:34 CET" name="TZPAdminUserLoeschenTest" data-provider="TZPAdminLoeschen" finished-at="2021-01-04T14:35:34 CET" duration-ms="0" status="PASS">
          <params>
            <param index="0">
              <value>
                <![CDATA[TZPAdminLoeschen-TF-009]]>
              </value>
            </param>
            <param index="1">
              <value>
                <![CDATA[Nein]]>
              </value>
            </param>
            <param index="2">
              <value>
                <![CDATA[Admintest@forsa-gmbh.de]]>
              </value>
            </param>
            <param index="3">
              <value>
                <![CDATA[Test12345!]]>
              </value>
            </param>
            <param index="4">
              <value>
                <![CDATA[INAKTIV]]>
              </value>
            </param>
            <param index="5">
              <value>
                <![CDATA[100]]>
              </value>
            </param>
            <param index="6">
              <value>
                <![CDATA[Burk-GN-Loeschen]]>
              </value>
            </param>
            <param index="7">
              <value>
                <![CDATA[INAKTIV]]>
              </value>
            </param>
          </params>
          <reporter-output>
          </reporter-output>
        </test-method> <!-- TZPAdminUserLoeschenTest -->
        <test-method signature="TZPAdminUserLoeschenTest(java.lang.String, java.lang.String, java.lang.String, java.lang.String, java.lang.String, java.lang.String, java.lang.String, java.lang.String)[pri:0, instance:TopZinsPortal.TZPAdminUserLoeschen@2a4fb17b]" started-at="2021-01-04T14:35:34 CET" name="TZPAdminUserLoeschenTest" data-provider="TZPAdminLoeschen" finished-at="2021-01-04T14:35:34 CET" duration-ms="0" status="PASS">
          <params>
            <param index="0">
              <value>
                <![CDATA[TZPAdminLoeschen-TF-010]]>
              </value>
            </param>
            <param index="1">
              <value>
                <![CDATA[Nein]]>
              </value>
            </param>
            <param index="2">
              <value>
                <![CDATA[topzins@forsa-gmbh.de]]>
              </value>
            </param>
            <param index="3">
              <value>
                <![CDATA[Test12345!]]>
              </value>
            </param>
            <param index="4">
              <value>
                <![CDATA[INAKTIV]]>
              </value>
            </param>
            <param index="5">
              <value>
                <![CDATA[100]]>
              </value>
            </param>
            <param index="6">
              <value>
                <![CDATA[BHDR-GG-Loeschen]]>
              </value>
            </param>
            <param index="7">
              <value>
                <![CDATA[INAKTIV]]>
              </value>
            </param>
          </params>
          <reporter-output>
          </reporter-output>
        </test-method> <!-- TZPAdminUserLoeschenTest -->
        <test-method signature="TZPAdminUserLoeschenTest(java.lang.String, java.lang.String, java.lang.String, java.lang.String, java.lang.String, java.lang.String, java.lang.String, java.lang.String)[pri:0, instance:TopZinsPortal.TZPAdminUserLoeschen@2a4fb17b]" started-at="2021-01-04T14:35:34 CET" name="TZPAdminUserLoeschenTest" data-provider="TZPAdminLoeschen" finished-at="2021-01-04T14:35:34 CET" duration-ms="0" status="PASS">
          <params>
            <param index="0">
              <value>
                <![CDATA[TZPAdminLoeschen-TF-011]]>
              </value>
            </param>
            <param index="1">
              <value>
                <![CDATA[Nein]]>
              </value>
            </param>
            <param index="2">
              <value>
                <![CDATA[topzins@forsa-gmbh.de]]>
              </value>
            </param>
            <param index="3">
              <value>
                <![CDATA[Test12345!]]>
              </value>
            </param>
            <param index="4">
              <value>
                <![CDATA[INAKTIV]]>
              </value>
            </param>
            <param index="5">
              <value>
                <![CDATA[100]]>
              </value>
            </param>
            <param index="6">
              <value>
                <![CDATA[BHDR-GN-Loeschen]]>
              </value>
            </param>
            <param index="7">
              <value>
                <![CDATA[INAKTIV]]>
              </value>
            </param>
          </params>
          <reporter-output>
          </reporter-output>
        </test-method> <!-- TZPAdminUserLoeschenTest -->
        <test-method signature="TZPAdminUserLoeschenTest(java.lang.String, java.lang.String, java.lang.String, java.lang.String, java.lang.String, java.lang.String, java.lang.String, java.lang.String)[pri:0, instance:TopZinsPortal.TZPAdminUserLoeschen@2a4fb17b]" started-at="2021-01-04T14:35:34 CET" name="TZPAdminUserLoeschenTest" data-provider="TZPAdminLoeschen" finished-at="2021-01-04T14:35:34 CET" duration-ms="0" status="PASS">
          <params>
            <param index="0">
              <value>
                <![CDATA[TZPAdminLoeschen-TF-012]]>
              </value>
            </param>
            <param index="1">
              <value>
                <![CDATA[Nein]]>
              </value>
            </param>
            <param index="2">
              <value>
                <![CDATA[topzins@forsa-gmbh.de]]>
              </value>
            </param>
            <param index="3">
              <value>
                <![CDATA[Test12345!]]>
              </value>
            </param>
            <param index="4">
              <value>
                <![CDATA[INAKTIV]]>
              </value>
            </param>
            <param index="5">
              <value>
                <![CDATA[100]]>
              </value>
            </param>
            <param index="6">
              <value>
                <![CDATA[Burk-GG-Loeschen]]>
              </value>
            </param>
            <param index="7">
              <value>
                <![CDATA[INAKTIV]]>
              </value>
            </param>
          </params>
          <reporter-output>
          </reporter-output>
        </test-method> <!-- TZPAdminUserLoeschenTest -->
        <test-method signature="TZPAdminUserLoeschenTest(java.lang.String, java.lang.String, java.lang.String, java.lang.String, java.lang.String, java.lang.String, java.lang.String, java.lang.String)[pri:0, instance:TopZinsPortal.TZPAdminUserLoeschen@2a4fb17b]" started-at="2021-01-04T14:35:34 CET" name="TZPAdminUserLoeschenTest" data-provider="TZPAdminLoeschen" finished-at="2021-01-04T14:35:34 CET" duration-ms="0" status="PASS">
          <params>
            <param index="0">
              <value>
                <![CDATA[TZPAdminLoeschen-TF-012]]>
              </value>
            </param>
            <param index="1">
              <value>
                <![CDATA[Nein]]>
              </value>
            </param>
            <param index="2">
              <value>
                <![CDATA[topzins@forsa-gmbh.de]]>
              </value>
            </param>
            <param index="3">
              <value>
                <![CDATA[Test12345!]]>
              </value>
            </param>
            <param index="4">
              <value>
                <![CDATA[INAKTIV]]>
              </value>
            </param>
            <param index="5">
              <value>
                <![CDATA[100]]>
              </value>
            </param>
            <param index="6">
              <value>
                <![CDATA[Burk-GN-Loeschen]]>
              </value>
            </param>
            <param index="7">
              <value>
                <![CDATA[INAKTIV]]>
              </value>
            </param>
          </params>
          <reporter-output>
          </reporter-output>
        </test-method> <!-- TZPAdminUserLoeschenTest -->
        <test-method is-config="true" signature="BrowserTearDown()[pri:0, instance:TopZinsPortal.TZPAdminUserLoeschen@2a4fb17b]" started-at="2021-01-04T14:35:34 CET" name="BrowserTearDown" finished-at="2021-01-04T14:35:38 CET" duration-ms="3920" status="PASS">
          <reporter-output>
          </reporter-output>
        </test-method> <!-- BrowserTearDown -->
      </class> <!-- TopZinsPortal.TZPAdminUserLoeschen -->
    </test> <!-- TZP-Admin-Loeschen -->
  </suite> <!-- TopZinzPortal-Ablauftesttest -->
</testng-results>
