<?xml version="1.0" encoding="UTF-8"?>
<testng-results ignored="0" total="6" passed="6" failed="0" skipped="0">
  <reporter-output>
  </reporter-output>
  <suite started-at="2021-03-26T13:04:21 CET" name="TopZinzPortal-Ausschreibung-Ablauftesttest" finished-at="2021-03-26T13:06:20 CET" duration-ms="119329">
    <groups>
    </groups>
    <test started-at="2021-03-26T13:04:21 CET" name="TZP-Ausschreibung Start-GG" finished-at="2021-03-26T13:05:05 CET" duration-ms="44861">
      <class name="TopZinsPortal.TZPTenderStartGG">
        <test-method is-config="true" signature="SetupSeleniumTestdaten(java.lang.String)[pri:0, instance:TopZinsPortal.TZPTenderStartGG@245b4bdc]" started-at="2021-03-26T13:04:21 CET" name="SetupSeleniumTestdaten" finished-at="2021-03-26T13:04:24 CET" duration-ms="3402" status="PASS">
          <params>
            <param index="0">
              <value>
                <![CDATA[Smoketest]]>
              </value>
            </param>
          </params>
          <reporter-output>
          </reporter-output>
        </test-method> <!-- SetupSeleniumTestdaten -->
        <test-method signature="TZPTenderStartGGTest(java.lang.String, java.lang.String, java.lang.String, java.lang.String, java.lang.String, java.lang.String, java.lang.String, java.lang.String, java.lang.String, java.lang.String, java.lang.String, java.lang.String, java.lang.String, java.lang.String, java.lang.String, java.lang.String, java.lang.String, java.lang.String, java.lang.String, java.lang.String, java.lang.String, java.lang.String, java.lang.String, java.lang.String, java.lang.String, java.lang.String, java.lang.String, java.lang.String, java.lang.String, java.lang.String, java.lang.String, java.lang.String, java.lang.String, java.lang.String, java.lang.String, java.lang.String, java.lang.String, java.lang.String, java.lang.String, java.lang.String, java.lang.String)[pri:0, instance:TopZinsPortal.TZPTenderStartGG@245b4bdc]" started-at="2021-03-26T13:04:24 CET" name="TZPTenderStartGGTest" data-provider="TZPTenderStartGG" finished-at="2021-03-26T13:05:01 CET" duration-ms="36734" status="PASS">
          <params>
            <param index="0">
              <value>
                <![CDATA[TZPTenderStartGG-TF-001]]>
              </value>
            </param>
            <param index="1">
              <value>
                <![CDATA[Ja]]>
              </value>
            </param>
            <param index="2">
              <value>
                <![CDATA[bhdr-gg-Handel@Forsa-gmbh.de]]>
              </value>
            </param>
            <param index="3">
              <value>
                <![CDATA[Test12345!]]>
              </value>
            </param>
            <param index="4">
              <value>
                <![CDATA[ActDatum]]>
              </value>
            </param>
            <param index="5">
              <value>
                <![CDATA[18:00]]>
              </value>
            </param>
            <param index="6">
              <value>
                <![CDATA[act/360]]>
              </value>
            </param>
            <param index="7">
              <value>
                <![CDATA[halbjährlich]]>
              </value>
            </param>
            <param index="8">
              <value>
                <![CDATA[256.874]]>
              </value>
            </param>
            <param index="9">
              <value>
                <![CDATA[ActDatum + 3]]>
              </value>
            </param>
            <param index="10">
              <value>
                <![CDATA[ActDatum + 10]]>
              </value>
            </param>
            <param index="11">
              <value>
                <![CDATA[ActDatum + 20]]>
              </value>
            </param>
            <param index="12">
              <value>
                <![CDATA[ActDatum + 30]]>
              </value>
            </param>
            <param index="13">
              <value>
                <![CDATA[Das ist ein Kommentar durch den ]]>
              </value>
            </param>
            <param index="14">
              <value>
                <![CDATA[Burk-GN-Handel -BHDR-]]>
              </value>
            </param>
            <param index="15">
              <value>
                <![CDATA[Burk-GN-Handel@forsa-gmbh.de]]>
              </value>
            </param>
            <param index="16">
              <value>
                <![CDATA[Test12345!]]>
              </value>
            </param>
            <param index="17">
              <value>
                <![CDATA[1]]>
              </value>
            </param>
            <param index="18">
              <value>
                <![CDATA[BHDR-GN-Handel]]>
              </value>
            </param>
            <param index="19">
              <value>
                <![CDATA[bhdr-gn-handel@forsa-gmbh.de]]>
              </value>
            </param>
            <param index="20">
              <value>
                <![CDATA[Test12345!]]>
              </value>
            </param>
            <param index="21">
              <value>
                <![CDATA[2]]>
              </value>
            </param>
            <param index="22">
              <value>
                <![CDATA[Centner-GN-Handel -BHDR-]]>
              </value>
            </param>
            <param index="23">
              <value>
                <![CDATA[Centner-GN-Handel@forsa-gmbh.de]]>
              </value>
            </param>
            <param index="24">
              <value>
                <![CDATA[Test12345!]]>
              </value>
            </param>
            <param index="25">
              <value>
                <![CDATA[3]]>
              </value>
            </param>
            <param index="26">
              <value>
                <![CDATA[Ja]]>
              </value>
            </param>
            <param index="27">
              <value>
                <![CDATA[Ja]]>
              </value>
            </param>
            <param index="28">
              <value>
                <![CDATA[Ja]]>
              </value>
            </param>
            <param index="29">
              <value>
                <![CDATA[Ja]]>
              </value>
            </param>
            <param index="30">
              <value>
                <![CDATA[Ja]]>
              </value>
            </param>
            <param index="31">
              <value>
                <![CDATA[Ja]]>
              </value>
            </param>
            <param index="32">
              <value>
                <![CDATA[Ja]]>
              </value>
            </param>
            <param index="33">
              <value>
                <![CDATA[Ja]]>
              </value>
            </param>
            <param index="34">
              <value>
                <![CDATA[Ja]]>
              </value>
            </param>
            <param index="35">
              <value>
                <![CDATA[Ja]]>
              </value>
            </param>
            <param index="36">
              <value>
                <![CDATA[Ja]]>
              </value>
            </param>
            <param index="37">
              <value>
                <![CDATA[Ja]]>
              </value>
            </param>
            <param index="38">
              <value>
                <![CDATA[Ja]]>
              </value>
            </param>
            <param index="39">
              <value>
                <![CDATA[Ja]]>
              </value>
            </param>
            <param index="40">
              <value>
                <![CDATA[Ja]]>
              </value>
            </param>
          </params>
          <reporter-output>
          </reporter-output>
        </test-method> <!-- TZPTenderStartGGTest -->
        <test-method signature="TZPTenderStartGGTest(java.lang.String, java.lang.String, java.lang.String, java.lang.String, java.lang.String, java.lang.String, java.lang.String, java.lang.String, java.lang.String, java.lang.String, java.lang.String, java.lang.String, java.lang.String, java.lang.String, java.lang.String, java.lang.String, java.lang.String, java.lang.String, java.lang.String, java.lang.String, java.lang.String, java.lang.String, java.lang.String, java.lang.String, java.lang.String, java.lang.String, java.lang.String, java.lang.String, java.lang.String, java.lang.String, java.lang.String, java.lang.String, java.lang.String, java.lang.String, java.lang.String, java.lang.String, java.lang.String, java.lang.String, java.lang.String, java.lang.String, java.lang.String)[pri:0, instance:TopZinsPortal.TZPTenderStartGG@245b4bdc]" started-at="2021-03-26T13:05:01 CET" name="TZPTenderStartGGTest" data-provider="TZPTenderStartGG" finished-at="2021-03-26T13:05:01 CET" duration-ms="2" status="PASS">
          <params>
            <param index="0">
              <value>
                <![CDATA[TZPTenderStartGG-TF-002]]>
              </value>
            </param>
            <param index="1">
              <value>
                <![CDATA[Nein]]>
              </value>
            </param>
            <param index="2">
              <value>
                <![CDATA[ananchenko@Forsa-gmbh.de]]>
              </value>
            </param>
            <param index="3">
              <value>
                <![CDATA[Test12345!]]>
              </value>
            </param>
            <param index="4">
              <value>
                <![CDATA[ActDatum]]>
              </value>
            </param>
            <param index="5">
              <value>
                <![CDATA[18:00]]>
              </value>
            </param>
            <param index="6">
              <value>
                <![CDATA[30/360]]>
              </value>
            </param>
            <param index="7">
              <value>
                <![CDATA[endfällig]]>
              </value>
            </param>
            <param index="8">
              <value>
                <![CDATA[323.400]]>
              </value>
            </param>
            <param index="9">
              <value>
                <![CDATA[ActDatum + 3]]>
              </value>
            </param>
            <param index="10">
              <value>
                <![CDATA[ActDatum + 10]]>
              </value>
            </param>
            <param index="11">
              <value>
                <![CDATA[ActDatum + 20]]>
              </value>
            </param>
            <param index="12">
              <value>
                <![CDATA[ActDatum + 30]]>
              </value>
            </param>
            <param index="13">
              <value>
                <![CDATA[Das ist ein Kommentar durch den ]]>
              </value>
            </param>
            <param index="14">
              <value>
                <![CDATA[Test Borrower 2]]>
              </value>
            </param>
            <param index="15">
              <value>
                <![CDATA[lida@forsa-gmbh.de]]>
              </value>
            </param>
            <param index="16">
              <value>
                <![CDATA[Test12345!]]>
              </value>
            </param>
            <param index="17">
              <value>
                <![CDATA[1]]>
              </value>
            </param>
            <param index="18">
              <value>
                <![CDATA[BHDR-GN-Handel]]>
              </value>
            </param>
            <param index="19">
              <value>
                <![CDATA[bhdr-gn-handel@forsa-gmbh.de]]>
              </value>
            </param>
            <param index="20">
              <value>
                <![CDATA[Test12345!]]>
              </value>
            </param>
            <param index="21">
              <value>
                <![CDATA[2]]>
              </value>
            </param>
            <param index="22">
              <value>
                <![CDATA[Test Borrower 3]]>
              </value>
            </param>
            <param index="23">
              <value>
                <![CDATA[le@forsa-gmbh.de]]>
              </value>
            </param>
            <param index="24">
              <value>
                <![CDATA[Test12345!]]>
              </value>
            </param>
            <param index="25">
              <value>
                <![CDATA[3]]>
              </value>
            </param>
            <param index="26">
              <value>
                <![CDATA[Ja]]>
              </value>
            </param>
            <param index="27">
              <value>
                <![CDATA[Ja]]>
              </value>
            </param>
            <param index="28">
              <value>
                <![CDATA[Ja]]>
              </value>
            </param>
            <param index="29">
              <value>
                <![CDATA[Ja]]>
              </value>
            </param>
            <param index="30">
              <value>
                <![CDATA[Ja]]>
              </value>
            </param>
            <param index="31">
              <value>
                <![CDATA[Ja]]>
              </value>
            </param>
            <param index="32">
              <value>
                <![CDATA[Ja]]>
              </value>
            </param>
            <param index="33">
              <value>
                <![CDATA[Ja]]>
              </value>
            </param>
            <param index="34">
              <value>
                <![CDATA[Ja]]>
              </value>
            </param>
            <param index="35">
              <value>
                <![CDATA[Ja]]>
              </value>
            </param>
            <param index="36">
              <value>
                <![CDATA[Ja]]>
              </value>
            </param>
            <param index="37">
              <value>
                <![CDATA[Ja]]>
              </value>
            </param>
            <param index="38">
              <value>
                <![CDATA[Ja]]>
              </value>
            </param>
            <param index="39">
              <value>
                <![CDATA[Ja]]>
              </value>
            </param>
            <param index="40">
              <value>
                <![CDATA[Ja]]>
              </value>
            </param>
          </params>
          <reporter-output>
          </reporter-output>
        </test-method> <!-- TZPTenderStartGGTest -->
        <test-method is-config="true" signature="BrowserTearDown()[pri:0, instance:TopZinsPortal.TZPTenderStartGG@245b4bdc]" started-at="2021-03-26T13:05:01 CET" name="BrowserTearDown" finished-at="2021-03-26T13:05:05 CET" duration-ms="4515" status="PASS">
          <reporter-output>
          </reporter-output>
        </test-method> <!-- BrowserTearDown -->
      </class> <!-- TopZinsPortal.TZPTenderStartGG -->
    </test> <!-- TZP-Ausschreibung Start-GG -->
    <test started-at="2021-03-26T13:05:06 CET" name="TZP-Ausschreibung-Angebot-Abgeben-GN" finished-at="2021-03-26T13:05:53 CET" duration-ms="47393">
      <class name="TopZinsPortal.TZPTenderAngebotSendenGN">
        <test-method is-config="true" signature="SetupSeleniumTestdaten(java.lang.String)[pri:0, instance:TopZinsPortal.TZPTenderAngebotSendenGN@2f9f7dcf]" started-at="2021-03-26T13:05:06 CET" name="SetupSeleniumTestdaten" finished-at="2021-03-26T13:05:07 CET" duration-ms="1536" status="PASS">
          <params>
            <param index="0">
              <value>
                <![CDATA[Smoketest]]>
              </value>
            </param>
          </params>
          <reporter-output>
          </reporter-output>
        </test-method> <!-- SetupSeleniumTestdaten -->
        <test-method signature="TZPTenderAngebotSendenGNTest(java.lang.String, java.lang.String, java.lang.String, java.lang.String, java.lang.String, java.lang.String, java.lang.String, java.lang.String, java.lang.String, java.lang.String, java.lang.String, java.lang.String, java.lang.String, java.lang.String, java.lang.String, java.lang.String, java.lang.String, java.lang.String, java.lang.String, java.lang.String, java.lang.String, java.lang.String, java.lang.String, java.lang.String, java.lang.String, java.lang.String, java.lang.String, java.lang.String, java.lang.String, java.lang.String, java.lang.String, java.lang.String, java.lang.String, java.lang.String, java.lang.String, java.lang.String, java.lang.String, java.lang.String, java.lang.String, java.lang.String, java.lang.String)[pri:0, instance:TopZinsPortal.TZPTenderAngebotSendenGN@2f9f7dcf]" started-at="2021-03-26T13:05:07 CET" name="TZPTenderAngebotSendenGNTest" data-provider="TZPTenderAngebotSendenGN" finished-at="2021-03-26T13:05:49 CET" duration-ms="41606" status="PASS">
          <params>
            <param index="0">
              <value>
                <![CDATA[TZPTenderStartGG-TF-001]]>
              </value>
            </param>
            <param index="1">
              <value>
                <![CDATA[Ja]]>
              </value>
            </param>
            <param index="2">
              <value>
                <![CDATA[bhdr-gg-Handel@Forsa-gmbh.de]]>
              </value>
            </param>
            <param index="3">
              <value>
                <![CDATA[Test12345!]]>
              </value>
            </param>
            <param index="4">
              <value>
                <![CDATA[ActDatum]]>
              </value>
            </param>
            <param index="5">
              <value>
                <![CDATA[18:00]]>
              </value>
            </param>
            <param index="6">
              <value>
                <![CDATA[act/360]]>
              </value>
            </param>
            <param index="7">
              <value>
                <![CDATA[halbjährlich]]>
              </value>
            </param>
            <param index="8">
              <value>
                <![CDATA[256.874]]>
              </value>
            </param>
            <param index="9">
              <value>
                <![CDATA[ActDatum + 3]]>
              </value>
            </param>
            <param index="10">
              <value>
                <![CDATA[ActDatum + 10]]>
              </value>
            </param>
            <param index="11">
              <value>
                <![CDATA[ActDatum + 20]]>
              </value>
            </param>
            <param index="12">
              <value>
                <![CDATA[ActDatum + 30]]>
              </value>
            </param>
            <param index="13">
              <value>
                <![CDATA[Das ist ein Kommentar durch den ]]>
              </value>
            </param>
            <param index="14">
              <value>
                <![CDATA[Burk-GN-Handel -BHDR-]]>
              </value>
            </param>
            <param index="15">
              <value>
                <![CDATA[Burk-GN-Handel@forsa-gmbh.de]]>
              </value>
            </param>
            <param index="16">
              <value>
                <![CDATA[Test12345!]]>
              </value>
            </param>
            <param index="17">
              <value>
                <![CDATA[1]]>
              </value>
            </param>
            <param index="18">
              <value>
                <![CDATA[BHDR-GN-Handel]]>
              </value>
            </param>
            <param index="19">
              <value>
                <![CDATA[bhdr-gn-handel@forsa-gmbh.de]]>
              </value>
            </param>
            <param index="20">
              <value>
                <![CDATA[Test12345!]]>
              </value>
            </param>
            <param index="21">
              <value>
                <![CDATA[2]]>
              </value>
            </param>
            <param index="22">
              <value>
                <![CDATA[Centner-GN-Handel -BHDR-]]>
              </value>
            </param>
            <param index="23">
              <value>
                <![CDATA[Centner-GN-Handel@forsa-gmbh.de]]>
              </value>
            </param>
            <param index="24">
              <value>
                <![CDATA[Test12345!]]>
              </value>
            </param>
            <param index="25">
              <value>
                <![CDATA[3]]>
              </value>
            </param>
            <param index="26">
              <value>
                <![CDATA[Ja]]>
              </value>
            </param>
            <param index="27">
              <value>
                <![CDATA[Ja]]>
              </value>
            </param>
            <param index="28">
              <value>
                <![CDATA[Ja]]>
              </value>
            </param>
            <param index="29">
              <value>
                <![CDATA[Ja]]>
              </value>
            </param>
            <param index="30">
              <value>
                <![CDATA[Ja]]>
              </value>
            </param>
            <param index="31">
              <value>
                <![CDATA[Ja]]>
              </value>
            </param>
            <param index="32">
              <value>
                <![CDATA[Ja]]>
              </value>
            </param>
            <param index="33">
              <value>
                <![CDATA[Ja]]>
              </value>
            </param>
            <param index="34">
              <value>
                <![CDATA[Ja]]>
              </value>
            </param>
            <param index="35">
              <value>
                <![CDATA[Ja]]>
              </value>
            </param>
            <param index="36">
              <value>
                <![CDATA[Ja]]>
              </value>
            </param>
            <param index="37">
              <value>
                <![CDATA[Ja]]>
              </value>
            </param>
            <param index="38">
              <value>
                <![CDATA[Ja]]>
              </value>
            </param>
            <param index="39">
              <value>
                <![CDATA[Ja]]>
              </value>
            </param>
            <param index="40">
              <value>
                <![CDATA[Ja]]>
              </value>
            </param>
          </params>
          <reporter-output>
          </reporter-output>
        </test-method> <!-- TZPTenderAngebotSendenGNTest -->
        <test-method signature="TZPTenderAngebotSendenGNTest(java.lang.String, java.lang.String, java.lang.String, java.lang.String, java.lang.String, java.lang.String, java.lang.String, java.lang.String, java.lang.String, java.lang.String, java.lang.String, java.lang.String, java.lang.String, java.lang.String, java.lang.String, java.lang.String, java.lang.String, java.lang.String, java.lang.String, java.lang.String, java.lang.String, java.lang.String, java.lang.String, java.lang.String, java.lang.String, java.lang.String, java.lang.String, java.lang.String, java.lang.String, java.lang.String, java.lang.String, java.lang.String, java.lang.String, java.lang.String, java.lang.String, java.lang.String, java.lang.String, java.lang.String, java.lang.String, java.lang.String, java.lang.String)[pri:0, instance:TopZinsPortal.TZPTenderAngebotSendenGN@2f9f7dcf]" started-at="2021-03-26T13:05:49 CET" name="TZPTenderAngebotSendenGNTest" data-provider="TZPTenderAngebotSendenGN" finished-at="2021-03-26T13:05:49 CET" duration-ms="1" status="PASS">
          <params>
            <param index="0">
              <value>
                <![CDATA[TZPTenderStartGG-TF-002]]>
              </value>
            </param>
            <param index="1">
              <value>
                <![CDATA[Nein]]>
              </value>
            </param>
            <param index="2">
              <value>
                <![CDATA[ananchenko@Forsa-gmbh.de]]>
              </value>
            </param>
            <param index="3">
              <value>
                <![CDATA[Test12345!]]>
              </value>
            </param>
            <param index="4">
              <value>
                <![CDATA[ActDatum]]>
              </value>
            </param>
            <param index="5">
              <value>
                <![CDATA[18:00]]>
              </value>
            </param>
            <param index="6">
              <value>
                <![CDATA[30/360]]>
              </value>
            </param>
            <param index="7">
              <value>
                <![CDATA[endfällig]]>
              </value>
            </param>
            <param index="8">
              <value>
                <![CDATA[323.400]]>
              </value>
            </param>
            <param index="9">
              <value>
                <![CDATA[ActDatum + 3]]>
              </value>
            </param>
            <param index="10">
              <value>
                <![CDATA[ActDatum + 10]]>
              </value>
            </param>
            <param index="11">
              <value>
                <![CDATA[ActDatum + 20]]>
              </value>
            </param>
            <param index="12">
              <value>
                <![CDATA[ActDatum + 30]]>
              </value>
            </param>
            <param index="13">
              <value>
                <![CDATA[Das ist ein Kommentar durch den ]]>
              </value>
            </param>
            <param index="14">
              <value>
                <![CDATA[Test Borrower 2]]>
              </value>
            </param>
            <param index="15">
              <value>
                <![CDATA[lida@forsa-gmbh.de]]>
              </value>
            </param>
            <param index="16">
              <value>
                <![CDATA[Test12345!]]>
              </value>
            </param>
            <param index="17">
              <value>
                <![CDATA[1]]>
              </value>
            </param>
            <param index="18">
              <value>
                <![CDATA[BHDR-GN-Handel]]>
              </value>
            </param>
            <param index="19">
              <value>
                <![CDATA[bhdr-gn-handel@forsa-gmbh.de]]>
              </value>
            </param>
            <param index="20">
              <value>
                <![CDATA[Test12345!]]>
              </value>
            </param>
            <param index="21">
              <value>
                <![CDATA[2]]>
              </value>
            </param>
            <param index="22">
              <value>
                <![CDATA[Test Borrower 3]]>
              </value>
            </param>
            <param index="23">
              <value>
                <![CDATA[le@forsa-gmbh.de]]>
              </value>
            </param>
            <param index="24">
              <value>
                <![CDATA[Test12345!]]>
              </value>
            </param>
            <param index="25">
              <value>
                <![CDATA[3]]>
              </value>
            </param>
            <param index="26">
              <value>
                <![CDATA[Ja]]>
              </value>
            </param>
            <param index="27">
              <value>
                <![CDATA[Ja]]>
              </value>
            </param>
            <param index="28">
              <value>
                <![CDATA[Ja]]>
              </value>
            </param>
            <param index="29">
              <value>
                <![CDATA[Ja]]>
              </value>
            </param>
            <param index="30">
              <value>
                <![CDATA[Ja]]>
              </value>
            </param>
            <param index="31">
              <value>
                <![CDATA[Ja]]>
              </value>
            </param>
            <param index="32">
              <value>
                <![CDATA[Ja]]>
              </value>
            </param>
            <param index="33">
              <value>
                <![CDATA[Ja]]>
              </value>
            </param>
            <param index="34">
              <value>
                <![CDATA[Ja]]>
              </value>
            </param>
            <param index="35">
              <value>
                <![CDATA[Ja]]>
              </value>
            </param>
            <param index="36">
              <value>
                <![CDATA[Ja]]>
              </value>
            </param>
            <param index="37">
              <value>
                <![CDATA[Ja]]>
              </value>
            </param>
            <param index="38">
              <value>
                <![CDATA[Ja]]>
              </value>
            </param>
            <param index="39">
              <value>
                <![CDATA[Ja]]>
              </value>
            </param>
            <param index="40">
              <value>
                <![CDATA[Ja]]>
              </value>
            </param>
          </params>
          <reporter-output>
          </reporter-output>
        </test-method> <!-- TZPTenderAngebotSendenGNTest -->
        <test-method is-config="true" signature="BrowserTearDown()[pri:0, instance:TopZinsPortal.TZPTenderAngebotSendenGN@2f9f7dcf]" started-at="2021-03-26T13:05:49 CET" name="BrowserTearDown" finished-at="2021-03-26T13:05:53 CET" duration-ms="4163" status="PASS">
          <reporter-output>
          </reporter-output>
        </test-method> <!-- BrowserTearDown -->
      </class> <!-- TopZinsPortal.TZPTenderAngebotSendenGN -->
    </test> <!-- TZP-Ausschreibung-Angebot-Abgeben-GN -->
    <test started-at="2021-03-26T13:05:53 CET" name="TZP-Ausschreibung-Angebot-Annehmen-GG" finished-at="2021-03-26T13:06:20 CET" duration-ms="27002">
      <class name="TopZinsPortal.TZPTenderAngebotAnnehmenGG">
        <test-method is-config="true" signature="SetupSeleniumTestdaten(java.lang.String)[pri:0, instance:TopZinsPortal.TZPTenderAngebotAnnehmenGG@42a48628]" started-at="2021-03-26T13:05:53 CET" name="SetupSeleniumTestdaten" finished-at="2021-03-26T13:05:55 CET" duration-ms="1598" status="PASS">
          <params>
            <param index="0">
              <value>
                <![CDATA[Smoketest]]>
              </value>
            </param>
          </params>
          <reporter-output>
          </reporter-output>
        </test-method> <!-- SetupSeleniumTestdaten -->
        <test-method signature="TZPTenderAngebotAnnehmenGGTest(java.lang.String, java.lang.String, java.lang.String, java.lang.String, java.lang.String, java.lang.String, java.lang.String, java.lang.String, java.lang.String, java.lang.String, java.lang.String, java.lang.String, java.lang.String, java.lang.String, java.lang.String, java.lang.String, java.lang.String, java.lang.String, java.lang.String, java.lang.String, java.lang.String, java.lang.String, java.lang.String, java.lang.String, java.lang.String, java.lang.String, java.lang.String, java.lang.String, java.lang.String, java.lang.String, java.lang.String, java.lang.String, java.lang.String, java.lang.String, java.lang.String, java.lang.String, java.lang.String, java.lang.String, java.lang.String, java.lang.String, java.lang.String)[pri:0, instance:TopZinsPortal.TZPTenderAngebotAnnehmenGG@42a48628]" started-at="2021-03-26T13:05:55 CET" name="TZPTenderAngebotAnnehmenGGTest" data-provider="TenderAngebotAnnehmenGG" finished-at="2021-03-26T13:06:16 CET" duration-ms="21136" status="PASS">
          <params>
            <param index="0">
              <value>
                <![CDATA[TZPTenderStartGG-TF-001]]>
              </value>
            </param>
            <param index="1">
              <value>
                <![CDATA[Ja]]>
              </value>
            </param>
            <param index="2">
              <value>
                <![CDATA[bhdr-gg-Handel@Forsa-gmbh.de]]>
              </value>
            </param>
            <param index="3">
              <value>
                <![CDATA[Test12345!]]>
              </value>
            </param>
            <param index="4">
              <value>
                <![CDATA[ActDatum]]>
              </value>
            </param>
            <param index="5">
              <value>
                <![CDATA[18:00]]>
              </value>
            </param>
            <param index="6">
              <value>
                <![CDATA[act/360]]>
              </value>
            </param>
            <param index="7">
              <value>
                <![CDATA[halbjährlich]]>
              </value>
            </param>
            <param index="8">
              <value>
                <![CDATA[256.874]]>
              </value>
            </param>
            <param index="9">
              <value>
                <![CDATA[ActDatum + 3]]>
              </value>
            </param>
            <param index="10">
              <value>
                <![CDATA[ActDatum + 10]]>
              </value>
            </param>
            <param index="11">
              <value>
                <![CDATA[ActDatum + 20]]>
              </value>
            </param>
            <param index="12">
              <value>
                <![CDATA[ActDatum + 30]]>
              </value>
            </param>
            <param index="13">
              <value>
                <![CDATA[Das ist ein Kommentar durch den ]]>
              </value>
            </param>
            <param index="14">
              <value>
                <![CDATA[Burk-GN-Handel -BHDR-]]>
              </value>
            </param>
            <param index="15">
              <value>
                <![CDATA[Burk-GN-Handel@forsa-gmbh.de]]>
              </value>
            </param>
            <param index="16">
              <value>
                <![CDATA[Test12345!]]>
              </value>
            </param>
            <param index="17">
              <value>
                <![CDATA[1]]>
              </value>
            </param>
            <param index="18">
              <value>
                <![CDATA[BHDR-GN-Handel]]>
              </value>
            </param>
            <param index="19">
              <value>
                <![CDATA[bhdr-gn-handel@forsa-gmbh.de]]>
              </value>
            </param>
            <param index="20">
              <value>
                <![CDATA[Test12345!]]>
              </value>
            </param>
            <param index="21">
              <value>
                <![CDATA[2]]>
              </value>
            </param>
            <param index="22">
              <value>
                <![CDATA[Centner-GN-Handel -BHDR-]]>
              </value>
            </param>
            <param index="23">
              <value>
                <![CDATA[Centner-GN-Handel@forsa-gmbh.de]]>
              </value>
            </param>
            <param index="24">
              <value>
                <![CDATA[Test12345!]]>
              </value>
            </param>
            <param index="25">
              <value>
                <![CDATA[3]]>
              </value>
            </param>
            <param index="26">
              <value>
                <![CDATA[Ja]]>
              </value>
            </param>
            <param index="27">
              <value>
                <![CDATA[Ja]]>
              </value>
            </param>
            <param index="28">
              <value>
                <![CDATA[Ja]]>
              </value>
            </param>
            <param index="29">
              <value>
                <![CDATA[Ja]]>
              </value>
            </param>
            <param index="30">
              <value>
                <![CDATA[Ja]]>
              </value>
            </param>
            <param index="31">
              <value>
                <![CDATA[Ja]]>
              </value>
            </param>
            <param index="32">
              <value>
                <![CDATA[Ja]]>
              </value>
            </param>
            <param index="33">
              <value>
                <![CDATA[Ja]]>
              </value>
            </param>
            <param index="34">
              <value>
                <![CDATA[Ja]]>
              </value>
            </param>
            <param index="35">
              <value>
                <![CDATA[Ja]]>
              </value>
            </param>
            <param index="36">
              <value>
                <![CDATA[Ja]]>
              </value>
            </param>
            <param index="37">
              <value>
                <![CDATA[Ja]]>
              </value>
            </param>
            <param index="38">
              <value>
                <![CDATA[Ja]]>
              </value>
            </param>
            <param index="39">
              <value>
                <![CDATA[Ja]]>
              </value>
            </param>
            <param index="40">
              <value>
                <![CDATA[Ja]]>
              </value>
            </param>
          </params>
          <reporter-output>
          </reporter-output>
        </test-method> <!-- TZPTenderAngebotAnnehmenGGTest -->
        <test-method signature="TZPTenderAngebotAnnehmenGGTest(java.lang.String, java.lang.String, java.lang.String, java.lang.String, java.lang.String, java.lang.String, java.lang.String, java.lang.String, java.lang.String, java.lang.String, java.lang.String, java.lang.String, java.lang.String, java.lang.String, java.lang.String, java.lang.String, java.lang.String, java.lang.String, java.lang.String, java.lang.String, java.lang.String, java.lang.String, java.lang.String, java.lang.String, java.lang.String, java.lang.String, java.lang.String, java.lang.String, java.lang.String, java.lang.String, java.lang.String, java.lang.String, java.lang.String, java.lang.String, java.lang.String, java.lang.String, java.lang.String, java.lang.String, java.lang.String, java.lang.String, java.lang.String)[pri:0, instance:TopZinsPortal.TZPTenderAngebotAnnehmenGG@42a48628]" started-at="2021-03-26T13:06:16 CET" name="TZPTenderAngebotAnnehmenGGTest" data-provider="TenderAngebotAnnehmenGG" finished-at="2021-03-26T13:06:16 CET" duration-ms="1" status="PASS">
          <params>
            <param index="0">
              <value>
                <![CDATA[TZPTenderStartGG-TF-002]]>
              </value>
            </param>
            <param index="1">
              <value>
                <![CDATA[Nein]]>
              </value>
            </param>
            <param index="2">
              <value>
                <![CDATA[ananchenko@Forsa-gmbh.de]]>
              </value>
            </param>
            <param index="3">
              <value>
                <![CDATA[Test12345!]]>
              </value>
            </param>
            <param index="4">
              <value>
                <![CDATA[ActDatum]]>
              </value>
            </param>
            <param index="5">
              <value>
                <![CDATA[18:00]]>
              </value>
            </param>
            <param index="6">
              <value>
                <![CDATA[30/360]]>
              </value>
            </param>
            <param index="7">
              <value>
                <![CDATA[endfällig]]>
              </value>
            </param>
            <param index="8">
              <value>
                <![CDATA[323.400]]>
              </value>
            </param>
            <param index="9">
              <value>
                <![CDATA[ActDatum + 3]]>
              </value>
            </param>
            <param index="10">
              <value>
                <![CDATA[ActDatum + 10]]>
              </value>
            </param>
            <param index="11">
              <value>
                <![CDATA[ActDatum + 20]]>
              </value>
            </param>
            <param index="12">
              <value>
                <![CDATA[ActDatum + 30]]>
              </value>
            </param>
            <param index="13">
              <value>
                <![CDATA[Das ist ein Kommentar durch den ]]>
              </value>
            </param>
            <param index="14">
              <value>
                <![CDATA[Test Borrower 2]]>
              </value>
            </param>
            <param index="15">
              <value>
                <![CDATA[lida@forsa-gmbh.de]]>
              </value>
            </param>
            <param index="16">
              <value>
                <![CDATA[Test12345!]]>
              </value>
            </param>
            <param index="17">
              <value>
                <![CDATA[1]]>
              </value>
            </param>
            <param index="18">
              <value>
                <![CDATA[BHDR-GN-Handel]]>
              </value>
            </param>
            <param index="19">
              <value>
                <![CDATA[bhdr-gn-handel@forsa-gmbh.de]]>
              </value>
            </param>
            <param index="20">
              <value>
                <![CDATA[Test12345!]]>
              </value>
            </param>
            <param index="21">
              <value>
                <![CDATA[2]]>
              </value>
            </param>
            <param index="22">
              <value>
                <![CDATA[Test Borrower 3]]>
              </value>
            </param>
            <param index="23">
              <value>
                <![CDATA[le@forsa-gmbh.de]]>
              </value>
            </param>
            <param index="24">
              <value>
                <![CDATA[Test12345!]]>
              </value>
            </param>
            <param index="25">
              <value>
                <![CDATA[3]]>
              </value>
            </param>
            <param index="26">
              <value>
                <![CDATA[Ja]]>
              </value>
            </param>
            <param index="27">
              <value>
                <![CDATA[Ja]]>
              </value>
            </param>
            <param index="28">
              <value>
                <![CDATA[Ja]]>
              </value>
            </param>
            <param index="29">
              <value>
                <![CDATA[Ja]]>
              </value>
            </param>
            <param index="30">
              <value>
                <![CDATA[Ja]]>
              </value>
            </param>
            <param index="31">
              <value>
                <![CDATA[Ja]]>
              </value>
            </param>
            <param index="32">
              <value>
                <![CDATA[Ja]]>
              </value>
            </param>
            <param index="33">
              <value>
                <![CDATA[Ja]]>
              </value>
            </param>
            <param index="34">
              <value>
                <![CDATA[Ja]]>
              </value>
            </param>
            <param index="35">
              <value>
                <![CDATA[Ja]]>
              </value>
            </param>
            <param index="36">
              <value>
                <![CDATA[Ja]]>
              </value>
            </param>
            <param index="37">
              <value>
                <![CDATA[Ja]]>
              </value>
            </param>
            <param index="38">
              <value>
                <![CDATA[Ja]]>
              </value>
            </param>
            <param index="39">
              <value>
                <![CDATA[Ja]]>
              </value>
            </param>
            <param index="40">
              <value>
                <![CDATA[Ja]]>
              </value>
            </param>
          </params>
          <reporter-output>
          </reporter-output>
        </test-method> <!-- TZPTenderAngebotAnnehmenGGTest -->
        <test-method is-config="true" signature="BrowserTearDown()[pri:0, instance:TopZinsPortal.TZPTenderAngebotAnnehmenGG@42a48628]" started-at="2021-03-26T13:06:16 CET" name="BrowserTearDown" finished-at="2021-03-26T13:06:20 CET" duration-ms="4179" status="PASS">
          <reporter-output>
          </reporter-output>
        </test-method> <!-- BrowserTearDown -->
      </class> <!-- TopZinsPortal.TZPTenderAngebotAnnehmenGG -->
    </test> <!-- TZP-Ausschreibung-Angebot-Annehmen-GG -->
  </suite> <!-- TopZinzPortal-Ausschreibung-Ablauftesttest -->
</testng-results>
