<?xml version="1.0" encoding="UTF-8"?>
<testng-results ignored="0" total="2" passed="0" failed="2" skipped="0">
  <reporter-output>
  </reporter-output>
  <suite started-at="2021-06-07T15:28:08 CEST" name="Default suite" finished-at="2021-06-07T15:28:14 CEST" duration-ms="6025">
    <groups>
    </groups>
    <test started-at="2021-06-07T15:28:08 CEST" name="Default test" finished-at="2021-06-07T15:28:14 CEST" duration-ms="6025">
      <class name="TopZinsPortal.TZPSeveralUserGNMailRegistration">
        <test-method is-config="true" signature="SetupSeleniumTestdaten(java.lang.String)[pri:0, instance:TopZinsPortal.TZPSeveralUserGNMailRegistration@4466af20]" started-at="2021-06-07T15:28:08 CEST" name="SetupSeleniumTestdaten" finished-at="2021-06-07T15:28:11 CEST" duration-ms="2773" status="PASS">
          <params>
            <param index="0">
              <value>
                <![CDATA[Ad Hoc Test]]>
              </value>
            </param>
          </params>
          <reporter-output>
          </reporter-output>
        </test-method> <!-- SetupSeleniumTestdaten -->
        <test-method signature="TZPServeralUserEinladenGGTest(java.lang.String, java.lang.String, java.lang.String, java.lang.String, java.lang.String, java.lang.String, java.lang.String, java.lang.String, java.lang.String, java.lang.String, java.lang.String, java.lang.String, java.lang.String, java.lang.String, java.lang.String)[pri:0, instance:TopZinsPortal.TZPSeveralUserGNMailRegistration@4466af20]" started-at="2021-06-07T15:28:11 CEST" name="TZPServeralUserEinladenGGTest" data-provider="TZPSeveralUserGN" finished-at="2021-06-07T15:28:12 CEST" duration-ms="1059" status="FAIL">
          <params>
            <param index="0">
              <value>
                <![CDATA[TZSUGN-TF-001]]>
              </value>
            </param>
            <param index="1">
              <value>
                <![CDATA[Ja]]>
              </value>
            </param>
            <param index="2">
              <value>
                <![CDATA[bhdr.gn.handel@gmail.com]]>
              </value>
            </param>
            <param index="3">
              <value>
                <![CDATA[Test12345!]]>
              </value>
            </param>
            <param index="4">
              <value>
                <![CDATA[Herr]]>
              </value>
            </param>
            <param index="5">
              <value>
                <![CDATA[TZP Serveral User]]>
              </value>
            </param>
            <param index="6">
              <value>
                <![CDATA[GN der Erste]]>
              </value>
            </param>
            <param index="7">
              <value>
                <![CDATA[TZPSeveralUserGN1@gmail.com]]>
              </value>
            </param>
            <param index="8">
              <value>
                <![CDATA[Test12345!]]>
              </value>
            </param>
            <param index="9">
              <value>
                <![CDATA[BHDR-GN-Handel]]>
              </value>
            </param>
            <param index="10">
              <value>
                <![CDATA[BHDR]]>
              </value>
            </param>
            <param index="11">
              <value>
                <![CDATA[00496119738163]]>
              </value>
            </param>
            <param index="12">
              <value>
                <![CDATA[Dr.]]>
              </value>
            </param>
            <param index="13">
              <value>
                <![CDATA[TZP.Serveral.User.gn.Handel]]>
              </value>
            </param>
            <param index="14">
              <value>
                <![CDATA[01.01.1990]]>
              </value>
            </param>
          </params>
          <exception class="java.lang.NullPointerException">
            <message>
              <![CDATA[null value in entry: url=null]]>
            </message>
            <full-stacktrace>
              <![CDATA[java.lang.NullPointerException: null value in entry: url=null
at com.google.common.collect.CollectPreconditions.checkEntryNotNull(CollectPreconditions.java:32)
at com.google.common.collect.SingletonImmutableBiMap.<init>(SingletonImmutableBiMap.java:42)
at com.google.common.collect.ImmutableBiMap.of(ImmutableBiMap.java:72)
at com.google.common.collect.ImmutableMap.of(ImmutableMap.java:124)
at org.openqa.selenium.remote.RemoteWebDriver.get(RemoteWebDriver.java:277)
at TopZinsPortal.TZPSeveralUserGNMailRegistration.TZPServeralUserEinladenGGTest(TZPSeveralUserGNMailRegistration.java:173)
at java.base/jdk.internal.reflect.NativeMethodAccessorImpl.invoke0(Native Method)
at java.base/jdk.internal.reflect.NativeMethodAccessorImpl.invoke(NativeMethodAccessorImpl.java:64)
at java.base/jdk.internal.reflect.DelegatingMethodAccessorImpl.invoke(DelegatingMethodAccessorImpl.java:43)
at java.base/java.lang.reflect.Method.invoke(Method.java:564)
at org.testng.internal.MethodInvocationHelper.invokeMethod(MethodInvocationHelper.java:132)
at org.testng.internal.TestInvoker.invokeMethod(TestInvoker.java:599)
at org.testng.internal.TestInvoker.invokeTestMethod(TestInvoker.java:174)
at org.testng.internal.MethodRunner.runInSequence(MethodRunner.java:46)
at org.testng.internal.TestInvoker$MethodInvocationAgent.invoke(TestInvoker.java:822)
at org.testng.internal.TestInvoker.invokeTestMethods(TestInvoker.java:147)
at org.testng.internal.TestMethodWorker.invokeTestMethods(TestMethodWorker.java:146)
at org.testng.internal.TestMethodWorker.run(TestMethodWorker.java:128)
at java.base/java.util.ArrayList.forEach(ArrayList.java:1511)
at org.testng.TestRunner.privateRun(TestRunner.java:764)
at org.testng.TestRunner.run(TestRunner.java:585)
at org.testng.SuiteRunner.runTest(SuiteRunner.java:384)
at org.testng.SuiteRunner.runSequentially(SuiteRunner.java:378)
at org.testng.SuiteRunner.privateRun(SuiteRunner.java:337)
at org.testng.SuiteRunner.run(SuiteRunner.java:286)
at org.testng.SuiteRunnerWorker.runSuite(SuiteRunnerWorker.java:53)
at org.testng.SuiteRunnerWorker.run(SuiteRunnerWorker.java:96)
at org.testng.TestNG.runSuitesSequentially(TestNG.java:1218)
at org.testng.TestNG.runSuitesLocally(TestNG.java:1140)
at org.testng.TestNG.runSuites(TestNG.java:1069)
at org.testng.TestNG.run(TestNG.java:1037)
at org.testng.remote.AbstractRemoteTestNG.run(AbstractRemoteTestNG.java:115)
at org.testng.remote.RemoteTestNG.initAndRun(RemoteTestNG.java:251)
at org.testng.remote.RemoteTestNG.main(RemoteTestNG.java:77)
]]>
            </full-stacktrace>
          </exception> <!-- java.lang.NullPointerException -->
          <reporter-output>
          </reporter-output>
        </test-method> <!-- TZPServeralUserEinladenGGTest -->
        <test-method signature="TZPServeralUserEinladenGGTest(java.lang.String, java.lang.String, java.lang.String, java.lang.String, java.lang.String, java.lang.String, java.lang.String, java.lang.String, java.lang.String, java.lang.String, java.lang.String, java.lang.String, java.lang.String, java.lang.String, java.lang.String)[pri:0, instance:TopZinsPortal.TZPSeveralUserGNMailRegistration@4466af20]" started-at="2021-06-07T15:28:12 CEST" name="TZPServeralUserEinladenGGTest" data-provider="TZPSeveralUserGN" finished-at="2021-06-07T15:28:13 CEST" duration-ms="345" status="FAIL">
          <params>
            <param index="0">
              <value>
                <![CDATA[TZSUGN-TF-002]]>
              </value>
            </param>
            <param index="1">
              <value>
                <![CDATA[Ja]]>
              </value>
            </param>
            <param index="2">
              <value>
                <![CDATA[bhdr.gn.handel@gmail.com]]>
              </value>
            </param>
            <param index="3">
              <value>
                <![CDATA[Test12345!]]>
              </value>
            </param>
            <param index="4">
              <value>
                <![CDATA[Frau]]>
              </value>
            </param>
            <param index="5">
              <value>
                <![CDATA[TZP Serveral User]]>
              </value>
            </param>
            <param index="6">
              <value>
                <![CDATA[GN der Zweite]]>
              </value>
            </param>
            <param index="7">
              <value>
                <![CDATA[TZPSeveralUserGN2@gmail.com]]>
              </value>
            </param>
            <param index="8">
              <value>
                <![CDATA[Test12345!]]>
              </value>
            </param>
            <param index="9">
              <value>
                <![CDATA[BHDR-GN-Handel]]>
              </value>
            </param>
            <param index="10">
              <value>
                <![CDATA[BHDR]]>
              </value>
            </param>
            <param index="11">
              <value>
                <![CDATA[0049-611-97381-63]]>
              </value>
            </param>
            <param index="12">
              <value>
                <![CDATA[Dr.]]>
              </value>
            </param>
            <param index="13">
              <value>
                <![CDATA[TZP.Serveral.User.gn.Handel]]>
              </value>
            </param>
            <param index="14">
              <value>
                <![CDATA[01.01.1990]]>
              </value>
            </param>
          </params>
          <exception class="java.lang.NullPointerException">
            <message>
              <![CDATA[null value in entry: url=null]]>
            </message>
            <full-stacktrace>
              <![CDATA[java.lang.NullPointerException: null value in entry: url=null
at com.google.common.collect.CollectPreconditions.checkEntryNotNull(CollectPreconditions.java:32)
at com.google.common.collect.SingletonImmutableBiMap.<init>(SingletonImmutableBiMap.java:42)
at com.google.common.collect.ImmutableBiMap.of(ImmutableBiMap.java:72)
at com.google.common.collect.ImmutableMap.of(ImmutableMap.java:124)
at org.openqa.selenium.remote.RemoteWebDriver.get(RemoteWebDriver.java:277)
at TopZinsPortal.TZPSeveralUserGNMailRegistration.TZPServeralUserEinladenGGTest(TZPSeveralUserGNMailRegistration.java:173)
at java.base/jdk.internal.reflect.NativeMethodAccessorImpl.invoke0(Native Method)
at java.base/jdk.internal.reflect.NativeMethodAccessorImpl.invoke(NativeMethodAccessorImpl.java:64)
at java.base/jdk.internal.reflect.DelegatingMethodAccessorImpl.invoke(DelegatingMethodAccessorImpl.java:43)
at java.base/java.lang.reflect.Method.invoke(Method.java:564)
at org.testng.internal.MethodInvocationHelper.invokeMethod(MethodInvocationHelper.java:132)
at org.testng.internal.TestInvoker.invokeMethod(TestInvoker.java:599)
at org.testng.internal.TestInvoker.invokeTestMethod(TestInvoker.java:174)
at org.testng.internal.MethodRunner.runInSequence(MethodRunner.java:46)
at org.testng.internal.TestInvoker$MethodInvocationAgent.invoke(TestInvoker.java:822)
at org.testng.internal.TestInvoker.invokeTestMethods(TestInvoker.java:147)
at org.testng.internal.TestMethodWorker.invokeTestMethods(TestMethodWorker.java:146)
at org.testng.internal.TestMethodWorker.run(TestMethodWorker.java:128)
at java.base/java.util.ArrayList.forEach(ArrayList.java:1511)
at org.testng.TestRunner.privateRun(TestRunner.java:764)
at org.testng.TestRunner.run(TestRunner.java:585)
at org.testng.SuiteRunner.runTest(SuiteRunner.java:384)
at org.testng.SuiteRunner.runSequentially(SuiteRunner.java:378)
at org.testng.SuiteRunner.privateRun(SuiteRunner.java:337)
at org.testng.SuiteRunner.run(SuiteRunner.java:286)
at org.testng.SuiteRunnerWorker.runSuite(SuiteRunnerWorker.java:53)
at org.testng.SuiteRunnerWorker.run(SuiteRunnerWorker.java:96)
at org.testng.TestNG.runSuitesSequentially(TestNG.java:1218)
at org.testng.TestNG.runSuitesLocally(TestNG.java:1140)
at org.testng.TestNG.runSuites(TestNG.java:1069)
at org.testng.TestNG.run(TestNG.java:1037)
at org.testng.remote.AbstractRemoteTestNG.run(AbstractRemoteTestNG.java:115)
at org.testng.remote.RemoteTestNG.initAndRun(RemoteTestNG.java:251)
at org.testng.remote.RemoteTestNG.main(RemoteTestNG.java:77)
]]>
            </full-stacktrace>
          </exception> <!-- java.lang.NullPointerException -->
          <reporter-output>
          </reporter-output>
        </test-method> <!-- TZPServeralUserEinladenGGTest -->
        <test-method is-config="true" signature="BrowserTearDown()[pri:0, instance:TopZinsPortal.TZPSeveralUserGNMailRegistration@4466af20]" started-at="2021-06-07T15:28:13 CEST" name="BrowserTearDown" finished-at="2021-06-07T15:28:14 CEST" duration-ms="1645" status="PASS">
          <reporter-output>
          </reporter-output>
        </test-method> <!-- BrowserTearDown -->
      </class> <!-- TopZinsPortal.TZPSeveralUserGNMailRegistration -->
    </test> <!-- Default test -->
  </suite> <!-- Default suite -->
</testng-results>
