<?xml version="1.0" encoding="UTF-8"?>
<testng-results ignored="0" total="1" passed="1" failed="0" skipped="0">
  <reporter-output>
  </reporter-output>
  <suite started-at="2021-02-05T16:04:08 CET" name="Default suite" finished-at="2021-02-05T16:04:37 CET" duration-ms="28866">
    <groups>
    </groups>
    <test started-at="2021-02-05T16:04:08 CET" name="Default test" finished-at="2021-02-05T16:04:37 CET" duration-ms="28866">
      <class name="TopZinsPortal.TZPTenderStartGG">
        <test-method is-config="true" signature="SetupSeleniumTestdaten(java.lang.String)[pri:0, instance:TopZinsPortal.TZPTenderStartGG@37afeb11]" started-at="2021-02-05T16:04:08 CET" name="SetupSeleniumTestdaten" finished-at="2021-02-05T16:04:12 CET" duration-ms="3837" status="PASS">
          <params>
            <param index="0">
              <value>
                <![CDATA[Ad Hoc Test]]>
              </value>
            </param>
          </params>
          <reporter-output>
          </reporter-output>
        </test-method> <!-- SetupSeleniumTestdaten -->
        <test-method signature="TZPTenderStartGGTest(java.lang.String, java.lang.String, java.lang.String, java.lang.String, java.lang.String, java.lang.String, java.lang.String, java.lang.String, java.lang.String, java.lang.String, java.lang.String, java.lang.String, java.lang.String, java.lang.String, java.lang.String, java.lang.String, java.lang.String, java.lang.String, java.lang.String, java.lang.String, java.lang.String, java.lang.String, java.lang.String, java.lang.String, java.lang.String, java.lang.String, java.lang.String, java.lang.String, java.lang.String, java.lang.String, java.lang.String, java.lang.String, java.lang.String, java.lang.String, java.lang.String, java.lang.String, java.lang.String, java.lang.String, java.lang.String, java.lang.String, java.lang.String)[pri:0, instance:TopZinsPortal.TZPTenderStartGG@37afeb11]" started-at="2021-02-05T16:04:12 CET" name="TZPTenderStartGGTest" data-provider="TZPTenderStartGG" finished-at="2021-02-05T16:04:32 CET" duration-ms="20320" status="PASS">
          <params>
            <param index="0">
              <value>
                <![CDATA[TZPTenderStartGG-TF-001]]>
              </value>
            </param>
            <param index="1">
              <value>
                <![CDATA[Ja]]>
              </value>
            </param>
            <param index="2">
              <value>
                <![CDATA[BHDR-GG-Handel@Forsa-gmbh.de]]>
              </value>
            </param>
            <param index="3">
              <value>
                <![CDATA[Test12345!]]>
              </value>
            </param>
            <param index="4">
              <value>
                <![CDATA[ActDatum]]>
              </value>
            </param>
            <param index="5">
              <value>
                <![CDATA[18:00]]>
              </value>
            </param>
            <param index="6">
              <value>
                <![CDATA[30/360]]>
              </value>
            </param>
            <param index="7">
              <value>
                <![CDATA[endfällig]]>
              </value>
            </param>
            <param index="8">
              <value>
                <![CDATA[200500]]>
              </value>
            </param>
            <param index="9">
              <value>
                <![CDATA[ActDatum + 1]]>
              </value>
            </param>
            <param index="10">
              <value>
                <![CDATA[ActDatum + 10]]>
              </value>
            </param>
            <param index="11">
              <value>
                <![CDATA[ActDatum + 20]]>
              </value>
            </param>
            <param index="12">
              <value>
                <![CDATA[ActDatum + 30]]>
              </value>
            </param>
            <param index="13">
              <value>
                <![CDATA[]]>
              </value>
            </param>
            <param index="14">
              <value>
                <![CDATA[BHDR-GN-Handel]]>
              </value>
            </param>
            <param index="15">
              <value>
                <![CDATA[BHDR-GN-Handel@Forsa-gmbh.de]]>
              </value>
            </param>
            <param index="16">
              <value>
                <![CDATA[Test12345!]]>
              </value>
            </param>
            <param index="17">
              <value>
                <![CDATA[1]]>
              </value>
            </param>
            <param index="18">
              <value>
                <![CDATA[]]>
              </value>
            </param>
            <param index="19">
              <value>
                <![CDATA[]]>
              </value>
            </param>
            <param index="20">
              <value>
                <![CDATA[Test12345!]]>
              </value>
            </param>
            <param index="21">
              <value>
                <![CDATA[2]]>
              </value>
            </param>
            <param index="22">
              <value>
                <![CDATA[]]>
              </value>
            </param>
            <param index="23">
              <value>
                <![CDATA[]]>
              </value>
            </param>
            <param index="24">
              <value>
                <![CDATA[Test12345!]]>
              </value>
            </param>
            <param index="25">
              <value>
                <![CDATA[3]]>
              </value>
            </param>
            <param index="26">
              <value>
                <![CDATA[Ja]]>
              </value>
            </param>
            <param index="27">
              <value>
                <![CDATA[Ja]]>
              </value>
            </param>
            <param index="28">
              <value>
                <![CDATA[Ja]]>
              </value>
            </param>
            <param index="29">
              <value>
                <![CDATA[Ja]]>
              </value>
            </param>
            <param index="30">
              <value>
                <![CDATA[Ja]]>
              </value>
            </param>
            <param index="31">
              <value>
                <![CDATA[Ja]]>
              </value>
            </param>
            <param index="32">
              <value>
                <![CDATA[Ja]]>
              </value>
            </param>
            <param index="33">
              <value>
                <![CDATA[Ja]]>
              </value>
            </param>
            <param index="34">
              <value>
                <![CDATA[Ja]]>
              </value>
            </param>
            <param index="35">
              <value>
                <![CDATA[Ja]]>
              </value>
            </param>
            <param index="36">
              <value>
                <![CDATA[Ja]]>
              </value>
            </param>
            <param index="37">
              <value>
                <![CDATA[Ja]]>
              </value>
            </param>
            <param index="38">
              <value>
                <![CDATA[Ja]]>
              </value>
            </param>
            <param index="39">
              <value>
                <![CDATA[Ja]]>
              </value>
            </param>
            <param index="40">
              <value>
                <![CDATA[Ja]]>
              </value>
            </param>
          </params>
          <reporter-output>
          </reporter-output>
        </test-method> <!-- TZPTenderStartGGTest -->
        <test-method is-config="true" signature="BrowserTearDown()[pri:0, instance:TopZinsPortal.TZPTenderStartGG@37afeb11]" started-at="2021-02-05T16:04:32 CET" name="BrowserTearDown" finished-at="2021-02-05T16:04:37 CET" duration-ms="4507" status="PASS">
          <reporter-output>
          </reporter-output>
        </test-method> <!-- BrowserTearDown -->
      </class> <!-- TopZinsPortal.TZPTenderStartGG -->
    </test> <!-- Default test -->
  </suite> <!-- Default suite -->
</testng-results>
