<?xml version="1.0" encoding="UTF-8"?>
<testng-results ignored="0" total="3" passed="1" failed="2" skipped="0">
  <reporter-output>
  </reporter-output>
  <suite started-at="2021-06-11T17:24:42 CEST" name="Default suite" finished-at="2021-06-11T17:27:40 CEST" duration-ms="177935">
    <groups>
    </groups>
    <test started-at="2021-06-11T17:24:42 CEST" name="Default test" finished-at="2021-06-11T17:27:40 CEST" duration-ms="177935">
      <class name="TopZinsPortal.TZPStammGG">
        <test-method is-config="true" signature="SetupSeleniumTestdaten(java.lang.String)[pri:0, instance:TopZinsPortal.TZPStammGG@4466af20]" started-at="2021-06-11T17:24:42 CEST" name="SetupSeleniumTestdaten" finished-at="2021-06-11T17:24:44 CEST" duration-ms="2700" status="PASS">
          <params>
            <param index="0">
              <value>
                <![CDATA[Ad Hoc Test]]>
              </value>
            </param>
          </params>
          <reporter-output>
          </reporter-output>
        </test-method> <!-- SetupSeleniumTestdaten -->
        <test-method signature="TZPStammGGTest(java.lang.String, java.lang.String, java.lang.String, java.lang.String, java.lang.String, java.lang.String, java.lang.String, java.lang.String, java.lang.String, java.lang.String, java.lang.String, java.lang.String, java.lang.String, java.lang.String, java.lang.String, java.lang.String, java.lang.String, java.lang.String, java.lang.String, java.lang.String, java.lang.String, java.lang.String, java.lang.String, java.lang.String, java.lang.String, java.lang.String, java.lang.String, java.lang.String)[pri:0, instance:TopZinsPortal.TZPStammGG@4466af20]" started-at="2021-06-11T17:24:45 CEST" name="TZPStammGGTest" data-provider="TZPStammGG" finished-at="2021-06-11T17:26:43 CEST" duration-ms="118816" status="PASS">
          <params>
            <param index="0">
              <value>
                <![CDATA[TZStammGG-TF-000]]>
              </value>
            </param>
            <param index="1">
              <value>
                <![CDATA[Ja]]>
              </value>
            </param>
            <param index="2">
              <value>
                <![CDATA[vor.nach@kommune.de]]>
              </value>
            </param>
            <param index="3">
              <value>
                <![CDATA[Test12345!]]>
              </value>
            </param>
            <param index="4">
              <value>
                <![CDATA[Test Kommune ]]>
              </value>
            </param>
            <param index="5">
              <value>
                <![CDATA[Kommunen]]>
              </value>
            </param>
            <param index="6">
              <value>
                <![CDATA[851WYGNLUQLFZBSYGB56]]>
              </value>
            </param>
            <param index="7">
              <value>
                <![CDATA[Deutschland]]>
              </value>
            </param>
            <param index="8">
              <value>
                <![CDATA[www.kommune.de]]>
              </value>
            </param>
            <param index="9">
              <value>
                <![CDATA[Abwicklung@kommune.de]]>
              </value>
            </param>
            <param index="10">
              <value>
                <![CDATA[Musterstraße]]>
              </value>
            </param>
            <param index="11">
              <value>
                <![CDATA[3 - 4]]>
              </value>
            </param>
            <param index="12">
              <value>
                <![CDATA[65207]]>
              </value>
            </param>
            <param index="13">
              <value>
                <![CDATA[Wiesbaden]]>
              </value>
            </param>
            <param index="14">
              <value>
                <![CDATA[Adresszusatz]]>
              </value>
            </param>
            <param index="15">
              <value>
                <![CDATA[Test Bank]]>
              </value>
            </param>
            <param index="16">
              <value>
                <![CDATA[INGDDEFFXXX]]>
              </value>
            </param>
            <param index="17">
              <value>
                <![CDATA[DE02500105170137075030 ING-DIBA INGDDEFF]]>
              </value>
            </param>
            <param index="18">
              <value>
                <![CDATA[Kommune ]]>
              </value>
            </param>
            <param index="19">
              <value>
                <![CDATA[Herr]]>
              </value>
            </param>
            <param index="20">
              <value>
                <![CDATA[Vorname Mitarbeiter]]>
              </value>
            </param>
            <param index="21">
              <value>
                <![CDATA[0049 611 12345678]]>
              </value>
            </param>
            <param index="22">
              <value>
                <![CDATA[Entfallen]]>
              </value>
            </param>
            <param index="23">
              <value>
                <![CDATA[Dr.]]>
              </value>
            </param>
            <param index="24">
              <value>
                <![CDATA[Nachname Mitarbeiter]]>
              </value>
            </param>
            <param index="25">
              <value>
                <![CDATA[vor.nach@kommune.de]]>
              </value>
            </param>
            <param index="26">
              <value>
                <![CDATA[Dieses Feld ist prefilled und ist nicht editierbar]]>
              </value>
            </param>
            <param index="27">
              <value>
                <![CDATA[23.08.1968]]>
              </value>
            </param>
          </params>
          <reporter-output>
          </reporter-output>
        </test-method> <!-- TZPStammGGTest -->
        <test-method signature="TZPStammGGTest(java.lang.String, java.lang.String, java.lang.String, java.lang.String, java.lang.String, java.lang.String, java.lang.String, java.lang.String, java.lang.String, java.lang.String, java.lang.String, java.lang.String, java.lang.String, java.lang.String, java.lang.String, java.lang.String, java.lang.String, java.lang.String, java.lang.String, java.lang.String, java.lang.String, java.lang.String, java.lang.String, java.lang.String, java.lang.String, java.lang.String, java.lang.String, java.lang.String)[pri:0, instance:TopZinsPortal.TZPStammGG@4466af20]" started-at="2021-06-11T17:26:43 CEST" name="TZPStammGGTest" data-provider="TZPStammGG" finished-at="2021-06-11T17:27:12 CEST" duration-ms="28744" status="FAIL">
          <params>
            <param index="0">
              <value>
                <![CDATA[TZStammGG-TF-001]]>
              </value>
            </param>
            <param index="1">
              <value>
                <![CDATA[Ja]]>
              </value>
            </param>
            <param index="2">
              <value>
                <![CDATA[BHDR.gg.Handel@gmail.com]]>
              </value>
            </param>
            <param index="3">
              <value>
                <![CDATA[Test12345!]]>
              </value>
            </param>
            <param index="4">
              <value>
                <![CDATA[BHDR-GG-Handel]]>
              </value>
            </param>
            <param index="5">
              <value>
                <![CDATA[Bundesländer]]>
              </value>
            </param>
            <param index="6">
              <value>
                <![CDATA[851WYGNLUQLFZBSYGB56]]>
              </value>
            </param>
            <param index="7">
              <value>
                <![CDATA[Deutschland]]>
              </value>
            </param>
            <param index="8">
              <value>
                <![CDATA[www.forsa-Handel.de]]>
              </value>
            </param>
            <param index="9">
              <value>
                <![CDATA[BHDR.gg.Handel@gmail.com]]>
              </value>
            </param>
            <param index="10">
              <value>
                <![CDATA[Hackenbaum]]>
              </value>
            </param>
            <param index="11">
              <value>
                <![CDATA[3 - 4]]>
              </value>
            </param>
            <param index="12">
              <value>
                <![CDATA[65207]]>
              </value>
            </param>
            <param index="13">
              <value>
                <![CDATA[Wiesbaden]]>
              </value>
            </param>
            <param index="14">
              <value>
                <![CDATA[Adresszusatz]]>
              </value>
            </param>
            <param index="15">
              <value>
                <![CDATA[Ing Diba]]>
              </value>
            </param>
            <param index="16">
              <value>
                <![CDATA[INGDDEFFXXX]]>
              </value>
            </param>
            <param index="17">
              <value>
                <![CDATA[DE02500105170137075030 ING-DIBA INGDDEFF]]>
              </value>
            </param>
            <param index="18">
              <value>
                <![CDATA[Dikmen.gg.Handel]]>
              </value>
            </param>
            <param index="19">
              <value>
                <![CDATA[Herr]]>
              </value>
            </param>
            <param index="20">
              <value>
                <![CDATA[Bahadir]]>
              </value>
            </param>
            <param index="21">
              <value>
                <![CDATA[00496119738163]]>
              </value>
            </param>
            <param index="22">
              <value>
                <![CDATA[Entfallen]]>
              </value>
            </param>
            <param index="23">
              <value>
                <![CDATA[Dr.]]>
              </value>
            </param>
            <param index="24">
              <value>
                <![CDATA[Dikmen.gg.Handel]]>
              </value>
            </param>
            <param index="25">
              <value>
                <![CDATA[BHDR.gg.Handel@gmail.com]]>
              </value>
            </param>
            <param index="26">
              <value>
                <![CDATA[Dieses Feld ist prefilled und ist nicht editierbar]]>
              </value>
            </param>
            <param index="27">
              <value>
                <![CDATA[23.08.1968]]>
              </value>
            </param>
          </params>
          <exception class="java.lang.AssertionError">
            <message>
              <![CDATA[The following asserts failed:
Gemeldeter Fehler: org.openqa.selenium.NoSuchElementException: no such element: Unable to locate element: {"method":"xpath","selector":"//button[contains(@data-test, 'logout-dsgvo-button')]"}
  (Session info: chrome=91.0.4472.101)
For documentation on this error, please visit: https://www.seleniumhq.org/exceptions/no_such_element.html
Build info: version: '3.141.59', revision: 'e82be7d358', time: '2018-11-14T08:17:03'
System info: host: 'FORSA-VM31', ip: '10.52.76.82', os.name: 'Windows 10', os.arch: 'amd64', os.version: '10.0', java.version: '15'
Driver info: org.openqa.selenium.chrome.ChromeDriver
Capabilities {acceptInsecureCerts: false, browserName: chrome, browserVersion: 91.0.4472.101, chrome: {chromedriverVersion: 91.0.4472.19 (1bf021f248676..., userDataDir: C:\Users\B22E7~1.DIK\AppDat...}, goog:chromeOptions: {debuggerAddress: localhost:62126}, javascriptEnabled: true, networkConnectionEnabled: false, pageLoadStrategy: normal, platform: WINDOWS, platformName: WINDOWS, proxy: Proxy(), setWindowRect: true, strictFileInteractability: false, timeouts: {implicit: 0, pageLoad: 300000, script: 30000}, unhandledPromptBehavior: dismiss and notify, webauthn:extension:largeBlob: true, webauthn:virtualAuthenticators: true}
Session ID: 5391beec75b5de5501964294fbe15f05
*** Element info: {Using=xpath, value=//button[contains(@data-test, 'logout-dsgvo-button')]} expected [true] but found [false]]]>
            </message>
            <full-stacktrace>
              <![CDATA[java.lang.AssertionError: The following asserts failed:
Gemeldeter Fehler: org.openqa.selenium.NoSuchElementException: no such element: Unable to locate element: {"method":"xpath","selector":"//button[contains(@data-test, 'logout-dsgvo-button')]"}
  (Session info: chrome=91.0.4472.101)
For documentation on this error, please visit: https://www.seleniumhq.org/exceptions/no_such_element.html
Build info: version: '3.141.59', revision: 'e82be7d358', time: '2018-11-14T08:17:03'
System info: host: 'FORSA-VM31', ip: '10.52.76.82', os.name: 'Windows 10', os.arch: 'amd64', os.version: '10.0', java.version: '15'
Driver info: org.openqa.selenium.chrome.ChromeDriver
Capabilities {acceptInsecureCerts: false, browserName: chrome, browserVersion: 91.0.4472.101, chrome: {chromedriverVersion: 91.0.4472.19 (1bf021f248676..., userDataDir: C:\Users\B22E7~1.DIK\AppDat...}, goog:chromeOptions: {debuggerAddress: localhost:62126}, javascriptEnabled: true, networkConnectionEnabled: false, pageLoadStrategy: normal, platform: WINDOWS, platformName: WINDOWS, proxy: Proxy(), setWindowRect: true, strictFileInteractability: false, timeouts: {implicit: 0, pageLoad: 300000, script: 30000}, unhandledPromptBehavior: dismiss and notify, webauthn:extension:largeBlob: true, webauthn:virtualAuthenticators: true}
Session ID: 5391beec75b5de5501964294fbe15f05
*** Element info: {Using=xpath, value=//button[contains(@data-test, 'logout-dsgvo-button')]} expected [true] but found [false]
at org.testng.asserts.SoftAssert.assertAll(SoftAssert.java:47)
at org.testng.asserts.SoftAssert.assertAll(SoftAssert.java:31)
at Utils.SeleniumUtils.ButtonKlick(SeleniumUtils.java:481)
at TopZinsPortal.TZPStammGG.TZPStammGGTest(TZPStammGG.java:120)
at java.base/jdk.internal.reflect.NativeMethodAccessorImpl.invoke0(Native Method)
at java.base/jdk.internal.reflect.NativeMethodAccessorImpl.invoke(NativeMethodAccessorImpl.java:64)
at java.base/jdk.internal.reflect.DelegatingMethodAccessorImpl.invoke(DelegatingMethodAccessorImpl.java:43)
at java.base/java.lang.reflect.Method.invoke(Method.java:564)
at org.testng.internal.MethodInvocationHelper.invokeMethod(MethodInvocationHelper.java:132)
at org.testng.internal.TestInvoker.invokeMethod(TestInvoker.java:599)
at org.testng.internal.TestInvoker.invokeTestMethod(TestInvoker.java:174)
at org.testng.internal.MethodRunner.runInSequence(MethodRunner.java:46)
at org.testng.internal.TestInvoker$MethodInvocationAgent.invoke(TestInvoker.java:822)
at org.testng.internal.TestInvoker.invokeTestMethods(TestInvoker.java:147)
at org.testng.internal.TestMethodWorker.invokeTestMethods(TestMethodWorker.java:146)
at org.testng.internal.TestMethodWorker.run(TestMethodWorker.java:128)
at java.base/java.util.ArrayList.forEach(ArrayList.java:1511)
at org.testng.TestRunner.privateRun(TestRunner.java:764)
at org.testng.TestRunner.run(TestRunner.java:585)
at org.testng.SuiteRunner.runTest(SuiteRunner.java:384)
at org.testng.SuiteRunner.runSequentially(SuiteRunner.java:378)
at org.testng.SuiteRunner.privateRun(SuiteRunner.java:337)
at org.testng.SuiteRunner.run(SuiteRunner.java:286)
at org.testng.SuiteRunnerWorker.runSuite(SuiteRunnerWorker.java:53)
at org.testng.SuiteRunnerWorker.run(SuiteRunnerWorker.java:96)
at org.testng.TestNG.runSuitesSequentially(TestNG.java:1218)
at org.testng.TestNG.runSuitesLocally(TestNG.java:1140)
at org.testng.TestNG.runSuites(TestNG.java:1069)
at org.testng.TestNG.run(TestNG.java:1037)
at org.testng.remote.AbstractRemoteTestNG.run(AbstractRemoteTestNG.java:115)
at org.testng.remote.RemoteTestNG.initAndRun(RemoteTestNG.java:251)
at org.testng.remote.RemoteTestNG.main(RemoteTestNG.java:77)
]]>
            </full-stacktrace>
          </exception> <!-- java.lang.AssertionError -->
          <reporter-output>
          </reporter-output>
        </test-method> <!-- TZPStammGGTest -->
        <test-method signature="TZPStammGGTest(java.lang.String, java.lang.String, java.lang.String, java.lang.String, java.lang.String, java.lang.String, java.lang.String, java.lang.String, java.lang.String, java.lang.String, java.lang.String, java.lang.String, java.lang.String, java.lang.String, java.lang.String, java.lang.String, java.lang.String, java.lang.String, java.lang.String, java.lang.String, java.lang.String, java.lang.String, java.lang.String, java.lang.String, java.lang.String, java.lang.String, java.lang.String, java.lang.String)[pri:0, instance:TopZinsPortal.TZPStammGG@4466af20]" started-at="2021-06-11T17:27:12 CEST" name="TZPStammGGTest" data-provider="TZPStammGG" finished-at="2021-06-11T17:27:38 CEST" duration-ms="25905" status="FAIL">
          <params>
            <param index="0">
              <value>
                <![CDATA[TZStammGG-TF-002]]>
              </value>
            </param>
            <param index="1">
              <value>
                <![CDATA[Ja]]>
              </value>
            </param>
            <param index="2">
              <value>
                <![CDATA[BHDR.gg.DatenKomplett@gmail.com]]>
              </value>
            </param>
            <param index="3">
              <value>
                <![CDATA[Test12345!]]>
              </value>
            </param>
            <param index="4">
              <value>
                <![CDATA[BHDR-GG-DatenKomplett]]>
              </value>
            </param>
            <param index="5">
              <value>
                <![CDATA[Gewerkschaften]]>
              </value>
            </param>
            <param index="6">
              <value>
                <![CDATA[851WYGNLUQLFZBSYGB56]]>
              </value>
            </param>
            <param index="7">
              <value>
                <![CDATA[Deutschland]]>
              </value>
            </param>
            <param index="8">
              <value>
                <![CDATA[www.online-Datenkomplett.de]]>
              </value>
            </param>
            <param index="9">
              <value>
                <![CDATA[BHDR.gg.DatenKomplett@gmail.com]]>
              </value>
            </param>
            <param index="10">
              <value>
                <![CDATA[Hackenbaum]]>
              </value>
            </param>
            <param index="11">
              <value>
                <![CDATA[2A]]>
              </value>
            </param>
            <param index="12">
              <value>
                <![CDATA[65207]]>
              </value>
            </param>
            <param index="13">
              <value>
                <![CDATA[Wiesbaden]]>
              </value>
            </param>
            <param index="14">
              <value>
                <![CDATA[Adresszusatz]]>
              </value>
            </param>
            <param index="15">
              <value>
                <![CDATA[Ing Diba]]>
              </value>
            </param>
            <param index="16">
              <value>
                <![CDATA[INGDDEFFXXX]]>
              </value>
            </param>
            <param index="17">
              <value>
                <![CDATA[DE02500105170137075030 ING-DIBA INGDDEFF]]>
              </value>
            </param>
            <param index="18">
              <value>
                <![CDATA[Dikmen.gg.Komplett]]>
              </value>
            </param>
            <param index="19">
              <value>
                <![CDATA[Herr]]>
              </value>
            </param>
            <param index="20">
              <value>
                <![CDATA[Bahadir]]>
              </value>
            </param>
            <param index="21">
              <value>
                <![CDATA[0049-611-97381-63]]>
              </value>
            </param>
            <param index="22">
              <value>
                <![CDATA[Entfallen]]>
              </value>
            </param>
            <param index="23">
              <value>
                <![CDATA[Dr.]]>
              </value>
            </param>
            <param index="24">
              <value>
                <![CDATA[Dikmen.gg.Komplett]]>
              </value>
            </param>
            <param index="25">
              <value>
                <![CDATA[BHDR.gg.DatenKomplett@gmail.com]]>
              </value>
            </param>
            <param index="26">
              <value>
                <![CDATA[Dieses Feld ist prefilled und ist nicht editierbar]]>
              </value>
            </param>
            <param index="27">
              <value>
                <![CDATA[23.08.1968]]>
              </value>
            </param>
          </params>
          <exception class="java.lang.AssertionError">
            <message>
              <![CDATA[The following asserts failed:
Gemeldeter Fehler: org.openqa.selenium.NoSuchElementException: no such element: Unable to locate element: {"method":"css selector","selector":"*[name='email']"}
  (Session info: chrome=91.0.4472.101)
For documentation on this error, please visit: https://www.seleniumhq.org/exceptions/no_such_element.html
Build info: version: '3.141.59', revision: 'e82be7d358', time: '2018-11-14T08:17:03'
System info: host: 'FORSA-VM31', ip: '10.52.76.82', os.name: 'Windows 10', os.arch: 'amd64', os.version: '10.0', java.version: '15'
Driver info: org.openqa.selenium.chrome.ChromeDriver
Capabilities {acceptInsecureCerts: false, browserName: chrome, browserVersion: 91.0.4472.101, chrome: {chromedriverVersion: 91.0.4472.19 (1bf021f248676..., userDataDir: C:\Users\B22E7~1.DIK\AppDat...}, goog:chromeOptions: {debuggerAddress: localhost:62126}, javascriptEnabled: true, networkConnectionEnabled: false, pageLoadStrategy: normal, platform: WINDOWS, platformName: WINDOWS, proxy: Proxy(), setWindowRect: true, strictFileInteractability: false, timeouts: {implicit: 0, pageLoad: 300000, script: 30000}, unhandledPromptBehavior: dismiss and notify, webauthn:extension:largeBlob: true, webauthn:virtualAuthenticators: true}
Session ID: 5391beec75b5de5501964294fbe15f05
*** Element info: {Using=name, value=email} expected [true] but found [false]]]>
            </message>
            <full-stacktrace>
              <![CDATA[java.lang.AssertionError: The following asserts failed:
Gemeldeter Fehler: org.openqa.selenium.NoSuchElementException: no such element: Unable to locate element: {"method":"css selector","selector":"*[name='email']"}
  (Session info: chrome=91.0.4472.101)
For documentation on this error, please visit: https://www.seleniumhq.org/exceptions/no_such_element.html
Build info: version: '3.141.59', revision: 'e82be7d358', time: '2018-11-14T08:17:03'
System info: host: 'FORSA-VM31', ip: '10.52.76.82', os.name: 'Windows 10', os.arch: 'amd64', os.version: '10.0', java.version: '15'
Driver info: org.openqa.selenium.chrome.ChromeDriver
Capabilities {acceptInsecureCerts: false, browserName: chrome, browserVersion: 91.0.4472.101, chrome: {chromedriverVersion: 91.0.4472.19 (1bf021f248676..., userDataDir: C:\Users\B22E7~1.DIK\AppDat...}, goog:chromeOptions: {debuggerAddress: localhost:62126}, javascriptEnabled: true, networkConnectionEnabled: false, pageLoadStrategy: normal, platform: WINDOWS, platformName: WINDOWS, proxy: Proxy(), setWindowRect: true, strictFileInteractability: false, timeouts: {implicit: 0, pageLoad: 300000, script: 30000}, unhandledPromptBehavior: dismiss and notify, webauthn:extension:largeBlob: true, webauthn:virtualAuthenticators: true}
Session ID: 5391beec75b5de5501964294fbe15f05
*** Element info: {Using=name, value=email} expected [true] but found [false]
at org.testng.asserts.SoftAssert.assertAll(SoftAssert.java:47)
at org.testng.asserts.SoftAssert.assertAll(SoftAssert.java:31)
at Utils.SeleniumUtils.InputText(SeleniumUtils.java:402)
at TopZinsPortal.TZPStammGG.TZPStammGGTest(TZPStammGG.java:112)
at java.base/jdk.internal.reflect.NativeMethodAccessorImpl.invoke0(Native Method)
at java.base/jdk.internal.reflect.NativeMethodAccessorImpl.invoke(NativeMethodAccessorImpl.java:64)
at java.base/jdk.internal.reflect.DelegatingMethodAccessorImpl.invoke(DelegatingMethodAccessorImpl.java:43)
at java.base/java.lang.reflect.Method.invoke(Method.java:564)
at org.testng.internal.MethodInvocationHelper.invokeMethod(MethodInvocationHelper.java:132)
at org.testng.internal.TestInvoker.invokeMethod(TestInvoker.java:599)
at org.testng.internal.TestInvoker.invokeTestMethod(TestInvoker.java:174)
at org.testng.internal.MethodRunner.runInSequence(MethodRunner.java:46)
at org.testng.internal.TestInvoker$MethodInvocationAgent.invoke(TestInvoker.java:822)
at org.testng.internal.TestInvoker.invokeTestMethods(TestInvoker.java:147)
at org.testng.internal.TestMethodWorker.invokeTestMethods(TestMethodWorker.java:146)
at org.testng.internal.TestMethodWorker.run(TestMethodWorker.java:128)
at java.base/java.util.ArrayList.forEach(ArrayList.java:1511)
at org.testng.TestRunner.privateRun(TestRunner.java:764)
at org.testng.TestRunner.run(TestRunner.java:585)
at org.testng.SuiteRunner.runTest(SuiteRunner.java:384)
at org.testng.SuiteRunner.runSequentially(SuiteRunner.java:378)
at org.testng.SuiteRunner.privateRun(SuiteRunner.java:337)
at org.testng.SuiteRunner.run(SuiteRunner.java:286)
at org.testng.SuiteRunnerWorker.runSuite(SuiteRunnerWorker.java:53)
at org.testng.SuiteRunnerWorker.run(SuiteRunnerWorker.java:96)
at org.testng.TestNG.runSuitesSequentially(TestNG.java:1218)
at org.testng.TestNG.runSuitesLocally(TestNG.java:1140)
at org.testng.TestNG.runSuites(TestNG.java:1069)
at org.testng.TestNG.run(TestNG.java:1037)
at org.testng.remote.AbstractRemoteTestNG.run(AbstractRemoteTestNG.java:115)
at org.testng.remote.RemoteTestNG.initAndRun(RemoteTestNG.java:251)
at org.testng.remote.RemoteTestNG.main(RemoteTestNG.java:77)
]]>
            </full-stacktrace>
          </exception> <!-- java.lang.AssertionError -->
          <reporter-output>
          </reporter-output>
        </test-method> <!-- TZPStammGGTest -->
        <test-method is-config="true" signature="BrowserTearDown()[pri:0, instance:TopZinsPortal.TZPStammGG@4466af20]" started-at="2021-06-11T17:27:38 CEST" name="BrowserTearDown" finished-at="2021-06-11T17:27:40 CEST" duration-ms="1569" status="PASS">
          <reporter-output>
          </reporter-output>
        </test-method> <!-- BrowserTearDown -->
      </class> <!-- TopZinsPortal.TZPStammGG -->
    </test> <!-- Default test -->
  </suite> <!-- Default suite -->
</testng-results>
