<?xml version="1.0" encoding="UTF-8"?>
<testng-results ignored="0" total="4" passed="3" failed="1" skipped="0">
  <reporter-output>
  </reporter-output>
  <suite started-at="2021-07-05T15:44:18 CEST" name="Default suite" finished-at="2021-07-05T15:46:11 CEST" duration-ms="112337">
    <groups>
    </groups>
    <test started-at="2021-07-05T15:44:18 CEST" name="Default test" finished-at="2021-07-05T15:46:11 CEST" duration-ms="112337">
      <class name="TopZinsPortal.TZPSeveralUserGGAdminHandelsfreigabe">
        <test-method is-config="true" signature="SetupSeleniumTestdaten(java.lang.String)[pri:0, instance:TopZinsPortal.TZPSeveralUserGGAdminHandelsfreigabe@4466af20]" started-at="2021-07-05T15:44:18 CEST" name="SetupSeleniumTestdaten" finished-at="2021-07-05T15:44:21 CEST" duration-ms="2936" status="PASS">
          <params>
            <param index="0">
              <value>
                <![CDATA[Ad Hoc Test]]>
              </value>
            </param>
          </params>
          <reporter-output>
          </reporter-output>
        </test-method> <!-- SetupSeleniumTestdaten -->
        <test-method signature="TZPSeveralUserAdminHandelsfreigabeGGTest(java.lang.String, java.lang.String, java.lang.String, java.lang.String, java.lang.String, java.lang.String, java.lang.String, java.lang.String, java.lang.String, java.lang.String, java.lang.String, java.lang.String, java.lang.String, java.lang.String, java.lang.String)[pri:0, instance:TopZinsPortal.TZPSeveralUserGGAdminHandelsfreigabe@4466af20]" started-at="2021-07-05T15:44:21 CEST" name="TZPSeveralUserAdminHandelsfreigabeGGTest" data-provider="TZPSeveralUserGG" finished-at="2021-07-05T15:44:21 CEST" duration-ms="12" status="PASS">
          <params>
            <param index="0">
              <value>
                <![CDATA[TZSUGG-TF-000]]>
              </value>
            </param>
            <param index="1">
              <value>
                <![CDATA[Nein]]>
              </value>
            </param>
            <param index="2">
              <value>
                <![CDATA[vor.nach@Kommune.de]]>
              </value>
            </param>
            <param index="3">
              <value>
                <![CDATA[Test12345!]]>
              </value>
            </param>
            <param index="4">
              <value>
                <![CDATA[Herr]]>
              </value>
            </param>
            <param index="5">
              <value>
                <![CDATA[Mitarbeiter Vorname]]>
              </value>
            </param>
            <param index="6">
              <value>
                <![CDATA[Mitarbeiter Nachname]]>
              </value>
            </param>
            <param index="7">
              <value>
                <![CDATA[MitarbeiterVor.MitarbeiterNach@kommunue.de]]>
              </value>
            </param>
            <param index="8">
              <value>
                <![CDATA[Test12345!]]>
              </value>
            </param>
            <param index="9">
              <value>
                <![CDATA[Test Kommunue]]>
              </value>
            </param>
            <param index="10">
              <value>
                <![CDATA[Max]]>
              </value>
            </param>
            <param index="11">
              <value>
                <![CDATA[00496119738163]]>
              </value>
            </param>
            <param index="12">
              <value>
                <![CDATA[Dr.]]>
              </value>
            </param>
            <param index="13">
              <value>
                <![CDATA[Mustermann]]>
              </value>
            </param>
            <param index="14">
              <value>
                <![CDATA[01.01.1990]]>
              </value>
            </param>
          </params>
          <reporter-output>
          </reporter-output>
        </test-method> <!-- TZPSeveralUserAdminHandelsfreigabeGGTest -->
        <test-method signature="TZPSeveralUserAdminHandelsfreigabeGGTest(java.lang.String, java.lang.String, java.lang.String, java.lang.String, java.lang.String, java.lang.String, java.lang.String, java.lang.String, java.lang.String, java.lang.String, java.lang.String, java.lang.String, java.lang.String, java.lang.String, java.lang.String)[pri:0, instance:TopZinsPortal.TZPSeveralUserGGAdminHandelsfreigabe@4466af20]" started-at="2021-07-05T15:44:21 CEST" name="TZPSeveralUserAdminHandelsfreigabeGGTest" data-provider="TZPSeveralUserGG" finished-at="2021-07-05T15:45:06 CEST" duration-ms="44426" status="PASS">
          <params>
            <param index="0">
              <value>
                <![CDATA[TZSUGG-TF-001]]>
              </value>
            </param>
            <param index="1">
              <value>
                <![CDATA[Ja]]>
              </value>
            </param>
            <param index="2">
              <value>
                <![CDATA[bhdr.gg.handel@gmail.com]]>
              </value>
            </param>
            <param index="3">
              <value>
                <![CDATA[Test12345!]]>
              </value>
            </param>
            <param index="4">
              <value>
                <![CDATA[Herr]]>
              </value>
            </param>
            <param index="5">
              <value>
                <![CDATA[TZP Serveral User]]>
              </value>
            </param>
            <param index="6">
              <value>
                <![CDATA[GG der Erste Handel]]>
              </value>
            </param>
            <param index="7">
              <value>
                <![CDATA[TZPSeveralUserGG1@gmail.com]]>
              </value>
            </param>
            <param index="8">
              <value>
                <![CDATA[Test12345!]]>
              </value>
            </param>
            <param index="9">
              <value>
                <![CDATA[BHDR-GG-Handel]]>
              </value>
            </param>
            <param index="10">
              <value>
                <![CDATA[Bahadir]]>
              </value>
            </param>
            <param index="11">
              <value>
                <![CDATA[00496119738163]]>
              </value>
            </param>
            <param index="12">
              <value>
                <![CDATA[Dr.]]>
              </value>
            </param>
            <param index="13">
              <value>
                <![CDATA[TZP.Serveral.User.gg.Handel]]>
              </value>
            </param>
            <param index="14">
              <value>
                <![CDATA[01.01.1990]]>
              </value>
            </param>
          </params>
          <reporter-output>
          </reporter-output>
        </test-method> <!-- TZPSeveralUserAdminHandelsfreigabeGGTest -->
        <test-method signature="TZPSeveralUserAdminHandelsfreigabeGGTest(java.lang.String, java.lang.String, java.lang.String, java.lang.String, java.lang.String, java.lang.String, java.lang.String, java.lang.String, java.lang.String, java.lang.String, java.lang.String, java.lang.String, java.lang.String, java.lang.String, java.lang.String)[pri:0, instance:TopZinsPortal.TZPSeveralUserGGAdminHandelsfreigabe@4466af20]" started-at="2021-07-05T15:45:06 CEST" name="TZPSeveralUserAdminHandelsfreigabeGGTest" data-provider="TZPSeveralUserGG" finished-at="2021-07-05T15:45:38 CEST" duration-ms="31803" status="PASS">
          <params>
            <param index="0">
              <value>
                <![CDATA[TZSUGG-TF-002]]>
              </value>
            </param>
            <param index="1">
              <value>
                <![CDATA[Ja]]>
              </value>
            </param>
            <param index="2">
              <value>
                <![CDATA[bhdr.gg.handel@gmail.com]]>
              </value>
            </param>
            <param index="3">
              <value>
                <![CDATA[Test12345!]]>
              </value>
            </param>
            <param index="4">
              <value>
                <![CDATA[Frau]]>
              </value>
            </param>
            <param index="5">
              <value>
                <![CDATA[TZP Serveral User]]>
              </value>
            </param>
            <param index="6">
              <value>
                <![CDATA[GG der Zweite Handel]]>
              </value>
            </param>
            <param index="7">
              <value>
                <![CDATA[TZPSeveralUserGG2@gmail.com]]>
              </value>
            </param>
            <param index="8">
              <value>
                <![CDATA[Test12345!]]>
              </value>
            </param>
            <param index="9">
              <value>
                <![CDATA[BHDR-GG-Handel]]>
              </value>
            </param>
            <param index="10">
              <value>
                <![CDATA[Bahadir]]>
              </value>
            </param>
            <param index="11">
              <value>
                <![CDATA[0049-611-97381-63]]>
              </value>
            </param>
            <param index="12">
              <value>
                <![CDATA[]]>
              </value>
            </param>
            <param index="13">
              <value>
                <![CDATA[TZP.Serveral.User.gg.Handel]]>
              </value>
            </param>
            <param index="14">
              <value>
                <![CDATA[01.01.1990]]>
              </value>
            </param>
          </params>
          <reporter-output>
          </reporter-output>
        </test-method> <!-- TZPSeveralUserAdminHandelsfreigabeGGTest -->
        <test-method signature="TZPSeveralUserAdminHandelsfreigabeGGTest(java.lang.String, java.lang.String, java.lang.String, java.lang.String, java.lang.String, java.lang.String, java.lang.String, java.lang.String, java.lang.String, java.lang.String, java.lang.String, java.lang.String, java.lang.String, java.lang.String, java.lang.String)[pri:0, instance:TopZinsPortal.TZPSeveralUserGGAdminHandelsfreigabe@4466af20]" started-at="2021-07-05T15:45:38 CEST" name="TZPSeveralUserAdminHandelsfreigabeGGTest" data-provider="TZPSeveralUserGG" finished-at="2021-07-05T15:46:09 CEST" duration-ms="31414" status="FAIL">
          <params>
            <param index="0">
              <value>
                <![CDATA[TZSUGG-TF-003]]>
              </value>
            </param>
            <param index="1">
              <value>
                <![CDATA[Ja]]>
              </value>
            </param>
            <param index="2">
              <value>
                <![CDATA[bhdr.gg.handel@gmail.com]]>
              </value>
            </param>
            <param index="3">
              <value>
                <![CDATA[Test12345!]]>
              </value>
            </param>
            <param index="4">
              <value>
                <![CDATA[Herr]]>
              </value>
            </param>
            <param index="5">
              <value>
                <![CDATA[TZP Serveral User]]>
              </value>
            </param>
            <param index="6">
              <value>
                <![CDATA[GG Eingeladen]]>
              </value>
            </param>
            <param index="7">
              <value>
                <![CDATA[TZPSeveralUserGGEingeladen@gmail.com]]>
              </value>
            </param>
            <param index="8">
              <value>
                <![CDATA[Test12345!]]>
              </value>
            </param>
            <param index="9">
              <value>
                <![CDATA[BHDR-GG-Handel]]>
              </value>
            </param>
            <param index="10">
              <value>
                <![CDATA[Bahadir]]>
              </value>
            </param>
            <param index="11">
              <value>
                <![CDATA[00496119738163]]>
              </value>
            </param>
            <param index="12">
              <value>
                <![CDATA[Prof.]]>
              </value>
            </param>
            <param index="13">
              <value>
                <![CDATA[TZP.Serveral.User.gg.Eingeladen]]>
              </value>
            </param>
            <param index="14">
              <value>
                <![CDATA[01.01.1990]]>
              </value>
            </param>
          </params>
          <exception class="java.lang.AssertionError">
            <message>
              <![CDATA[The following asserts failed:
Gemeldeter Fehler: org.openqa.selenium.NoSuchElementException: no such element: Unable to locate element: {"method":"xpath","selector":"//div[text() = 'BHDR-GG-Handel']//ancestor::tr[contains(@class, 'MuiTableRow-root')]//button[@type='button']"}
  (Session info: chrome=91.0.4472.124)
For documentation on this error, please visit: https://www.seleniumhq.org/exceptions/no_such_element.html
Build info: version: '3.141.59', revision: 'e82be7d358', time: '2018-11-14T08:17:03'
System info: host: 'FORSA-VM31', ip: '10.52.76.82', os.name: 'Windows 10', os.arch: 'amd64', os.version: '10.0', java.version: '15'
Driver info: org.openqa.selenium.chrome.ChromeDriver
Capabilities {acceptInsecureCerts: false, browserName: chrome, browserVersion: 91.0.4472.124, chrome: {chromedriverVersion: 91.0.4472.101 (af52a90bf870..., userDataDir: C:\Users\B22E7~1.DIK\AppDat...}, goog:chromeOptions: {debuggerAddress: localhost:63270}, javascriptEnabled: true, networkConnectionEnabled: false, pageLoadStrategy: normal, platform: WINDOWS, platformName: WINDOWS, proxy: Proxy(), setWindowRect: true, strictFileInteractability: false, timeouts: {implicit: 0, pageLoad: 300000, script: 30000}, unhandledPromptBehavior: dismiss and notify, webauthn:extension:largeBlob: true, webauthn:virtualAuthenticators: true}
Session ID: 3ffa0f31588ceb279d4f2e36f9bce4c4
*** Element info: {Using=xpath, value=//div[text() = 'BHDR-GG-Handel']//ancestor::tr[contains(@class, 'MuiTableRow-root')]//button[@type='button']} expected [true] but found [false]]]>
            </message>
            <full-stacktrace>
              <![CDATA[java.lang.AssertionError: The following asserts failed:
Gemeldeter Fehler: org.openqa.selenium.NoSuchElementException: no such element: Unable to locate element: {"method":"xpath","selector":"//div[text() = 'BHDR-GG-Handel']//ancestor::tr[contains(@class, 'MuiTableRow-root')]//button[@type='button']"}
  (Session info: chrome=91.0.4472.124)
For documentation on this error, please visit: https://www.seleniumhq.org/exceptions/no_such_element.html
Build info: version: '3.141.59', revision: 'e82be7d358', time: '2018-11-14T08:17:03'
System info: host: 'FORSA-VM31', ip: '10.52.76.82', os.name: 'Windows 10', os.arch: 'amd64', os.version: '10.0', java.version: '15'
Driver info: org.openqa.selenium.chrome.ChromeDriver
Capabilities {acceptInsecureCerts: false, browserName: chrome, browserVersion: 91.0.4472.124, chrome: {chromedriverVersion: 91.0.4472.101 (af52a90bf870..., userDataDir: C:\Users\B22E7~1.DIK\AppDat...}, goog:chromeOptions: {debuggerAddress: localhost:63270}, javascriptEnabled: true, networkConnectionEnabled: false, pageLoadStrategy: normal, platform: WINDOWS, platformName: WINDOWS, proxy: Proxy(), setWindowRect: true, strictFileInteractability: false, timeouts: {implicit: 0, pageLoad: 300000, script: 30000}, unhandledPromptBehavior: dismiss and notify, webauthn:extension:largeBlob: true, webauthn:virtualAuthenticators: true}
Session ID: 3ffa0f31588ceb279d4f2e36f9bce4c4
*** Element info: {Using=xpath, value=//div[text() = 'BHDR-GG-Handel']//ancestor::tr[contains(@class, 'MuiTableRow-root')]//button[@type='button']} expected [true] but found [false]
at org.testng.asserts.SoftAssert.assertAll(SoftAssert.java:47)
at org.testng.asserts.SoftAssert.assertAll(SoftAssert.java:31)
at Utils.SeleniumUtils.ButtonKlick(SeleniumUtils.java:481)
at TopZinsPortal.TZPSeveralUserGGAdminHandelsfreigabe.TZPSeveralUserAdminHandelsfreigabeGGTest(TZPSeveralUserGGAdminHandelsfreigabe.java:161)
at java.base/jdk.internal.reflect.NativeMethodAccessorImpl.invoke0(Native Method)
at java.base/jdk.internal.reflect.NativeMethodAccessorImpl.invoke(NativeMethodAccessorImpl.java:64)
at java.base/jdk.internal.reflect.DelegatingMethodAccessorImpl.invoke(DelegatingMethodAccessorImpl.java:43)
at java.base/java.lang.reflect.Method.invoke(Method.java:564)
at org.testng.internal.MethodInvocationHelper.invokeMethod(MethodInvocationHelper.java:132)
at org.testng.internal.TestInvoker.invokeMethod(TestInvoker.java:599)
at org.testng.internal.TestInvoker.invokeTestMethod(TestInvoker.java:174)
at org.testng.internal.MethodRunner.runInSequence(MethodRunner.java:46)
at org.testng.internal.TestInvoker$MethodInvocationAgent.invoke(TestInvoker.java:822)
at org.testng.internal.TestInvoker.invokeTestMethods(TestInvoker.java:147)
at org.testng.internal.TestMethodWorker.invokeTestMethods(TestMethodWorker.java:146)
at org.testng.internal.TestMethodWorker.run(TestMethodWorker.java:128)
at java.base/java.util.ArrayList.forEach(ArrayList.java:1511)
at org.testng.TestRunner.privateRun(TestRunner.java:764)
at org.testng.TestRunner.run(TestRunner.java:585)
at org.testng.SuiteRunner.runTest(SuiteRunner.java:384)
at org.testng.SuiteRunner.runSequentially(SuiteRunner.java:378)
at org.testng.SuiteRunner.privateRun(SuiteRunner.java:337)
at org.testng.SuiteRunner.run(SuiteRunner.java:286)
at org.testng.SuiteRunnerWorker.runSuite(SuiteRunnerWorker.java:53)
at org.testng.SuiteRunnerWorker.run(SuiteRunnerWorker.java:96)
at org.testng.TestNG.runSuitesSequentially(TestNG.java:1218)
at org.testng.TestNG.runSuitesLocally(TestNG.java:1140)
at org.testng.TestNG.runSuites(TestNG.java:1069)
at org.testng.TestNG.run(TestNG.java:1037)
at org.testng.remote.AbstractRemoteTestNG.run(AbstractRemoteTestNG.java:115)
at org.testng.remote.RemoteTestNG.initAndRun(RemoteTestNG.java:251)
at org.testng.remote.RemoteTestNG.main(RemoteTestNG.java:77)
]]>
            </full-stacktrace>
          </exception> <!-- java.lang.AssertionError -->
          <reporter-output>
          </reporter-output>
        </test-method> <!-- TZPSeveralUserAdminHandelsfreigabeGGTest -->
        <test-method is-config="true" signature="BrowserTearDown()[pri:0, instance:TopZinsPortal.TZPSeveralUserGGAdminHandelsfreigabe@4466af20]" started-at="2021-07-05T15:46:09 CEST" name="BrowserTearDown" finished-at="2021-07-05T15:46:11 CEST" duration-ms="1543" status="PASS">
          <reporter-output>
          </reporter-output>
        </test-method> <!-- BrowserTearDown -->
      </class> <!-- TopZinsPortal.TZPSeveralUserGGAdminHandelsfreigabe -->
    </test> <!-- Default test -->
  </suite> <!-- Default suite -->
</testng-results>
