<?xml version="1.0" encoding="UTF-8"?>
<testng-results ignored="0" total="3" passed="3" failed="0" skipped="0">
  <reporter-output>
  </reporter-output>
  <suite started-at="2021-02-09T16:37:29 CET" name="TopZinzPortal-Ausschreibung-Ablauftesttest" finished-at="2021-02-09T16:39:07 CET" duration-ms="97500">
    <groups>
    </groups>
    <test started-at="2021-02-09T16:37:29 CET" name="TZP-Ausschreibung Start-GG" finished-at="2021-02-09T16:38:07 CET" duration-ms="37401">
      <class name="TopZinsPortal.TZPTenderStartGG">
        <test-method is-config="true" signature="SetupSeleniumTestdaten(java.lang.String)[pri:0, instance:TopZinsPortal.TZPTenderStartGG@245b4bdc]" started-at="2021-02-09T16:37:29 CET" name="SetupSeleniumTestdaten" finished-at="2021-02-09T16:37:32 CET" duration-ms="2874" status="PASS">
          <params>
            <param index="0">
              <value>
                <![CDATA[Smoketest]]>
              </value>
            </param>
          </params>
          <reporter-output>
          </reporter-output>
        </test-method> <!-- SetupSeleniumTestdaten -->
        <test-method signature="TZPTenderStartGGTest(java.lang.String, java.lang.String, java.lang.String, java.lang.String, java.lang.String, java.lang.String, java.lang.String, java.lang.String, java.lang.String, java.lang.String, java.lang.String, java.lang.String, java.lang.String, java.lang.String, java.lang.String, java.lang.String, java.lang.String, java.lang.String, java.lang.String, java.lang.String, java.lang.String, java.lang.String, java.lang.String, java.lang.String, java.lang.String, java.lang.String, java.lang.String, java.lang.String, java.lang.String, java.lang.String, java.lang.String, java.lang.String, java.lang.String, java.lang.String, java.lang.String, java.lang.String, java.lang.String, java.lang.String, java.lang.String, java.lang.String, java.lang.String)[pri:0, instance:TopZinsPortal.TZPTenderStartGG@245b4bdc]" started-at="2021-02-09T16:37:32 CET" name="TZPTenderStartGGTest" data-provider="TZPTenderStartGG" finished-at="2021-02-09T16:38:02 CET" duration-ms="29842" status="PASS">
          <params>
            <param index="0">
              <value>
                <![CDATA[TZPTenderStartGG-TF-001]]>
              </value>
            </param>
            <param index="1">
              <value>
                <![CDATA[Ja]]>
              </value>
            </param>
            <param index="2">
              <value>
                <![CDATA[BHDR-GG-Handel@Forsa-gmbh.de]]>
              </value>
            </param>
            <param index="3">
              <value>
                <![CDATA[Test12345!]]>
              </value>
            </param>
            <param index="4">
              <value>
                <![CDATA[ActDatum]]>
              </value>
            </param>
            <param index="5">
              <value>
                <![CDATA[18:00]]>
              </value>
            </param>
            <param index="6">
              <value>
                <![CDATA[30/360]]>
              </value>
            </param>
            <param index="7">
              <value>
                <![CDATA[endfällig]]>
              </value>
            </param>
            <param index="8">
              <value>
                <![CDATA[433.564]]>
              </value>
            </param>
            <param index="9">
              <value>
                <![CDATA[ActDatum + 3]]>
              </value>
            </param>
            <param index="10">
              <value>
                <![CDATA[ActDatum + 10]]>
              </value>
            </param>
            <param index="11">
              <value>
                <![CDATA[ActDatum + 20]]>
              </value>
            </param>
            <param index="12">
              <value>
                <![CDATA[ActDatum + 30]]>
              </value>
            </param>
            <param index="13">
              <value>
                <![CDATA[Das ist ein Kommentar]]>
              </value>
            </param>
            <param index="14">
              <value>
                <![CDATA[BHDR-GN-Handel]]>
              </value>
            </param>
            <param index="15">
              <value>
                <![CDATA[BHDR-GN-Handel@Forsa-gmbh.de]]>
              </value>
            </param>
            <param index="16">
              <value>
                <![CDATA[Test12345!]]>
              </value>
            </param>
            <param index="17">
              <value>
                <![CDATA[1]]>
              </value>
            </param>
            <param index="18">
              <value>
                <![CDATA[Bank Testing]]>
              </value>
            </param>
            <param index="19">
              <value>
                <![CDATA[topzinsportal@forsa-gmbh.de]]>
              </value>
            </param>
            <param index="20">
              <value>
                <![CDATA[Test12345!]]>
              </value>
            </param>
            <param index="21">
              <value>
                <![CDATA[2]]>
              </value>
            </param>
            <param index="22">
              <value>
                <![CDATA[FORSA Digital Bank]]>
              </value>
            </param>
            <param index="23">
              <value>
                <![CDATA[sturm1@forsa-gmbh.de]]>
              </value>
            </param>
            <param index="24">
              <value>
                <![CDATA[Test12345!]]>
              </value>
            </param>
            <param index="25">
              <value>
                <![CDATA[3]]>
              </value>
            </param>
            <param index="26">
              <value>
                <![CDATA[Ja]]>
              </value>
            </param>
            <param index="27">
              <value>
                <![CDATA[Ja]]>
              </value>
            </param>
            <param index="28">
              <value>
                <![CDATA[Ja]]>
              </value>
            </param>
            <param index="29">
              <value>
                <![CDATA[Ja]]>
              </value>
            </param>
            <param index="30">
              <value>
                <![CDATA[Ja]]>
              </value>
            </param>
            <param index="31">
              <value>
                <![CDATA[Ja]]>
              </value>
            </param>
            <param index="32">
              <value>
                <![CDATA[Ja]]>
              </value>
            </param>
            <param index="33">
              <value>
                <![CDATA[Ja]]>
              </value>
            </param>
            <param index="34">
              <value>
                <![CDATA[Ja]]>
              </value>
            </param>
            <param index="35">
              <value>
                <![CDATA[Ja]]>
              </value>
            </param>
            <param index="36">
              <value>
                <![CDATA[Ja]]>
              </value>
            </param>
            <param index="37">
              <value>
                <![CDATA[Ja]]>
              </value>
            </param>
            <param index="38">
              <value>
                <![CDATA[Ja]]>
              </value>
            </param>
            <param index="39">
              <value>
                <![CDATA[Ja]]>
              </value>
            </param>
            <param index="40">
              <value>
                <![CDATA[Ja]]>
              </value>
            </param>
          </params>
          <reporter-output>
          </reporter-output>
        </test-method> <!-- TZPTenderStartGGTest -->
        <test-method is-config="true" signature="BrowserTearDown()[pri:0, instance:TopZinsPortal.TZPTenderStartGG@245b4bdc]" started-at="2021-02-09T16:38:02 CET" name="BrowserTearDown" finished-at="2021-02-09T16:38:07 CET" duration-ms="4506" status="PASS">
          <reporter-output>
          </reporter-output>
        </test-method> <!-- BrowserTearDown -->
      </class> <!-- TopZinsPortal.TZPTenderStartGG -->
    </test> <!-- TZP-Ausschreibung Start-GG -->
    <test started-at="2021-02-09T16:38:07 CET" name="TZP-Angebot-geben-GN" finished-at="2021-02-09T16:38:46 CET" duration-ms="39436">
      <class name="TopZinsPortal.TZPTenderAngebotSendenGN">
        <test-method is-config="true" signature="SetupSeleniumTestdaten(java.lang.String)[pri:0, instance:TopZinsPortal.TZPTenderAngebotSendenGN@5b8dfcc1]" started-at="2021-02-09T16:38:07 CET" name="SetupSeleniumTestdaten" finished-at="2021-02-09T16:38:08 CET" duration-ms="1564" status="PASS">
          <params>
            <param index="0">
              <value>
                <![CDATA[Smoketest]]>
              </value>
            </param>
          </params>
          <reporter-output>
          </reporter-output>
        </test-method> <!-- SetupSeleniumTestdaten -->
        <test-method signature="TZPTenderStartGGTest(java.lang.String, java.lang.String, java.lang.String, java.lang.String, java.lang.String, java.lang.String, java.lang.String, java.lang.String, java.lang.String, java.lang.String, java.lang.String, java.lang.String, java.lang.String, java.lang.String, java.lang.String, java.lang.String, java.lang.String, java.lang.String, java.lang.String, java.lang.String, java.lang.String, java.lang.String, java.lang.String, java.lang.String, java.lang.String, java.lang.String, java.lang.String, java.lang.String, java.lang.String, java.lang.String, java.lang.String, java.lang.String, java.lang.String, java.lang.String, java.lang.String, java.lang.String, java.lang.String, java.lang.String, java.lang.String, java.lang.String, java.lang.String)[pri:0, instance:TopZinsPortal.TZPTenderAngebotSendenGN@5b8dfcc1]" started-at="2021-02-09T16:38:08 CET" name="TZPTenderStartGGTest" data-provider="TZPTenderAngebotSendenGN" finished-at="2021-02-09T16:38:42 CET" duration-ms="33255" status="PASS">
          <params>
            <param index="0">
              <value>
                <![CDATA[TZPTenderStartGG-TF-001]]>
              </value>
            </param>
            <param index="1">
              <value>
                <![CDATA[Ja]]>
              </value>
            </param>
            <param index="2">
              <value>
                <![CDATA[BHDR-GG-Handel@Forsa-gmbh.de]]>
              </value>
            </param>
            <param index="3">
              <value>
                <![CDATA[Test12345!]]>
              </value>
            </param>
            <param index="4">
              <value>
                <![CDATA[ActDatum]]>
              </value>
            </param>
            <param index="5">
              <value>
                <![CDATA[18:00]]>
              </value>
            </param>
            <param index="6">
              <value>
                <![CDATA[30/360]]>
              </value>
            </param>
            <param index="7">
              <value>
                <![CDATA[endfällig]]>
              </value>
            </param>
            <param index="8">
              <value>
                <![CDATA[433.564]]>
              </value>
            </param>
            <param index="9">
              <value>
                <![CDATA[ActDatum + 3]]>
              </value>
            </param>
            <param index="10">
              <value>
                <![CDATA[ActDatum + 10]]>
              </value>
            </param>
            <param index="11">
              <value>
                <![CDATA[ActDatum + 20]]>
              </value>
            </param>
            <param index="12">
              <value>
                <![CDATA[ActDatum + 30]]>
              </value>
            </param>
            <param index="13">
              <value>
                <![CDATA[Das ist ein Kommentar]]>
              </value>
            </param>
            <param index="14">
              <value>
                <![CDATA[BHDR-GN-Handel]]>
              </value>
            </param>
            <param index="15">
              <value>
                <![CDATA[BHDR-GN-Handel@Forsa-gmbh.de]]>
              </value>
            </param>
            <param index="16">
              <value>
                <![CDATA[Test12345!]]>
              </value>
            </param>
            <param index="17">
              <value>
                <![CDATA[1]]>
              </value>
            </param>
            <param index="18">
              <value>
                <![CDATA[Bank Testing]]>
              </value>
            </param>
            <param index="19">
              <value>
                <![CDATA[topzinsportal@forsa-gmbh.de]]>
              </value>
            </param>
            <param index="20">
              <value>
                <![CDATA[Test12345!]]>
              </value>
            </param>
            <param index="21">
              <value>
                <![CDATA[2]]>
              </value>
            </param>
            <param index="22">
              <value>
                <![CDATA[FORSA Digital Bank]]>
              </value>
            </param>
            <param index="23">
              <value>
                <![CDATA[sturm1@forsa-gmbh.de]]>
              </value>
            </param>
            <param index="24">
              <value>
                <![CDATA[Test12345!]]>
              </value>
            </param>
            <param index="25">
              <value>
                <![CDATA[3]]>
              </value>
            </param>
            <param index="26">
              <value>
                <![CDATA[Ja]]>
              </value>
            </param>
            <param index="27">
              <value>
                <![CDATA[Ja]]>
              </value>
            </param>
            <param index="28">
              <value>
                <![CDATA[Ja]]>
              </value>
            </param>
            <param index="29">
              <value>
                <![CDATA[Ja]]>
              </value>
            </param>
            <param index="30">
              <value>
                <![CDATA[Ja]]>
              </value>
            </param>
            <param index="31">
              <value>
                <![CDATA[Ja]]>
              </value>
            </param>
            <param index="32">
              <value>
                <![CDATA[Ja]]>
              </value>
            </param>
            <param index="33">
              <value>
                <![CDATA[Ja]]>
              </value>
            </param>
            <param index="34">
              <value>
                <![CDATA[Ja]]>
              </value>
            </param>
            <param index="35">
              <value>
                <![CDATA[Ja]]>
              </value>
            </param>
            <param index="36">
              <value>
                <![CDATA[Ja]]>
              </value>
            </param>
            <param index="37">
              <value>
                <![CDATA[Ja]]>
              </value>
            </param>
            <param index="38">
              <value>
                <![CDATA[Ja]]>
              </value>
            </param>
            <param index="39">
              <value>
                <![CDATA[Ja]]>
              </value>
            </param>
            <param index="40">
              <value>
                <![CDATA[Ja]]>
              </value>
            </param>
          </params>
          <reporter-output>
          </reporter-output>
        </test-method> <!-- TZPTenderStartGGTest -->
        <test-method is-config="true" signature="BrowserTearDown()[pri:0, instance:TopZinsPortal.TZPTenderAngebotSendenGN@5b8dfcc1]" started-at="2021-02-09T16:38:42 CET" name="BrowserTearDown" finished-at="2021-02-09T16:38:46 CET" duration-ms="4535" status="PASS">
          <reporter-output>
          </reporter-output>
        </test-method> <!-- BrowserTearDown -->
      </class> <!-- TopZinsPortal.TZPTenderAngebotSendenGN -->
    </test> <!-- TZP-Angebot-geben-GN -->
    <test started-at="2021-02-09T16:38:46 CET" name="TZP-Angebot-Annehmen-GG" finished-at="2021-02-09T16:39:07 CET" duration-ms="20624">
      <class name="TopZinsPortal.TZPTenderAngebotAnnehmenGG">
        <test-method is-config="true" signature="SetupSeleniumTestdaten(java.lang.String)[pri:0, instance:TopZinsPortal.TZPTenderAngebotAnnehmenGG@7d8995e]" started-at="2021-02-09T16:38:46 CET" name="SetupSeleniumTestdaten" finished-at="2021-02-09T16:38:48 CET" duration-ms="1484" status="PASS">
          <params>
            <param index="0">
              <value>
                <![CDATA[Smoketest]]>
              </value>
            </param>
          </params>
          <reporter-output>
          </reporter-output>
        </test-method> <!-- SetupSeleniumTestdaten -->
        <test-method signature="TZPTenderStartGGTest(java.lang.String, java.lang.String, java.lang.String, java.lang.String, java.lang.String, java.lang.String, java.lang.String, java.lang.String, java.lang.String, java.lang.String, java.lang.String, java.lang.String, java.lang.String, java.lang.String, java.lang.String, java.lang.String, java.lang.String, java.lang.String, java.lang.String, java.lang.String, java.lang.String, java.lang.String, java.lang.String, java.lang.String, java.lang.String, java.lang.String, java.lang.String, java.lang.String, java.lang.String, java.lang.String, java.lang.String, java.lang.String, java.lang.String, java.lang.String, java.lang.String, java.lang.String, java.lang.String, java.lang.String, java.lang.String, java.lang.String, java.lang.String)[pri:0, instance:TopZinsPortal.TZPTenderAngebotAnnehmenGG@7d8995e]" started-at="2021-02-09T16:38:48 CET" name="TZPTenderStartGGTest" data-provider="TenderAngebotAnnehmenGG" finished-at="2021-02-09T16:39:03 CET" duration-ms="14870" status="PASS">
          <params>
            <param index="0">
              <value>
                <![CDATA[TZPTenderStartGG-TF-001]]>
              </value>
            </param>
            <param index="1">
              <value>
                <![CDATA[Ja]]>
              </value>
            </param>
            <param index="2">
              <value>
                <![CDATA[BHDR-GG-Handel@Forsa-gmbh.de]]>
              </value>
            </param>
            <param index="3">
              <value>
                <![CDATA[Test12345!]]>
              </value>
            </param>
            <param index="4">
              <value>
                <![CDATA[ActDatum]]>
              </value>
            </param>
            <param index="5">
              <value>
                <![CDATA[18:00]]>
              </value>
            </param>
            <param index="6">
              <value>
                <![CDATA[30/360]]>
              </value>
            </param>
            <param index="7">
              <value>
                <![CDATA[endfällig]]>
              </value>
            </param>
            <param index="8">
              <value>
                <![CDATA[433.564]]>
              </value>
            </param>
            <param index="9">
              <value>
                <![CDATA[ActDatum + 3]]>
              </value>
            </param>
            <param index="10">
              <value>
                <![CDATA[ActDatum + 10]]>
              </value>
            </param>
            <param index="11">
              <value>
                <![CDATA[ActDatum + 20]]>
              </value>
            </param>
            <param index="12">
              <value>
                <![CDATA[ActDatum + 30]]>
              </value>
            </param>
            <param index="13">
              <value>
                <![CDATA[Das ist ein Kommentar]]>
              </value>
            </param>
            <param index="14">
              <value>
                <![CDATA[BHDR-GN-Handel]]>
              </value>
            </param>
            <param index="15">
              <value>
                <![CDATA[BHDR-GN-Handel@Forsa-gmbh.de]]>
              </value>
            </param>
            <param index="16">
              <value>
                <![CDATA[Test12345!]]>
              </value>
            </param>
            <param index="17">
              <value>
                <![CDATA[1]]>
              </value>
            </param>
            <param index="18">
              <value>
                <![CDATA[Bank Testing]]>
              </value>
            </param>
            <param index="19">
              <value>
                <![CDATA[topzinsportal@forsa-gmbh.de]]>
              </value>
            </param>
            <param index="20">
              <value>
                <![CDATA[Test12345!]]>
              </value>
            </param>
            <param index="21">
              <value>
                <![CDATA[2]]>
              </value>
            </param>
            <param index="22">
              <value>
                <![CDATA[FORSA Digital Bank]]>
              </value>
            </param>
            <param index="23">
              <value>
                <![CDATA[sturm1@forsa-gmbh.de]]>
              </value>
            </param>
            <param index="24">
              <value>
                <![CDATA[Test12345!]]>
              </value>
            </param>
            <param index="25">
              <value>
                <![CDATA[3]]>
              </value>
            </param>
            <param index="26">
              <value>
                <![CDATA[Ja]]>
              </value>
            </param>
            <param index="27">
              <value>
                <![CDATA[Ja]]>
              </value>
            </param>
            <param index="28">
              <value>
                <![CDATA[Ja]]>
              </value>
            </param>
            <param index="29">
              <value>
                <![CDATA[Ja]]>
              </value>
            </param>
            <param index="30">
              <value>
                <![CDATA[Ja]]>
              </value>
            </param>
            <param index="31">
              <value>
                <![CDATA[Ja]]>
              </value>
            </param>
            <param index="32">
              <value>
                <![CDATA[Ja]]>
              </value>
            </param>
            <param index="33">
              <value>
                <![CDATA[Ja]]>
              </value>
            </param>
            <param index="34">
              <value>
                <![CDATA[Ja]]>
              </value>
            </param>
            <param index="35">
              <value>
                <![CDATA[Ja]]>
              </value>
            </param>
            <param index="36">
              <value>
                <![CDATA[Ja]]>
              </value>
            </param>
            <param index="37">
              <value>
                <![CDATA[Ja]]>
              </value>
            </param>
            <param index="38">
              <value>
                <![CDATA[Ja]]>
              </value>
            </param>
            <param index="39">
              <value>
                <![CDATA[Ja]]>
              </value>
            </param>
            <param index="40">
              <value>
                <![CDATA[Ja]]>
              </value>
            </param>
          </params>
          <reporter-output>
          </reporter-output>
        </test-method> <!-- TZPTenderStartGGTest -->
        <test-method is-config="true" signature="BrowserTearDown()[pri:0, instance:TopZinsPortal.TZPTenderAngebotAnnehmenGG@7d8995e]" started-at="2021-02-09T16:39:03 CET" name="BrowserTearDown" finished-at="2021-02-09T16:39:07 CET" duration-ms="4181" status="PASS">
          <reporter-output>
          </reporter-output>
        </test-method> <!-- BrowserTearDown -->
      </class> <!-- TopZinsPortal.TZPTenderAngebotAnnehmenGG -->
    </test> <!-- TZP-Angebot-Annehmen-GG -->
  </suite> <!-- TopZinzPortal-Ausschreibung-Ablauftesttest -->
</testng-results>
