<?xml version="1.0" encoding="UTF-8"?>
<testng-results ignored="0" total="8" passed="8" failed="0" skipped="0">
  <reporter-output>
  </reporter-output>
  <suite started-at="2021-03-18T17:01:49 CET" name="TopZinzPortal-Transaktion-Ablauftesttest" finished-at="2021-03-18T17:04:44 CET" duration-ms="175528">
    <groups>
    </groups>
    <test started-at="2021-03-18T17:01:49 CET" name="TZP-Transaktion-Start-GG" finished-at="2021-03-18T17:02:50 CET" duration-ms="61446">
      <class name="TopZinsPortal.TZPTransaktionStartGG">
        <test-method is-config="true" signature="SetupSeleniumTestdaten(java.lang.String)[pri:0, instance:TopZinsPortal.TZPTransaktionStartGG@245b4bdc]" started-at="2021-03-18T17:01:49 CET" name="SetupSeleniumTestdaten" finished-at="2021-03-18T17:01:52 CET" duration-ms="2721" status="PASS">
          <params>
            <param index="0">
              <value>
                <![CDATA[Smoketest]]>
              </value>
            </param>
          </params>
          <reporter-output>
          </reporter-output>
        </test-method> <!-- SetupSeleniumTestdaten -->
        <test-method signature="TZPTransaktionStartGGTest(java.lang.String, java.lang.String, java.lang.String, java.lang.String, java.lang.String, java.lang.String, java.lang.String, java.lang.String, java.lang.String, java.lang.String, java.lang.String, java.lang.String, java.lang.String, java.lang.String, java.lang.String, java.lang.String, java.lang.String, java.lang.String, java.lang.String, java.lang.String, java.lang.String, java.lang.String, java.lang.String, java.lang.String, java.lang.String, java.lang.String)[pri:0, instance:TopZinsPortal.TZPTransaktionStartGG@245b4bdc]" started-at="2021-03-18T17:01:52 CET" name="TZPTransaktionStartGGTest" data-provider="TZPTransaktionStartGG" finished-at="2021-03-18T17:02:19 CET" duration-ms="27144" status="PASS">
          <params>
            <param index="0">
              <value>
                <![CDATA[TZPTransaktionStartGG-TF-001]]>
              </value>
            </param>
            <param index="1">
              <value>
                <![CDATA[Ja]]>
              </value>
            </param>
            <param index="2">
              <value>
                <![CDATA[BHDR-GG-Handel@Forsa-gmbh.de]]>
              </value>
            </param>
            <param index="3">
              <value>
                <![CDATA[Test12345!]]>
              </value>
            </param>
            <param index="4">
              <value>
                <![CDATA[1111111]]>
              </value>
            </param>
            <param index="5">
              <value>
                <![CDATA[0,04 %]]>
              </value>
            </param>
            <param index="6">
              <value>
                <![CDATA[ActDatum]]>
              </value>
            </param>
            <param index="7">
              <value>
                <![CDATA[act/360]]>
              </value>
            </param>
            <param index="8">
              <value>
                <![CDATA[halbjährlich]]>
              </value>
            </param>
            <param index="9">
              <value>
                <![CDATA[Das ist ein Eintrag in das Feld Sonstiges durch den]]>
              </value>
            </param>
            <param index="10">
              <value>
                <![CDATA[Das ist ein Eintrag in das Feld Kommentar durch den ]]>
              </value>
            </param>
            <param index="11">
              <value>
                <![CDATA[20:00]]>
              </value>
            </param>
            <param index="12">
              <value>
                <![CDATA[Ja]]>
              </value>
            </param>
            <param index="13">
              <value>
                <![CDATA[Nein]]>
              </value>
            </param>
            <param index="14">
              <value>
                <![CDATA[BHDR-GN-Handel]]>
              </value>
            </param>
            <param index="15">
              <value>
                <![CDATA[BHDR-GN-Handel@Forsa-gmbh.de]]>
              </value>
            </param>
            <param index="16">
              <value>
                <![CDATA[Test12345!]]>
              </value>
            </param>
            <param index="17">
              <value>
                <![CDATA[333333]]>
              </value>
            </param>
            <param index="18">
              <value>
                <![CDATA[3]]>
              </value>
            </param>
            <param index="19">
              <value>
                <![CDATA[ActDatum + 3]]>
              </value>
            </param>
            <param index="20">
              <value>
                <![CDATA[Ja]]>
              </value>
            </param>
            <param index="21">
              <value>
                <![CDATA[Nein]]>
              </value>
            </param>
            <param index="22">
              <value>
                <![CDATA[Nein]]>
              </value>
            </param>
            <param index="23">
              <value>
                <![CDATA[Ja]]>
              </value>
            </param>
            <param index="24">
              <value>
                <![CDATA[Nein]]>
              </value>
            </param>
            <param index="25">
              <value>
                <![CDATA[Nein]]>
              </value>
            </param>
          </params>
          <reporter-output>
          </reporter-output>
        </test-method> <!-- TZPTransaktionStartGGTest -->
        <test-method signature="TZPTransaktionStartGGTest(java.lang.String, java.lang.String, java.lang.String, java.lang.String, java.lang.String, java.lang.String, java.lang.String, java.lang.String, java.lang.String, java.lang.String, java.lang.String, java.lang.String, java.lang.String, java.lang.String, java.lang.String, java.lang.String, java.lang.String, java.lang.String, java.lang.String, java.lang.String, java.lang.String, java.lang.String, java.lang.String, java.lang.String, java.lang.String, java.lang.String)[pri:0, instance:TopZinsPortal.TZPTransaktionStartGG@245b4bdc]" started-at="2021-03-18T17:02:19 CET" name="TZPTransaktionStartGGTest" data-provider="TZPTransaktionStartGG" finished-at="2021-03-18T17:02:46 CET" duration-ms="26921" status="PASS">
          <params>
            <param index="0">
              <value>
                <![CDATA[TZPTransaktionStartGG-TF-002]]>
              </value>
            </param>
            <param index="1">
              <value>
                <![CDATA[Ja]]>
              </value>
            </param>
            <param index="2">
              <value>
                <![CDATA[BHDR-GG-Handel@Forsa-gmbh.de]]>
              </value>
            </param>
            <param index="3">
              <value>
                <![CDATA[Test12345!]]>
              </value>
            </param>
            <param index="4">
              <value>
                <![CDATA[2222222]]>
              </value>
            </param>
            <param index="5">
              <value>
                <![CDATA[0,04 %]]>
              </value>
            </param>
            <param index="6">
              <value>
                <![CDATA[ActDatum]]>
              </value>
            </param>
            <param index="7">
              <value>
                <![CDATA[act/360]]>
              </value>
            </param>
            <param index="8">
              <value>
                <![CDATA[halbjährlich]]>
              </value>
            </param>
            <param index="9">
              <value>
                <![CDATA[Das ist ein Eintrag in das Feld Sonstiges durch den]]>
              </value>
            </param>
            <param index="10">
              <value>
                <![CDATA[Das ist ein Eintrag in das Feld Kommentar durch den ]]>
              </value>
            </param>
            <param index="11">
              <value>
                <![CDATA[20:00]]>
              </value>
            </param>
            <param index="12">
              <value>
                <![CDATA[Ja]]>
              </value>
            </param>
            <param index="13">
              <value>
                <![CDATA[Nein]]>
              </value>
            </param>
            <param index="14">
              <value>
                <![CDATA[BHDR-GN-Handel]]>
              </value>
            </param>
            <param index="15">
              <value>
                <![CDATA[BHDR-GN-Handel@Forsa-gmbh.de]]>
              </value>
            </param>
            <param index="16">
              <value>
                <![CDATA[Test12345!]]>
              </value>
            </param>
            <param index="17">
              <value>
                <![CDATA[444444]]>
              </value>
            </param>
            <param index="18">
              <value>
                <![CDATA[4]]>
              </value>
            </param>
            <param index="19">
              <value>
                <![CDATA[ActDatum + 3]]>
              </value>
            </param>
            <param index="20">
              <value>
                <![CDATA[Nein]]>
              </value>
            </param>
            <param index="21">
              <value>
                <![CDATA[Nein]]>
              </value>
            </param>
            <param index="22">
              <value>
                <![CDATA[Ja]]>
              </value>
            </param>
            <param index="23">
              <value>
                <![CDATA[Ja]]>
              </value>
            </param>
            <param index="24">
              <value>
                <![CDATA[Nein]]>
              </value>
            </param>
            <param index="25">
              <value>
                <![CDATA[Nein]]>
              </value>
            </param>
          </params>
          <reporter-output>
          </reporter-output>
        </test-method> <!-- TZPTransaktionStartGGTest -->
        <test-method is-config="true" signature="BrowserTearDown()[pri:0, instance:TopZinsPortal.TZPTransaktionStartGG@245b4bdc]" started-at="2021-03-18T17:02:46 CET" name="BrowserTearDown" finished-at="2021-03-18T17:02:50 CET" duration-ms="4466" status="PASS">
          <reporter-output>
          </reporter-output>
        </test-method> <!-- BrowserTearDown -->
      </class> <!-- TopZinsPortal.TZPTransaktionStartGG -->
    </test> <!-- TZP-Transaktion-Start-GG -->
    <test started-at="2021-03-18T17:02:50 CET" name="TZP-Transaktion-Akzeptieren-GN" finished-at="2021-03-18T17:03:44 CET" duration-ms="53701">
      <class name="TopZinsPortal.TZPTransaktionBearbeitenGN">
        <test-method is-config="true" signature="SetupSeleniumTestdaten(java.lang.String)[pri:0, instance:TopZinsPortal.TZPTransaktionBearbeitenGN@747ddf94]" started-at="2021-03-18T17:02:50 CET" name="SetupSeleniumTestdaten" finished-at="2021-03-18T17:02:52 CET" duration-ms="1555" status="PASS">
          <params>
            <param index="0">
              <value>
                <![CDATA[Smoketest]]>
              </value>
            </param>
          </params>
          <reporter-output>
          </reporter-output>
        </test-method> <!-- SetupSeleniumTestdaten -->
        <test-method signature="TZPTransaktionAkzeptierenGNTest(java.lang.String, java.lang.String, java.lang.String, java.lang.String, java.lang.String, java.lang.String, java.lang.String, java.lang.String, java.lang.String, java.lang.String, java.lang.String, java.lang.String, java.lang.String, java.lang.String, java.lang.String, java.lang.String, java.lang.String, java.lang.String, java.lang.String, java.lang.String, java.lang.String, java.lang.String, java.lang.String, java.lang.String, java.lang.String, java.lang.String)[pri:0, instance:TopZinsPortal.TZPTransaktionBearbeitenGN@747ddf94]" started-at="2021-03-18T17:02:52 CET" name="TZPTransaktionAkzeptierenGNTest" data-provider="TZPTransaktionAkzeptierenGN" finished-at="2021-03-18T17:03:12 CET" duration-ms="20249" status="PASS">
          <params>
            <param index="0">
              <value>
                <![CDATA[TZPTransaktionStartGG-TF-001]]>
              </value>
            </param>
            <param index="1">
              <value>
                <![CDATA[Ja]]>
              </value>
            </param>
            <param index="2">
              <value>
                <![CDATA[BHDR-GG-Handel@Forsa-gmbh.de]]>
              </value>
            </param>
            <param index="3">
              <value>
                <![CDATA[Test12345!]]>
              </value>
            </param>
            <param index="4">
              <value>
                <![CDATA[1111111]]>
              </value>
            </param>
            <param index="5">
              <value>
                <![CDATA[0,04 %]]>
              </value>
            </param>
            <param index="6">
              <value>
                <![CDATA[ActDatum]]>
              </value>
            </param>
            <param index="7">
              <value>
                <![CDATA[act/360]]>
              </value>
            </param>
            <param index="8">
              <value>
                <![CDATA[halbjährlich]]>
              </value>
            </param>
            <param index="9">
              <value>
                <![CDATA[Das ist ein Eintrag in das Feld Sonstiges durch den]]>
              </value>
            </param>
            <param index="10">
              <value>
                <![CDATA[Das ist ein Eintrag in das Feld Kommentar durch den ]]>
              </value>
            </param>
            <param index="11">
              <value>
                <![CDATA[20:00]]>
              </value>
            </param>
            <param index="12">
              <value>
                <![CDATA[Ja]]>
              </value>
            </param>
            <param index="13">
              <value>
                <![CDATA[Nein]]>
              </value>
            </param>
            <param index="14">
              <value>
                <![CDATA[BHDR-GN-Handel]]>
              </value>
            </param>
            <param index="15">
              <value>
                <![CDATA[BHDR-GN-Handel@Forsa-gmbh.de]]>
              </value>
            </param>
            <param index="16">
              <value>
                <![CDATA[Test12345!]]>
              </value>
            </param>
            <param index="17">
              <value>
                <![CDATA[333333]]>
              </value>
            </param>
            <param index="18">
              <value>
                <![CDATA[3]]>
              </value>
            </param>
            <param index="19">
              <value>
                <![CDATA[ActDatum + 3]]>
              </value>
            </param>
            <param index="20">
              <value>
                <![CDATA[Ja]]>
              </value>
            </param>
            <param index="21">
              <value>
                <![CDATA[Nein]]>
              </value>
            </param>
            <param index="22">
              <value>
                <![CDATA[Nein]]>
              </value>
            </param>
            <param index="23">
              <value>
                <![CDATA[Ja]]>
              </value>
            </param>
            <param index="24">
              <value>
                <![CDATA[Nein]]>
              </value>
            </param>
            <param index="25">
              <value>
                <![CDATA[Nein]]>
              </value>
            </param>
          </params>
          <reporter-output>
          </reporter-output>
        </test-method> <!-- TZPTransaktionAkzeptierenGNTest -->
        <test-method signature="TZPTransaktionAkzeptierenGNTest(java.lang.String, java.lang.String, java.lang.String, java.lang.String, java.lang.String, java.lang.String, java.lang.String, java.lang.String, java.lang.String, java.lang.String, java.lang.String, java.lang.String, java.lang.String, java.lang.String, java.lang.String, java.lang.String, java.lang.String, java.lang.String, java.lang.String, java.lang.String, java.lang.String, java.lang.String, java.lang.String, java.lang.String, java.lang.String, java.lang.String)[pri:0, instance:TopZinsPortal.TZPTransaktionBearbeitenGN@747ddf94]" started-at="2021-03-18T17:03:12 CET" name="TZPTransaktionAkzeptierenGNTest" data-provider="TZPTransaktionAkzeptierenGN" finished-at="2021-03-18T17:03:40 CET" duration-ms="27675" status="PASS">
          <params>
            <param index="0">
              <value>
                <![CDATA[TZPTransaktionStartGG-TF-002]]>
              </value>
            </param>
            <param index="1">
              <value>
                <![CDATA[Ja]]>
              </value>
            </param>
            <param index="2">
              <value>
                <![CDATA[BHDR-GG-Handel@Forsa-gmbh.de]]>
              </value>
            </param>
            <param index="3">
              <value>
                <![CDATA[Test12345!]]>
              </value>
            </param>
            <param index="4">
              <value>
                <![CDATA[2222222]]>
              </value>
            </param>
            <param index="5">
              <value>
                <![CDATA[0,04 %]]>
              </value>
            </param>
            <param index="6">
              <value>
                <![CDATA[ActDatum]]>
              </value>
            </param>
            <param index="7">
              <value>
                <![CDATA[act/360]]>
              </value>
            </param>
            <param index="8">
              <value>
                <![CDATA[halbjährlich]]>
              </value>
            </param>
            <param index="9">
              <value>
                <![CDATA[Das ist ein Eintrag in das Feld Sonstiges durch den]]>
              </value>
            </param>
            <param index="10">
              <value>
                <![CDATA[Das ist ein Eintrag in das Feld Kommentar durch den ]]>
              </value>
            </param>
            <param index="11">
              <value>
                <![CDATA[20:00]]>
              </value>
            </param>
            <param index="12">
              <value>
                <![CDATA[Ja]]>
              </value>
            </param>
            <param index="13">
              <value>
                <![CDATA[Nein]]>
              </value>
            </param>
            <param index="14">
              <value>
                <![CDATA[BHDR-GN-Handel]]>
              </value>
            </param>
            <param index="15">
              <value>
                <![CDATA[BHDR-GN-Handel@Forsa-gmbh.de]]>
              </value>
            </param>
            <param index="16">
              <value>
                <![CDATA[Test12345!]]>
              </value>
            </param>
            <param index="17">
              <value>
                <![CDATA[444444]]>
              </value>
            </param>
            <param index="18">
              <value>
                <![CDATA[4]]>
              </value>
            </param>
            <param index="19">
              <value>
                <![CDATA[ActDatum + 3]]>
              </value>
            </param>
            <param index="20">
              <value>
                <![CDATA[Nein]]>
              </value>
            </param>
            <param index="21">
              <value>
                <![CDATA[Nein]]>
              </value>
            </param>
            <param index="22">
              <value>
                <![CDATA[Ja]]>
              </value>
            </param>
            <param index="23">
              <value>
                <![CDATA[Ja]]>
              </value>
            </param>
            <param index="24">
              <value>
                <![CDATA[Nein]]>
              </value>
            </param>
            <param index="25">
              <value>
                <![CDATA[Nein]]>
              </value>
            </param>
          </params>
          <reporter-output>
          </reporter-output>
        </test-method> <!-- TZPTransaktionAkzeptierenGNTest -->
        <test-method is-config="true" signature="BrowserTearDown()[pri:0, instance:TopZinsPortal.TZPTransaktionBearbeitenGN@747ddf94]" started-at="2021-03-18T17:03:40 CET" name="BrowserTearDown" finished-at="2021-03-18T17:03:44 CET" duration-ms="4137" status="PASS">
          <reporter-output>
          </reporter-output>
        </test-method> <!-- BrowserTearDown -->
      </class> <!-- TopZinsPortal.TZPTransaktionBearbeitenGN -->
    </test> <!-- TZP-Transaktion-Akzeptieren-GN -->
    <test started-at="2021-03-18T17:03:44 CET" name="TZP-Transaktion-Akzeptieren-GG" finished-at="2021-03-18T17:04:19 CET" duration-ms="35369">
      <class name="TopZinsPortal.TZPTransaktionAkzeptierenGG">
        <test-method is-config="true" signature="SetupSeleniumTestdaten(java.lang.String)[pri:0, instance:TopZinsPortal.TZPTransaktionAkzeptierenGG@293a5bf6]" started-at="2021-03-18T17:03:44 CET" name="SetupSeleniumTestdaten" finished-at="2021-03-18T17:03:45 CET" duration-ms="1498" status="PASS">
          <params>
            <param index="0">
              <value>
                <![CDATA[Smoketest]]>
              </value>
            </param>
          </params>
          <reporter-output>
          </reporter-output>
        </test-method> <!-- SetupSeleniumTestdaten -->
        <test-method signature="TZPTransaktionAkzeptierenGGTest(java.lang.String, java.lang.String, java.lang.String, java.lang.String, java.lang.String, java.lang.String, java.lang.String, java.lang.String, java.lang.String, java.lang.String, java.lang.String, java.lang.String, java.lang.String, java.lang.String, java.lang.String, java.lang.String, java.lang.String, java.lang.String, java.lang.String, java.lang.String, java.lang.String, java.lang.String, java.lang.String, java.lang.String, java.lang.String, java.lang.String)[pri:0, instance:TopZinsPortal.TZPTransaktionAkzeptierenGG@293a5bf6]" started-at="2021-03-18T17:03:46 CET" name="TZPTransaktionAkzeptierenGGTest" data-provider="TZPTransaktionAkzeptierenGG" finished-at="2021-03-18T17:04:00 CET" duration-ms="14691" status="PASS">
          <params>
            <param index="0">
              <value>
                <![CDATA[TZPTransaktionStartGG-TF-001]]>
              </value>
            </param>
            <param index="1">
              <value>
                <![CDATA[Ja]]>
              </value>
            </param>
            <param index="2">
              <value>
                <![CDATA[BHDR-GG-Handel@Forsa-gmbh.de]]>
              </value>
            </param>
            <param index="3">
              <value>
                <![CDATA[Test12345!]]>
              </value>
            </param>
            <param index="4">
              <value>
                <![CDATA[1111111]]>
              </value>
            </param>
            <param index="5">
              <value>
                <![CDATA[0,04 %]]>
              </value>
            </param>
            <param index="6">
              <value>
                <![CDATA[ActDatum]]>
              </value>
            </param>
            <param index="7">
              <value>
                <![CDATA[act/360]]>
              </value>
            </param>
            <param index="8">
              <value>
                <![CDATA[halbjährlich]]>
              </value>
            </param>
            <param index="9">
              <value>
                <![CDATA[Das ist ein Eintrag in das Feld Sonstiges durch den]]>
              </value>
            </param>
            <param index="10">
              <value>
                <![CDATA[Das ist ein Eintrag in das Feld Kommentar durch den ]]>
              </value>
            </param>
            <param index="11">
              <value>
                <![CDATA[20:00]]>
              </value>
            </param>
            <param index="12">
              <value>
                <![CDATA[Ja]]>
              </value>
            </param>
            <param index="13">
              <value>
                <![CDATA[Nein]]>
              </value>
            </param>
            <param index="14">
              <value>
                <![CDATA[BHDR-GN-Handel]]>
              </value>
            </param>
            <param index="15">
              <value>
                <![CDATA[BHDR-GN-Handel@Forsa-gmbh.de]]>
              </value>
            </param>
            <param index="16">
              <value>
                <![CDATA[Test12345!]]>
              </value>
            </param>
            <param index="17">
              <value>
                <![CDATA[333333]]>
              </value>
            </param>
            <param index="18">
              <value>
                <![CDATA[3]]>
              </value>
            </param>
            <param index="19">
              <value>
                <![CDATA[ActDatum + 3]]>
              </value>
            </param>
            <param index="20">
              <value>
                <![CDATA[Ja]]>
              </value>
            </param>
            <param index="21">
              <value>
                <![CDATA[Nein]]>
              </value>
            </param>
            <param index="22">
              <value>
                <![CDATA[Nein]]>
              </value>
            </param>
            <param index="23">
              <value>
                <![CDATA[Ja]]>
              </value>
            </param>
            <param index="24">
              <value>
                <![CDATA[Nein]]>
              </value>
            </param>
            <param index="25">
              <value>
                <![CDATA[Nein]]>
              </value>
            </param>
          </params>
          <reporter-output>
          </reporter-output>
        </test-method> <!-- TZPTransaktionAkzeptierenGGTest -->
        <test-method signature="TZPTransaktionAkzeptierenGGTest(java.lang.String, java.lang.String, java.lang.String, java.lang.String, java.lang.String, java.lang.String, java.lang.String, java.lang.String, java.lang.String, java.lang.String, java.lang.String, java.lang.String, java.lang.String, java.lang.String, java.lang.String, java.lang.String, java.lang.String, java.lang.String, java.lang.String, java.lang.String, java.lang.String, java.lang.String, java.lang.String, java.lang.String, java.lang.String, java.lang.String)[pri:0, instance:TopZinsPortal.TZPTransaktionAkzeptierenGG@293a5bf6]" started-at="2021-03-18T17:04:00 CET" name="TZPTransaktionAkzeptierenGGTest" data-provider="TZPTransaktionAkzeptierenGG" finished-at="2021-03-18T17:04:15 CET" duration-ms="15021" status="PASS">
          <params>
            <param index="0">
              <value>
                <![CDATA[TZPTransaktionStartGG-TF-002]]>
              </value>
            </param>
            <param index="1">
              <value>
                <![CDATA[Ja]]>
              </value>
            </param>
            <param index="2">
              <value>
                <![CDATA[BHDR-GG-Handel@Forsa-gmbh.de]]>
              </value>
            </param>
            <param index="3">
              <value>
                <![CDATA[Test12345!]]>
              </value>
            </param>
            <param index="4">
              <value>
                <![CDATA[2222222]]>
              </value>
            </param>
            <param index="5">
              <value>
                <![CDATA[0,04 %]]>
              </value>
            </param>
            <param index="6">
              <value>
                <![CDATA[ActDatum]]>
              </value>
            </param>
            <param index="7">
              <value>
                <![CDATA[act/360]]>
              </value>
            </param>
            <param index="8">
              <value>
                <![CDATA[halbjährlich]]>
              </value>
            </param>
            <param index="9">
              <value>
                <![CDATA[Das ist ein Eintrag in das Feld Sonstiges durch den]]>
              </value>
            </param>
            <param index="10">
              <value>
                <![CDATA[Das ist ein Eintrag in das Feld Kommentar durch den ]]>
              </value>
            </param>
            <param index="11">
              <value>
                <![CDATA[20:00]]>
              </value>
            </param>
            <param index="12">
              <value>
                <![CDATA[Ja]]>
              </value>
            </param>
            <param index="13">
              <value>
                <![CDATA[Nein]]>
              </value>
            </param>
            <param index="14">
              <value>
                <![CDATA[BHDR-GN-Handel]]>
              </value>
            </param>
            <param index="15">
              <value>
                <![CDATA[BHDR-GN-Handel@Forsa-gmbh.de]]>
              </value>
            </param>
            <param index="16">
              <value>
                <![CDATA[Test12345!]]>
              </value>
            </param>
            <param index="17">
              <value>
                <![CDATA[444444]]>
              </value>
            </param>
            <param index="18">
              <value>
                <![CDATA[4]]>
              </value>
            </param>
            <param index="19">
              <value>
                <![CDATA[ActDatum + 3]]>
              </value>
            </param>
            <param index="20">
              <value>
                <![CDATA[Nein]]>
              </value>
            </param>
            <param index="21">
              <value>
                <![CDATA[Nein]]>
              </value>
            </param>
            <param index="22">
              <value>
                <![CDATA[Ja]]>
              </value>
            </param>
            <param index="23">
              <value>
                <![CDATA[Ja]]>
              </value>
            </param>
            <param index="24">
              <value>
                <![CDATA[Nein]]>
              </value>
            </param>
            <param index="25">
              <value>
                <![CDATA[Nein]]>
              </value>
            </param>
          </params>
          <reporter-output>
          </reporter-output>
        </test-method> <!-- TZPTransaktionAkzeptierenGGTest -->
        <test-method is-config="true" signature="BrowserTearDown()[pri:0, instance:TopZinsPortal.TZPTransaktionAkzeptierenGG@293a5bf6]" started-at="2021-03-18T17:04:15 CET" name="BrowserTearDown" finished-at="2021-03-18T17:04:19 CET" duration-ms="4072" status="PASS">
          <reporter-output>
          </reporter-output>
        </test-method> <!-- BrowserTearDown -->
      </class> <!-- TopZinsPortal.TZPTransaktionAkzeptierenGG -->
    </test> <!-- TZP-Transaktion-Akzeptieren-GG -->
    <test started-at="2021-03-18T17:04:19 CET" name="TZP-Transaktion-Abschluss-GN" finished-at="2021-03-18T17:04:44 CET" duration-ms="24943">
      <class name="TopZinsPortal.TZPTransaktionAbschlussGN">
        <test-method is-config="true" signature="SetupSeleniumTestdaten(java.lang.String)[pri:0, instance:TopZinsPortal.TZPTransaktionAbschlussGN@49e53c76]" started-at="2021-03-18T17:04:19 CET" name="SetupSeleniumTestdaten" finished-at="2021-03-18T17:04:21 CET" duration-ms="1493" status="PASS">
          <params>
            <param index="0">
              <value>
                <![CDATA[Smoketest]]>
              </value>
            </param>
          </params>
          <reporter-output>
          </reporter-output>
        </test-method> <!-- SetupSeleniumTestdaten -->
        <test-method signature="TZPTransaktionAbschlussGNTest(java.lang.String, java.lang.String, java.lang.String, java.lang.String, java.lang.String, java.lang.String, java.lang.String, java.lang.String, java.lang.String, java.lang.String, java.lang.String, java.lang.String, java.lang.String, java.lang.String, java.lang.String, java.lang.String, java.lang.String, java.lang.String, java.lang.String, java.lang.String, java.lang.String, java.lang.String, java.lang.String, java.lang.String, java.lang.String, java.lang.String)[pri:0, instance:TopZinsPortal.TZPTransaktionAbschlussGN@49e53c76]" started-at="2021-03-18T17:04:21 CET" name="TZPTransaktionAbschlussGNTest" data-provider="TZPTransaktionAbschlussGN" finished-at="2021-03-18T17:04:31 CET" duration-ms="9737" status="PASS">
          <params>
            <param index="0">
              <value>
                <![CDATA[TZPTransaktionStartGG-TF-001]]>
              </value>
            </param>
            <param index="1">
              <value>
                <![CDATA[Ja]]>
              </value>
            </param>
            <param index="2">
              <value>
                <![CDATA[BHDR-GG-Handel@Forsa-gmbh.de]]>
              </value>
            </param>
            <param index="3">
              <value>
                <![CDATA[Test12345!]]>
              </value>
            </param>
            <param index="4">
              <value>
                <![CDATA[1111111]]>
              </value>
            </param>
            <param index="5">
              <value>
                <![CDATA[0,04 %]]>
              </value>
            </param>
            <param index="6">
              <value>
                <![CDATA[ActDatum]]>
              </value>
            </param>
            <param index="7">
              <value>
                <![CDATA[act/360]]>
              </value>
            </param>
            <param index="8">
              <value>
                <![CDATA[halbjährlich]]>
              </value>
            </param>
            <param index="9">
              <value>
                <![CDATA[Das ist ein Eintrag in das Feld Sonstiges durch den]]>
              </value>
            </param>
            <param index="10">
              <value>
                <![CDATA[Das ist ein Eintrag in das Feld Kommentar durch den ]]>
              </value>
            </param>
            <param index="11">
              <value>
                <![CDATA[20:00]]>
              </value>
            </param>
            <param index="12">
              <value>
                <![CDATA[Ja]]>
              </value>
            </param>
            <param index="13">
              <value>
                <![CDATA[Nein]]>
              </value>
            </param>
            <param index="14">
              <value>
                <![CDATA[BHDR-GN-Handel]]>
              </value>
            </param>
            <param index="15">
              <value>
                <![CDATA[BHDR-GN-Handel@Forsa-gmbh.de]]>
              </value>
            </param>
            <param index="16">
              <value>
                <![CDATA[Test12345!]]>
              </value>
            </param>
            <param index="17">
              <value>
                <![CDATA[333333]]>
              </value>
            </param>
            <param index="18">
              <value>
                <![CDATA[3]]>
              </value>
            </param>
            <param index="19">
              <value>
                <![CDATA[ActDatum + 3]]>
              </value>
            </param>
            <param index="20">
              <value>
                <![CDATA[Ja]]>
              </value>
            </param>
            <param index="21">
              <value>
                <![CDATA[Nein]]>
              </value>
            </param>
            <param index="22">
              <value>
                <![CDATA[Nein]]>
              </value>
            </param>
            <param index="23">
              <value>
                <![CDATA[Ja]]>
              </value>
            </param>
            <param index="24">
              <value>
                <![CDATA[Nein]]>
              </value>
            </param>
            <param index="25">
              <value>
                <![CDATA[Nein]]>
              </value>
            </param>
          </params>
          <reporter-output>
          </reporter-output>
        </test-method> <!-- TZPTransaktionAbschlussGNTest -->
        <test-method signature="TZPTransaktionAbschlussGNTest(java.lang.String, java.lang.String, java.lang.String, java.lang.String, java.lang.String, java.lang.String, java.lang.String, java.lang.String, java.lang.String, java.lang.String, java.lang.String, java.lang.String, java.lang.String, java.lang.String, java.lang.String, java.lang.String, java.lang.String, java.lang.String, java.lang.String, java.lang.String, java.lang.String, java.lang.String, java.lang.String, java.lang.String, java.lang.String, java.lang.String)[pri:0, instance:TopZinsPortal.TZPTransaktionAbschlussGN@49e53c76]" started-at="2021-03-18T17:04:31 CET" name="TZPTransaktionAbschlussGNTest" data-provider="TZPTransaktionAbschlussGN" finished-at="2021-03-18T17:04:40 CET" duration-ms="9579" status="PASS">
          <params>
            <param index="0">
              <value>
                <![CDATA[TZPTransaktionStartGG-TF-002]]>
              </value>
            </param>
            <param index="1">
              <value>
                <![CDATA[Ja]]>
              </value>
            </param>
            <param index="2">
              <value>
                <![CDATA[BHDR-GG-Handel@Forsa-gmbh.de]]>
              </value>
            </param>
            <param index="3">
              <value>
                <![CDATA[Test12345!]]>
              </value>
            </param>
            <param index="4">
              <value>
                <![CDATA[2222222]]>
              </value>
            </param>
            <param index="5">
              <value>
                <![CDATA[0,04 %]]>
              </value>
            </param>
            <param index="6">
              <value>
                <![CDATA[ActDatum]]>
              </value>
            </param>
            <param index="7">
              <value>
                <![CDATA[act/360]]>
              </value>
            </param>
            <param index="8">
              <value>
                <![CDATA[halbjährlich]]>
              </value>
            </param>
            <param index="9">
              <value>
                <![CDATA[Das ist ein Eintrag in das Feld Sonstiges durch den]]>
              </value>
            </param>
            <param index="10">
              <value>
                <![CDATA[Das ist ein Eintrag in das Feld Kommentar durch den ]]>
              </value>
            </param>
            <param index="11">
              <value>
                <![CDATA[20:00]]>
              </value>
            </param>
            <param index="12">
              <value>
                <![CDATA[Ja]]>
              </value>
            </param>
            <param index="13">
              <value>
                <![CDATA[Nein]]>
              </value>
            </param>
            <param index="14">
              <value>
                <![CDATA[BHDR-GN-Handel]]>
              </value>
            </param>
            <param index="15">
              <value>
                <![CDATA[BHDR-GN-Handel@Forsa-gmbh.de]]>
              </value>
            </param>
            <param index="16">
              <value>
                <![CDATA[Test12345!]]>
              </value>
            </param>
            <param index="17">
              <value>
                <![CDATA[444444]]>
              </value>
            </param>
            <param index="18">
              <value>
                <![CDATA[4]]>
              </value>
            </param>
            <param index="19">
              <value>
                <![CDATA[ActDatum + 3]]>
              </value>
            </param>
            <param index="20">
              <value>
                <![CDATA[Nein]]>
              </value>
            </param>
            <param index="21">
              <value>
                <![CDATA[Nein]]>
              </value>
            </param>
            <param index="22">
              <value>
                <![CDATA[Ja]]>
              </value>
            </param>
            <param index="23">
              <value>
                <![CDATA[Ja]]>
              </value>
            </param>
            <param index="24">
              <value>
                <![CDATA[Nein]]>
              </value>
            </param>
            <param index="25">
              <value>
                <![CDATA[Nein]]>
              </value>
            </param>
          </params>
          <reporter-output>
          </reporter-output>
        </test-method> <!-- TZPTransaktionAbschlussGNTest -->
        <test-method is-config="true" signature="BrowserTearDown()[pri:0, instance:TopZinsPortal.TZPTransaktionAbschlussGN@49e53c76]" started-at="2021-03-18T17:04:40 CET" name="BrowserTearDown" finished-at="2021-03-18T17:04:44 CET" duration-ms="4039" status="PASS">
          <reporter-output>
          </reporter-output>
        </test-method> <!-- BrowserTearDown -->
      </class> <!-- TopZinsPortal.TZPTransaktionAbschlussGN -->
    </test> <!-- TZP-Transaktion-Abschluss-GN -->
  </suite> <!-- TopZinzPortal-Transaktion-Ablauftesttest -->
</testng-results>
