<?xml version="1.0" encoding="UTF-8"?>
<testng-results ignored="0" total="67" passed="67" failed="0" skipped="0">
  <reporter-output>
  </reporter-output>
  <suite started-at="2021-01-15T13:50:10 CET" name="TopZinzPortal-Ablauftesttest" finished-at="2021-01-15T13:56:03 CET" duration-ms="353021">
    <groups>
    </groups>
    <test started-at="2021-01-15T13:50:10 CET" name="TZP-Registrierung-GG" finished-at="2021-01-15T13:51:57 CET" duration-ms="106860">
      <class name="TopZinsPortal.TZPRegGG">
        <test-method is-config="true" signature="SetupSeleniumTestdaten(java.lang.String)[pri:0, instance:TopZinsPortal.TZPRegGG@245b4bdc]" started-at="2021-01-15T13:50:10 CET" name="SetupSeleniumTestdaten" finished-at="2021-01-15T13:50:15 CET" duration-ms="5095" status="PASS">
          <params>
            <param index="0">
              <value>
                <![CDATA[Smoketest]]>
              </value>
            </param>
          </params>
          <reporter-output>
          </reporter-output>
        </test-method> <!-- SetupSeleniumTestdaten -->
        <test-method signature="TZPRegGGTest(java.lang.String, java.lang.String, java.lang.String, java.lang.String, java.lang.String, java.lang.String, java.lang.String, java.lang.String, java.lang.String, java.lang.String, java.lang.String, java.lang.String, java.lang.String, java.lang.String)[pri:0, instance:TopZinsPortal.TZPRegGG@245b4bdc]" started-at="2021-01-15T13:50:16 CET" name="TZPRegGGTest" data-provider="TZPRegGG" finished-at="2021-01-15T13:50:36 CET" duration-ms="19923" status="PASS">
          <params>
            <param index="0">
              <value>
                <![CDATA[TZPRegGG-TF-001]]>
              </value>
            </param>
            <param index="1">
              <value>
                <![CDATA[Ja]]>
              </value>
            </param>
            <param index="2">
              <value>
                <![CDATA[BHDR-GG-DGSVO]]>
              </value>
            </param>
            <param index="3">
              <value>
                <![CDATA[Herr]]>
              </value>
            </param>
            <param index="4">
              <value>
                <![CDATA[Dr.]]>
              </value>
            </param>
            <param index="5">
              <value>
                <![CDATA[BHDR-GG-DGSVO Vorname]]>
              </value>
            </param>
            <param index="6">
              <value>
                <![CDATA[BHDR-GG-DGSVO Nachname]]>
              </value>
            </param>
            <param index="7">
              <value>
                <![CDATA[0611 97381 63]]>
              </value>
            </param>
            <param index="8">
              <value>
                <![CDATA[BHDR-GG-DGSVO@forsa-gmbh.de]]>
              </value>
            </param>
            <param index="9">
              <value>
                <![CDATA[BHDR-GG-DGSVO@forsa-gmbh.de]]>
              </value>
            </param>
            <param index="10">
              <value>
                <![CDATA[Test12345!]]>
              </value>
            </param>
            <param index="11">
              <value>
                <![CDATA[Ja]]>
              </value>
            </param>
            <param index="12">
              <value>
                <![CDATA[Ja]]>
              </value>
            </param>
            <param index="13">
              <value>
                <![CDATA[nein]]>
              </value>
            </param>
          </params>
          <reporter-output>
          </reporter-output>
        </test-method> <!-- TZPRegGGTest -->
        <test-method signature="TZPRegGGTest(java.lang.String, java.lang.String, java.lang.String, java.lang.String, java.lang.String, java.lang.String, java.lang.String, java.lang.String, java.lang.String, java.lang.String, java.lang.String, java.lang.String, java.lang.String, java.lang.String)[pri:0, instance:TopZinsPortal.TZPRegGG@245b4bdc]" started-at="2021-01-15T13:50:36 CET" name="TZPRegGGTest" data-provider="TZPRegGG" finished-at="2021-01-15T13:50:55 CET" duration-ms="19066" status="PASS">
          <params>
            <param index="0">
              <value>
                <![CDATA[TZPRegGG-TF-002]]>
              </value>
            </param>
            <param index="1">
              <value>
                <![CDATA[Ja]]>
              </value>
            </param>
            <param index="2">
              <value>
                <![CDATA[BHDR-GG-DatenKomplett]]>
              </value>
            </param>
            <param index="3">
              <value>
                <![CDATA[Herr]]>
              </value>
            </param>
            <param index="4">
              <value>
                <![CDATA[Prof.]]>
              </value>
            </param>
            <param index="5">
              <value>
                <![CDATA[BHDR-GG-DatenKomplett Vorname]]>
              </value>
            </param>
            <param index="6">
              <value>
                <![CDATA[BHDR-GG-DatenKomplett Nachanme]]>
              </value>
            </param>
            <param index="7">
              <value>
                <![CDATA[0611-97381-63]]>
              </value>
            </param>
            <param index="8">
              <value>
                <![CDATA[BHDR-GG-DatenKomplett@forsa-gmbh.de]]>
              </value>
            </param>
            <param index="9">
              <value>
                <![CDATA[BHDR-GG-DatenKomplett@forsa-gmbh.de]]>
              </value>
            </param>
            <param index="10">
              <value>
                <![CDATA[Test12345!]]>
              </value>
            </param>
            <param index="11">
              <value>
                <![CDATA[Ja]]>
              </value>
            </param>
            <param index="12">
              <value>
                <![CDATA[Ja]]>
              </value>
            </param>
            <param index="13">
              <value>
                <![CDATA[nein]]>
              </value>
            </param>
          </params>
          <reporter-output>
          </reporter-output>
        </test-method> <!-- TZPRegGGTest -->
        <test-method signature="TZPRegGGTest(java.lang.String, java.lang.String, java.lang.String, java.lang.String, java.lang.String, java.lang.String, java.lang.String, java.lang.String, java.lang.String, java.lang.String, java.lang.String, java.lang.String, java.lang.String, java.lang.String)[pri:0, instance:TopZinsPortal.TZPRegGG@245b4bdc]" started-at="2021-01-15T13:50:55 CET" name="TZPRegGGTest" data-provider="TZPRegGG" finished-at="2021-01-15T13:51:13 CET" duration-ms="18413" status="PASS">
          <params>
            <param index="0">
              <value>
                <![CDATA[TZPRegGG-TF-003]]>
              </value>
            </param>
            <param index="1">
              <value>
                <![CDATA[Ja]]>
              </value>
            </param>
            <param index="2">
              <value>
                <![CDATA[BHDR-GG-Handel]]>
              </value>
            </param>
            <param index="3">
              <value>
                <![CDATA[Frau]]>
              </value>
            </param>
            <param index="4">
              <value>
                <![CDATA[]]>
              </value>
            </param>
            <param index="5">
              <value>
                <![CDATA[BHDR-GG-Handel Vorname]]>
              </value>
            </param>
            <param index="6">
              <value>
                <![CDATA[BHDR-GG-Handel Nachname]]>
              </value>
            </param>
            <param index="7">
              <value>
                <![CDATA[06119738163]]>
              </value>
            </param>
            <param index="8">
              <value>
                <![CDATA[BHDR-GG-Handel@forsa-gmbh.de]]>
              </value>
            </param>
            <param index="9">
              <value>
                <![CDATA[BHDR-GG-Handel@forsa-gmbh.de]]>
              </value>
            </param>
            <param index="10">
              <value>
                <![CDATA[Test12345!]]>
              </value>
            </param>
            <param index="11">
              <value>
                <![CDATA[Ja]]>
              </value>
            </param>
            <param index="12">
              <value>
                <![CDATA[Ja]]>
              </value>
            </param>
            <param index="13">
              <value>
                <![CDATA[nein]]>
              </value>
            </param>
          </params>
          <reporter-output>
          </reporter-output>
        </test-method> <!-- TZPRegGGTest -->
        <test-method signature="TZPRegGGTest(java.lang.String, java.lang.String, java.lang.String, java.lang.String, java.lang.String, java.lang.String, java.lang.String, java.lang.String, java.lang.String, java.lang.String, java.lang.String, java.lang.String, java.lang.String, java.lang.String)[pri:0, instance:TopZinsPortal.TZPRegGG@245b4bdc]" started-at="2021-01-15T13:51:13 CET" name="TZPRegGGTest" data-provider="TZPRegGG" finished-at="2021-01-15T13:51:32 CET" duration-ms="19428" status="PASS">
          <params>
            <param index="0">
              <value>
                <![CDATA[TZPRegGG-TF-004]]>
              </value>
            </param>
            <param index="1">
              <value>
                <![CDATA[Ja]]>
              </value>
            </param>
            <param index="2">
              <value>
                <![CDATA[BHDR-GG-Deaktiv]]>
              </value>
            </param>
            <param index="3">
              <value>
                <![CDATA[Frau]]>
              </value>
            </param>
            <param index="4">
              <value>
                <![CDATA[Prof. Dr.]]>
              </value>
            </param>
            <param index="5">
              <value>
                <![CDATA[BHDR-GG-Deaktiv Vorname]]>
              </value>
            </param>
            <param index="6">
              <value>
                <![CDATA[BHDR-GG-Deaktiv Nachname]]>
              </value>
            </param>
            <param index="7">
              <value>
                <![CDATA[06119738163]]>
              </value>
            </param>
            <param index="8">
              <value>
                <![CDATA[BHDR-GG-Deaktiv@forsa-gmbh.de]]>
              </value>
            </param>
            <param index="9">
              <value>
                <![CDATA[BHDR-GG-Deaktiv@forsa-gmbh.de]]>
              </value>
            </param>
            <param index="10">
              <value>
                <![CDATA[Test12345!]]>
              </value>
            </param>
            <param index="11">
              <value>
                <![CDATA[Ja]]>
              </value>
            </param>
            <param index="12">
              <value>
                <![CDATA[Ja]]>
              </value>
            </param>
            <param index="13">
              <value>
                <![CDATA[nein]]>
              </value>
            </param>
          </params>
          <reporter-output>
          </reporter-output>
        </test-method> <!-- TZPRegGGTest -->
        <test-method signature="TZPRegGGTest(java.lang.String, java.lang.String, java.lang.String, java.lang.String, java.lang.String, java.lang.String, java.lang.String, java.lang.String, java.lang.String, java.lang.String, java.lang.String, java.lang.String, java.lang.String, java.lang.String)[pri:0, instance:TopZinsPortal.TZPRegGG@245b4bdc]" started-at="2021-01-15T13:51:32 CET" name="TZPRegGGTest" data-provider="TZPRegGG" finished-at="2021-01-15T13:51:53 CET" duration-ms="20393" status="PASS">
          <params>
            <param index="0">
              <value>
                <![CDATA[TZPRegGG-TF-005]]>
              </value>
            </param>
            <param index="1">
              <value>
                <![CDATA[Ja]]>
              </value>
            </param>
            <param index="2">
              <value>
                <![CDATA[BHDR-GG-Loeschen]]>
              </value>
            </param>
            <param index="3">
              <value>
                <![CDATA[Frau]]>
              </value>
            </param>
            <param index="4">
              <value>
                <![CDATA[Mag.]]>
              </value>
            </param>
            <param index="5">
              <value>
                <![CDATA[BHDR-GG-Loeschen Vorname]]>
              </value>
            </param>
            <param index="6">
              <value>
                <![CDATA[BHDR-GG-Loeschen Nachname]]>
              </value>
            </param>
            <param index="7">
              <value>
                <![CDATA[06119738163]]>
              </value>
            </param>
            <param index="8">
              <value>
                <![CDATA[BHDR-GG-Loeschen@forsa-gmbh.de]]>
              </value>
            </param>
            <param index="9">
              <value>
                <![CDATA[BHDR-GG-Loeschen@forsa-gmbh.de]]>
              </value>
            </param>
            <param index="10">
              <value>
                <![CDATA[Test12345!]]>
              </value>
            </param>
            <param index="11">
              <value>
                <![CDATA[Ja]]>
              </value>
            </param>
            <param index="12">
              <value>
                <![CDATA[Ja]]>
              </value>
            </param>
            <param index="13">
              <value>
                <![CDATA[nein]]>
              </value>
            </param>
          </params>
          <reporter-output>
          </reporter-output>
        </test-method> <!-- TZPRegGGTest -->
        <test-method signature="TZPRegGGTest(java.lang.String, java.lang.String, java.lang.String, java.lang.String, java.lang.String, java.lang.String, java.lang.String, java.lang.String, java.lang.String, java.lang.String, java.lang.String, java.lang.String, java.lang.String, java.lang.String)[pri:0, instance:TopZinsPortal.TZPRegGG@245b4bdc]" started-at="2021-01-15T13:51:53 CET" name="TZPRegGGTest" data-provider="TZPRegGG" finished-at="2021-01-15T13:51:53 CET" duration-ms="1" status="PASS">
          <params>
            <param index="0">
              <value>
                <![CDATA[TZPRegGG-TF-006]]>
              </value>
            </param>
            <param index="1">
              <value>
                <![CDATA[Nein]]>
              </value>
            </param>
            <param index="2">
              <value>
                <![CDATA[BHDR-GG-DGSVO]]>
              </value>
            </param>
            <param index="3">
              <value>
                <![CDATA[Herr]]>
              </value>
            </param>
            <param index="4">
              <value>
                <![CDATA[Dr.]]>
              </value>
            </param>
            <param index="5">
              <value>
                <![CDATA[BHDR-GG-DGSVO Vorname]]>
              </value>
            </param>
            <param index="6">
              <value>
                <![CDATA[BHDR-GG-DGSVO Nachname]]>
              </value>
            </param>
            <param index="7">
              <value>
                <![CDATA[0611 11 11 11]]>
              </value>
            </param>
            <param index="8">
              <value>
                <![CDATA[b.dikmen.wi@gmail.com]]>
              </value>
            </param>
            <param index="9">
              <value>
                <![CDATA[b.dikmen.wi@gmail.com]]>
              </value>
            </param>
            <param index="10">
              <value>
                <![CDATA[Test12345!]]>
              </value>
            </param>
            <param index="11">
              <value>
                <![CDATA[Ja]]>
              </value>
            </param>
            <param index="12">
              <value>
                <![CDATA[Ja]]>
              </value>
            </param>
            <param index="13">
              <value>
                <![CDATA[nein]]>
              </value>
            </param>
          </params>
          <reporter-output>
          </reporter-output>
        </test-method> <!-- TZPRegGGTest -->
        <test-method signature="TZPRegGGTest(java.lang.String, java.lang.String, java.lang.String, java.lang.String, java.lang.String, java.lang.String, java.lang.String, java.lang.String, java.lang.String, java.lang.String, java.lang.String, java.lang.String, java.lang.String, java.lang.String)[pri:0, instance:TopZinsPortal.TZPRegGG@245b4bdc]" started-at="2021-01-15T13:51:53 CET" name="TZPRegGGTest" data-provider="TZPRegGG" finished-at="2021-01-15T13:51:53 CET" duration-ms="1" status="PASS">
          <params>
            <param index="0">
              <value>
                <![CDATA[TZPRegGG-TF-007]]>
              </value>
            </param>
            <param index="1">
              <value>
                <![CDATA[Nein]]>
              </value>
            </param>
            <param index="2">
              <value>
                <![CDATA[BHDR-GG-DatenKomplett]]>
              </value>
            </param>
            <param index="3">
              <value>
                <![CDATA[Herr]]>
              </value>
            </param>
            <param index="4">
              <value>
                <![CDATA[]]>
              </value>
            </param>
            <param index="5">
              <value>
                <![CDATA[BHDR-GG-DatenKomplett Vorname]]>
              </value>
            </param>
            <param index="6">
              <value>
                <![CDATA[BHDR-GG-DatenKomplett Nachanme]]>
              </value>
            </param>
            <param index="7">
              <value>
                <![CDATA[0611 - 451 - 458]]>
              </value>
            </param>
            <param index="8">
              <value>
                <![CDATA[b.dikmen@online.de]]>
              </value>
            </param>
            <param index="9">
              <value>
                <![CDATA[b.dikmen@online.de]]>
              </value>
            </param>
            <param index="10">
              <value>
                <![CDATA[Test12345!]]>
              </value>
            </param>
            <param index="11">
              <value>
                <![CDATA[Ja]]>
              </value>
            </param>
            <param index="12">
              <value>
                <![CDATA[Ja]]>
              </value>
            </param>
            <param index="13">
              <value>
                <![CDATA[nein]]>
              </value>
            </param>
          </params>
          <reporter-output>
          </reporter-output>
        </test-method> <!-- TZPRegGGTest -->
        <test-method signature="TZPRegGGTest(java.lang.String, java.lang.String, java.lang.String, java.lang.String, java.lang.String, java.lang.String, java.lang.String, java.lang.String, java.lang.String, java.lang.String, java.lang.String, java.lang.String, java.lang.String, java.lang.String)[pri:0, instance:TopZinsPortal.TZPRegGG@245b4bdc]" started-at="2021-01-15T13:51:53 CET" name="TZPRegGGTest" data-provider="TZPRegGG" finished-at="2021-01-15T13:51:53 CET" duration-ms="1" status="PASS">
          <params>
            <param index="0">
              <value>
                <![CDATA[TZPRegGG-TF-008]]>
              </value>
            </param>
            <param index="1">
              <value>
                <![CDATA[Nein]]>
              </value>
            </param>
            <param index="2">
              <value>
                <![CDATA[BHDR-GG-Handel]]>
              </value>
            </param>
            <param index="3">
              <value>
                <![CDATA[Frau]]>
              </value>
            </param>
            <param index="4">
              <value>
                <![CDATA[]]>
              </value>
            </param>
            <param index="5">
              <value>
                <![CDATA[BHDR-GG-Handel Vorname]]>
              </value>
            </param>
            <param index="6">
              <value>
                <![CDATA[BHDR-GG-Handel Nachname]]>
              </value>
            </param>
            <param index="7">
              <value>
                <![CDATA[0611451458]]>
              </value>
            </param>
            <param index="8">
              <value>
                <![CDATA[dikmen@forsa-gmbh.de]]>
              </value>
            </param>
            <param index="9">
              <value>
                <![CDATA[dikmen@forsa-gmbh.de]]>
              </value>
            </param>
            <param index="10">
              <value>
                <![CDATA[Test12345!]]>
              </value>
            </param>
            <param index="11">
              <value>
                <![CDATA[Ja]]>
              </value>
            </param>
            <param index="12">
              <value>
                <![CDATA[Ja]]>
              </value>
            </param>
            <param index="13">
              <value>
                <![CDATA[nein]]>
              </value>
            </param>
          </params>
          <reporter-output>
          </reporter-output>
        </test-method> <!-- TZPRegGGTest -->
        <test-method signature="TZPRegGGTest(java.lang.String, java.lang.String, java.lang.String, java.lang.String, java.lang.String, java.lang.String, java.lang.String, java.lang.String, java.lang.String, java.lang.String, java.lang.String, java.lang.String, java.lang.String, java.lang.String)[pri:0, instance:TopZinsPortal.TZPRegGG@245b4bdc]" started-at="2021-01-15T13:51:53 CET" name="TZPRegGGTest" data-provider="TZPRegGG" finished-at="2021-01-15T13:51:53 CET" duration-ms="2" status="PASS">
          <params>
            <param index="0">
              <value>
                <![CDATA[TZPRegGG-TF-009]]>
              </value>
            </param>
            <param index="1">
              <value>
                <![CDATA[Nein]]>
              </value>
            </param>
            <param index="2">
              <value>
                <![CDATA[Burk-GG-DGSVO]]>
              </value>
            </param>
            <param index="3">
              <value>
                <![CDATA[Herr]]>
              </value>
            </param>
            <param index="4">
              <value>
                <![CDATA[Dr.]]>
              </value>
            </param>
            <param index="5">
              <value>
                <![CDATA[Burk-GG-DGSVO Vorname]]>
              </value>
            </param>
            <param index="6">
              <value>
                <![CDATA[Burk-GG-DGSVO Nachname]]>
              </value>
            </param>
            <param index="7">
              <value>
                <![CDATA[0611 97381 71]]>
              </value>
            </param>
            <param index="8">
              <value>
                <![CDATA[Burk-GG-DGSVO@forsa-gmbh.de]]>
              </value>
            </param>
            <param index="9">
              <value>
                <![CDATA[Burk-GG-DGSVO@forsa-gmbh.de]]>
              </value>
            </param>
            <param index="10">
              <value>
                <![CDATA[Test12345!]]>
              </value>
            </param>
            <param index="11">
              <value>
                <![CDATA[Ja]]>
              </value>
            </param>
            <param index="12">
              <value>
                <![CDATA[Ja]]>
              </value>
            </param>
            <param index="13">
              <value>
                <![CDATA[nein]]>
              </value>
            </param>
          </params>
          <reporter-output>
          </reporter-output>
        </test-method> <!-- TZPRegGGTest -->
        <test-method signature="TZPRegGGTest(java.lang.String, java.lang.String, java.lang.String, java.lang.String, java.lang.String, java.lang.String, java.lang.String, java.lang.String, java.lang.String, java.lang.String, java.lang.String, java.lang.String, java.lang.String, java.lang.String)[pri:0, instance:TopZinsPortal.TZPRegGG@245b4bdc]" started-at="2021-01-15T13:51:53 CET" name="TZPRegGGTest" data-provider="TZPRegGG" finished-at="2021-01-15T13:51:53 CET" duration-ms="1" status="PASS">
          <params>
            <param index="0">
              <value>
                <![CDATA[TZPRegGG-TF-010]]>
              </value>
            </param>
            <param index="1">
              <value>
                <![CDATA[Nein]]>
              </value>
            </param>
            <param index="2">
              <value>
                <![CDATA[Burk-GG-DatenKomplett]]>
              </value>
            </param>
            <param index="3">
              <value>
                <![CDATA[Herr]]>
              </value>
            </param>
            <param index="4">
              <value>
                <![CDATA[Dr.]]>
              </value>
            </param>
            <param index="5">
              <value>
                <![CDATA[Burk-GG-DatenKomplett Vorname]]>
              </value>
            </param>
            <param index="6">
              <value>
                <![CDATA[Burk-GG-DatenKomplett Nachanme]]>
              </value>
            </param>
            <param index="7">
              <value>
                <![CDATA[0611-97381-71]]>
              </value>
            </param>
            <param index="8">
              <value>
                <![CDATA[Burk-GG-DatenKomplett@forsa-gmbh.de]]>
              </value>
            </param>
            <param index="9">
              <value>
                <![CDATA[Burk-GG-DatenKomplett@forsa-gmbh.de]]>
              </value>
            </param>
            <param index="10">
              <value>
                <![CDATA[Test12345!]]>
              </value>
            </param>
            <param index="11">
              <value>
                <![CDATA[Ja]]>
              </value>
            </param>
            <param index="12">
              <value>
                <![CDATA[Ja]]>
              </value>
            </param>
            <param index="13">
              <value>
                <![CDATA[nein]]>
              </value>
            </param>
          </params>
          <reporter-output>
          </reporter-output>
        </test-method> <!-- TZPRegGGTest -->
        <test-method signature="TZPRegGGTest(java.lang.String, java.lang.String, java.lang.String, java.lang.String, java.lang.String, java.lang.String, java.lang.String, java.lang.String, java.lang.String, java.lang.String, java.lang.String, java.lang.String, java.lang.String, java.lang.String)[pri:0, instance:TopZinsPortal.TZPRegGG@245b4bdc]" started-at="2021-01-15T13:51:53 CET" name="TZPRegGGTest" data-provider="TZPRegGG" finished-at="2021-01-15T13:51:53 CET" duration-ms="1" status="PASS">
          <params>
            <param index="0">
              <value>
                <![CDATA[TZPRegGG-TF-011]]>
              </value>
            </param>
            <param index="1">
              <value>
                <![CDATA[Nein]]>
              </value>
            </param>
            <param index="2">
              <value>
                <![CDATA[Burk-GG-Handel]]>
              </value>
            </param>
            <param index="3">
              <value>
                <![CDATA[Herr]]>
              </value>
            </param>
            <param index="4">
              <value>
                <![CDATA[Dr.]]>
              </value>
            </param>
            <param index="5">
              <value>
                <![CDATA[Burk-GG-Handel Vorname]]>
              </value>
            </param>
            <param index="6">
              <value>
                <![CDATA[Burk-GG-Handel Nachname]]>
              </value>
            </param>
            <param index="7">
              <value>
                <![CDATA[06119738171]]>
              </value>
            </param>
            <param index="8">
              <value>
                <![CDATA[Burk-GG-Handel@forsa-gmbh.de]]>
              </value>
            </param>
            <param index="9">
              <value>
                <![CDATA[Burk-GG-Handel@forsa-gmbh.de]]>
              </value>
            </param>
            <param index="10">
              <value>
                <![CDATA[Test12345!]]>
              </value>
            </param>
            <param index="11">
              <value>
                <![CDATA[Ja]]>
              </value>
            </param>
            <param index="12">
              <value>
                <![CDATA[Ja]]>
              </value>
            </param>
            <param index="13">
              <value>
                <![CDATA[nein]]>
              </value>
            </param>
          </params>
          <reporter-output>
          </reporter-output>
        </test-method> <!-- TZPRegGGTest -->
        <test-method signature="TZPRegGGTest(java.lang.String, java.lang.String, java.lang.String, java.lang.String, java.lang.String, java.lang.String, java.lang.String, java.lang.String, java.lang.String, java.lang.String, java.lang.String, java.lang.String, java.lang.String, java.lang.String)[pri:0, instance:TopZinsPortal.TZPRegGG@245b4bdc]" started-at="2021-01-15T13:51:53 CET" name="TZPRegGGTest" data-provider="TZPRegGG" finished-at="2021-01-15T13:51:53 CET" duration-ms="1" status="PASS">
          <params>
            <param index="0">
              <value>
                <![CDATA[TZPRegGG-TF-012]]>
              </value>
            </param>
            <param index="1">
              <value>
                <![CDATA[Nein]]>
              </value>
            </param>
            <param index="2">
              <value>
                <![CDATA[Burk-GG-Deaktiv]]>
              </value>
            </param>
            <param index="3">
              <value>
                <![CDATA[Herr]]>
              </value>
            </param>
            <param index="4">
              <value>
                <![CDATA[Dr.]]>
              </value>
            </param>
            <param index="5">
              <value>
                <![CDATA[Burk-GG-Deaktiv Vorname]]>
              </value>
            </param>
            <param index="6">
              <value>
                <![CDATA[Burk-GG-Deaktiv Nachname]]>
              </value>
            </param>
            <param index="7">
              <value>
                <![CDATA[06119738171]]>
              </value>
            </param>
            <param index="8">
              <value>
                <![CDATA[Burk-GG-Deaktiv@forsa-gmbh.de]]>
              </value>
            </param>
            <param index="9">
              <value>
                <![CDATA[Burk-GG-Deaktiv@forsa-gmbh.de]]>
              </value>
            </param>
            <param index="10">
              <value>
                <![CDATA[Test12345!]]>
              </value>
            </param>
            <param index="11">
              <value>
                <![CDATA[Ja]]>
              </value>
            </param>
            <param index="12">
              <value>
                <![CDATA[Ja]]>
              </value>
            </param>
            <param index="13">
              <value>
                <![CDATA[nein]]>
              </value>
            </param>
          </params>
          <reporter-output>
          </reporter-output>
        </test-method> <!-- TZPRegGGTest -->
        <test-method signature="TZPRegGGTest(java.lang.String, java.lang.String, java.lang.String, java.lang.String, java.lang.String, java.lang.String, java.lang.String, java.lang.String, java.lang.String, java.lang.String, java.lang.String, java.lang.String, java.lang.String, java.lang.String)[pri:0, instance:TopZinsPortal.TZPRegGG@245b4bdc]" started-at="2021-01-15T13:51:53 CET" name="TZPRegGGTest" data-provider="TZPRegGG" finished-at="2021-01-15T13:51:53 CET" duration-ms="1" status="PASS">
          <params>
            <param index="0">
              <value>
                <![CDATA[TZPRegGG-TF-013]]>
              </value>
            </param>
            <param index="1">
              <value>
                <![CDATA[Nein]]>
              </value>
            </param>
            <param index="2">
              <value>
                <![CDATA[Burk-GG-Loeschen]]>
              </value>
            </param>
            <param index="3">
              <value>
                <![CDATA[Frau]]>
              </value>
            </param>
            <param index="4">
              <value>
                <![CDATA[Dr.]]>
              </value>
            </param>
            <param index="5">
              <value>
                <![CDATA[Burk-GG-Loeschen Vorname]]>
              </value>
            </param>
            <param index="6">
              <value>
                <![CDATA[Burk-GG-Loeschen Nachname]]>
              </value>
            </param>
            <param index="7">
              <value>
                <![CDATA[06119738171]]>
              </value>
            </param>
            <param index="8">
              <value>
                <![CDATA[Burk-GG-Loeschen@forsa-gmbh.de]]>
              </value>
            </param>
            <param index="9">
              <value>
                <![CDATA[Burk-GG-Loeschen@forsa-gmbh.de]]>
              </value>
            </param>
            <param index="10">
              <value>
                <![CDATA[Test12345!]]>
              </value>
            </param>
            <param index="11">
              <value>
                <![CDATA[Ja]]>
              </value>
            </param>
            <param index="12">
              <value>
                <![CDATA[Ja]]>
              </value>
            </param>
            <param index="13">
              <value>
                <![CDATA[nein]]>
              </value>
            </param>
          </params>
          <reporter-output>
          </reporter-output>
        </test-method> <!-- TZPRegGGTest -->
        <test-method signature="TZPRegGGTest(java.lang.String, java.lang.String, java.lang.String, java.lang.String, java.lang.String, java.lang.String, java.lang.String, java.lang.String, java.lang.String, java.lang.String, java.lang.String, java.lang.String, java.lang.String, java.lang.String)[pri:0, instance:TopZinsPortal.TZPRegGG@245b4bdc]" started-at="2021-01-15T13:51:53 CET" name="TZPRegGGTest" data-provider="TZPRegGG" finished-at="2021-01-15T13:51:53 CET" duration-ms="1" status="PASS">
          <params>
            <param index="0">
              <value>
                <![CDATA[TZPRegGG-TF-014]]>
              </value>
            </param>
            <param index="1">
              <value>
                <![CDATA[Nein]]>
              </value>
            </param>
            <param index="2">
              <value>
                <![CDATA[BHDR-GG-DGSVO]]>
              </value>
            </param>
            <param index="3">
              <value>
                <![CDATA[Herr]]>
              </value>
            </param>
            <param index="4">
              <value>
                <![CDATA[Dr.]]>
              </value>
            </param>
            <param index="5">
              <value>
                <![CDATA[BHDR-GG-DGSVO Vorname]]>
              </value>
            </param>
            <param index="6">
              <value>
                <![CDATA[BHDR-GG-DGSVO Nachname]]>
              </value>
            </param>
            <param index="7">
              <value>
                <![CDATA[0611 11 11 11]]>
              </value>
            </param>
            <param index="8">
              <value>
                <![CDATA[b.dikmen.wi@gmail.com]]>
              </value>
            </param>
            <param index="9">
              <value>
                <![CDATA[b.dikmen.wi@gmail.com]]>
              </value>
            </param>
            <param index="10">
              <value>
                <![CDATA[Test12345!]]>
              </value>
            </param>
            <param index="11">
              <value>
                <![CDATA[Ja]]>
              </value>
            </param>
            <param index="12">
              <value>
                <![CDATA[Ja]]>
              </value>
            </param>
            <param index="13">
              <value>
                <![CDATA[nein]]>
              </value>
            </param>
          </params>
          <reporter-output>
          </reporter-output>
        </test-method> <!-- TZPRegGGTest -->
        <test-method is-config="true" signature="BrowserTearDown()[pri:0, instance:TopZinsPortal.TZPRegGG@245b4bdc]" started-at="2021-01-15T13:51:53 CET" name="BrowserTearDown" finished-at="2021-01-15T13:51:57 CET" duration-ms="4352" status="PASS">
          <reporter-output>
          </reporter-output>
        </test-method> <!-- BrowserTearDown -->
      </class> <!-- TopZinsPortal.TZPRegGG -->
    </test> <!-- TZP-Registrierung-GG -->
    <test started-at="2021-01-15T13:51:57 CET" name="TZP-Login-GG" finished-at="2021-01-15T13:52:27 CET" duration-ms="30163">
      <class name="TopZinsPortal.TZPLoginGG">
        <test-method is-config="true" signature="SetupSeleniumTestdaten(java.lang.String)[pri:0, instance:TopZinsPortal.TZPLoginGG@2f9f7dcf]" started-at="2021-01-15T13:51:57 CET" name="SetupSeleniumTestdaten" finished-at="2021-01-15T13:52:01 CET" duration-ms="3548" status="PASS">
          <params>
            <param index="0">
              <value>
                <![CDATA[Smoketest]]>
              </value>
            </param>
          </params>
          <reporter-output>
          </reporter-output>
        </test-method> <!-- SetupSeleniumTestdaten -->
        <test-method signature="TZPLoginGGTest(java.lang.String, java.lang.String, java.lang.String, java.lang.String, java.lang.String, java.lang.String, java.lang.String, java.lang.String, java.lang.String, java.lang.String, java.lang.String, java.lang.String, java.lang.String, java.lang.String, java.lang.String, java.lang.String, java.lang.String, java.lang.String, java.lang.String, java.lang.String, java.lang.String, java.lang.String, java.lang.String, java.lang.String, java.lang.String, java.lang.String, java.lang.String, java.lang.String)[pri:0, instance:TopZinsPortal.TZPLoginGG@2f9f7dcf]" started-at="2021-01-15T13:52:01 CET" name="TZPLoginGGTest" data-provider="TZPStammGG" finished-at="2021-01-15T13:52:01 CET" duration-ms="1" status="PASS">
          <params>
            <param index="0">
              <value>
                <![CDATA[TZStammGG-TF-001]]>
              </value>
            </param>
            <param index="1">
              <value>
                <![CDATA[Nein]]>
              </value>
            </param>
            <param index="2">
              <value>
                <![CDATA[BHDR-GG-DGSVO@forsa-gmbh.de]]>
              </value>
            </param>
            <param index="3">
              <value>
                <![CDATA[Test12345!]]>
              </value>
            </param>
            <param index="4">
              <value>
                <![CDATA[BHDR-GG-DGSVO]]>
              </value>
            </param>
            <param index="5">
              <value>
                <![CDATA[Kommunale Stiftungen]]>
              </value>
            </param>
            <param index="6">
              <value>
                <![CDATA[851WYGNLUQLFZBSYGB56]]>
              </value>
            </param>
            <param index="7">
              <value>
                <![CDATA[Deutschland]]>
              </value>
            </param>
            <param index="8">
              <value>
                <![CDATA[www.google.de]]>
              </value>
            </param>
            <param index="9">
              <value>
                <![CDATA[BHDR-GG-DGSVO@forsa-gmbh.de]]>
              </value>
            </param>
            <param index="10">
              <value>
                <![CDATA[Hackenbaum]]>
              </value>
            </param>
            <param index="11">
              <value>
                <![CDATA[Nov-13]]>
              </value>
            </param>
            <param index="12">
              <value>
                <![CDATA[65207]]>
              </value>
            </param>
            <param index="13">
              <value>
                <![CDATA[Wiesbaden]]>
              </value>
            </param>
            <param index="14">
              <value>
                <![CDATA[Adresszusatz]]>
              </value>
            </param>
            <param index="15">
              <value>
                <![CDATA[Ing Diba]]>
              </value>
            </param>
            <param index="16">
              <value>
                <![CDATA[INGDDEFFXXX]]>
              </value>
            </param>
            <param index="17">
              <value>
                <![CDATA[DE02500105170137075030 ING-DIBA INGDDEFF]]>
              </value>
            </param>
            <param index="18">
              <value>
                <![CDATA[Dikmen]]>
              </value>
            </param>
            <param index="19">
              <value>
                <![CDATA[Herr]]>
              </value>
            </param>
            <param index="20">
              <value>
                <![CDATA[Bahadir]]>
              </value>
            </param>
            <param index="21">
              <value>
                <![CDATA[0049/611/97381/63]]>
              </value>
            </param>
            <param index="22">
              <value>
                <![CDATA[Entfallen]]>
              </value>
            </param>
            <param index="23">
              <value>
                <![CDATA[Dr.]]>
              </value>
            </param>
            <param index="24">
              <value>
                <![CDATA[Dikmen]]>
              </value>
            </param>
            <param index="25">
              <value>
                <![CDATA[BHDR-GG-DGSVO@forsa-gmbh.de]]>
              </value>
            </param>
            <param index="26">
              <value>
                <![CDATA[Dieses Feld ist prefilled und ist nicht editierbar]]>
              </value>
            </param>
            <param index="27">
              <value>
                <![CDATA[01.01.1990]]>
              </value>
            </param>
          </params>
          <reporter-output>
          </reporter-output>
        </test-method> <!-- TZPLoginGGTest -->
        <test-method signature="TZPLoginGGTest(java.lang.String, java.lang.String, java.lang.String, java.lang.String, java.lang.String, java.lang.String, java.lang.String, java.lang.String, java.lang.String, java.lang.String, java.lang.String, java.lang.String, java.lang.String, java.lang.String, java.lang.String, java.lang.String, java.lang.String, java.lang.String, java.lang.String, java.lang.String, java.lang.String, java.lang.String, java.lang.String, java.lang.String, java.lang.String, java.lang.String, java.lang.String, java.lang.String)[pri:0, instance:TopZinsPortal.TZPLoginGG@2f9f7dcf]" started-at="2021-01-15T13:52:01 CET" name="TZPLoginGGTest" data-provider="TZPStammGG" finished-at="2021-01-15T13:52:12 CET" duration-ms="11420" status="PASS">
          <params>
            <param index="0">
              <value>
                <![CDATA[TZStammGG-TF-002]]>
              </value>
            </param>
            <param index="1">
              <value>
                <![CDATA[Ja]]>
              </value>
            </param>
            <param index="2">
              <value>
                <![CDATA[BHDR-GG-DatenKomplett@forsa-gmbh.de]]>
              </value>
            </param>
            <param index="3">
              <value>
                <![CDATA[Test12345!]]>
              </value>
            </param>
            <param index="4">
              <value>
                <![CDATA[BHDR-GG-DatenKomplett]]>
              </value>
            </param>
            <param index="5">
              <value>
                <![CDATA[Gewerkschaften]]>
              </value>
            </param>
            <param index="6">
              <value>
                <![CDATA[851WYGNLUQLFZBSYGB56]]>
              </value>
            </param>
            <param index="7">
              <value>
                <![CDATA[Deutschland]]>
              </value>
            </param>
            <param index="8">
              <value>
                <![CDATA[www.online.de]]>
              </value>
            </param>
            <param index="9">
              <value>
                <![CDATA[BHDR-GG-DatenKomplett@forsa-gmbh.de]]>
              </value>
            </param>
            <param index="10">
              <value>
                <![CDATA[Hackenbaum]]>
              </value>
            </param>
            <param index="11">
              <value>
                <![CDATA[2A]]>
              </value>
            </param>
            <param index="12">
              <value>
                <![CDATA[65207]]>
              </value>
            </param>
            <param index="13">
              <value>
                <![CDATA[Wiesbaden]]>
              </value>
            </param>
            <param index="14">
              <value>
                <![CDATA[Adresszusatz]]>
              </value>
            </param>
            <param index="15">
              <value>
                <![CDATA[Ing Diba]]>
              </value>
            </param>
            <param index="16">
              <value>
                <![CDATA[INGDDEFFXXX]]>
              </value>
            </param>
            <param index="17">
              <value>
                <![CDATA[DE02500105170137075030 ING-DIBA INGDDEFF]]>
              </value>
            </param>
            <param index="18">
              <value>
                <![CDATA[Dikmen]]>
              </value>
            </param>
            <param index="19">
              <value>
                <![CDATA[Herr]]>
              </value>
            </param>
            <param index="20">
              <value>
                <![CDATA[Bahadir]]>
              </value>
            </param>
            <param index="21">
              <value>
                <![CDATA[0049-611-97381-63]]>
              </value>
            </param>
            <param index="22">
              <value>
                <![CDATA[Entfallen]]>
              </value>
            </param>
            <param index="23">
              <value>
                <![CDATA[Dr.]]>
              </value>
            </param>
            <param index="24">
              <value>
                <![CDATA[Dikmen]]>
              </value>
            </param>
            <param index="25">
              <value>
                <![CDATA[BHDR-GG-DatenKomplett@forsa-gmbh.de]]>
              </value>
            </param>
            <param index="26">
              <value>
                <![CDATA[Dieses Feld ist prefilled und ist nicht editierbar]]>
              </value>
            </param>
            <param index="27">
              <value>
                <![CDATA[23.08.1968]]>
              </value>
            </param>
          </params>
          <reporter-output>
          </reporter-output>
        </test-method> <!-- TZPLoginGGTest -->
        <test-method signature="TZPLoginGGTest(java.lang.String, java.lang.String, java.lang.String, java.lang.String, java.lang.String, java.lang.String, java.lang.String, java.lang.String, java.lang.String, java.lang.String, java.lang.String, java.lang.String, java.lang.String, java.lang.String, java.lang.String, java.lang.String, java.lang.String, java.lang.String, java.lang.String, java.lang.String, java.lang.String, java.lang.String, java.lang.String, java.lang.String, java.lang.String, java.lang.String, java.lang.String, java.lang.String)[pri:0, instance:TopZinsPortal.TZPLoginGG@2f9f7dcf]" started-at="2021-01-15T13:52:12 CET" name="TZPLoginGGTest" data-provider="TZPStammGG" finished-at="2021-01-15T13:52:23 CET" duration-ms="10730" status="PASS">
          <params>
            <param index="0">
              <value>
                <![CDATA[TZStammGG-TF-003]]>
              </value>
            </param>
            <param index="1">
              <value>
                <![CDATA[Ja]]>
              </value>
            </param>
            <param index="2">
              <value>
                <![CDATA[BHDR-GG-Handel@forsa-gmbh.de]]>
              </value>
            </param>
            <param index="3">
              <value>
                <![CDATA[Test12345!]]>
              </value>
            </param>
            <param index="4">
              <value>
                <![CDATA[BHDR-GG-Handel]]>
              </value>
            </param>
            <param index="5">
              <value>
                <![CDATA[Versicherungsunternehmen]]>
              </value>
            </param>
            <param index="6">
              <value>
                <![CDATA[851WYGNLUQLFZBSYGB56]]>
              </value>
            </param>
            <param index="7">
              <value>
                <![CDATA[Deutschland]]>
              </value>
            </param>
            <param index="8">
              <value>
                <![CDATA[www.forsa.de]]>
              </value>
            </param>
            <param index="9">
              <value>
                <![CDATA[BHDR-GG-Handel@forsa-gmbh.de]]>
              </value>
            </param>
            <param index="10">
              <value>
                <![CDATA[Hackenbaum]]>
              </value>
            </param>
            <param index="11">
              <value>
                <![CDATA[3 - 4]]>
              </value>
            </param>
            <param index="12">
              <value>
                <![CDATA[65207]]>
              </value>
            </param>
            <param index="13">
              <value>
                <![CDATA[Wiesbaden]]>
              </value>
            </param>
            <param index="14">
              <value>
                <![CDATA[Adresszusatz]]>
              </value>
            </param>
            <param index="15">
              <value>
                <![CDATA[Ing Diba]]>
              </value>
            </param>
            <param index="16">
              <value>
                <![CDATA[INGDDEFFXXX]]>
              </value>
            </param>
            <param index="17">
              <value>
                <![CDATA[DE02500105170137075030 ING-DIBA INGDDEFF]]>
              </value>
            </param>
            <param index="18">
              <value>
                <![CDATA[Dikmen]]>
              </value>
            </param>
            <param index="19">
              <value>
                <![CDATA[Herr]]>
              </value>
            </param>
            <param index="20">
              <value>
                <![CDATA[Bahadir]]>
              </value>
            </param>
            <param index="21">
              <value>
                <![CDATA[00496119738163]]>
              </value>
            </param>
            <param index="22">
              <value>
                <![CDATA[Entfallen]]>
              </value>
            </param>
            <param index="23">
              <value>
                <![CDATA[Dr.]]>
              </value>
            </param>
            <param index="24">
              <value>
                <![CDATA[Dikmen]]>
              </value>
            </param>
            <param index="25">
              <value>
                <![CDATA[BHDR-GG-Handel@forsa-gmbh.de]]>
              </value>
            </param>
            <param index="26">
              <value>
                <![CDATA[Dieses Feld ist prefilled und ist nicht editierbar]]>
              </value>
            </param>
            <param index="27">
              <value>
                <![CDATA[23.08.1968]]>
              </value>
            </param>
          </params>
          <reporter-output>
          </reporter-output>
        </test-method> <!-- TZPLoginGGTest -->
        <test-method signature="TZPLoginGGTest(java.lang.String, java.lang.String, java.lang.String, java.lang.String, java.lang.String, java.lang.String, java.lang.String, java.lang.String, java.lang.String, java.lang.String, java.lang.String, java.lang.String, java.lang.String, java.lang.String, java.lang.String, java.lang.String, java.lang.String, java.lang.String, java.lang.String, java.lang.String, java.lang.String, java.lang.String, java.lang.String, java.lang.String, java.lang.String, java.lang.String, java.lang.String, java.lang.String)[pri:0, instance:TopZinsPortal.TZPLoginGG@2f9f7dcf]" started-at="2021-01-15T13:52:23 CET" name="TZPLoginGGTest" data-provider="TZPStammGG" finished-at="2021-01-15T13:52:23 CET" duration-ms="2" status="PASS">
          <params>
            <param index="0">
              <value>
                <![CDATA[TZStammGG-TF-004]]>
              </value>
            </param>
            <param index="1">
              <value>
                <![CDATA[Nein]]>
              </value>
            </param>
            <param index="2">
              <value>
                <![CDATA[Burk-GG-DatenKomplett@forsa-gmbh.de]]>
              </value>
            </param>
            <param index="3">
              <value>
                <![CDATA[Test12345!]]>
              </value>
            </param>
            <param index="4">
              <value>
                <![CDATA[Burk-GG-DatenKomplett]]>
              </value>
            </param>
            <param index="5">
              <value>
                <![CDATA[Gewerkschaften]]>
              </value>
            </param>
            <param index="6">
              <value>
                <![CDATA[851WYGNLUQLFZBSYGB56]]>
              </value>
            </param>
            <param index="7">
              <value>
                <![CDATA[Deutschland]]>
              </value>
            </param>
            <param index="8">
              <value>
                <![CDATA[www.forsa.de]]>
              </value>
            </param>
            <param index="9">
              <value>
                <![CDATA[Burk-GG-DatenKomplett@forsa-gmbh.de]]>
              </value>
            </param>
            <param index="10">
              <value>
                <![CDATA[Test-Straße]]>
              </value>
            </param>
            <param index="11">
              <value>
                <![CDATA[2A]]>
              </value>
            </param>
            <param index="12">
              <value>
                <![CDATA[65207]]>
              </value>
            </param>
            <param index="13">
              <value>
                <![CDATA[Wiesbaden]]>
              </value>
            </param>
            <param index="14">
              <value>
                <![CDATA[Adresszusatz]]>
              </value>
            </param>
            <param index="15">
              <value>
                <![CDATA[Ing Diba]]>
              </value>
            </param>
            <param index="16">
              <value>
                <![CDATA[INGDDEFFXXX]]>
              </value>
            </param>
            <param index="17">
              <value>
                <![CDATA[DE02500105170137075030 ING-DIBA INGDDEFF]]>
              </value>
            </param>
            <param index="18">
              <value>
                <![CDATA[Sturm]]>
              </value>
            </param>
            <param index="19">
              <value>
                <![CDATA[Herr]]>
              </value>
            </param>
            <param index="20">
              <value>
                <![CDATA[Burkhard]]>
              </value>
            </param>
            <param index="21">
              <value>
                <![CDATA[0049-611-97381-63]]>
              </value>
            </param>
            <param index="22">
              <value>
                <![CDATA[Entfallen]]>
              </value>
            </param>
            <param index="23">
              <value>
                <![CDATA[Dr.]]>
              </value>
            </param>
            <param index="24">
              <value>
                <![CDATA[Dikmen]]>
              </value>
            </param>
            <param index="25">
              <value>
                <![CDATA[Burk-GG-DatenKomplett@forsa-gmbh.de]]>
              </value>
            </param>
            <param index="26">
              <value>
                <![CDATA[Dieses Feld ist prefilled und ist nicht editierbar]]>
              </value>
            </param>
            <param index="27">
              <value>
                <![CDATA[01.01.1990]]>
              </value>
            </param>
          </params>
          <reporter-output>
          </reporter-output>
        </test-method> <!-- TZPLoginGGTest -->
        <test-method signature="TZPLoginGGTest(java.lang.String, java.lang.String, java.lang.String, java.lang.String, java.lang.String, java.lang.String, java.lang.String, java.lang.String, java.lang.String, java.lang.String, java.lang.String, java.lang.String, java.lang.String, java.lang.String, java.lang.String, java.lang.String, java.lang.String, java.lang.String, java.lang.String, java.lang.String, java.lang.String, java.lang.String, java.lang.String, java.lang.String, java.lang.String, java.lang.String, java.lang.String, java.lang.String)[pri:0, instance:TopZinsPortal.TZPLoginGG@2f9f7dcf]" started-at="2021-01-15T13:52:23 CET" name="TZPLoginGGTest" data-provider="TZPStammGG" finished-at="2021-01-15T13:52:23 CET" duration-ms="1" status="PASS">
          <params>
            <param index="0">
              <value>
                <![CDATA[TZStammGG-TF-005]]>
              </value>
            </param>
            <param index="1">
              <value>
                <![CDATA[Nein]]>
              </value>
            </param>
            <param index="2">
              <value>
                <![CDATA[Burk-GG-Handel@forsa-gmbh.de]]>
              </value>
            </param>
            <param index="3">
              <value>
                <![CDATA[Test12345!]]>
              </value>
            </param>
            <param index="4">
              <value>
                <![CDATA[Burk-GG-Handel]]>
              </value>
            </param>
            <param index="5">
              <value>
                <![CDATA[Versicherungsunternehmen]]>
              </value>
            </param>
            <param index="6">
              <value>
                <![CDATA[851WYGNLUQLFZBSYGB56]]>
              </value>
            </param>
            <param index="7">
              <value>
                <![CDATA[Deutschland]]>
              </value>
            </param>
            <param index="8">
              <value>
                <![CDATA[www.forsa.de]]>
              </value>
            </param>
            <param index="9">
              <value>
                <![CDATA[Burk-GG-Handel@forsa-gmbh.de]]>
              </value>
            </param>
            <param index="10">
              <value>
                <![CDATA[Test-Straße]]>
              </value>
            </param>
            <param index="11">
              <value>
                <![CDATA[3 - 4]]>
              </value>
            </param>
            <param index="12">
              <value>
                <![CDATA[65207]]>
              </value>
            </param>
            <param index="13">
              <value>
                <![CDATA[Wiesbaden]]>
              </value>
            </param>
            <param index="14">
              <value>
                <![CDATA[Adresszusatz]]>
              </value>
            </param>
            <param index="15">
              <value>
                <![CDATA[Ing Diba]]>
              </value>
            </param>
            <param index="16">
              <value>
                <![CDATA[INGDDEFFXXX]]>
              </value>
            </param>
            <param index="17">
              <value>
                <![CDATA[DE02500105170137075030 ING-DIBA INGDDEFF]]>
              </value>
            </param>
            <param index="18">
              <value>
                <![CDATA[Sturm ]]>
              </value>
            </param>
            <param index="19">
              <value>
                <![CDATA[Herr]]>
              </value>
            </param>
            <param index="20">
              <value>
                <![CDATA[Burkhard]]>
              </value>
            </param>
            <param index="21">
              <value>
                <![CDATA[00496119738163]]>
              </value>
            </param>
            <param index="22">
              <value>
                <![CDATA[Entfallen]]>
              </value>
            </param>
            <param index="23">
              <value>
                <![CDATA[Dr.]]>
              </value>
            </param>
            <param index="24">
              <value>
                <![CDATA[Dikmen]]>
              </value>
            </param>
            <param index="25">
              <value>
                <![CDATA[Burk-GG-Handel@forsa-gmbh.de]]>
              </value>
            </param>
            <param index="26">
              <value>
                <![CDATA[Dieses Feld ist prefilled und ist nicht editierbar]]>
              </value>
            </param>
            <param index="27">
              <value>
                <![CDATA[01.01.1990]]>
              </value>
            </param>
          </params>
          <reporter-output>
          </reporter-output>
        </test-method> <!-- TZPLoginGGTest -->
        <test-method is-config="true" signature="BrowserTearDown()[pri:0, instance:TopZinsPortal.TZPLoginGG@2f9f7dcf]" started-at="2021-01-15T13:52:23 CET" name="BrowserTearDown" finished-at="2021-01-15T13:52:27 CET" duration-ms="4368" status="PASS">
          <reporter-output>
          </reporter-output>
        </test-method> <!-- BrowserTearDown -->
      </class> <!-- TopZinsPortal.TZPLoginGG -->
    </test> <!-- TZP-Login-GG -->
    <test started-at="2021-01-15T13:52:27 CET" name="TZP-Stammdaten-GG" finished-at="2021-01-15T13:54:36 CET" duration-ms="128846">
      <class name="TopZinsPortal.TZPStammGG">
        <test-method is-config="true" signature="SetupSeleniumTestdaten(java.lang.String)[pri:0, instance:TopZinsPortal.TZPStammGG@42a48628]" started-at="2021-01-15T13:52:27 CET" name="SetupSeleniumTestdaten" finished-at="2021-01-15T13:52:31 CET" duration-ms="3492" status="PASS">
          <params>
            <param index="0">
              <value>
                <![CDATA[Smoketest]]>
              </value>
            </param>
          </params>
          <reporter-output>
          </reporter-output>
        </test-method> <!-- SetupSeleniumTestdaten -->
        <test-method signature="TZPStammGGTest(java.lang.String, java.lang.String, java.lang.String, java.lang.String, java.lang.String, java.lang.String, java.lang.String, java.lang.String, java.lang.String, java.lang.String, java.lang.String, java.lang.String, java.lang.String, java.lang.String, java.lang.String, java.lang.String, java.lang.String, java.lang.String, java.lang.String, java.lang.String, java.lang.String, java.lang.String, java.lang.String, java.lang.String, java.lang.String, java.lang.String, java.lang.String, java.lang.String)[pri:0, instance:TopZinsPortal.TZPStammGG@42a48628]" started-at="2021-01-15T13:52:31 CET" name="TZPStammGGTest" data-provider="TZPStammGG" finished-at="2021-01-15T13:52:31 CET" duration-ms="1" status="PASS">
          <params>
            <param index="0">
              <value>
                <![CDATA[TZStammGG-TF-001]]>
              </value>
            </param>
            <param index="1">
              <value>
                <![CDATA[Nein]]>
              </value>
            </param>
            <param index="2">
              <value>
                <![CDATA[BHDR-GG-DGSVO@forsa-gmbh.de]]>
              </value>
            </param>
            <param index="3">
              <value>
                <![CDATA[Test12345!]]>
              </value>
            </param>
            <param index="4">
              <value>
                <![CDATA[BHDR-GG-DGSVO]]>
              </value>
            </param>
            <param index="5">
              <value>
                <![CDATA[Kommunale Stiftungen]]>
              </value>
            </param>
            <param index="6">
              <value>
                <![CDATA[851WYGNLUQLFZBSYGB56]]>
              </value>
            </param>
            <param index="7">
              <value>
                <![CDATA[Deutschland]]>
              </value>
            </param>
            <param index="8">
              <value>
                <![CDATA[www.google.de]]>
              </value>
            </param>
            <param index="9">
              <value>
                <![CDATA[BHDR-GG-DGSVO@forsa-gmbh.de]]>
              </value>
            </param>
            <param index="10">
              <value>
                <![CDATA[Hackenbaum]]>
              </value>
            </param>
            <param index="11">
              <value>
                <![CDATA[Nov-13]]>
              </value>
            </param>
            <param index="12">
              <value>
                <![CDATA[65207]]>
              </value>
            </param>
            <param index="13">
              <value>
                <![CDATA[Wiesbaden]]>
              </value>
            </param>
            <param index="14">
              <value>
                <![CDATA[Adresszusatz]]>
              </value>
            </param>
            <param index="15">
              <value>
                <![CDATA[Ing Diba]]>
              </value>
            </param>
            <param index="16">
              <value>
                <![CDATA[INGDDEFFXXX]]>
              </value>
            </param>
            <param index="17">
              <value>
                <![CDATA[DE02500105170137075030 ING-DIBA INGDDEFF]]>
              </value>
            </param>
            <param index="18">
              <value>
                <![CDATA[Dikmen]]>
              </value>
            </param>
            <param index="19">
              <value>
                <![CDATA[Herr]]>
              </value>
            </param>
            <param index="20">
              <value>
                <![CDATA[Bahadir]]>
              </value>
            </param>
            <param index="21">
              <value>
                <![CDATA[0049/611/97381/63]]>
              </value>
            </param>
            <param index="22">
              <value>
                <![CDATA[Entfallen]]>
              </value>
            </param>
            <param index="23">
              <value>
                <![CDATA[Dr.]]>
              </value>
            </param>
            <param index="24">
              <value>
                <![CDATA[Dikmen]]>
              </value>
            </param>
            <param index="25">
              <value>
                <![CDATA[BHDR-GG-DGSVO@forsa-gmbh.de]]>
              </value>
            </param>
            <param index="26">
              <value>
                <![CDATA[Dieses Feld ist prefilled und ist nicht editierbar]]>
              </value>
            </param>
            <param index="27">
              <value>
                <![CDATA[01.01.1990]]>
              </value>
            </param>
          </params>
          <reporter-output>
          </reporter-output>
        </test-method> <!-- TZPStammGGTest -->
        <test-method signature="TZPStammGGTest(java.lang.String, java.lang.String, java.lang.String, java.lang.String, java.lang.String, java.lang.String, java.lang.String, java.lang.String, java.lang.String, java.lang.String, java.lang.String, java.lang.String, java.lang.String, java.lang.String, java.lang.String, java.lang.String, java.lang.String, java.lang.String, java.lang.String, java.lang.String, java.lang.String, java.lang.String, java.lang.String, java.lang.String, java.lang.String, java.lang.String, java.lang.String, java.lang.String)[pri:0, instance:TopZinsPortal.TZPStammGG@42a48628]" started-at="2021-01-15T13:52:31 CET" name="TZPStammGGTest" data-provider="TZPStammGG" finished-at="2021-01-15T13:53:32 CET" duration-ms="61428" status="PASS">
          <params>
            <param index="0">
              <value>
                <![CDATA[TZStammGG-TF-002]]>
              </value>
            </param>
            <param index="1">
              <value>
                <![CDATA[Ja]]>
              </value>
            </param>
            <param index="2">
              <value>
                <![CDATA[BHDR-GG-DatenKomplett@forsa-gmbh.de]]>
              </value>
            </param>
            <param index="3">
              <value>
                <![CDATA[Test12345!]]>
              </value>
            </param>
            <param index="4">
              <value>
                <![CDATA[BHDR-GG-DatenKomplett]]>
              </value>
            </param>
            <param index="5">
              <value>
                <![CDATA[Gewerkschaften]]>
              </value>
            </param>
            <param index="6">
              <value>
                <![CDATA[851WYGNLUQLFZBSYGB56]]>
              </value>
            </param>
            <param index="7">
              <value>
                <![CDATA[Deutschland]]>
              </value>
            </param>
            <param index="8">
              <value>
                <![CDATA[www.online.de]]>
              </value>
            </param>
            <param index="9">
              <value>
                <![CDATA[BHDR-GG-DatenKomplett@forsa-gmbh.de]]>
              </value>
            </param>
            <param index="10">
              <value>
                <![CDATA[Hackenbaum]]>
              </value>
            </param>
            <param index="11">
              <value>
                <![CDATA[2A]]>
              </value>
            </param>
            <param index="12">
              <value>
                <![CDATA[65207]]>
              </value>
            </param>
            <param index="13">
              <value>
                <![CDATA[Wiesbaden]]>
              </value>
            </param>
            <param index="14">
              <value>
                <![CDATA[Adresszusatz]]>
              </value>
            </param>
            <param index="15">
              <value>
                <![CDATA[Ing Diba]]>
              </value>
            </param>
            <param index="16">
              <value>
                <![CDATA[INGDDEFFXXX]]>
              </value>
            </param>
            <param index="17">
              <value>
                <![CDATA[DE02500105170137075030 ING-DIBA INGDDEFF]]>
              </value>
            </param>
            <param index="18">
              <value>
                <![CDATA[Dikmen]]>
              </value>
            </param>
            <param index="19">
              <value>
                <![CDATA[Herr]]>
              </value>
            </param>
            <param index="20">
              <value>
                <![CDATA[Bahadir]]>
              </value>
            </param>
            <param index="21">
              <value>
                <![CDATA[0049-611-97381-63]]>
              </value>
            </param>
            <param index="22">
              <value>
                <![CDATA[Entfallen]]>
              </value>
            </param>
            <param index="23">
              <value>
                <![CDATA[Dr.]]>
              </value>
            </param>
            <param index="24">
              <value>
                <![CDATA[Dikmen]]>
              </value>
            </param>
            <param index="25">
              <value>
                <![CDATA[BHDR-GG-DatenKomplett@forsa-gmbh.de]]>
              </value>
            </param>
            <param index="26">
              <value>
                <![CDATA[Dieses Feld ist prefilled und ist nicht editierbar]]>
              </value>
            </param>
            <param index="27">
              <value>
                <![CDATA[23.08.1968]]>
              </value>
            </param>
          </params>
          <reporter-output>
          </reporter-output>
        </test-method> <!-- TZPStammGGTest -->
        <test-method signature="TZPStammGGTest(java.lang.String, java.lang.String, java.lang.String, java.lang.String, java.lang.String, java.lang.String, java.lang.String, java.lang.String, java.lang.String, java.lang.String, java.lang.String, java.lang.String, java.lang.String, java.lang.String, java.lang.String, java.lang.String, java.lang.String, java.lang.String, java.lang.String, java.lang.String, java.lang.String, java.lang.String, java.lang.String, java.lang.String, java.lang.String, java.lang.String, java.lang.String, java.lang.String)[pri:0, instance:TopZinsPortal.TZPStammGG@42a48628]" started-at="2021-01-15T13:53:32 CET" name="TZPStammGGTest" data-provider="TZPStammGG" finished-at="2021-01-15T13:54:32 CET" duration-ms="59209" status="PASS">
          <params>
            <param index="0">
              <value>
                <![CDATA[TZStammGG-TF-003]]>
              </value>
            </param>
            <param index="1">
              <value>
                <![CDATA[Ja]]>
              </value>
            </param>
            <param index="2">
              <value>
                <![CDATA[BHDR-GG-Handel@forsa-gmbh.de]]>
              </value>
            </param>
            <param index="3">
              <value>
                <![CDATA[Test12345!]]>
              </value>
            </param>
            <param index="4">
              <value>
                <![CDATA[BHDR-GG-Handel]]>
              </value>
            </param>
            <param index="5">
              <value>
                <![CDATA[Versicherungsunternehmen]]>
              </value>
            </param>
            <param index="6">
              <value>
                <![CDATA[851WYGNLUQLFZBSYGB56]]>
              </value>
            </param>
            <param index="7">
              <value>
                <![CDATA[Deutschland]]>
              </value>
            </param>
            <param index="8">
              <value>
                <![CDATA[www.forsa.de]]>
              </value>
            </param>
            <param index="9">
              <value>
                <![CDATA[BHDR-GG-Handel@forsa-gmbh.de]]>
              </value>
            </param>
            <param index="10">
              <value>
                <![CDATA[Hackenbaum]]>
              </value>
            </param>
            <param index="11">
              <value>
                <![CDATA[3 - 4]]>
              </value>
            </param>
            <param index="12">
              <value>
                <![CDATA[65207]]>
              </value>
            </param>
            <param index="13">
              <value>
                <![CDATA[Wiesbaden]]>
              </value>
            </param>
            <param index="14">
              <value>
                <![CDATA[Adresszusatz]]>
              </value>
            </param>
            <param index="15">
              <value>
                <![CDATA[Ing Diba]]>
              </value>
            </param>
            <param index="16">
              <value>
                <![CDATA[INGDDEFFXXX]]>
              </value>
            </param>
            <param index="17">
              <value>
                <![CDATA[DE02500105170137075030 ING-DIBA INGDDEFF]]>
              </value>
            </param>
            <param index="18">
              <value>
                <![CDATA[Dikmen]]>
              </value>
            </param>
            <param index="19">
              <value>
                <![CDATA[Herr]]>
              </value>
            </param>
            <param index="20">
              <value>
                <![CDATA[Bahadir]]>
              </value>
            </param>
            <param index="21">
              <value>
                <![CDATA[00496119738163]]>
              </value>
            </param>
            <param index="22">
              <value>
                <![CDATA[Entfallen]]>
              </value>
            </param>
            <param index="23">
              <value>
                <![CDATA[Dr.]]>
              </value>
            </param>
            <param index="24">
              <value>
                <![CDATA[Dikmen]]>
              </value>
            </param>
            <param index="25">
              <value>
                <![CDATA[BHDR-GG-Handel@forsa-gmbh.de]]>
              </value>
            </param>
            <param index="26">
              <value>
                <![CDATA[Dieses Feld ist prefilled und ist nicht editierbar]]>
[...]
              <value>
                <![CDATA[BHDR-GG-Deaktiv]]>
              </value>
            </param>
            <param index="7">
              <value>
                <![CDATA[INAKTIV]]>
              </value>
            </param>
          </params>
          <reporter-output>
          </reporter-output>
        </test-method> <!-- TZPAdminUserLoeschenTest -->
        <test-method signature="TZPAdminUserLoeschenTest(java.lang.String, java.lang.String, java.lang.String, java.lang.String, java.lang.String, java.lang.String, java.lang.String, java.lang.String)[pri:0, instance:TopZinsPortal.TZPAdminUserLoeschen@34a3d150]" started-at="2021-01-15T13:55:46 CET" name="TZPAdminUserLoeschenTest" data-provider="TZPAdminLoeschen" finished-at="2021-01-15T13:55:59 CET" duration-ms="13440" status="PASS">
          <params>
            <param index="0">
              <value>
                <![CDATA[TZPAdminLoeschen-TF-003]]>
              </value>
            </param>
            <param index="1">
              <value>
                <![CDATA[Ja]]>
              </value>
            </param>
            <param index="2">
              <value>
                <![CDATA[Admintest@forsa-gmbh.de]]>
              </value>
            </param>
            <param index="3">
              <value>
                <![CDATA[Test12345!]]>
              </value>
            </param>
            <param index="4">
              <value>
                <![CDATA[INAKTIV]]>
              </value>
            </param>
            <param index="5">
              <value>
                <![CDATA[100]]>
              </value>
            </param>
            <param index="6">
              <value>
                <![CDATA[BHDR-GG-Loeschen]]>
              </value>
            </param>
            <param index="7">
              <value>
                <![CDATA[INAKTIV]]>
              </value>
            </param>
          </params>
          <reporter-output>
          </reporter-output>
        </test-method> <!-- TZPAdminUserLoeschenTest -->
        <test-method signature="TZPAdminUserLoeschenTest(java.lang.String, java.lang.String, java.lang.String, java.lang.String, java.lang.String, java.lang.String, java.lang.String, java.lang.String)[pri:0, instance:TopZinsPortal.TZPAdminUserLoeschen@34a3d150]" started-at="2021-01-15T13:55:59 CET" name="TZPAdminUserLoeschenTest" data-provider="TZPAdminLoeschen" finished-at="2021-01-15T13:55:59 CET" duration-ms="0" status="PASS">
          <params>
            <param index="0">
              <value>
                <![CDATA[TZPAdminLoeschen-TF-004]]>
              </value>
            </param>
            <param index="1">
              <value>
                <![CDATA[Nein]]>
              </value>
            </param>
            <param index="2">
              <value>
                <![CDATA[Admintest@forsa-gmbh.de]]>
              </value>
            </param>
            <param index="3">
              <value>
                <![CDATA[Test12345!]]>
              </value>
            </param>
            <param index="4">
              <value>
                <![CDATA[INAKTIV]]>
              </value>
            </param>
            <param index="5">
              <value>
                <![CDATA[100]]>
              </value>
            </param>
            <param index="6">
              <value>
                <![CDATA[BHDR-GN-Loeschen]]>
              </value>
            </param>
            <param index="7">
              <value>
                <![CDATA[INAKTIV]]>
              </value>
            </param>
          </params>
          <reporter-output>
          </reporter-output>
        </test-method> <!-- TZPAdminUserLoeschenTest -->
        <test-method signature="TZPAdminUserLoeschenTest(java.lang.String, java.lang.String, java.lang.String, java.lang.String, java.lang.String, java.lang.String, java.lang.String, java.lang.String)[pri:0, instance:TopZinsPortal.TZPAdminUserLoeschen@34a3d150]" started-at="2021-01-15T13:55:59 CET" name="TZPAdminUserLoeschenTest" data-provider="TZPAdminLoeschen" finished-at="2021-01-15T13:55:59 CET" duration-ms="0" status="PASS">
          <params>
            <param index="0">
              <value>
                <![CDATA[TZPAdminLoeschen-TF-005]]>
              </value>
            </param>
            <param index="1">
              <value>
                <![CDATA[Nein]]>
              </value>
            </param>
            <param index="2">
              <value>
                <![CDATA[topzins@forsa-gmbh.de]]>
              </value>
            </param>
            <param index="3">
              <value>
                <![CDATA[phaiweighui%Joteghe6]]>
              </value>
            </param>
            <param index="4">
              <value>
                <![CDATA[OHNE HANDELSBERECHTIGUNG]]>
              </value>
            </param>
            <param index="5">
              <value>
                <![CDATA[100]]>
              </value>
            </param>
            <param index="6">
              <value>
                <![CDATA[BHDR-GG-DGSVO]]>
              </value>
            </param>
            <param index="7">
              <value>
                <![CDATA[INAKTIV]]>
              </value>
            </param>
          </params>
          <reporter-output>
          </reporter-output>
        </test-method> <!-- TZPAdminUserLoeschenTest -->
        <test-method signature="TZPAdminUserLoeschenTest(java.lang.String, java.lang.String, java.lang.String, java.lang.String, java.lang.String, java.lang.String, java.lang.String, java.lang.String)[pri:0, instance:TopZinsPortal.TZPAdminUserLoeschen@34a3d150]" started-at="2021-01-15T13:55:59 CET" name="TZPAdminUserLoeschenTest" data-provider="TZPAdminLoeschen" finished-at="2021-01-15T13:55:59 CET" duration-ms="0" status="PASS">
          <params>
            <param index="0">
              <value>
                <![CDATA[TZPAdminLoeschen-TF-006]]>
              </value>
            </param>
            <param index="1">
              <value>
                <![CDATA[Nein]]>
              </value>
            </param>
            <param index="2">
              <value>
                <![CDATA[topzins@forsa-gmbh.de]]>
              </value>
            </param>
            <param index="3">
              <value>
                <![CDATA[phaiweighui%Joteghe6]]>
              </value>
            </param>
            <param index="4">
              <value>
                <![CDATA[BEREIT FÜR HANDELSBERECHTIGUNG]]>
              </value>
            </param>
            <param index="5">
              <value>
                <![CDATA[100]]>
              </value>
            </param>
            <param index="6">
              <value>
                <![CDATA[BHDR-GG-DatenKomplett]]>
              </value>
            </param>
            <param index="7">
              <value>
                <![CDATA[INAKTIV]]>
              </value>
            </param>
          </params>
          <reporter-output>
          </reporter-output>
        </test-method> <!-- TZPAdminUserLoeschenTest -->
        <test-method signature="TZPAdminUserLoeschenTest(java.lang.String, java.lang.String, java.lang.String, java.lang.String, java.lang.String, java.lang.String, java.lang.String, java.lang.String)[pri:0, instance:TopZinsPortal.TZPAdminUserLoeschen@34a3d150]" started-at="2021-01-15T13:55:59 CET" name="TZPAdminUserLoeschenTest" data-provider="TZPAdminLoeschen" finished-at="2021-01-15T13:55:59 CET" duration-ms="0" status="PASS">
          <params>
            <param index="0">
              <value>
                <![CDATA[TZPAdminLoeschen-TF-008]]>
              </value>
            </param>
            <param index="1">
              <value>
                <![CDATA[Nein]]>
              </value>
            </param>
            <param index="2">
              <value>
                <![CDATA[Admintest@forsa-gmbh.de]]>
              </value>
            </param>
            <param index="3">
              <value>
                <![CDATA[Test12345!]]>
              </value>
            </param>
            <param index="4">
              <value>
                <![CDATA[INAKTIV]]>
              </value>
            </param>
            <param index="5">
              <value>
                <![CDATA[100]]>
              </value>
            </param>
            <param index="6">
              <value>
                <![CDATA[Burk-GG-Loeschen]]>
              </value>
            </param>
            <param index="7">
              <value>
                <![CDATA[INAKTIV]]>
              </value>
            </param>
          </params>
          <reporter-output>
          </reporter-output>
        </test-method> <!-- TZPAdminUserLoeschenTest -->
        <test-method signature="TZPAdminUserLoeschenTest(java.lang.String, java.lang.String, java.lang.String, java.lang.String, java.lang.String, java.lang.String, java.lang.String, java.lang.String)[pri:0, instance:TopZinsPortal.TZPAdminUserLoeschen@34a3d150]" started-at="2021-01-15T13:55:59 CET" name="TZPAdminUserLoeschenTest" data-provider="TZPAdminLoeschen" finished-at="2021-01-15T13:55:59 CET" duration-ms="0" status="PASS">
          <params>
            <param index="0">
              <value>
                <![CDATA[TZPAdminLoeschen-TF-007]]>
              </value>
            </param>
            <param index="1">
              <value>
                <![CDATA[Nein]]>
              </value>
            </param>
            <param index="2">
              <value>
                <![CDATA[topzins@forsa-gmbh.de]]>
              </value>
            </param>
            <param index="3">
              <value>
                <![CDATA[phaiweighui%Joteghe6]]>
              </value>
            </param>
            <param index="4">
              <value>
                <![CDATA[MIT HANDELSBERECHTIGUNG]]>
              </value>
            </param>
            <param index="5">
              <value>
                <![CDATA[100]]>
              </value>
            </param>
            <param index="6">
              <value>
                <![CDATA[BHDR-GG-Handel]]>
              </value>
            </param>
            <param index="7">
              <value>
                <![CDATA[INAKTIV]]>
              </value>
            </param>
          </params>
          <reporter-output>
          </reporter-output>
        </test-method> <!-- TZPAdminUserLoeschenTest -->
        <test-method signature="TZPAdminUserLoeschenTest(java.lang.String, java.lang.String, java.lang.String, java.lang.String, java.lang.String, java.lang.String, java.lang.String, java.lang.String)[pri:0, instance:TopZinsPortal.TZPAdminUserLoeschen@34a3d150]" started-at="2021-01-15T13:55:59 CET" name="TZPAdminUserLoeschenTest" data-provider="TZPAdminLoeschen" finished-at="2021-01-15T13:55:59 CET" duration-ms="0" status="PASS">
          <params>
            <param index="0">
              <value>
                <![CDATA[TZPAdminLoeschen-TF-009]]>
              </value>
            </param>
            <param index="1">
              <value>
                <![CDATA[Nein]]>
              </value>
            </param>
            <param index="2">
              <value>
                <![CDATA[Admintest@forsa-gmbh.de]]>
              </value>
            </param>
            <param index="3">
              <value>
                <![CDATA[Test12345!]]>
              </value>
            </param>
            <param index="4">
              <value>
                <![CDATA[INAKTIV]]>
              </value>
            </param>
            <param index="5">
              <value>
                <![CDATA[100]]>
              </value>
            </param>
            <param index="6">
              <value>
                <![CDATA[Burk-GN-Loeschen]]>
              </value>
            </param>
            <param index="7">
              <value>
                <![CDATA[INAKTIV]]>
              </value>
            </param>
          </params>
          <reporter-output>
          </reporter-output>
        </test-method> <!-- TZPAdminUserLoeschenTest -->
        <test-method signature="TZPAdminUserLoeschenTest(java.lang.String, java.lang.String, java.lang.String, java.lang.String, java.lang.String, java.lang.String, java.lang.String, java.lang.String)[pri:0, instance:TopZinsPortal.TZPAdminUserLoeschen@34a3d150]" started-at="2021-01-15T13:55:59 CET" name="TZPAdminUserLoeschenTest" data-provider="TZPAdminLoeschen" finished-at="2021-01-15T13:55:59 CET" duration-ms="1" status="PASS">
          <params>
            <param index="0">
              <value>
                <![CDATA[TZPAdminLoeschen-TF-010]]>
              </value>
            </param>
            <param index="1">
              <value>
                <![CDATA[Nein]]>
              </value>
            </param>
            <param index="2">
              <value>
                <![CDATA[topzins@forsa-gmbh.de]]>
              </value>
            </param>
            <param index="3">
              <value>
                <![CDATA[Test12345!]]>
              </value>
            </param>
            <param index="4">
              <value>
                <![CDATA[INAKTIV]]>
              </value>
            </param>
            <param index="5">
              <value>
                <![CDATA[100]]>
              </value>
            </param>
            <param index="6">
              <value>
                <![CDATA[BHDR-GG-Loeschen]]>
              </value>
            </param>
            <param index="7">
              <value>
                <![CDATA[INAKTIV]]>
              </value>
            </param>
          </params>
          <reporter-output>
          </reporter-output>
        </test-method> <!-- TZPAdminUserLoeschenTest -->
        <test-method signature="TZPAdminUserLoeschenTest(java.lang.String, java.lang.String, java.lang.String, java.lang.String, java.lang.String, java.lang.String, java.lang.String, java.lang.String)[pri:0, instance:TopZinsPortal.TZPAdminUserLoeschen@34a3d150]" started-at="2021-01-15T13:55:59 CET" name="TZPAdminUserLoeschenTest" data-provider="TZPAdminLoeschen" finished-at="2021-01-15T13:55:59 CET" duration-ms="1" status="PASS">
          <params>
            <param index="0">
              <value>
                <![CDATA[TZPAdminLoeschen-TF-011]]>
              </value>
            </param>
            <param index="1">
              <value>
                <![CDATA[Nein]]>
              </value>
            </param>
            <param index="2">
              <value>
                <![CDATA[topzins@forsa-gmbh.de]]>
              </value>
            </param>
            <param index="3">
              <value>
                <![CDATA[Test12345!]]>
              </value>
            </param>
            <param index="4">
              <value>
                <![CDATA[INAKTIV]]>
              </value>
            </param>
            <param index="5">
              <value>
                <![CDATA[100]]>
              </value>
            </param>
            <param index="6">
              <value>
                <![CDATA[BHDR-GN-Loeschen]]>
              </value>
            </param>
            <param index="7">
              <value>
                <![CDATA[INAKTIV]]>
              </value>
            </param>
          </params>
          <reporter-output>
          </reporter-output>
        </test-method> <!-- TZPAdminUserLoeschenTest -->
        <test-method signature="TZPAdminUserLoeschenTest(java.lang.String, java.lang.String, java.lang.String, java.lang.String, java.lang.String, java.lang.String, java.lang.String, java.lang.String)[pri:0, instance:TopZinsPortal.TZPAdminUserLoeschen@34a3d150]" started-at="2021-01-15T13:55:59 CET" name="TZPAdminUserLoeschenTest" data-provider="TZPAdminLoeschen" finished-at="2021-01-15T13:55:59 CET" duration-ms="0" status="PASS">
          <params>
            <param index="0">
              <value>
                <![CDATA[TZPAdminLoeschen-TF-012]]>
              </value>
            </param>
            <param index="1">
              <value>
                <![CDATA[Nein]]>
              </value>
            </param>
            <param index="2">
              <value>
                <![CDATA[topzins@forsa-gmbh.de]]>
              </value>
            </param>
            <param index="3">
              <value>
                <![CDATA[Test12345!]]>
              </value>
            </param>
            <param index="4">
              <value>
                <![CDATA[INAKTIV]]>
              </value>
            </param>
            <param index="5">
              <value>
                <![CDATA[100]]>
              </value>
            </param>
            <param index="6">
              <value>
                <![CDATA[Burk-GG-Loeschen]]>
              </value>
            </param>
            <param index="7">
              <value>
                <![CDATA[INAKTIV]]>
              </value>
            </param>
          </params>
          <reporter-output>
          </reporter-output>
        </test-method> <!-- TZPAdminUserLoeschenTest -->
        <test-method signature="TZPAdminUserLoeschenTest(java.lang.String, java.lang.String, java.lang.String, java.lang.String, java.lang.String, java.lang.String, java.lang.String, java.lang.String)[pri:0, instance:TopZinsPortal.TZPAdminUserLoeschen@34a3d150]" started-at="2021-01-15T13:55:59 CET" name="TZPAdminUserLoeschenTest" data-provider="TZPAdminLoeschen" finished-at="2021-01-15T13:55:59 CET" duration-ms="0" status="PASS">
          <params>
            <param index="0">
              <value>
                <![CDATA[TZPAdminLoeschen-TF-012]]>
              </value>
            </param>
            <param index="1">
              <value>
                <![CDATA[Nein]]>
              </value>
            </param>
            <param index="2">
              <value>
                <![CDATA[topzins@forsa-gmbh.de]]>
              </value>
            </param>
            <param index="3">
              <value>
                <![CDATA[Test12345!]]>
              </value>
            </param>
            <param index="4">
              <value>
                <![CDATA[INAKTIV]]>
              </value>
            </param>
            <param index="5">
              <value>
                <![CDATA[100]]>
              </value>
            </param>
            <param index="6">
              <value>
                <![CDATA[Burk-GN-Loeschen]]>
              </value>
            </param>
            <param index="7">
              <value>
                <![CDATA[INAKTIV]]>
              </value>
            </param>
          </params>
          <reporter-output>
          </reporter-output>
        </test-method> <!-- TZPAdminUserLoeschenTest -->
        <test-method is-config="true" signature="BrowserTearDown()[pri:0, instance:TopZinsPortal.TZPAdminUserLoeschen@34a3d150]" started-at="2021-01-15T13:55:59 CET" name="BrowserTearDown" finished-at="2021-01-15T13:56:03 CET" duration-ms="3962" status="PASS">
          <reporter-output>
          </reporter-output>
        </test-method> <!-- BrowserTearDown -->
      </class> <!-- TopZinsPortal.TZPAdminUserLoeschen -->
    </test> <!-- TZP-Admin-Loeschen -->
  </suite> <!-- TopZinzPortal-Ablauftesttest -->
</testng-results>
