<?xml version="1.0" encoding="UTF-8"?>
<testng-results ignored="0" total="6" passed="6" failed="0" skipped="0">
  <reporter-output>
  </reporter-output>
  <suite started-at="2021-08-06T17:11:12 CEST" name="TopZinzPortal-Gesamt-Ablauftest-Einzel und Several User" finished-at="2021-08-06T17:15:46 CEST" duration-ms="274667">
    <groups>
    </groups>
    <test started-at="2021-08-06T17:11:12 CEST" name="TZP-Ausschreibung Start-GG-SeveralUser" finished-at="2021-08-06T17:12:55 CEST" duration-ms="103561">
      <class name="TopZinsPortal.TZPTenderStartGGSeveralUser">
        <test-method is-config="true" signature="SetupSeleniumTestdaten(java.lang.String)[pri:0, instance:TopZinsPortal.TZPTenderStartGGSeveralUser@5876a9af]" started-at="2021-08-06T17:11:12 CEST" name="SetupSeleniumTestdaten" finished-at="2021-08-06T17:11:15 CEST" duration-ms="2915" status="PASS">
          <params>
            <param index="0">
              <value>
                <![CDATA[Smoketest]]>
              </value>
            </param>
          </params>
          <reporter-output>
          </reporter-output>
        </test-method> <!-- SetupSeleniumTestdaten -->
        <test-method signature="TZPTenderStartGGSeveralUserTest(java.lang.String, java.lang.String, java.lang.String, java.lang.String, java.lang.String, java.lang.String, java.lang.String, java.lang.String, java.lang.String, java.lang.String, java.lang.String, java.lang.String, java.lang.String, java.lang.String, java.lang.String, java.lang.String, java.lang.String, java.lang.String, java.lang.String, java.lang.String, java.lang.String, java.lang.String, java.lang.String, java.lang.String, java.lang.String, java.lang.String, java.lang.String, java.lang.String, java.lang.String, java.lang.String, java.lang.String, java.lang.String, java.lang.String, java.lang.String, java.lang.String, java.lang.String, java.lang.String, java.lang.String, java.lang.String, java.lang.String, java.lang.String)[pri:0, instance:TopZinsPortal.TZPTenderStartGGSeveralUser@5876a9af]" started-at="2021-08-06T17:11:15 CEST" name="TZPTenderStartGGSeveralUserTest" data-provider="TZPTenderStartGGSeveralUser" finished-at="2021-08-06T17:12:05 CEST" duration-ms="50609" status="PASS">
          <params>
            <param index="0">
              <value>
                <![CDATA[TZPTenderStartGG-TF-001]]>
              </value>
            </param>
            <param index="1">
              <value>
                <![CDATA[Ja]]>
              </value>
            </param>
            <param index="2">
              <value>
                <![CDATA[TZPSeveralUsergg1@gmail.com]]>
              </value>
            </param>
            <param index="3">
              <value>
                <![CDATA[Test12345!]]>
              </value>
            </param>
            <param index="4">
              <value>
                <![CDATA[ActDatum]]>
              </value>
            </param>
            <param index="5">
              <value>
                <![CDATA[20:00]]>
              </value>
            </param>
            <param index="6">
              <value>
                <![CDATA[act/360]]>
              </value>
            </param>
            <param index="7">
              <value>
                <![CDATA[halbjährlich]]>
              </value>
            </param>
            <param index="8">
              <value>
                <![CDATA[5.777.000]]>
              </value>
            </param>
            <param index="9">
              <value>
                <![CDATA[ActDatum + 3]]>
              </value>
            </param>
            <param index="10">
              <value>
                <![CDATA[ActDatum + 10]]>
              </value>
            </param>
            <param index="11">
              <value>
                <![CDATA[ActDatum + 20]]>
              </value>
            </param>
            <param index="12">
              <value>
                <![CDATA[ActDatum + 30]]>
              </value>
            </param>
            <param index="13">
              <value>
                <![CDATA[Das ist ein Kommentar durch den ]]>
              </value>
            </param>
            <param index="14">
              <value>
                <![CDATA[Burk-GN-Handel -BHDR-]]>
              </value>
            </param>
            <param index="15">
              <value>
                <![CDATA[Burk.GN.Handel@gmail.com]]>
              </value>
            </param>
            <param index="16">
              <value>
                <![CDATA[Test12345!]]>
              </value>
            </param>
            <param index="17">
              <value>
                <![CDATA[-0.5]]>
              </value>
            </param>
            <param index="18">
              <value>
                <![CDATA[BHDR-GN-Handel]]>
              </value>
            </param>
            <param index="19">
              <value>
                <![CDATA[TZPSeveralUserGN1@gmail.com]]>
              </value>
            </param>
            <param index="20">
              <value>
                <![CDATA[Test12345!]]>
              </value>
            </param>
            <param index="21">
              <value>
                <![CDATA[-0.4]]>
              </value>
            </param>
            <param index="22">
              <value>
                <![CDATA[Centner-GN-Handel -BHDR-]]>
              </value>
            </param>
            <param index="23">
              <value>
                <![CDATA[Centner.GN.Handel@gmail.com]]>
              </value>
            </param>
            <param index="24">
              <value>
                <![CDATA[Test12345!]]>
              </value>
            </param>
            <param index="25">
              <value>
                <![CDATA[-0.3]]>
              </value>
            </param>
            <param index="26">
              <value>
                <![CDATA[Ja]]>
              </value>
            </param>
            <param index="27">
              <value>
                <![CDATA[Ja]]>
              </value>
            </param>
            <param index="28">
              <value>
                <![CDATA[Ja]]>
              </value>
            </param>
            <param index="29">
              <value>
                <![CDATA[Ja]]>
              </value>
            </param>
            <param index="30">
              <value>
                <![CDATA[Ja]]>
              </value>
            </param>
            <param index="31">
              <value>
                <![CDATA[Ja]]>
              </value>
            </param>
            <param index="32">
              <value>
                <![CDATA[Ja]]>
              </value>
            </param>
            <param index="33">
              <value>
                <![CDATA[Ja]]>
              </value>
            </param>
            <param index="34">
              <value>
                <![CDATA[Ja]]>
              </value>
            </param>
            <param index="35">
              <value>
                <![CDATA[Ja]]>
              </value>
            </param>
            <param index="36">
              <value>
                <![CDATA[Ja]]>
              </value>
            </param>
            <param index="37">
              <value>
                <![CDATA[Ja]]>
              </value>
            </param>
            <param index="38">
              <value>
                <![CDATA[Ja]]>
              </value>
            </param>
            <param index="39">
              <value>
                <![CDATA[Ja]]>
              </value>
            </param>
            <param index="40">
              <value>
                <![CDATA[Ja]]>
              </value>
            </param>
          </params>
          <reporter-output>
          </reporter-output>
        </test-method> <!-- TZPTenderStartGGSeveralUserTest -->
        <test-method signature="TZPTenderStartGGSeveralUserTest(java.lang.String, java.lang.String, java.lang.String, java.lang.String, java.lang.String, java.lang.String, java.lang.String, java.lang.String, java.lang.String, java.lang.String, java.lang.String, java.lang.String, java.lang.String, java.lang.String, java.lang.String, java.lang.String, java.lang.String, java.lang.String, java.lang.String, java.lang.String, java.lang.String, java.lang.String, java.lang.String, java.lang.String, java.lang.String, java.lang.String, java.lang.String, java.lang.String, java.lang.String, java.lang.String, java.lang.String, java.lang.String, java.lang.String, java.lang.String, java.lang.String, java.lang.String, java.lang.String, java.lang.String, java.lang.String, java.lang.String, java.lang.String)[pri:0, instance:TopZinsPortal.TZPTenderStartGGSeveralUser@5876a9af]" started-at="2021-08-06T17:12:05 CEST" name="TZPTenderStartGGSeveralUserTest" data-provider="TZPTenderStartGGSeveralUser" finished-at="2021-08-06T17:12:54 CEST" duration-ms="48319" status="PASS">
          <params>
            <param index="0">
              <value>
                <![CDATA[TZPTenderStartGG-TF-002]]>
              </value>
            </param>
            <param index="1">
              <value>
                <![CDATA[Ja]]>
              </value>
            </param>
            <param index="2">
              <value>
                <![CDATA[TZPSeveralUsergg2@gmail.com]]>
              </value>
            </param>
            <param index="3">
              <value>
                <![CDATA[Test12345!]]>
              </value>
            </param>
            <param index="4">
              <value>
                <![CDATA[ActDatum]]>
              </value>
            </param>
            <param index="5">
              <value>
                <![CDATA[20:00]]>
              </value>
            </param>
            <param index="6">
              <value>
                <![CDATA[act/360]]>
              </value>
            </param>
            <param index="7">
              <value>
                <![CDATA[halbjährlich]]>
              </value>
            </param>
            <param index="8">
              <value>
                <![CDATA[7.555.000]]>
              </value>
            </param>
            <param index="9">
              <value>
                <![CDATA[ActDatum + 3]]>
              </value>
            </param>
            <param index="10">
              <value>
                <![CDATA[ActDatum + 10]]>
              </value>
            </param>
            <param index="11">
              <value>
                <![CDATA[ActDatum + 20]]>
              </value>
            </param>
            <param index="12">
              <value>
                <![CDATA[ActDatum + 30]]>
              </value>
            </param>
            <param index="13">
              <value>
                <![CDATA[Das ist ein Kommentar durch den ]]>
              </value>
            </param>
            <param index="14">
              <value>
                <![CDATA[Burk-GN-Handel -BHDR-]]>
              </value>
            </param>
            <param index="15">
              <value>
                <![CDATA[Burk.GN.Handel@gmail.com]]>
              </value>
            </param>
            <param index="16">
              <value>
                <![CDATA[Test12345!]]>
              </value>
            </param>
            <param index="17">
              <value>
                <![CDATA[-0.5]]>
              </value>
            </param>
            <param index="18">
              <value>
                <![CDATA[BHDR-GN-Handel]]>
              </value>
            </param>
            <param index="19">
              <value>
                <![CDATA[TZPSeveralUserGN2@gmail.com]]>
              </value>
            </param>
            <param index="20">
              <value>
                <![CDATA[Test12345!]]>
              </value>
            </param>
            <param index="21">
              <value>
                <![CDATA[-0.4]]>
              </value>
            </param>
            <param index="22">
              <value>
                <![CDATA[Centner-GN-Handel -BHDR-]]>
              </value>
            </param>
            <param index="23">
              <value>
                <![CDATA[Centner.GN.Handel@gmail.com]]>
              </value>
            </param>
            <param index="24">
              <value>
                <![CDATA[Test12345!]]>
              </value>
            </param>
            <param index="25">
              <value>
                <![CDATA[-0.3]]>
              </value>
            </param>
            <param index="26">
              <value>
                <![CDATA[Ja]]>
              </value>
            </param>
            <param index="27">
              <value>
                <![CDATA[Ja]]>
              </value>
            </param>
            <param index="28">
              <value>
                <![CDATA[Ja]]>
              </value>
            </param>
            <param index="29">
              <value>
                <![CDATA[Ja]]>
              </value>
            </param>
            <param index="30">
              <value>
                <![CDATA[Ja]]>
              </value>
            </param>
            <param index="31">
              <value>
                <![CDATA[Ja]]>
              </value>
            </param>
            <param index="32">
              <value>
                <![CDATA[Ja]]>
              </value>
            </param>
            <param index="33">
              <value>
                <![CDATA[Ja]]>
              </value>
            </param>
            <param index="34">
              <value>
                <![CDATA[Ja]]>
              </value>
            </param>
            <param index="35">
              <value>
                <![CDATA[Ja]]>
              </value>
            </param>
            <param index="36">
              <value>
                <![CDATA[Ja]]>
              </value>
            </param>
            <param index="37">
              <value>
                <![CDATA[Ja]]>
              </value>
            </param>
            <param index="38">
              <value>
                <![CDATA[Ja]]>
              </value>
            </param>
            <param index="39">
              <value>
                <![CDATA[Ja]]>
              </value>
            </param>
            <param index="40">
              <value>
                <![CDATA[Ja]]>
              </value>
            </param>
          </params>
          <reporter-output>
          </reporter-output>
        </test-method> <!-- TZPTenderStartGGSeveralUserTest -->
        <test-method is-config="true" signature="BrowserTearDown()[pri:0, instance:TopZinsPortal.TZPTenderStartGGSeveralUser@5876a9af]" started-at="2021-08-06T17:12:54 CEST" name="BrowserTearDown" finished-at="2021-08-06T17:12:55 CEST" duration-ms="1529" status="PASS">
          <reporter-output>
          </reporter-output>
        </test-method> <!-- BrowserTearDown -->
      </class> <!-- TopZinsPortal.TZPTenderStartGGSeveralUser -->
    </test> <!-- TZP-Ausschreibung Start-GG-SeveralUser -->
    <test started-at="2021-08-06T17:12:55 CEST" name="TZP-Ausschreibung-Angebot-Abgeben-GN-SeveralUser" finished-at="2021-08-06T17:14:50 CEST" duration-ms="115110">
      <class name="TopZinsPortal.TZPTenderAngebotSendenGNSeveralUser">
        <test-method is-config="true" signature="SetupSeleniumTestdaten(java.lang.String)[pri:0, instance:TopZinsPortal.TZPTenderAngebotSendenGNSeveralUser@49139829]" started-at="2021-08-06T17:12:55 CEST" name="SetupSeleniumTestdaten" finished-at="2021-08-06T17:12:57 CEST" duration-ms="1554" status="PASS">
          <params>
            <param index="0">
              <value>
                <![CDATA[Smoketest]]>
              </value>
            </param>
          </params>
          <reporter-output>
          </reporter-output>
        </test-method> <!-- SetupSeleniumTestdaten -->
        <test-method signature="TZPTenderAngebotSendenGNSeveralUserTest(java.lang.String, java.lang.String, java.lang.String, java.lang.String, java.lang.String, java.lang.String, java.lang.String, java.lang.String, java.lang.String, java.lang.String, java.lang.String, java.lang.String, java.lang.String, java.lang.String, java.lang.String, java.lang.String, java.lang.String, java.lang.String, java.lang.String, java.lang.String, java.lang.String, java.lang.String, java.lang.String, java.lang.String, java.lang.String, java.lang.String, java.lang.String, java.lang.String, java.lang.String, java.lang.String, java.lang.String, java.lang.String, java.lang.String, java.lang.String, java.lang.String, java.lang.String, java.lang.String, java.lang.String, java.lang.String, java.lang.String, java.lang.String)[pri:0, instance:TopZinsPortal.TZPTenderAngebotSendenGNSeveralUser@49139829]" started-at="2021-08-06T17:12:57 CEST" name="TZPTenderAngebotSendenGNSeveralUserTest" data-provider="TZPTenderAngebotSendenGNSeveralUser" finished-at="2021-08-06T17:13:54 CEST" duration-ms="56706" status="PASS">
          <params>
            <param index="0">
              <value>
                <![CDATA[TZPTenderStartGG-TF-001]]>
              </value>
            </param>
            <param index="1">
              <value>
                <![CDATA[Ja]]>
              </value>
            </param>
            <param index="2">
              <value>
                <![CDATA[TZPSeveralUsergg1@gmail.com]]>
              </value>
            </param>
            <param index="3">
              <value>
                <![CDATA[Test12345!]]>
              </value>
            </param>
            <param index="4">
              <value>
                <![CDATA[ActDatum]]>
              </value>
            </param>
            <param index="5">
              <value>
                <![CDATA[20:00]]>
              </value>
            </param>
            <param index="6">
              <value>
                <![CDATA[act/360]]>
              </value>
            </param>
            <param index="7">
              <value>
                <![CDATA[halbjährlich]]>
              </value>
            </param>
            <param index="8">
              <value>
                <![CDATA[5.777.000]]>
              </value>
            </param>
            <param index="9">
              <value>
                <![CDATA[ActDatum + 3]]>
              </value>
            </param>
            <param index="10">
              <value>
                <![CDATA[ActDatum + 10]]>
              </value>
            </param>
            <param index="11">
              <value>
                <![CDATA[ActDatum + 20]]>
              </value>
            </param>
            <param index="12">
              <value>
                <![CDATA[ActDatum + 30]]>
              </value>
            </param>
            <param index="13">
              <value>
                <![CDATA[Das ist ein Kommentar durch den ]]>
              </value>
            </param>
            <param index="14">
              <value>
                <![CDATA[Burk-GN-Handel -BHDR-]]>
              </value>
            </param>
            <param index="15">
              <value>
                <![CDATA[Burk.GN.Handel@gmail.com]]>
              </value>
            </param>
            <param index="16">
              <value>
                <![CDATA[Test12345!]]>
              </value>
            </param>
            <param index="17">
              <value>
                <![CDATA[-0.5]]>
              </value>
            </param>
            <param index="18">
              <value>
                <![CDATA[BHDR-GN-Handel]]>
              </value>
            </param>
            <param index="19">
              <value>
                <![CDATA[TZPSeveralUserGN1@gmail.com]]>
              </value>
            </param>
            <param index="20">
              <value>
                <![CDATA[Test12345!]]>
              </value>
            </param>
            <param index="21">
              <value>
                <![CDATA[-0.4]]>
              </value>
            </param>
            <param index="22">
              <value>
                <![CDATA[Centner-GN-Handel -BHDR-]]>
              </value>
            </param>
            <param index="23">
              <value>
                <![CDATA[Centner.GN.Handel@gmail.com]]>
              </value>
            </param>
            <param index="24">
              <value>
                <![CDATA[Test12345!]]>
              </value>
            </param>
            <param index="25">
              <value>
                <![CDATA[-0.3]]>
              </value>
            </param>
            <param index="26">
              <value>
                <![CDATA[Ja]]>
              </value>
            </param>
            <param index="27">
              <value>
                <![CDATA[Ja]]>
              </value>
            </param>
            <param index="28">
              <value>
                <![CDATA[Ja]]>
              </value>
            </param>
            <param index="29">
              <value>
                <![CDATA[Ja]]>
              </value>
            </param>
            <param index="30">
              <value>
                <![CDATA[Ja]]>
              </value>
            </param>
            <param index="31">
              <value>
                <![CDATA[Ja]]>
              </value>
            </param>
            <param index="32">
              <value>
                <![CDATA[Ja]]>
              </value>
            </param>
            <param index="33">
              <value>
                <![CDATA[Ja]]>
              </value>
            </param>
            <param index="34">
              <value>
                <![CDATA[Ja]]>
              </value>
            </param>
            <param index="35">
              <value>
                <![CDATA[Ja]]>
              </value>
            </param>
            <param index="36">
              <value>
                <![CDATA[Ja]]>
              </value>
            </param>
            <param index="37">
              <value>
                <![CDATA[Ja]]>
              </value>
            </param>
            <param index="38">
              <value>
                <![CDATA[Ja]]>
              </value>
            </param>
            <param index="39">
              <value>
                <![CDATA[Ja]]>
              </value>
            </param>
            <param index="40">
              <value>
                <![CDATA[Ja]]>
              </value>
            </param>
          </params>
          <reporter-output>
          </reporter-output>
        </test-method> <!-- TZPTenderAngebotSendenGNSeveralUserTest -->
        <test-method signature="TZPTenderAngebotSendenGNSeveralUserTest(java.lang.String, java.lang.String, java.lang.String, java.lang.String, java.lang.String, java.lang.String, java.lang.String, java.lang.String, java.lang.String, java.lang.String, java.lang.String, java.lang.String, java.lang.String, java.lang.String, java.lang.String, java.lang.String, java.lang.String, java.lang.String, java.lang.String, java.lang.String, java.lang.String, java.lang.String, java.lang.String, java.lang.String, java.lang.String, java.lang.String, java.lang.String, java.lang.String, java.lang.String, java.lang.String, java.lang.String, java.lang.String, java.lang.String, java.lang.String, java.lang.String, java.lang.String, java.lang.String, java.lang.String, java.lang.String, java.lang.String, java.lang.String)[pri:0, instance:TopZinsPortal.TZPTenderAngebotSendenGNSeveralUser@49139829]" started-at="2021-08-06T17:13:54 CEST" name="TZPTenderAngebotSendenGNSeveralUserTest" data-provider="TZPTenderAngebotSendenGNSeveralUser" finished-at="2021-08-06T17:14:49 CEST" duration-ms="55503" status="PASS">
          <params>
            <param index="0">
              <value>
                <![CDATA[TZPTenderStartGG-TF-002]]>
              </value>
            </param>
            <param index="1">
              <value>
                <![CDATA[Ja]]>
              </value>
            </param>
            <param index="2">
              <value>
                <![CDATA[TZPSeveralUsergg2@gmail.com]]>
              </value>
            </param>
            <param index="3">
              <value>
                <![CDATA[Test12345!]]>
              </value>
            </param>
            <param index="4">
              <value>
                <![CDATA[ActDatum]]>
              </value>
            </param>
            <param index="5">
              <value>
                <![CDATA[20:00]]>
              </value>
            </param>
            <param index="6">
              <value>
                <![CDATA[act/360]]>
              </value>
            </param>
            <param index="7">
              <value>
                <![CDATA[halbjährlich]]>
              </value>
            </param>
            <param index="8">
              <value>
                <![CDATA[7.555.000]]>
              </value>
            </param>
            <param index="9">
              <value>
                <![CDATA[ActDatum + 3]]>
              </value>
            </param>
            <param index="10">
              <value>
                <![CDATA[ActDatum + 10]]>
              </value>
            </param>
            <param index="11">
              <value>
                <![CDATA[ActDatum + 20]]>
              </value>
            </param>
            <param index="12">
              <value>
                <![CDATA[ActDatum + 30]]>
              </value>
            </param>
            <param index="13">
              <value>
                <![CDATA[Das ist ein Kommentar durch den ]]>
              </value>
            </param>
            <param index="14">
              <value>
                <![CDATA[Burk-GN-Handel -BHDR-]]>
              </value>
            </param>
            <param index="15">
              <value>
                <![CDATA[Burk.GN.Handel@gmail.com]]>
              </value>
            </param>
            <param index="16">
              <value>
                <![CDATA[Test12345!]]>
              </value>
            </param>
            <param index="17">
              <value>
                <![CDATA[-0.5]]>
              </value>
            </param>
            <param index="18">
              <value>
                <![CDATA[BHDR-GN-Handel]]>
              </value>
            </param>
            <param index="19">
              <value>
                <![CDATA[TZPSeveralUserGN2@gmail.com]]>
              </value>
            </param>
            <param index="20">
              <value>
                <![CDATA[Test12345!]]>
              </value>
            </param>
            <param index="21">
              <value>
                <![CDATA[-0.4]]>
              </value>
            </param>
            <param index="22">
              <value>
                <![CDATA[Centner-GN-Handel -BHDR-]]>
              </value>
            </param>
            <param index="23">
              <value>
                <![CDATA[Centner.GN.Handel@gmail.com]]>
              </value>
            </param>
            <param index="24">
              <value>
                <![CDATA[Test12345!]]>
              </value>
            </param>
            <param index="25">
              <value>
                <![CDATA[-0.3]]>
              </value>
            </param>
            <param index="26">
              <value>
                <![CDATA[Ja]]>
              </value>
            </param>
            <param index="27">
              <value>
                <![CDATA[Ja]]>
              </value>
            </param>
            <param index="28">
              <value>
                <![CDATA[Ja]]>
              </value>
            </param>
            <param index="29">
              <value>
                <![CDATA[Ja]]>
              </value>
            </param>
            <param index="30">
              <value>
                <![CDATA[Ja]]>
              </value>
            </param>
            <param index="31">
              <value>
                <![CDATA[Ja]]>
              </value>
            </param>
            <param index="32">
              <value>
                <![CDATA[Ja]]>
              </value>
            </param>
            <param index="33">
              <value>
                <![CDATA[Ja]]>
              </value>
            </param>
            <param index="34">
              <value>
                <![CDATA[Ja]]>
              </value>
            </param>
            <param index="35">
              <value>
                <![CDATA[Ja]]>
              </value>
            </param>
            <param index="36">
              <value>
                <![CDATA[Ja]]>
              </value>
            </param>
            <param index="37">
              <value>
                <![CDATA[Ja]]>
              </value>
            </param>
            <param index="38">
              <value>
                <![CDATA[Ja]]>
              </value>
            </param>
            <param index="39">
              <value>
                <![CDATA[Ja]]>
              </value>
            </param>
            <param index="40">
              <value>
                <![CDATA[Ja]]>
              </value>
            </param>
          </params>
          <reporter-output>
          </reporter-output>
        </test-method> <!-- TZPTenderAngebotSendenGNSeveralUserTest -->
        <test-method is-config="true" signature="BrowserTearDown()[pri:0, instance:TopZinsPortal.TZPTenderAngebotSendenGNSeveralUser@49139829]" started-at="2021-08-06T17:14:49 CEST" name="BrowserTearDown" finished-at="2021-08-06T17:14:50 CEST" duration-ms="1257" status="PASS">
          <reporter-output>
          </reporter-output>
        </test-method> <!-- BrowserTearDown -->
      </class> <!-- TopZinsPortal.TZPTenderAngebotSendenGNSeveralUser -->
    </test> <!-- TZP-Ausschreibung-Angebot-Abgeben-GN-SeveralUser -->
    <test started-at="2021-08-06T17:14:50 CEST" name="TZP-Ausschreibung-Angebot-Annehmen-GG-SeveralUser" finished-at="2021-08-06T17:15:46 CEST" duration-ms="55953">
      <class name="TopZinsPortal.TZPTenderAngebotAnnehmenGGSeveralUser">
        <test-method is-config="true" signature="SetupSeleniumTestdaten(java.lang.String)[pri:0, instance:TopZinsPortal.TZPTenderAngebotAnnehmenGGSeveralUser@72967906]" started-at="2021-08-06T17:14:50 CEST" name="SetupSeleniumTestdaten" finished-at="2021-08-06T17:14:52 CEST" duration-ms="1490" status="PASS">
          <params>
            <param index="0">
              <value>
                <![CDATA[Smoketest]]>
              </value>
            </param>
          </params>
          <reporter-output>
          </reporter-output>
        </test-method> <!-- SetupSeleniumTestdaten -->
        <test-method signature="TZPTenderAngebotAnnehmenGGSeveralUserTest(java.lang.String, java.lang.String, java.lang.String, java.lang.String, java.lang.String, java.lang.String, java.lang.String, java.lang.String, java.lang.String, java.lang.String, java.lang.String, java.lang.String, java.lang.String, java.lang.String, java.lang.String, java.lang.String, java.lang.String, java.lang.String, java.lang.String, java.lang.String, java.lang.String, java.lang.String, java.lang.String, java.lang.String, java.lang.String, java.lang.String, java.lang.String, java.lang.String, java.lang.String, java.lang.String, java.lang.String, java.lang.String, java.lang.String, java.lang.String, java.lang.String, java.lang.String, java.lang.String, java.lang.String, java.lang.String, java.lang.String, java.lang.String)[pri:0, instance:TopZinsPortal.TZPTenderAngebotAnnehmenGGSeveralUser@72967906]" started-at="2021-08-06T17:14:52 CEST" name="TZPTenderAngebotAnnehmenGGSeveralUserTest" data-provider="TenderAngebotAnnehmenGGSeveralUser" finished-at="2021-08-06T17:15:19 CEST" duration-ms="26736" status="PASS">
          <params>
            <param index="0">
              <value>
                <![CDATA[TZPTenderStartGG-TF-001]]>
              </value>
            </param>
            <param index="1">
              <value>
                <![CDATA[Ja]]>
              </value>
            </param>
            <param index="2">
              <value>
                <![CDATA[TZPSeveralUsergg1@gmail.com]]>
              </value>
            </param>
            <param index="3">
              <value>
                <![CDATA[Test12345!]]>
              </value>
            </param>
            <param index="4">
              <value>
                <![CDATA[ActDatum]]>
              </value>
            </param>
            <param index="5">
              <value>
                <![CDATA[20:00]]>
              </value>
            </param>
            <param index="6">
              <value>
                <![CDATA[act/360]]>
              </value>
            </param>
            <param index="7">
              <value>
                <![CDATA[halbjährlich]]>
              </value>
            </param>
            <param index="8">
              <value>
                <![CDATA[5.777.000]]>
              </value>
            </param>
            <param index="9">
              <value>
                <![CDATA[ActDatum + 3]]>
              </value>
            </param>
            <param index="10">
              <value>
                <![CDATA[ActDatum + 10]]>
              </value>
            </param>
            <param index="11">
              <value>
                <![CDATA[ActDatum + 20]]>
              </value>
            </param>
            <param index="12">
              <value>
                <![CDATA[ActDatum + 30]]>
              </value>
            </param>
            <param index="13">
              <value>
                <![CDATA[Das ist ein Kommentar durch den ]]>
              </value>
            </param>
            <param index="14">
              <value>
                <![CDATA[Burk-GN-Handel -BHDR-]]>
              </value>
            </param>
            <param index="15">
              <value>
                <![CDATA[Burk.GN.Handel@gmail.com]]>
              </value>
            </param>
            <param index="16">
              <value>
                <![CDATA[Test12345!]]>
              </value>
            </param>
            <param index="17">
              <value>
                <![CDATA[-0.5]]>
              </value>
            </param>
            <param index="18">
              <value>
                <![CDATA[BHDR-GN-Handel]]>
              </value>
            </param>
            <param index="19">
              <value>
                <![CDATA[TZPSeveralUserGN1@gmail.com]]>
              </value>
            </param>
            <param index="20">
              <value>
                <![CDATA[Test12345!]]>
              </value>
            </param>
            <param index="21">
              <value>
                <![CDATA[-0.4]]>
              </value>
            </param>
            <param index="22">
              <value>
                <![CDATA[Centner-GN-Handel -BHDR-]]>
              </value>
            </param>
            <param index="23">
              <value>
                <![CDATA[Centner.GN.Handel@gmail.com]]>
              </value>
            </param>
            <param index="24">
              <value>
                <![CDATA[Test12345!]]>
              </value>
            </param>
            <param index="25">
              <value>
                <![CDATA[-0.3]]>
              </value>
            </param>
            <param index="26">
              <value>
                <![CDATA[Ja]]>
              </value>
            </param>
            <param index="27">
              <value>
                <![CDATA[Ja]]>
              </value>
            </param>
            <param index="28">
              <value>
                <![CDATA[Ja]]>
              </value>
            </param>
            <param index="29">
              <value>
                <![CDATA[Ja]]>
              </value>
            </param>
            <param index="30">
              <value>
                <![CDATA[Ja]]>
              </value>
            </param>
            <param index="31">
              <value>
                <![CDATA[Ja]]>
              </value>
            </param>
            <param index="32">
              <value>
                <![CDATA[Ja]]>
              </value>
            </param>
            <param index="33">
              <value>
                <![CDATA[Ja]]>
              </value>
            </param>
            <param index="34">
              <value>
                <![CDATA[Ja]]>
              </value>
            </param>
            <param index="35">
              <value>
                <![CDATA[Ja]]>
              </value>
            </param>
            <param index="36">
              <value>
                <![CDATA[Ja]]>
              </value>
            </param>
            <param index="37">
              <value>
                <![CDATA[Ja]]>
              </value>
            </param>
            <param index="38">
              <value>
                <![CDATA[Ja]]>
              </value>
            </param>
            <param index="39">
              <value>
                <![CDATA[Ja]]>
              </value>
            </param>
            <param index="40">
              <value>
                <![CDATA[Ja]]>
              </value>
            </param>
          </params>
          <reporter-output>
          </reporter-output>
        </test-method> <!-- TZPTenderAngebotAnnehmenGGSeveralUserTest -->
        <test-method signature="TZPTenderAngebotAnnehmenGGSeveralUserTest(java.lang.String, java.lang.String, java.lang.String, java.lang.String, java.lang.String, java.lang.String, java.lang.String, java.lang.String, java.lang.String, java.lang.String, java.lang.String, java.lang.String, java.lang.String, java.lang.String, java.lang.String, java.lang.String, java.lang.String, java.lang.String, java.lang.String, java.lang.String, java.lang.String, java.lang.String, java.lang.String, java.lang.String, java.lang.String, java.lang.String, java.lang.String, java.lang.String, java.lang.String, java.lang.String, java.lang.String, java.lang.String, java.lang.String, java.lang.String, java.lang.String, java.lang.String, java.lang.String, java.lang.String, java.lang.String, java.lang.String, java.lang.String)[pri:0, instance:TopZinsPortal.TZPTenderAngebotAnnehmenGGSeveralUser@72967906]" started-at="2021-08-06T17:15:19 CEST" name="TZPTenderAngebotAnnehmenGGSeveralUserTest" data-provider="TenderAngebotAnnehmenGGSeveralUser" finished-at="2021-08-06T17:15:45 CEST" duration-ms="26453" status="PASS">
          <params>
            <param index="0">
              <value>
                <![CDATA[TZPTenderStartGG-TF-002]]>
              </value>
            </param>
            <param index="1">
              <value>
                <![CDATA[Ja]]>
              </value>
            </param>
            <param index="2">
              <value>
                <![CDATA[TZPSeveralUsergg2@gmail.com]]>
              </value>
            </param>
            <param index="3">
              <value>
                <![CDATA[Test12345!]]>
              </value>
            </param>
            <param index="4">
              <value>
                <![CDATA[ActDatum]]>
              </value>
            </param>
            <param index="5">
              <value>
                <![CDATA[20:00]]>
              </value>
            </param>
            <param index="6">
              <value>
                <![CDATA[act/360]]>
              </value>
            </param>
            <param index="7">
              <value>
                <![CDATA[halbjährlich]]>
              </value>
            </param>
            <param index="8">
              <value>
                <![CDATA[7.555.000]]>
              </value>
            </param>
            <param index="9">
              <value>
                <![CDATA[ActDatum + 3]]>
              </value>
            </param>
            <param index="10">
              <value>
                <![CDATA[ActDatum + 10]]>
              </value>
            </param>
            <param index="11">
              <value>
                <![CDATA[ActDatum + 20]]>
              </value>
            </param>
            <param index="12">
              <value>
                <![CDATA[ActDatum + 30]]>
              </value>
            </param>
            <param index="13">
              <value>
                <![CDATA[Das ist ein Kommentar durch den ]]>
              </value>
            </param>
            <param index="14">
              <value>
                <![CDATA[Burk-GN-Handel -BHDR-]]>
              </value>
            </param>
            <param index="15">
              <value>
                <![CDATA[Burk.GN.Handel@gmail.com]]>
              </value>
            </param>
            <param index="16">
              <value>
                <![CDATA[Test12345!]]>
              </value>
            </param>
            <param index="17">
              <value>
                <![CDATA[-0.5]]>
              </value>
            </param>
            <param index="18">
              <value>
                <![CDATA[BHDR-GN-Handel]]>
              </value>
            </param>
            <param index="19">
              <value>
                <![CDATA[TZPSeveralUserGN2@gmail.com]]>
              </value>
            </param>
            <param index="20">
              <value>
                <![CDATA[Test12345!]]>
              </value>
            </param>
            <param index="21">
              <value>
                <![CDATA[-0.4]]>
              </value>
            </param>
            <param index="22">
              <value>
                <![CDATA[Centner-GN-Handel -BHDR-]]>
              </value>
            </param>
            <param index="23">
              <value>
                <![CDATA[Centner.GN.Handel@gmail.com]]>
              </value>
            </param>
            <param index="24">
              <value>
                <![CDATA[Test12345!]]>
              </value>
            </param>
            <param index="25">
              <value>
                <![CDATA[-0.3]]>
              </value>
            </param>
            <param index="26">
              <value>
                <![CDATA[Ja]]>
              </value>
            </param>
            <param index="27">
              <value>
                <![CDATA[Ja]]>
              </value>
            </param>
            <param index="28">
              <value>
                <![CDATA[Ja]]>
              </value>
            </param>
            <param index="29">
              <value>
                <![CDATA[Ja]]>
              </value>
            </param>
            <param index="30">
              <value>
                <![CDATA[Ja]]>
              </value>
            </param>
            <param index="31">
              <value>
                <![CDATA[Ja]]>
              </value>
            </param>
            <param index="32">
              <value>
                <![CDATA[Ja]]>
              </value>
            </param>
            <param index="33">
              <value>
                <![CDATA[Ja]]>
              </value>
            </param>
            <param index="34">
              <value>
                <![CDATA[Ja]]>
              </value>
            </param>
            <param index="35">
              <value>
                <![CDATA[Ja]]>
              </value>
            </param>
            <param index="36">
              <value>
                <![CDATA[Ja]]>
              </value>
            </param>
            <param index="37">
              <value>
                <![CDATA[Ja]]>
              </value>
            </param>
            <param index="38">
              <value>
                <![CDATA[Ja]]>
              </value>
            </param>
            <param index="39">
              <value>
                <![CDATA[Ja]]>
              </value>
            </param>
            <param index="40">
              <value>
                <![CDATA[Ja]]>
              </value>
            </param>
          </params>
          <reporter-output>
          </reporter-output>
        </test-method> <!-- TZPTenderAngebotAnnehmenGGSeveralUserTest -->
        <test-method is-config="true" signature="BrowserTearDown()[pri:0, instance:TopZinsPortal.TZPTenderAngebotAnnehmenGGSeveralUser@72967906]" started-at="2021-08-06T17:15:45 CEST" name="BrowserTearDown" finished-at="2021-08-06T17:15:46 CEST" duration-ms="1186" status="PASS">
          <reporter-output>
          </reporter-output>
        </test-method> <!-- BrowserTearDown -->
      </class> <!-- TopZinsPortal.TZPTenderAngebotAnnehmenGGSeveralUser -->
    </test> <!-- TZP-Ausschreibung-Angebot-Annehmen-GG-SeveralUser -->
  </suite> <!-- TopZinzPortal-Gesamt-Ablauftest-Einzel und Several User -->
</testng-results>
