<?xml version="1.0" encoding="UTF-8"?>
<testng-results ignored="0" total="8" passed="4" failed="4" skipped="0">
  <reporter-output>
  </reporter-output>
  <suite started-at="2021-01-07T13:59:22 CET" name="Default suite" finished-at="2021-01-07T14:00:37 CET" duration-ms="74635">
    <groups>
    </groups>
    <test started-at="2021-01-07T13:59:22 CET" name="Default test" finished-at="2021-01-07T14:00:37 CET" duration-ms="74635">
      <class name="TopZinsPortal.TZPStammGN">
        <test-method is-config="true" signature="SetupSeleniumTestdaten(java.lang.String)[pri:0, instance:TopZinsPortal.TZPStammGN@12468a38]" started-at="2021-01-07T13:59:22 CET" name="SetupSeleniumTestdaten" finished-at="2021-01-07T13:59:27 CET" duration-ms="5073" status="PASS">
          <params>
            <param index="0">
              <value>
                <![CDATA[Ad Hoc Test]]>
              </value>
            </param>
          </params>
          <reporter-output>
          </reporter-output>
        </test-method> <!-- SetupSeleniumTestdaten -->
        <test-method signature="TZPStammGNTest(java.lang.String, java.lang.String, java.lang.String, java.lang.String, java.lang.String, java.lang.String, java.lang.String, java.lang.String, java.lang.String, java.lang.String, java.lang.String, java.lang.String, java.lang.String, java.lang.String, java.lang.String, java.lang.String, java.lang.String, java.lang.String, java.lang.String, java.lang.String, java.lang.String, java.lang.String, java.lang.String, java.lang.String, java.lang.String, java.lang.String, java.lang.String, java.lang.String, java.lang.String, java.lang.String, java.lang.String, java.lang.String, java.lang.String, java.lang.String)[pri:0, instance:TopZinsPortal.TZPStammGN@12468a38]" started-at="2021-01-07T13:59:27 CET" name="TZPStammGNTest" data-provider="TZPStammGN" finished-at="2021-01-07T13:59:27 CET" duration-ms="6" status="PASS">
          <params>
            <param index="0">
              <value>
                <![CDATA[TZStammGN-TF-001]]>
              </value>
            </param>
            <param index="1">
              <value>
                <![CDATA[Nein]]>
              </value>
            </param>
            <param index="2">
              <value>
                <![CDATA[lidiia1@forsa.de]]>
              </value>
            </param>
            <param index="3">
              <value>
                <![CDATA[Test12345!]]>
              </value>
            </param>
            <param index="4">
              <value>
                <![CDATA[Lidiia-GN-DGSVO]]>
              </value>
            </param>
            <param index="5">
              <value>
                <![CDATA[54930084UKLVMY22DS16]]>
              </value>
            </param>
            <param index="6">
              <value>
                <![CDATA[Deutschland]]>
              </value>
            </param>
            <param index="7">
              <value>
                <![CDATA[www.google.de]]>
              </value>
            </param>
            <param index="8">
              <value>
                <![CDATA[ananchenko@forsa-gmbh.de]]>
              </value>
            </param>
            <param index="9">
              <value>
                <![CDATA[Am Großen Garten]]>
              </value>
            </param>
            <param index="10">
              <value>
                <![CDATA[12 d]]>
              </value>
            </param>
            <param index="11">
              <value>
                <![CDATA[65207]]>
              </value>
            </param>
            <param index="12">
              <value>
                <![CDATA[Wiesbaden]]>
              </value>
            </param>
            <param index="13">
              <value>
                <![CDATA[Adresszusatz]]>
              </value>
            </param>
            <param index="14">
              <value>
                <![CDATA[Ing Diba]]>
              </value>
            </param>
            <param index="15">
              <value>
                <![CDATA[INGDDEFFXXX]]>
              </value>
            </param>
            <param index="16">
              <value>
                <![CDATA[DE02500105170137075030 ]]>
              </value>
            </param>
            <param index="17">
              <value>
                <![CDATA[Ananchenko]]>
              </value>
            </param>
            <param index="18">
              <value>
                <![CDATA[Frau]]>
              </value>
            </param>
            <param index="19">
              <value>
                <![CDATA[Lidiia]]>
              </value>
            </param>
            <param index="20">
              <value>
                <![CDATA[06112787484]]>
              </value>
            </param>
            <param index="21">
              <value>
                <![CDATA[Prof.Dr.]]>
              </value>
            </param>
            <param index="22">
              <value>
                <![CDATA[Ananchenko]]>
              </value>
            </param>
            <param index="23">
              <value>
                <![CDATA[lidiia1@forsa.de]]>
              </value>
            </param>
            <param index="24">
              <value>
                <![CDATA[Private Banken]]>
              </value>
            </param>
            <param index="25">
              <value>
                <![CDATA[200000]]>
              </value>
            </param>
            <param index="26">
              <value>
                <![CDATA[10000]]>
              </value>
            </param>
            <param index="27">
              <value>
                <![CDATA[1000000000]]>
              </value>
            </param>
            <param index="28">
              <value>
                <![CDATA[Moody's]]>
              </value>
            </param>
            <param index="29">
              <value>
                <![CDATA[Aaa]]>
              </value>
            </param>
            <param index="30">
              <value>
                <![CDATA[S&P]]>
              </value>
            </param>
            <param index="31">
              <value>
                <![CDATA[AAA]]>
              </value>
            </param>
            <param index="32">
              <value>
                <![CDATA[Dieses Feld ist prefilled und ist nicht editierbar]]>
              </value>
            </param>
            <param index="33">
              <value>
                <![CDATA[01.01.1990]]>
              </value>
            </param>
          </params>
          <reporter-output>
          </reporter-output>
        </test-method> <!-- TZPStammGNTest -->
        <test-method signature="TZPStammGNTest(java.lang.String, java.lang.String, java.lang.String, java.lang.String, java.lang.String, java.lang.String, java.lang.String, java.lang.String, java.lang.String, java.lang.String, java.lang.String, java.lang.String, java.lang.String, java.lang.String, java.lang.String, java.lang.String, java.lang.String, java.lang.String, java.lang.String, java.lang.String, java.lang.String, java.lang.String, java.lang.String, java.lang.String, java.lang.String, java.lang.String, java.lang.String, java.lang.String, java.lang.String, java.lang.String, java.lang.String, java.lang.String, java.lang.String, java.lang.String)[pri:0, instance:TopZinsPortal.TZPStammGN@12468a38]" started-at="2021-01-07T13:59:27 CET" name="TZPStammGNTest" data-provider="TZPStammGN" finished-at="2021-01-07T13:59:27 CET" duration-ms="1" status="PASS">
          <params>
            <param index="0">
              <value>
                <![CDATA[TZStammGN-TF-002]]>
              </value>
            </param>
            <param index="1">
              <value>
                <![CDATA[Nein]]>
              </value>
            </param>
            <param index="2">
              <value>
                <![CDATA[lidiia2@forsa.de]]>
              </value>
            </param>
            <param index="3">
              <value>
                <![CDATA[Test12345!]]>
              </value>
            </param>
            <param index="4">
              <value>
                <![CDATA[Lidiia-GN-DatenKomplett]]>
              </value>
            </param>
            <param index="5">
              <value>
                <![CDATA[54930084UKLVMY22DS16]]>
              </value>
            </param>
            <param index="6">
              <value>
                <![CDATA[Deutschland]]>
              </value>
            </param>
            <param index="7">
              <value>
                <![CDATA[www.online.de]]>
              </value>
            </param>
            <param index="8">
              <value>
                <![CDATA[lidaananchenko@ukr.net]]>
              </value>
            </param>
            <param index="9">
              <value>
                <![CDATA[Am Großen Garten]]>
              </value>
            </param>
            <param index="10">
              <value>
                <![CDATA[22-27]]>
              </value>
            </param>
            <param index="11">
              <value>
                <![CDATA[65207]]>
              </value>
            </param>
            <param index="12">
              <value>
                <![CDATA[Köln]]>
              </value>
            </param>
            <param index="13">
              <value>
                <![CDATA[Adresszusatz]]>
              </value>
            </param>
            <param index="14">
              <value>
                <![CDATA[Ing Diba]]>
              </value>
            </param>
            <param index="15">
              <value>
                <![CDATA[INGDDEFFXXX]]>
              </value>
            </param>
            <param index="16">
              <value>
                <![CDATA[DE02500105170137075030 ]]>
              </value>
            </param>
            <param index="17">
              <value>
                <![CDATA[Ananchenko]]>
              </value>
            </param>
            <param index="18">
              <value>
                <![CDATA[Frau]]>
              </value>
            </param>
            <param index="19">
              <value>
                <![CDATA[Lidiia]]>
              </value>
            </param>
            <param index="20">
              <value>
                <![CDATA[0611-451458]]>
              </value>
            </param>
            <param index="21">
              <value>
                <![CDATA[Prof.Dr.]]>
              </value>
            </param>
            <param index="22">
              <value>
                <![CDATA[Ananchenko]]>
              </value>
            </param>
            <param index="23">
              <value>
                <![CDATA[lidiia2@forsa.de]]>
              </value>
            </param>
            <param index="24">
              <value>
                <![CDATA[Private Banken]]>
              </value>
            </param>
            <param index="25">
              <value>
                <![CDATA[30000]]>
              </value>
            </param>
            <param index="26">
              <value>
                <![CDATA[20000]]>
              </value>
            </param>
            <param index="27">
              <value>
                <![CDATA[2000000000]]>
              </value>
            </param>
            <param index="28">
              <value>
                <![CDATA[Fitch]]>
              </value>
            </param>
            <param index="29">
              <value>
                <![CDATA[AAA]]>
              </value>
            </param>
            <param index="30">
              <value>
                <![CDATA[S&P]]>
              </value>
            </param>
            <param index="31">
              <value>
                <![CDATA[AAA]]>
              </value>
            </param>
            <param index="32">
              <value>
                <![CDATA[Dieses Feld ist prefilled und ist nicht editierbar]]>
              </value>
            </param>
            <param index="33">
              <value>
                <![CDATA[23.08.1968]]>
              </value>
            </param>
          </params>
          <reporter-output>
          </reporter-output>
        </test-method> <!-- TZPStammGNTest -->
        <test-method signature="TZPStammGNTest(java.lang.String, java.lang.String, java.lang.String, java.lang.String, java.lang.String, java.lang.String, java.lang.String, java.lang.String, java.lang.String, java.lang.String, java.lang.String, java.lang.String, java.lang.String, java.lang.String, java.lang.String, java.lang.String, java.lang.String, java.lang.String, java.lang.String, java.lang.String, java.lang.String, java.lang.String, java.lang.String, java.lang.String, java.lang.String, java.lang.String, java.lang.String, java.lang.String, java.lang.String, java.lang.String, java.lang.String, java.lang.String, java.lang.String, java.lang.String)[pri:0, instance:TopZinsPortal.TZPStammGN@12468a38]" started-at="2021-01-07T13:59:27 CET" name="TZPStammGNTest" data-provider="TZPStammGN" finished-at="2021-01-07T13:59:27 CET" duration-ms="1" status="PASS">
          <params>
            <param index="0">
              <value>
                <![CDATA[TZStammGN-TF-003]]>
              </value>
            </param>
            <param index="1">
              <value>
                <![CDATA[Nein]]>
              </value>
            </param>
            <param index="2">
              <value>
                <![CDATA[lidiia3@forsa.de]]>
              </value>
            </param>
            <param index="3">
              <value>
                <![CDATA[Test12345!]]>
              </value>
            </param>
            <param index="4">
              <value>
                <![CDATA[Lidiia-GN-Handel]]>
              </value>
            </param>
            <param index="5">
              <value>
                <![CDATA[54930084UKLVMY22DS16]]>
              </value>
            </param>
            <param index="6">
              <value>
                <![CDATA[Deutschland]]>
              </value>
            </param>
            <param index="7">
              <value>
                <![CDATA[www.forsa.de]]>
              </value>
            </param>
            <param index="8">
              <value>
                <![CDATA[lidaananchenko58@gmail.com]]>
              </value>
            </param>
            <param index="9">
              <value>
                <![CDATA[Am Großen Garten]]>
              </value>
            </param>
            <param index="10">
              <value>
                <![CDATA[389]]>
              </value>
            </param>
            <param index="11">
              <value>
                <![CDATA[1234]]>
              </value>
            </param>
            <param index="12">
              <value>
                <![CDATA[Tirol]]>
              </value>
            </param>
            <param index="13">
              <value>
                <![CDATA[Adresszusatz]]>
              </value>
            </param>
            <param index="14">
              <value>
                <![CDATA[Ing Diba]]>
              </value>
            </param>
            <param index="15">
              <value>
                <![CDATA[INGDDEFFXXX]]>
              </value>
            </param>
            <param index="16">
              <value>
                <![CDATA[DE02500105170137075030 ]]>
              </value>
            </param>
            <param index="17">
              <value>
                <![CDATA[Ananchenko]]>
              </value>
            </param>
            <param index="18">
              <value>
                <![CDATA[Frau]]>
              </value>
            </param>
            <param index="19">
              <value>
                <![CDATA[Lidiia]]>
              </value>
            </param>
            <param index="20">
              <value>
                <![CDATA[0611-451458]]>
              </value>
            </param>
            <param index="21">
              <value>
                <![CDATA[Prof.Dr.]]>
              </value>
            </param>
            <param index="22">
              <value>
                <![CDATA[Ananchenko]]>
              </value>
            </param>
            <param index="23">
              <value>
                <![CDATA[lidiia3@forsa.de]]>
              </value>
            </param>
            <param index="24">
              <value>
                <![CDATA[Private Banken]]>
              </value>
            </param>
            <param index="25">
              <value>
                <![CDATA[400000]]>
              </value>
            </param>
            <param index="26">
              <value>
                <![CDATA[30000]]>
              </value>
            </param>
            <param index="27">
              <value>
                <![CDATA[3000000000]]>
              </value>
            </param>
            <param index="28">
              <value>
                <![CDATA[ICV]]>
              </value>
            </param>
            <param index="29">
              <value>
                <![CDATA[AAA]]>
              </value>
            </param>
            <param index="30">
              <value>
                <![CDATA[S&P]]>
              </value>
            </param>
            <param index="31">
              <value>
                <![CDATA[AAA]]>
              </value>
            </param>
            <param index="32">
              <value>
                <![CDATA[Dieses Feld ist prefilled und ist nicht editierbar]]>
              </value>
            </param>
            <param index="33">
              <value>
                <![CDATA[23.08.1968]]>
              </value>
            </param>
          </params>
          <reporter-output>
          </reporter-output>
        </test-method> <!-- TZPStammGNTest -->
        <test-method signature="TZPStammGNTest(java.lang.String, java.lang.String, java.lang.String, java.lang.String, java.lang.String, java.lang.String, java.lang.String, java.lang.String, java.lang.String, java.lang.String, java.lang.String, java.lang.String, java.lang.String, java.lang.String, java.lang.String, java.lang.String, java.lang.String, java.lang.String, java.lang.String, java.lang.String, java.lang.String, java.lang.String, java.lang.String, java.lang.String, java.lang.String, java.lang.String, java.lang.String, java.lang.String, java.lang.String, java.lang.String, java.lang.String, java.lang.String, java.lang.String, java.lang.String)[pri:0, instance:TopZinsPortal.TZPStammGN@12468a38]" started-at="2021-01-07T13:59:27 CET" name="TZPStammGNTest" data-provider="TZPStammGN" finished-at="2021-01-07T13:59:27 CET" duration-ms="1" status="PASS">
          <params>
            <param index="0">
              <value>
                <![CDATA[TZStammGN-TF-004]]>
              </value>
            </param>
            <param index="1">
              <value>
                <![CDATA[Nein]]>
              </value>
            </param>
            <param index="2">
              <value>
                <![CDATA[BHDR-GN-DGSVO@forsa-gmbh.de]]>
              </value>
            </param>
            <param index="3">
              <value>
                <![CDATA[Test12345!]]>
              </value>
            </param>
            <param index="4">
              <value>
                <![CDATA[BHDR-GN-DGSVO]]>
              </value>
            </param>
            <param index="5">
              <value>
                <![CDATA[54930084UKLVMY22DS16]]>
              </value>
            </param>
            <param index="6">
              <value>
                <![CDATA[Deutschland]]>
              </value>
            </param>
            <param index="7">
              <value>
                <![CDATA[www.google.de]]>
              </value>
            </param>
            <param index="8">
              <value>
                <![CDATA[BHDR-GN-DGSVO@forsa-gmbh.de]]>
              </value>
            </param>
            <param index="9">
              <value>
                <![CDATA[Am Großen Garten]]>
              </value>
            </param>
            <param index="10">
              <value>
                <![CDATA[12 d]]>
              </value>
            </param>
            <param index="11">
              <value>
                <![CDATA[65207]]>
              </value>
            </param>
            <param index="12">
              <value>
                <![CDATA[Wiesbaden]]>
              </value>
            </param>
            <param index="13">
              <value>
                <![CDATA[Adresszusatz]]>
              </value>
            </param>
            <param index="14">
              <value>
                <![CDATA[Ing Diba]]>
              </value>
            </param>
            <param index="15">
              <value>
                <![CDATA[INGDDEFFXXX]]>
              </value>
            </param>
            <param index="16">
              <value>
                <![CDATA[DE02500105170137075030 ]]>
              </value>
            </param>
            <param index="17">
              <value>
                <![CDATA[BHDR-GN-DGSVO]]>
              </value>
            </param>
            <param index="18">
              <value>
                <![CDATA[Frau]]>
              </value>
            </param>
            <param index="19">
              <value>
                <![CDATA[Lidiia]]>
              </value>
            </param>
            <param index="20">
              <value>
                <![CDATA[06112787484]]>
              </value>
            </param>
            <param index="21">
              <value>
                <![CDATA[Prof.Dr.]]>
              </value>
            </param>
            <param index="22">
              <value>
                <![CDATA[Ananchenko]]>
              </value>
            </param>
            <param index="23">
              <value>
                <![CDATA[BHDR-GN-DGSVO@forsa-gmbh.de]]>
              </value>
            </param>
            <param index="24">
              <value>
                <![CDATA[Private Banken]]>
              </value>
            </param>
            <param index="25">
              <value>
                <![CDATA[100000]]>
              </value>
            </param>
            <param index="26">
              <value>
                <![CDATA[10000]]>
              </value>
            </param>
            <param index="27">
              <value>
                <![CDATA[1000000000]]>
              </value>
            </param>
            <param index="28">
              <value>
                <![CDATA[Moody\'s]]>
              </value>
            </param>
            <param index="29">
              <value>
                <![CDATA[Aaa]]>
              </value>
            </param>
            <param index="30">
              <value>
                <![CDATA[S&P]]>
              </value>
            </param>
            <param index="31">
              <value>
                <![CDATA[AAA]]>
              </value>
            </param>
            <param index="32">
              <value>
                <![CDATA[Dieses Feld ist prefilled und ist nicht editierbar]]>
              </value>
            </param>
            <param index="33">
              <value>
                <![CDATA[01.01.1990]]>
              </value>
            </param>
          </params>
          <reporter-output>
          </reporter-output>
        </test-method> <!-- TZPStammGNTest -->
        <test-method signature="TZPStammGNTest(java.lang.String, java.lang.String, java.lang.String, java.lang.String, java.lang.String, java.lang.String, java.lang.String, java.lang.String, java.lang.String, java.lang.String, java.lang.String, java.lang.String, java.lang.String, java.lang.String, java.lang.String, java.lang.String, java.lang.String, java.lang.String, java.lang.String, java.lang.String, java.lang.String, java.lang.String, java.lang.String, java.lang.String, java.lang.String, java.lang.String, java.lang.String, java.lang.String, java.lang.String, java.lang.String, java.lang.String, java.lang.String, java.lang.String, java.lang.String)[pri:0, instance:TopZinsPortal.TZPStammGN@12468a38]" started-at="2021-01-07T13:59:27 CET" name="TZPStammGNTest" data-provider="TZPStammGN" finished-at="2021-01-07T14:00:27 CET" duration-ms="60044" status="FAIL">
          <params>
            <param index="0">
              <value>
                <![CDATA[TZStammGN-TF-005]]>
              </value>
            </param>
            <param index="1">
              <value>
                <![CDATA[Ja]]>
              </value>
            </param>
            <param index="2">
              <value>
                <![CDATA[BHDR-GN-DatenKomplett@forsa-gmbh.de]]>
              </value>
            </param>
            <param index="3">
              <value>
                <![CDATA[Test12345!]]>
              </value>
            </param>
            <param index="4">
              <value>
                <![CDATA[BHDR-GN-DatenKomplett]]>
              </value>
            </param>
            <param index="5">
              <value>
                <![CDATA[54930084UKLVMY22DS16]]>
              </value>
            </param>
            <param index="6">
              <value>
                <![CDATA[Deutschland]]>
              </value>
            </param>
            <param index="7">
              <value>
                <![CDATA[www.online.de]]>
              </value>
            </param>
            <param index="8">
              <value>
                <![CDATA[BHDR-GN-DatenKomplett@forsa-gmbh.de]]>
              </value>
            </param>
            <param index="9">
              <value>
                <![CDATA[Am Großen Garten]]>
              </value>
            </param>
            <param index="10">
              <value>
                <![CDATA[22-27]]>
              </value>
            </param>
            <param index="11">
              <value>
                <![CDATA[65207]]>
              </value>
            </param>
            <param index="12">
              <value>
                <![CDATA[Köln]]>
              </value>
            </param>
            <param index="13">
              <value>
                <![CDATA[Adresszusatz]]>
              </value>
            </param>
            <param index="14">
              <value>
                <![CDATA[Ing Diba]]>
              </value>
            </param>
            <param index="15">
              <value>
                <![CDATA[INGDDEFFXXX]]>
              </value>
            </param>
            <param index="16">
              <value>
                <![CDATA[DE02500105170137075030 ]]>
              </value>
            </param>
            <param index="17">
              <value>
                <![CDATA[BHDR-GN-DatenKomplett]]>
              </value>
            </param>
            <param index="18">
              <value>
                <![CDATA[Herr]]>
              </value>
            </param>
            <param index="19">
              <value>
                <![CDATA[Bahadir]]>
              </value>
            </param>
            <param index="20">
              <value>
                <![CDATA[0611-451458]]>
              </value>
            </param>
            <param index="21">
              <value>
                <![CDATA[Prof.Dr.]]>
              </value>
            </param>
            <param index="22">
              <value>
                <![CDATA[Dikmen]]>
              </value>
            </param>
            <param index="23">
              <value>
                <![CDATA[BHDR-GN-DatenKomplett@forsa-gmbh.de]]>
              </value>
            </param>
            <param index="24">
              <value>
                <![CDATA[Private Banken]]>
              </value>
            </param>
            <param index="25">
              <value>
                <![CDATA[200000]]>
              </value>
            </param>
            <param index="26">
              <value>
                <![CDATA[20000]]>
              </value>
            </param>
            <param index="27">
              <value>
                <![CDATA[2000000000]]>
              </value>
            </param>
            <param index="28">
              <value>
                <![CDATA[Fitch]]>
              </value>
            </param>
            <param index="29">
              <value>
                <![CDATA[AAA]]>
              </value>
            </param>
            <param index="30">
              <value>
                <![CDATA[S&P]]>
              </value>
            </param>
            <param index="31">
              <value>
                <![CDATA[AAA]]>
              </value>
            </param>
            <param index="32">
              <value>
                <![CDATA[Dieses Feld ist prefilled und ist nicht editierbar]]>
              </value>
            </param>
            <param index="33">
              <value>
                <![CDATA[23.08.1968]]>
              </value>
            </param>
          </params>
          <exception class="org.openqa.selenium.NoSuchElementException">
            <message>
              <![CDATA[no such element: Unable to locate element: {"method":"xpath","selector":"//span[text()='Hochladen']//ancestor::button[@tabindex='0']"}
  (Session info: chrome=87.0.4280.88)
For documentation on this error, please visit: https://www.seleniumhq.org/exceptions/no_such_element.html
Build info: version: '3.141.59', revision: 'e82be7d358', time: '2018-11-14T08:17:03'
System info: host: 'FORSA-VM31', ip: '10.52.76.82', os.name: 'Windows 10', os.arch: 'amd64', os.version: '10.0', java.version: '15'
Driver info: org.openqa.selenium.chrome.ChromeDriver
Capabilities {acceptInsecureCerts: false, browserName: chrome, browserVersion: 87.0.4280.88, chrome: {chromedriverVersion: 87.0.4280.88 (89e2380a3e36c..., userDataDir: C:\Users\B22E7~1.DIK\AppDat...}, goog:chromeOptions: {debuggerAddress: localhost:52090}, javascriptEnabled: true, networkConnectionEnabled: false, pageLoadStrategy: normal, platform: WINDOWS, platformName: WINDOWS, proxy: Proxy(), setWindowRect: true, strictFileInteractability: false, timeouts: {implicit: 0, pageLoad: 300000, script: 30000}, unhandledPromptBehavior: dismiss and notify, webauthn:virtualAuthenticators: true}
Session ID: ccc9d53da590f1bd8e3a19a2db5573eb
*** Element info: {Using=xpath, value=//span[text()='Hochladen']//ancestor::button[@tabindex='0']}]]>
            </message>
            <full-stacktrace>
              <![CDATA[org.openqa.selenium.NoSuchElementException: no such element: Unable to locate element: {"method":"xpath","selector":"//span[text()='Hochladen']//ancestor::button[@tabindex='0']"}
  (Session info: chrome=87.0.4280.88)
For documentation on this error, please visit: https://www.seleniumhq.org/exceptions/no_such_element.html
Build info: version: '3.141.59', revision: 'e82be7d358', time: '2018-11-14T08:17:03'
System info: host: 'FORSA-VM31', ip: '10.52.76.82', os.name: 'Windows 10', os.arch: 'amd64', os.version: '10.0', java.version: '15'
Driver info: org.openqa.selenium.chrome.ChromeDriver
Capabilities {acceptInsecureCerts: false, browserName: chrome, browserVersion: 87.0.4280.88, chrome: {chromedriverVersion: 87.0.4280.88 (89e2380a3e36c..., userDataDir: C:\Users\B22E7~1.DIK\AppDat...}, goog:chromeOptions: {debuggerAddress: localhost:52090}, javascriptEnabled: true, networkConnectionEnabled: false, pageLoadStrategy: normal, platform: WINDOWS, platformName: WINDOWS, proxy: Proxy(), setWindowRect: true, strictFileInteractability: false, timeouts: {implicit: 0, pageLoad: 300000, script: 30000}, unhandledPromptBehavior: dismiss and notify, webauthn:virtualAuthenticators: true}
Session ID: ccc9d53da590f1bd8e3a19a2db5573eb
*** Element info: {Using=xpath, value=//span[text()='Hochladen']//ancestor::button[@tabindex='0']}
at java.base/jdk.internal.reflect.NativeConstructorAccessorImpl.newInstance0(Native Method)
at java.base/jdk.internal.reflect.NativeConstructorAccessorImpl.newInstance(NativeConstructorAccessorImpl.java:64)
at java.base/jdk.internal.reflect.DelegatingConstructorAccessorImpl.newInstance(DelegatingConstructorAccessorImpl.java:45)
at java.base/java.lang.reflect.Constructor.newInstanceWithCaller(Constructor.java:500)
at java.base/java.lang.reflect.Constructor.newInstance(Constructor.java:481)
at org.openqa.selenium.remote.http.W3CHttpResponseCodec.createException(W3CHttpResponseCodec.java:187)
at org.openqa.selenium.remote.http.W3CHttpResponseCodec.decode(W3CHttpResponseCodec.java:122)
at org.openqa.selenium.remote.http.W3CHttpResponseCodec.decode(W3CHttpResponseCodec.java:49)
at org.openqa.selenium.remote.HttpCommandExecutor.execute(HttpCommandExecutor.java:158)
at org.openqa.selenium.remote.service.DriverCommandExecutor.execute(DriverCommandExecutor.java:83)
at org.openqa.selenium.remote.RemoteWebDriver.execute(RemoteWebDriver.java:552)
at org.openqa.selenium.remote.RemoteWebDriver.findElement(RemoteWebDriver.java:323)
at org.openqa.selenium.remote.RemoteWebDriver.findElementByXPath(RemoteWebDriver.java:428)
at org.openqa.selenium.By$ByXPath.findElement(By.java:353)
at org.openqa.selenium.remote.RemoteWebDriver.findElement(RemoteWebDriver.java:315)
at TopZinsPortal.TZPStammGN.TZPStammGNTest(TZPStammGN.java:330)
at java.base/jdk.internal.reflect.NativeMethodAccessorImpl.invoke0(Native Method)
at java.base/jdk.internal.reflect.NativeMethodAccessorImpl.invoke(NativeMethodAccessorImpl.java:64)
at java.base/jdk.internal.reflect.DelegatingMethodAccessorImpl.invoke(DelegatingMethodAccessorImpl.java:43)
at java.base/java.lang.reflect.Method.invoke(Method.java:564)
at org.testng.internal.MethodInvocationHelper.invokeMethod(MethodInvocationHelper.java:132)
at org.testng.internal.TestInvoker.invokeMethod(TestInvoker.java:599)
at org.testng.internal.TestInvoker.invokeTestMethod(TestInvoker.java:174)
at org.testng.internal.MethodRunner.runInSequence(MethodRunner.java:46)
at org.testng.internal.TestInvoker$MethodInvocationAgent.invoke(TestInvoker.java:822)
at org.testng.internal.TestInvoker.invokeTestMethods(TestInvoker.java:147)
at org.testng.internal.TestMethodWorker.invokeTestMethods(TestMethodWorker.java:146)
at org.testng.internal.TestMethodWorker.run(TestMethodWorker.java:128)
at java.base/java.util.ArrayList.forEach(ArrayList.java:1511)
at org.testng.TestRunner.privateRun(TestRunner.java:764)
at org.testng.TestRunner.run(TestRunner.java:585)
at org.testng.SuiteRunner.runTest(SuiteRunner.java:384)
at org.testng.SuiteRunner.runSequentially(SuiteRunner.java:378)
at org.testng.SuiteRunner.privateRun(SuiteRunner.java:337)
at org.testng.SuiteRunner.run(SuiteRunner.java:286)
at org.testng.SuiteRunnerWorker.runSuite(SuiteRunnerWorker.java:53)
at org.testng.SuiteRunnerWorker.run(SuiteRunnerWorker.java:96)
at org.testng.TestNG.runSuitesSequentially(TestNG.java:1218)
at org.testng.TestNG.runSuitesLocally(TestNG.java:1140)
at org.testng.TestNG.runSuites(TestNG.java:1069)
at org.testng.TestNG.run(TestNG.java:1037)
at org.testng.remote.AbstractRemoteTestNG.run(AbstractRemoteTestNG.java:115)
at org.testng.remote.RemoteTestNG.initAndRun(RemoteTestNG.java:251)
at org.testng.remote.RemoteTestNG.main(RemoteTestNG.java:77)
]]>
            </full-stacktrace>
          </exception> <!-- org.openqa.selenium.NoSuchElementException -->
          <reporter-output>
          </reporter-output>
        </test-method> <!-- TZPStammGNTest -->
        <test-method signature="TZPStammGNTest(java.lang.String, java.lang.String, java.lang.String, java.lang.String, java.lang.String, java.lang.String, java.lang.String, java.lang.String, java.lang.String, java.lang.String, java.lang.String, java.lang.String, java.lang.String, java.lang.String, java.lang.String, java.lang.String, java.lang.String, java.lang.String, java.lang.String, java.lang.String, java.lang.String, java.lang.String, java.lang.String, java.lang.String, java.lang.String, java.lang.String, java.lang.String, java.lang.String, java.lang.String, java.lang.String, java.lang.String, java.lang.String, java.lang.String, java.lang.String)[pri:0, instance:TopZinsPortal.TZPStammGN@12468a38]" started-at="2021-01-07T14:00:27 CET" name="TZPStammGNTest" data-provider="TZPStammGN" finished-at="2021-01-07T14:00:30 CET" duration-ms="2221" status="FAIL">
          <params>
            <param index="0">
              <value>
                <![CDATA[TZStammGN-TF-006]]>
              </value>
            </param>
            <param index="1">
              <value>
                <![CDATA[Ja]]>
              </value>
            </param>
            <param index="2">
              <value>
                <![CDATA[BHDR-GN-Handel@forsa-gmbh.de]]>
              </value>
            </param>
            <param index="3">
              <value>
                <![CDATA[Test12345!]]>
              </value>
            </param>
            <param index="4">
              <value>
                <![CDATA[BHDR-GN-Handel]]>
              </value>
            </param>
            <param index="5">
              <value>
                <![CDATA[54930084UKLVMY22DS16]]>
              </value>
            </param>
            <param index="6">
              <value>
                <![CDATA[Deutschland]]>
              </value>
            </param>
            <param index="7">
              <value>
                <![CDATA[www.forsa.de]]>
              </value>
            </param>
            <param index="8">
              <value>
                <![CDATA[BHDR-GN-Handel@forsa-gmbh.de]]>
              </value>
            </param>
            <param index="9">
              <value>
                <![CDATA[Am Großen Garten]]>
              </value>
            </param>
            <param index="10">
              <value>
                <![CDATA[389]]>
              </value>
            </param>
            <param index="11">
              <value>
                <![CDATA[12345]]>
              </value>
            </param>
            <param index="12">
              <value>
                <![CDATA[Frankfurt]]>
              </value>
            </param>
            <param index="13">
              <value>
                <![CDATA[Adresszusatz]]>
              </value>
            </param>
            <param index="14">
              <value>
                <![CDATA[Ing Diba]]>
              </value>
            </param>
            <param index="15">
              <value>
                <![CDATA[INGDDEFFXXX]]>
              </value>
            </param>
            <param index="16">
              <value>
                <![CDATA[DE02500105170137075030 ]]>
              </value>
            </param>
            <param index="17">
              <value>
                <![CDATA[BHDR-GN-Handel]]>
              </value>
            </param>
            <param index="18">
              <value>
                <![CDATA[Herr]]>
              </value>
            </param>
            <param index="19">
              <value>
                <![CDATA[Bahadir]]>
              </value>
            </param>
            <param index="20">
              <value>
                <![CDATA[0611-451458]]>
              </value>
            </param>
            <param index="21">
              <value>
                <![CDATA[Prof.Dr.]]>
              </value>
            </param>
            <param index="22">
              <value>
                <![CDATA[Dikmen]]>
              </value>
            </param>
            <param index="23">
              <value>
                <![CDATA[BHDR-GN-Handel@forsa-gmbh.de]]>
              </value>
            </param>
            <param index="24">
              <value>
                <![CDATA[Private Banken]]>
              </value>
            </param>
            <param index="25">
              <value>
                <![CDATA[300000]]>
              </value>
            </param>
            <param index="26">
              <value>
                <![CDATA[30000]]>
              </value>
            </param>
            <param index="27">
              <value>
                <![CDATA[3000000000]]>
              </value>
            </param>
            <param index="28">
              <value>
                <![CDATA[ICV]]>
              </value>
            </param>
            <param index="29">
              <value>
                <![CDATA[AAA]]>
              </value>
            </param>
            <param index="30">
              <value>
                <![CDATA[S&P]]>
              </value>
            </param>
            <param index="31">
              <value>
                <![CDATA[AAA]]>
              </value>
            </param>
            <param index="32">
              <value>
                <![CDATA[Dieses Feld ist prefilled und ist nicht editierbar]]>
              </value>
            </param>
            <param index="33">
              <value>
                <![CDATA[23.08.1968]]>
              </value>
            </param>
          </params>
          <exception class="org.openqa.selenium.ElementClickInterceptedException">
            <message>
              <![CDATA[element click intercepted: Element <input aria-invalid="false" name="email" type="text" data-test="email-input" class="MuiInputBase-input MuiOutlinedInput-input" value=""> is not clickable at point (464, 217). Other element would receive the click: <div class="MuiDialog-container MuiDialog-scrollPaper" role="none presentation" tabindex="-1" style="opacity: 1; transition: opacity 225ms cubic-bezier(0.4, 0, 0.2, 1) 0ms;">...</div>
  (Session info: chrome=87.0.4280.88)
Build info: version: '3.141.59', revision: 'e82be7d358', time: '2018-11-14T08:17:03'
System info: host: 'FORSA-VM31', ip: '10.52.76.82', os.name: 'Windows 10', os.arch: 'amd64', os.version: '10.0', java.version: '15'
Driver info: org.openqa.selenium.chrome.ChromeDriver
Capabilities {acceptInsecureCerts: false, browserName: chrome, browserVersion: 87.0.4280.88, chrome: {chromedriverVersion: 87.0.4280.88 (89e2380a3e36c..., userDataDir: C:\Users\B22E7~1.DIK\AppDat...}, goog:chromeOptions: {debuggerAddress: localhost:52090}, javascriptEnabled: true, networkConnectionEnabled: false, pageLoadStrategy: normal, platform: WINDOWS, platformName: WINDOWS, proxy: Proxy(), setWindowRect: true, strictFileInteractability: false, timeouts: {implicit: 0, pageLoad: 300000, script: 30000}, unhandledPromptBehavior: dismiss and notify, webauthn:virtualAuthenticators: true}
Session ID: ccc9d53da590f1bd8e3a19a2db5573eb]]>
            </message>
            <full-stacktrace>
              <![CDATA[org.openqa.selenium.ElementClickInterceptedException: element click intercepted: Element <input aria-invalid="false" name="email" type="text" data-test="email-input" class="MuiInputBase-input MuiOutlinedInput-input" value=""> is not clickable at point (464, 217). Other element would receive the click: <div class="MuiDialog-container MuiDialog-scrollPaper" role="none presentation" tabindex="-1" style="opacity: 1; transition: opacity 225ms cubic-bezier(0.4, 0, 0.2, 1) 0ms;">...</div>
  (Session info: chrome=87.0.4280.88)
Build info: version: '3.141.59', revision: 'e82be7d358', time: '2018-11-14T08:17:03'
System info: host: 'FORSA-VM31', ip: '10.52.76.82', os.name: 'Windows 10', os.arch: 'amd64', os.version: '10.0', java.version: '15'
Driver info: org.openqa.selenium.chrome.ChromeDriver
Capabilities {acceptInsecureCerts: false, browserName: chrome, browserVersion: 87.0.4280.88, chrome: {chromedriverVersion: 87.0.4280.88 (89e2380a3e36c..., userDataDir: C:\Users\B22E7~1.DIK\AppDat...}, goog:chromeOptions: {debuggerAddress: localhost:52090}, javascriptEnabled: true, networkConnectionEnabled: false, pageLoadStrategy: normal, platform: WINDOWS, platformName: WINDOWS, proxy: Proxy(), setWindowRect: true, strictFileInteractability: false, timeouts: {implicit: 0, pageLoad: 300000, script: 30000}, unhandledPromptBehavior: dismiss and notify, webauthn:virtualAuthenticators: true}
Session ID: ccc9d53da590f1bd8e3a19a2db5573eb
at java.base/jdk.internal.reflect.NativeConstructorAccessorImpl.newInstance0(Native Method)
at java.base/jdk.internal.reflect.NativeConstructorAccessorImpl.newInstance(NativeConstructorAccessorImpl.java:64)
at java.base/jdk.internal.reflect.DelegatingConstructorAccessorImpl.newInstance(DelegatingConstructorAccessorImpl.java:45)
at java.base/java.lang.reflect.Constructor.newInstanceWithCaller(Constructor.java:500)
at java.base/java.lang.reflect.Constructor.newInstance(Constructor.java:481)
at org.openqa.selenium.remote.http.W3CHttpResponseCodec.createException(W3CHttpResponseCodec.java:187)
at org.openqa.selenium.remote.http.W3CHttpResponseCodec.decode(W3CHttpResponseCodec.java:122)
at org.openqa.selenium.remote.http.W3CHttpResponseCodec.decode(W3CHttpResponseCodec.java:49)
at org.openqa.selenium.remote.HttpCommandExecutor.execute(HttpCommandExecutor.java:158)
at org.openqa.selenium.remote.service.DriverCommandExecutor.execute(DriverCommandExecutor.java:83)
at org.openqa.selenium.remote.RemoteWebDriver.execute(RemoteWebDriver.java:552)
at org.openqa.selenium.remote.RemoteWebElement.execute(RemoteWebElement.java:285)
at org.openqa.selenium.remote.RemoteWebElement.click(RemoteWebElement.java:84)
at Utils.SeleniumUtils.InputText(SeleniumUtils.java:31)
at TopZinsPortal.TZPStammGN.TZPStammGNTest(TZPStammGN.java:159)
at java.base/jdk.internal.reflect.NativeMethodAccessorImpl.invoke0(Native Method)
at java.base/jdk.internal.reflect.NativeMethodAccessorImpl.invoke(NativeMethodAccessorImpl.java:64)
at java.base/jdk.internal.reflect.DelegatingMethodAccessorImpl.invoke(DelegatingMethodAccessorImpl.java:43)
at java.base/java.lang.reflect.Method.invoke(Method.java:564)
at org.testng.internal.MethodInvocationHelper.invokeMethod(MethodInvocationHelper.java:132)
at org.testng.internal.TestInvoker.invokeMethod(TestInvoker.java:599)
at org.testng.internal.TestInvoker.invokeTestMethod(TestInvoker.java:174)
at org.testng.internal.MethodRunner.runInSequence(MethodRunner.java:46)
at org.testng.internal.TestInvoker$MethodInvocationAgent.invoke(TestInvoker.java:822)
at org.testng.internal.TestInvoker.invokeTestMethods(TestInvoker.java:147)
at org.testng.internal.TestMethodWorker.invokeTestMethods(TestMethodWorker.java:146)
at org.testng.internal.TestMethodWorker.run(TestMethodWorker.java:128)
at java.base/java.util.ArrayList.forEach(ArrayList.java:1511)
at org.testng.TestRunner.privateRun(TestRunner.java:764)
at org.testng.TestRunner.run(TestRunner.java:585)
at org.testng.SuiteRunner.runTest(SuiteRunner.java:384)
at org.testng.SuiteRunner.runSequentially(SuiteRunner.java:378)
at org.testng.SuiteRunner.privateRun(SuiteRunner.java:337)
at org.testng.SuiteRunner.run(SuiteRunner.java:286)
at org.testng.SuiteRunnerWorker.runSuite(SuiteRunnerWorker.java:53)
at org.testng.SuiteRunnerWorker.run(SuiteRunnerWorker.java:96)
at org.testng.TestNG.runSuitesSequentially(TestNG.java:1218)
at org.testng.TestNG.runSuitesLocally(TestNG.java:1140)
at org.testng.TestNG.runSuites(TestNG.java:1069)
at org.testng.TestNG.run(TestNG.java:1037)
at org.testng.remote.AbstractRemoteTestNG.run(AbstractRemoteTestNG.java:115)
at org.testng.remote.RemoteTestNG.initAndRun(RemoteTestNG.java:251)
at org.testng.remote.RemoteTestNG.main(RemoteTestNG.java:77)
]]>
            </full-stacktrace>
          </exception> <!-- org.openqa.selenium.ElementClickInterceptedException -->
          <reporter-output>
          </reporter-output>
        </test-method> <!-- TZPStammGNTest -->
        <test-method signature="TZPStammGNTest(java.lang.String, java.lang.String, java.lang.String, java.lang.String, java.lang.String, java.lang.String, java.lang.String, java.lang.String, java.lang.String, java.lang.String, java.lang.String, java.lang.String, java.lang.String, java.lang.String, java.lang.String, java.lang.String, java.lang.String, java.lang.String, java.lang.String, java.lang.String, java.lang.String, java.lang.String, java.lang.String, java.lang.String, java.lang.String, java.lang.String, java.lang.String, java.lang.String, java.lang.String, java.lang.String, java.lang.String, java.lang.String, java.lang.String, java.lang.String)[pri:0, instance:TopZinsPortal.TZPStammGN@12468a38]" started-at="2021-01-07T14:00:30 CET" name="TZPStammGNTest" data-provider="TZPStammGN" finished-at="2021-01-07T14:00:32 CET" duration-ms="1984" status="FAIL">
          <params>
            <param index="0">
              <value>
                <![CDATA[TZStammGN-TF-007]]>
              </value>
            </param>
            <param index="1">
              <value>
                <![CDATA[Ja]]>
              </value>
            </param>
            <param index="2">
              <value>
                <![CDATA[Burk-GN-DatenKomplett@forsa-gmbh.de]]>
              </value>
            </param>
            <param index="3">
              <value>
                <![CDATA[Test12345!]]>
              </value>
            </param>
            <param index="4">
              <value>
                <![CDATA[Burk-GN-DatenKomplett]]>
              </value>
            </param>
            <param index="5">
              <value>
                <![CDATA[54930084UKLVMY22DS16]]>
              </value>
            </param>
            <param index="6">
              <value>
                <![CDATA[Deutschland]]>
              </value>
            </param>
            <param index="7">
              <value>
                <![CDATA[www.forsa.de]]>
              </value>
            </param>
            <param index="8">
              <value>
                <![CDATA[Burk-GN-DatenKomplett@forsa-gmbh.de]]>
              </value>
            </param>
            <param index="9">
              <value>
                <![CDATA[Am Großen Garten]]>
              </value>
            </param>
            <param index="10">
              <value>
                <![CDATA[22-27]]>
              </value>
            </param>
            <param index="11">
              <value>
                <![CDATA[65207]]>
              </value>
            </param>
            <param index="12">
              <value>
                <![CDATA[Köln]]>
              </value>
            </param>
            <param index="13">
              <value>
                <![CDATA[Adresszusatz]]>
              </value>
            </param>
            <param index="14">
              <value>
                <![CDATA[Ing Diba]]>
              </value>
            </param>
            <param index="15">
              <value>
                <![CDATA[INGDDEFFXXX]]>
              </value>
            </param>
            <param index="16">
              <value>
                <![CDATA[DE02500105170137075030 ]]>
              </value>
            </param>
            <param index="17">
              <value>
                <![CDATA[Burk-GN-DatenKomplett]]>
              </value>
            </param>
            <param index="18">
              <value>
                <![CDATA[Herr]]>
              </value>
            </param>
            <param index="19">
              <value>
                <![CDATA[Burkhard]]>
              </value>
            </param>
            <param index="20">
              <value>
                <![CDATA[0611-451458]]>
              </value>
            </param>
            <param index="21">
              <value>
                <![CDATA[Prof.Dr.]]>
              </value>
            </param>
            <param index="22">
              <value>
                <![CDATA[Sturm]]>
              </value>
            </param>
            <param index="23">
              <value>
                <![CDATA[Burk-GN-DatenKomplett@forsa-gmbh.de]]>
              </value>
            </param>
            <param index="24">
              <value>
                <![CDATA[Private Banken]]>
              </value>
            </param>
            <param index="25">
              <value>
                <![CDATA[200000]]>
              </value>
            </param>
            <param index="26">
              <value>
                <![CDATA[20000]]>
              </value>
            </param>
            <param index="27">
              <value>
                <![CDATA[2000000000]]>
              </value>
            </param>
            <param index="28">
              <value>
                <![CDATA[Fitch]]>
              </value>
            </param>
            <param index="29">
              <value>
                <![CDATA[AAA]]>
              </value>
            </param>
            <param index="30">
              <value>
                <![CDATA[S&P]]>
              </value>
            </param>
            <param index="31">
              <value>
                <![CDATA[AAA]]>
              </value>
            </param>
            <param index="32">
              <value>
                <![CDATA[Dieses Feld ist prefilled und ist nicht editierbar]]>
              </value>
            </param>
            <param index="33">
              <value>
                <![CDATA[01.01.1990]]>
              </value>
            </param>
          </params>
          <exception class="org.openqa.selenium.ElementClickInterceptedException">
            <message>
              <![CDATA[element click intercepted: Element <input aria-invalid="false" name="email" type="text" data-test="email-input" class="MuiInputBase-input MuiOutlinedInput-input" value=""> is not clickable at point (464, 217). Other element would receive the click: <div class="MuiDialog-container MuiDialog-scrollPaper" role="none presentation" tabindex="-1" style="opacity: 1; transition: opacity 225ms cubic-bezier(0.4, 0, 0.2, 1) 0ms;">...</div>
  (Session info: chrome=87.0.4280.88)
Build info: version: '3.141.59', revision: 'e82be7d358', time: '2018-11-14T08:17:03'
System info: host: 'FORSA-VM31', ip: '10.52.76.82', os.name: 'Windows 10', os.arch: 'amd64', os.version: '10.0', java.version: '15'
Driver info: org.openqa.selenium.chrome.ChromeDriver
Capabilities {acceptInsecureCerts: false, browserName: chrome, browserVersion: 87.0.4280.88, chrome: {chromedriverVersion: 87.0.4280.88 (89e2380a3e36c..., userDataDir: C:\Users\B22E7~1.DIK\AppDat...}, goog:chromeOptions: {debuggerAddress: localhost:52090}, javascriptEnabled: true, networkConnectionEnabled: false, pageLoadStrategy: normal, platform: WINDOWS, platformName: WINDOWS, proxy: Proxy(), setWindowRect: true, strictFileInteractability: false, timeouts: {implicit: 0, pageLoad: 300000, script: 30000}, unhandledPromptBehavior: dismiss and notify, webauthn:virtualAuthenticators: true}
Session ID: ccc9d53da590f1bd8e3a19a2db5573eb]]>
            </message>
            <full-stacktrace>
              <![CDATA[org.openqa.selenium.ElementClickInterceptedException: element click intercepted: Element <input aria-invalid="false" name="email" type="text" data-test="email-input" class="MuiInputBase-input MuiOutlinedInput-input" value=""> is not clickable at point (464, 217). Other element would receive the click: <div class="MuiDialog-container MuiDialog-scrollPaper" role="none presentation" tabindex="-1" style="opacity: 1; transition: opacity 225ms cubic-bezier(0.4, 0, 0.2, 1) 0ms;">...</div>
  (Session info: chrome=87.0.4280.88)
Build info: version: '3.141.59', revision: 'e82be7d358', time: '2018-11-14T08:17:03'
System info: host: 'FORSA-VM31', ip: '10.52.76.82', os.name: 'Windows 10', os.arch: 'amd64', os.version: '10.0', java.version: '15'
Driver info: org.openqa.selenium.chrome.ChromeDriver
Capabilities {acceptInsecureCerts: false, browserName: chrome, browserVersion: 87.0.4280.88, chrome: {chromedriverVersion: 87.0.4280.88 (89e2380a3e36c..., userDataDir: C:\Users\B22E7~1.DIK\AppDat...}, goog:chromeOptions: {debuggerAddress: localhost:52090}, javascriptEnabled: true, networkConnectionEnabled: false, pageLoadStrategy: normal, platform: WINDOWS, platformName: WINDOWS, proxy: Proxy(), setWindowRect: true, strictFileInteractability: false, timeouts: {implicit: 0, pageLoad: 300000, script: 30000}, unhandledPromptBehavior: dismiss and notify, webauthn:virtualAuthenticators: true}
Session ID: ccc9d53da590f1bd8e3a19a2db5573eb
at java.base/jdk.internal.reflect.NativeConstructorAccessorImpl.newInstance0(Native Method)
at java.base/jdk.internal.reflect.NativeConstructorAccessorImpl.newInstance(NativeConstructorAccessorImpl.java:64)
at java.base/jdk.internal.reflect.DelegatingConstructorAccessorImpl.newInstance(DelegatingConstructorAccessorImpl.java:45)
at java.base/java.lang.reflect.Constructor.newInstanceWithCaller(Constructor.java:500)
at java.base/java.lang.reflect.Constructor.newInstance(Constructor.java:481)
at org.openqa.selenium.remote.http.W3CHttpResponseCodec.createException(W3CHttpResponseCodec.java:187)
at org.openqa.selenium.remote.http.W3CHttpResponseCodec.decode(W3CHttpResponseCodec.java:122)
at org.openqa.selenium.remote.http.W3CHttpResponseCodec.decode(W3CHttpResponseCodec.java:49)
at org.openqa.selenium.remote.HttpCommandExecutor.execute(HttpCommandExecutor.java:158)
at org.openqa.selenium.remote.service.DriverCommandExecutor.execute(DriverCommandExecutor.java:83)
at org.openqa.selenium.remote.RemoteWebDriver.execute(RemoteWebDriver.java:552)
at org.openqa.selenium.remote.RemoteWebElement.execute(RemoteWebElement.java:285)
at org.openqa.selenium.remote.RemoteWebElement.click(RemoteWebElement.java:84)
at Utils.SeleniumUtils.InputText(SeleniumUtils.java:31)
at TopZinsPortal.TZPStammGN.TZPStammGNTest(TZPStammGN.java:159)
at java.base/jdk.internal.reflect.NativeMethodAccessorImpl.invoke0(Native Method)
at java.base/jdk.internal.reflect.NativeMethodAccessorImpl.invoke(NativeMethodAccessorImpl.java:64)
at java.base/jdk.internal.reflect.DelegatingMethodAccessorImpl.invoke(DelegatingMethodAccessorImpl.java:43)
at java.base/java.lang.reflect.Method.invoke(Method.java:564)
at org.testng.internal.MethodInvocationHelper.invokeMethod(MethodInvocationHelper.java:132)
at org.testng.internal.TestInvoker.invokeMethod(TestInvoker.java:599)
at org.testng.internal.TestInvoker.invokeTestMethod(TestInvoker.java:174)
at org.testng.internal.MethodRunner.runInSequence(MethodRunner.java:46)
at org.testng.internal.TestInvoker$MethodInvocationAgent.invoke(TestInvoker.java:822)
at org.testng.internal.TestInvoker.invokeTestMethods(TestInvoker.java:147)
at org.testng.internal.TestMethodWorker.invokeTestMethods(TestMethodWorker.java:146)
at org.testng.internal.TestMethodWorker.run(TestMethodWorker.java:128)
at java.base/java.util.ArrayList.forEach(ArrayList.java:1511)
at org.testng.TestRunner.privateRun(TestRunner.java:764)
at org.testng.TestRunner.run(TestRunner.java:585)
at org.testng.SuiteRunner.runTest(SuiteRunner.java:384)
at org.testng.SuiteRunner.runSequentially(SuiteRunner.java:378)
at org.testng.SuiteRunner.privateRun(SuiteRunner.java:337)
at org.testng.SuiteRunner.run(SuiteRunner.java:286)
at org.testng.SuiteRunnerWorker.runSuite(SuiteRunnerWorker.java:53)
at org.testng.SuiteRunnerWorker.run(SuiteRunnerWorker.java:96)
at org.testng.TestNG.runSuitesSequentially(TestNG.java:1218)
at org.testng.TestNG.runSuitesLocally(TestNG.java:1140)
at org.testng.TestNG.runSuites(TestNG.java:1069)
at org.testng.TestNG.run(TestNG.java:1037)
at org.testng.remote.AbstractRemoteTestNG.run(AbstractRemoteTestNG.java:115)
at org.testng.remote.RemoteTestNG.initAndRun(RemoteTestNG.java:251)
at org.testng.remote.RemoteTestNG.main(RemoteTestNG.java:77)
]]>
            </full-stacktrace>
          </exception> <!-- org.openqa.selenium.ElementClickInterceptedException -->
          <reporter-output>
          </reporter-output>
        </test-method> <!-- TZPStammGNTest -->
        <test-method signature="TZPStammGNTest(java.lang.String, java.lang.String, java.lang.String, java.lang.String, java.lang.String, java.lang.String, java.lang.String, java.lang.String, java.lang.String, java.lang.String, java.lang.String, java.lang.String, java.lang.String, java.lang.String, java.lang.String, java.lang.String, java.lang.String, java.lang.String, java.lang.String, java.lang.String, java.lang.String, java.lang.String, java.lang.String, java.lang.String, java.lang.String, java.lang.String, java.lang.String, java.lang.String, java.lang.String, java.lang.String, java.lang.String, java.lang.String, java.lang.String, java.lang.String)[pri:0, instance:TopZinsPortal.TZPStammGN@12468a38]" started-at="2021-01-07T14:00:32 CET" name="TZPStammGNTest" data-provider="TZPStammGN" finished-at="2021-01-07T14:00:32 CET" duration-ms="871" status="FAIL">
          <params>
            <param index="0">
              <value>
                <![CDATA[TZStammGN-TF-008]]>
              </value>
            </param>
            <param index="1">
              <value>
                <![CDATA[Ja]]>
              </value>
            </param>
            <param index="2">
              <value>
                <![CDATA[Burk-GN-Handel@forsa-gmbh.de]]>
              </value>
            </param>
            <param index="3">
              <value>
                <![CDATA[Test12345!]]>
              </value>
            </param>
            <param index="4">
              <value>
                <![CDATA[Burk-GN-Handel]]>
              </value>
            </param>
            <param index="5">
              <value>
                <![CDATA[54930084UKLVMY22DS16]]>
              </value>
            </param>
            <param index="6">
              <value>
                <![CDATA[Deutschland]]>
              </value>
            </param>
            <param index="7">
              <value>
                <![CDATA[www.forsa.de]]>
              </value>
            </param>
            <param index="8">
              <value>
                <![CDATA[Burk-GN-Handel@forsa-gmbh.de]]>
              </value>
            </param>
            <param index="9">
              <value>
                <![CDATA[Am Großen Garten]]>
              </value>
            </param>
            <param index="10">
              <value>
                <![CDATA[389]]>
              </value>
            </param>
            <param index="11">
              <value>
                <![CDATA[12345]]>
              </value>
            </param>
            <param index="12">
              <value>
                <![CDATA[Frankfurt]]>
              </value>
            </param>
            <param index="13">
              <value>
                <![CDATA[Adresszusatz]]>
              </value>
            </param>
            <param index="14">
              <value>
                <![CDATA[Ing Diba]]>
              </value>
            </param>
            <param index="15">
              <value>
                <![CDATA[INGDDEFFXXX]]>
              </value>
            </param>
            <param index="16">
              <value>
                <![CDATA[DE02500105170137075030 ]]>
              </value>
            </param>
            <param index="17">
              <value>
                <![CDATA[Burk-GN-Handel]]>
              </value>
            </param>
            <param index="18">
              <value>
                <![CDATA[Herr]]>
              </value>
            </param>
            <param index="19">
              <value>
                <![CDATA[Burkhard]]>
              </value>
            </param>
            <param index="20">
              <value>
                <![CDATA[0611-451458]]>
              </value>
            </param>
            <param index="21">
              <value>
                <![CDATA[Prof.Dr.]]>
              </value>
            </param>
            <param index="22">
              <value>
                <![CDATA[Sturm]]>
              </value>
            </param>
            <param index="23">
              <value>
                <![CDATA[Burk-GN-Handel@forsa-gmbh.de]]>
              </value>
            </param>
            <param index="24">
              <value>
                <![CDATA[Private Banken]]>
              </value>
            </param>
            <param index="25">
              <value>
                <![CDATA[300000]]>
              </value>
            </param>
            <param index="26">
              <value>
                <![CDATA[30000]]>
              </value>
            </param>
            <param index="27">
              <value>
                <![CDATA[3000000000]]>
              </value>
            </param>
            <param index="28">
              <value>
                <![CDATA[ICV]]>
              </value>
            </param>
            <param index="29">
              <value>
                <![CDATA[AAA]]>
              </value>
            </param>
            <param index="30">
              <value>
                <![CDATA[S&P]]>
              </value>
            </param>
            <param index="31">
              <value>
                <![CDATA[AAA]]>
              </value>
            </param>
            <param index="32">
              <value>
                <![CDATA[Dieses Feld ist prefilled und ist nicht editierbar]]>
              </value>
            </param>
            <param index="33">
              <value>
                <![CDATA[01.01.1990]]>
              </value>
            </param>
          </params>
          <exception class="org.openqa.selenium.NoSuchWindowException">
            <message>
              <![CDATA[no such window: target window already closed
from unknown error: web view not found
  (Session info: chrome=87.0.4280.88)
Build info: version: '3.141.59', revision: 'e82be7d358', time: '2018-11-14T08:17:03'
System info: host: 'FORSA-VM31', ip: '10.52.76.82', os.name: 'Windows 10', os.arch: 'amd64', os.version: '10.0', java.version: '15'
Driver info: org.openqa.selenium.chrome.ChromeDriver
Capabilities {acceptInsecureCerts: false, browserName: chrome, browserVersion: 87.0.4280.88, chrome: {chromedriverVersion: 87.0.4280.88 (89e2380a3e36c..., userDataDir: C:\Users\B22E7~1.DIK\AppDat...}, goog:chromeOptions: {debuggerAddress: localhost:52090}, javascriptEnabled: true, networkConnectionEnabled: false, pageLoadStrategy: normal, platform: WINDOWS, platformName: WINDOWS, proxy: Proxy(), setWindowRect: true, strictFileInteractability: false, timeouts: {implicit: 0, pageLoad: 300000, script: 30000}, unhandledPromptBehavior: dismiss and notify, webauthn:virtualAuthenticators: true}
Session ID: ccc9d53da590f1bd8e3a19a2db5573eb
*** Element info: {Using=name, value=email}]]>
            </message>
            <full-stacktrace>
              <![CDATA[org.openqa.selenium.NoSuchWindowException: no such window: target window already closed
from unknown error: web view not found
  (Session info: chrome=87.0.4280.88)
Build info: version: '3.141.59', revision: 'e82be7d358', time: '2018-11-14T08:17:03'
System info: host: 'FORSA-VM31', ip: '10.52.76.82', os.name: 'Windows 10', os.arch: 'amd64', os.version: '10.0', java.version: '15'
Driver info: org.openqa.selenium.chrome.ChromeDriver
Capabilities {acceptInsecureCerts: false, browserName: chrome, browserVersion: 87.0.4280.88, chrome: {chromedriverVersion: 87.0.4280.88 (89e2380a3e36c..., userDataDir: C:\Users\B22E7~1.DIK\AppDat...}, goog:chromeOptions: {debuggerAddress: localhost:52090}, javascriptEnabled: true, networkConnectionEnabled: false, pageLoadStrategy: normal, platform: WINDOWS, platformName: WINDOWS, proxy: Proxy(), setWindowRect: true, strictFileInteractability: false, timeouts: {implicit: 0, pageLoad: 300000, script: 30000}, unhandledPromptBehavior: dismiss and notify, webauthn:virtualAuthenticators: true}
Session ID: ccc9d53da590f1bd8e3a19a2db5573eb
*** Element info: {Using=name, value=email}
at java.base/jdk.internal.reflect.NativeConstructorAccessorImpl.newInstance0(Native Method)
at java.base/jdk.internal.reflect.NativeConstructorAccessorImpl.newInstance(NativeConstructorAccessorImpl.java:64)
at java.base/jdk.internal.reflect.DelegatingConstructorAccessorImpl.newInstance(DelegatingConstructorAccessorImpl.java:45)
at java.base/java.lang.reflect.Constructor.newInstanceWithCaller(Constructor.java:500)
at java.base/java.lang.reflect.Constructor.newInstance(Constructor.java:481)
at org.openqa.selenium.remote.http.W3CHttpResponseCodec.createException(W3CHttpResponseCodec.java:187)
at org.openqa.selenium.remote.http.W3CHttpResponseCodec.decode(W3CHttpResponseCodec.java:122)
at org.openqa.selenium.remote.http.W3CHttpResponseCodec.decode(W3CHttpResponseCodec.java:49)
at org.openqa.selenium.remote.HttpCommandExecutor.execute(HttpCommandExecutor.java:158)
at org.openqa.selenium.remote.service.DriverCommandExecutor.execute(DriverCommandExecutor.java:83)
at org.openqa.selenium.remote.RemoteWebDriver.execute(RemoteWebDriver.java:552)
at org.openqa.selenium.remote.RemoteWebDriver.findElement(RemoteWebDriver.java:323)
at org.openqa.selenium.remote.RemoteWebDriver.findElementByName(RemoteWebDriver.java:404)
at org.openqa.selenium.By$ByName.findElement(By.java:284)
at org.openqa.selenium.remote.RemoteWebDriver.findElement(RemoteWebDriver.java:315)
at Utils.SeleniumUtils.InputText(SeleniumUtils.java:31)
at TopZinsPortal.TZPStammGN.TZPStammGNTest(TZPStammGN.java:159)
at java.base/jdk.internal.reflect.NativeMethodAccessorImpl.invoke0(Native Method)
at java.base/jdk.internal.reflect.NativeMethodAccessorImpl.invoke(NativeMethodAccessorImpl.java:64)
at java.base/jdk.internal.reflect.DelegatingMethodAccessorImpl.invoke(DelegatingMethodAccessorImpl.java:43)
at java.base/java.lang.reflect.Method.invoke(Method.java:564)
at org.testng.internal.MethodInvocationHelper.invokeMethod(MethodInvocationHelper.java:132)
at org.testng.internal.TestInvoker.invokeMethod(TestInvoker.java:599)
at org.testng.internal.TestInvoker.invokeTestMethod(TestInvoker.java:174)
at org.testng.internal.MethodRunner.runInSequence(MethodRunner.java:46)
at org.testng.internal.TestInvoker$MethodInvocationAgent.invoke(TestInvoker.java:822)
at org.testng.internal.TestInvoker.invokeTestMethods(TestInvoker.java:147)
at org.testng.internal.TestMethodWorker.invokeTestMethods(TestMethodWorker.java:146)
at org.testng.internal.TestMethodWorker.run(TestMethodWorker.java:128)
at java.base/java.util.ArrayList.forEach(ArrayList.java:1511)
at org.testng.TestRunner.privateRun(TestRunner.java:764)
at org.testng.TestRunner.run(TestRunner.java:585)
at org.testng.SuiteRunner.runTest(SuiteRunner.java:384)
at org.testng.SuiteRunner.runSequentially(SuiteRunner.java:378)
at org.testng.SuiteRunner.privateRun(SuiteRunner.java:337)
at org.testng.SuiteRunner.run(SuiteRunner.java:286)
at org.testng.SuiteRunnerWorker.runSuite(SuiteRunnerWorker.java:53)
at org.testng.SuiteRunnerWorker.run(SuiteRunnerWorker.java:96)
at org.testng.TestNG.runSuitesSequentially(TestNG.java:1218)
at org.testng.TestNG.runSuitesLocally(TestNG.java:1140)
at org.testng.TestNG.runSuites(TestNG.java:1069)
at org.testng.TestNG.run(TestNG.java:1037)
at org.testng.remote.AbstractRemoteTestNG.run(AbstractRemoteTestNG.java:115)
at org.testng.remote.RemoteTestNG.initAndRun(RemoteTestNG.java:251)
at org.testng.remote.RemoteTestNG.main(RemoteTestNG.java:77)
]]>
            </full-stacktrace>
          </exception> <!-- org.openqa.selenium.NoSuchWindowException -->
          <reporter-output>
          </reporter-output>
        </test-method> <!-- TZPStammGNTest -->
        <test-method is-config="true" signature="BrowserTearDown()[pri:0, instance:TopZinsPortal.TZPStammGN@12468a38]" started-at="2021-01-07T14:00:32 CET" name="BrowserTearDown" finished-at="2021-01-07T14:00:37 CET" duration-ms="4246" status="PASS">
          <reporter-output>
          </reporter-output>
        </test-method> <!-- BrowserTearDown -->
      </class> <!-- TopZinsPortal.TZPStammGN -->
    </test> <!-- Default test -->
  </suite> <!-- Default suite -->
</testng-results>
