<?xml version="1.0" encoding="UTF-8"?>
<testng-results ignored="0" total="2" passed="2" failed="0" skipped="0">
  <reporter-output>
  </reporter-output>
  <suite started-at="2020-12-01T13:57:34 CET" name="Default suite" finished-at="2020-12-01T13:58:27 CET" duration-ms="53022">
    <groups>
    </groups>
    <test started-at="2020-12-01T13:57:34 CET" name="Default test" finished-at="2020-12-01T13:58:27 CET" duration-ms="53022">
      <class name="TopZinsPortal.TZPAdminHandelsfreigabe">
        <test-method is-config="true" signature="Setup()[pri:0, instance:TopZinsPortal.TZPAdminHandelsfreigabe@79924b]" started-at="2020-12-01T13:57:34 CET" name="Setup" finished-at="2020-12-01T13:57:45 CET" duration-ms="10731" status="PASS">
          <reporter-output>
          </reporter-output>
        </test-method> <!-- Setup -->
        <test-method signature="TZP_Admin_Handelsfreigabe(java.lang.String, java.lang.String, java.lang.String, java.lang.String, java.lang.String, java.lang.String, java.lang.String)[pri:0, instance:TopZinsPortal.TZPAdminHandelsfreigabe@79924b]" started-at="2020-12-01T13:57:45 CET" name="TZP_Admin_Handelsfreigabe" data-provider="TZPAdminHandelsfreigabe" finished-at="2020-12-01T13:58:24 CET" duration-ms="38690" status="PASS">
          <params>
            <param index="0">
              <value>
                <![CDATA[TZPAdminHandelfreigabe-TF-001]]>
              </value>
            </param>
            <param index="1">
              <value>
                <![CDATA[Ja]]>
              </value>
            </param>
            <param index="2">
              <value>
                <![CDATA[topzins@forsa-gmbh.de]]>
              </value>
            </param>
            <param index="3">
              <value>
                <![CDATA[Test12345!]]>
              </value>
            </param>
            <param index="4">
              <value>
                <![CDATA[BEREIT FÜR HANDELSBERECHTIGUNG]]>
              </value>
            </param>
            <param index="5">
              <value>
                <![CDATA[100]]>
              </value>
            </param>
            <param index="6">
              <value>
                <![CDATA[BHDR-GG-Handel]]>
              </value>
            </param>
          </params>
          <reporter-output>
          </reporter-output>
        </test-method> <!-- TZP_Admin_Handelsfreigabe -->
        <test-method signature="TZP_Admin_Handelsfreigabe(java.lang.String, java.lang.String, java.lang.String, java.lang.String, java.lang.String, java.lang.String, java.lang.String)[pri:0, instance:TopZinsPortal.TZPAdminHandelsfreigabe@79924b]" started-at="2020-12-01T13:58:24 CET" name="TZP_Admin_Handelsfreigabe" data-provider="TZPAdminHandelsfreigabe" finished-at="2020-12-01T13:58:24 CET" duration-ms="1" status="PASS">
          <params>
            <param index="0">
              <value>
                <![CDATA[TZPAdminHandelfreigabe-TF-002]]>
              </value>
            </param>
            <param index="1">
              <value>
                <![CDATA[Nein]]>
              </value>
            </param>
            <param index="2">
              <value>
                <![CDATA[topzins@forsa-gmbh.de]]>
              </value>
            </param>
            <param index="3">
              <value>
                <![CDATA[phaiweighui%Joteghe6]]>
              </value>
            </param>
            <param index="4">
              <value>
                <![CDATA[BEREIT FÜR HANDELSBERECHTIGUNG]]>
              </value>
            </param>
            <param index="5">
              <value>
                <![CDATA[100]]>
              </value>
            </param>
            <param index="6">
              <value>
                <![CDATA[BHDR-GG-Handel]]>
              </value>
            </param>
          </params>
          <reporter-output>
          </reporter-output>
        </test-method> <!-- TZP_Admin_Handelsfreigabe -->
        <test-method is-config="true" signature="tearDown()[pri:0, instance:TopZinsPortal.TZPAdminHandelsfreigabe@79924b]" started-at="2020-12-01T13:58:24 CET" name="tearDown" finished-at="2020-12-01T13:58:27 CET" duration-ms="3432" status="PASS">
          <reporter-output>
          </reporter-output>
        </test-method> <!-- tearDown -->
      </class> <!-- TopZinsPortal.TZPAdminHandelsfreigabe -->
    </test> <!-- Default test -->
  </suite> <!-- Default suite -->
</testng-results>
