<?xml version="1.0" encoding="UTF-8"?>
<testng-results ignored="0" total="3" passed="3" failed="0" skipped="0">
  <reporter-output>
  </reporter-output>
  <suite started-at="2021-02-16T16:13:18 CET" name="TopZinzPortal-Ausschreibung-Ablauftesttest" finished-at="2021-02-16T16:14:52 CET" duration-ms="94002">
    <groups>
    </groups>
    <test started-at="2021-02-16T16:13:18 CET" name="TZP-Ausschreibung Start-GG" finished-at="2021-02-16T16:13:55 CET" duration-ms="37638">
      <class name="TopZinsPortal.TZPTenderStartGG">
        <test-method is-config="true" signature="SetupSeleniumTestdaten(java.lang.String)[pri:0, instance:TopZinsPortal.TZPTenderStartGG@245b4bdc]" started-at="2021-02-16T16:13:18 CET" name="SetupSeleniumTestdaten" finished-at="2021-02-16T16:13:21 CET" duration-ms="2938" status="PASS">
          <params>
            <param index="0">
              <value>
                <![CDATA[Smoketest]]>
              </value>
            </param>
          </params>
          <reporter-output>
          </reporter-output>
        </test-method> <!-- SetupSeleniumTestdaten -->
        <test-method signature="TZPTenderStartGGTest(java.lang.String, java.lang.String, java.lang.String, java.lang.String, java.lang.String, java.lang.String, java.lang.String, java.lang.String, java.lang.String, java.lang.String, java.lang.String, java.lang.String, java.lang.String, java.lang.String, java.lang.String, java.lang.String, java.lang.String, java.lang.String, java.lang.String, java.lang.String, java.lang.String, java.lang.String, java.lang.String, java.lang.String, java.lang.String, java.lang.String, java.lang.String, java.lang.String, java.lang.String, java.lang.String, java.lang.String, java.lang.String, java.lang.String, java.lang.String, java.lang.String, java.lang.String, java.lang.String, java.lang.String, java.lang.String, java.lang.String, java.lang.String)[pri:0, instance:TopZinsPortal.TZPTenderStartGG@245b4bdc]" started-at="2021-02-16T16:13:21 CET" name="TZPTenderStartGGTest" data-provider="TZPTenderStartGG" finished-at="2021-02-16T16:13:51 CET" duration-ms="29964" status="PASS">
          <params>
            <param index="0">
              <value>
                <![CDATA[TZPTenderStartGG-TF-001]]>
              </value>
            </param>
            <param index="1">
              <value>
                <![CDATA[Ja]]>
              </value>
            </param>
            <param index="2">
              <value>
                <![CDATA[BHDR-GG-Handel@Forsa-gmbh.de]]>
              </value>
            </param>
            <param index="3">
              <value>
                <![CDATA[Test12345!]]>
              </value>
            </param>
            <param index="4">
              <value>
                <![CDATA[ActDatum]]>
              </value>
            </param>
            <param index="5">
              <value>
                <![CDATA[18:00]]>
              </value>
            </param>
            <param index="6">
              <value>
                <![CDATA[30/360]]>
              </value>
            </param>
            <param index="7">
              <value>
                <![CDATA[endfällig]]>
              </value>
            </param>
            <param index="8">
              <value>
                <![CDATA[223.400]]>
              </value>
            </param>
            <param index="9">
              <value>
                <![CDATA[ActDatum + 3]]>
              </value>
            </param>
            <param index="10">
              <value>
                <![CDATA[ActDatum + 10]]>
              </value>
            </param>
            <param index="11">
              <value>
                <![CDATA[ActDatum + 20]]>
              </value>
            </param>
            <param index="12">
              <value>
                <![CDATA[ActDatum + 30]]>
              </value>
            </param>
            <param index="13">
              <value>
                <![CDATA[Das ist ein Kommentar]]>
              </value>
            </param>
            <param index="14">
              <value>
                <![CDATA[BHDR-GN-Handel]]>
              </value>
            </param>
            <param index="15">
              <value>
                <![CDATA[BHDR-GN-Handel@Forsa-gmbh.de]]>
              </value>
            </param>
            <param index="16">
              <value>
                <![CDATA[Test12345!]]>
              </value>
            </param>
            <param index="17">
              <value>
                <![CDATA[1]]>
              </value>
            </param>
            <param index="18">
              <value>
                <![CDATA[Test Borrower]]>
              </value>
            </param>
            <param index="19">
              <value>
                <![CDATA[lidaananchenko@ukr.net]]>
              </value>
            </param>
            <param index="20">
              <value>
                <![CDATA[Test12345!]]>
              </value>
            </param>
            <param index="21">
              <value>
                <![CDATA[2]]>
              </value>
            </param>
            <param index="22">
              <value>
                <![CDATA[]]>
              </value>
            </param>
            <param index="23">
              <value>
                <![CDATA[sturm1@forsa-gmbh.de]]>
              </value>
            </param>
            <param index="24">
              <value>
                <![CDATA[Test12345!]]>
              </value>
            </param>
            <param index="25">
              <value>
                <![CDATA[3]]>
              </value>
            </param>
            <param index="26">
              <value>
                <![CDATA[Ja]]>
              </value>
            </param>
            <param index="27">
              <value>
                <![CDATA[Ja]]>
              </value>
            </param>
            <param index="28">
              <value>
                <![CDATA[Ja]]>
              </value>
            </param>
            <param index="29">
              <value>
                <![CDATA[Ja]]>
              </value>
            </param>
            <param index="30">
              <value>
                <![CDATA[Ja]]>
              </value>
            </param>
            <param index="31">
              <value>
                <![CDATA[Ja]]>
              </value>
            </param>
            <param index="32">
              <value>
                <![CDATA[Ja]]>
              </value>
            </param>
            <param index="33">
              <value>
                <![CDATA[Ja]]>
              </value>
            </param>
            <param index="34">
              <value>
                <![CDATA[Ja]]>
              </value>
            </param>
            <param index="35">
              <value>
                <![CDATA[Ja]]>
              </value>
            </param>
            <param index="36">
              <value>
                <![CDATA[Ja]]>
              </value>
            </param>
            <param index="37">
              <value>
                <![CDATA[Ja]]>
              </value>
            </param>
            <param index="38">
              <value>
                <![CDATA[Ja]]>
              </value>
            </param>
            <param index="39">
              <value>
                <![CDATA[Ja]]>
              </value>
            </param>
            <param index="40">
              <value>
                <![CDATA[Ja]]>
              </value>
            </param>
          </params>
          <reporter-output>
          </reporter-output>
        </test-method> <!-- TZPTenderStartGGTest -->
        <test-method is-config="true" signature="BrowserTearDown()[pri:0, instance:TopZinsPortal.TZPTenderStartGG@245b4bdc]" started-at="2021-02-16T16:13:51 CET" name="BrowserTearDown" finished-at="2021-02-16T16:13:55 CET" duration-ms="4548" status="PASS">
          <reporter-output>
          </reporter-output>
        </test-method> <!-- BrowserTearDown -->
      </class> <!-- TopZinsPortal.TZPTenderStartGG -->
    </test> <!-- TZP-Ausschreibung Start-GG -->
    <test started-at="2021-02-16T16:13:55 CET" name="TZP-Angebot-geben-GN" finished-at="2021-02-16T16:14:30 CET" duration-ms="34736">
      <class name="TopZinsPortal.TZPTenderAngebotSendenGN">
        <test-method is-config="true" signature="SetupSeleniumTestdaten(java.lang.String)[pri:0, instance:TopZinsPortal.TZPTenderAngebotSendenGN@2f9f7dcf]" started-at="2021-02-16T16:13:55 CET" name="SetupSeleniumTestdaten" finished-at="2021-02-16T16:13:57 CET" duration-ms="1557" status="PASS">
          <params>
            <param index="0">
              <value>
                <![CDATA[Smoketest]]>
              </value>
            </param>
          </params>
          <reporter-output>
          </reporter-output>
        </test-method> <!-- SetupSeleniumTestdaten -->
        <test-method signature="TZPTenderAngebotSendenGNTest(java.lang.String, java.lang.String, java.lang.String, java.lang.String, java.lang.String, java.lang.String, java.lang.String, java.lang.String, java.lang.String, java.lang.String, java.lang.String, java.lang.String, java.lang.String, java.lang.String, java.lang.String, java.lang.String, java.lang.String, java.lang.String, java.lang.String, java.lang.String, java.lang.String, java.lang.String, java.lang.String, java.lang.String, java.lang.String, java.lang.String, java.lang.String, java.lang.String, java.lang.String, java.lang.String, java.lang.String, java.lang.String, java.lang.String, java.lang.String, java.lang.String, java.lang.String, java.lang.String, java.lang.String, java.lang.String, java.lang.String, java.lang.String)[pri:0, instance:TopZinsPortal.TZPTenderAngebotSendenGN@2f9f7dcf]" started-at="2021-02-16T16:13:57 CET" name="TZPTenderAngebotSendenGNTest" data-provider="TZPTenderAngebotSendenGN" finished-at="2021-02-16T16:14:26 CET" duration-ms="28972" status="PASS">
          <params>
            <param index="0">
              <value>
                <![CDATA[TZPTenderStartGG-TF-001]]>
              </value>
            </param>
            <param index="1">
              <value>
                <![CDATA[Ja]]>
              </value>
            </param>
            <param index="2">
              <value>
                <![CDATA[BHDR-GG-Handel@Forsa-gmbh.de]]>
              </value>
            </param>
            <param index="3">
              <value>
                <![CDATA[Test12345!]]>
              </value>
            </param>
            <param index="4">
              <value>
                <![CDATA[ActDatum]]>
              </value>
            </param>
            <param index="5">
              <value>
                <![CDATA[18:00]]>
              </value>
            </param>
            <param index="6">
              <value>
                <![CDATA[30/360]]>
              </value>
            </param>
            <param index="7">
              <value>
                <![CDATA[endfällig]]>
              </value>
            </param>
            <param index="8">
              <value>
                <![CDATA[223.400]]>
              </value>
            </param>
            <param index="9">
              <value>
                <![CDATA[ActDatum + 3]]>
              </value>
            </param>
            <param index="10">
              <value>
                <![CDATA[ActDatum + 10]]>
              </value>
            </param>
            <param index="11">
              <value>
                <![CDATA[ActDatum + 20]]>
              </value>
            </param>
            <param index="12">
              <value>
                <![CDATA[ActDatum + 30]]>
              </value>
            </param>
            <param index="13">
              <value>
                <![CDATA[Das ist ein Kommentar]]>
              </value>
            </param>
            <param index="14">
              <value>
                <![CDATA[BHDR-GN-Handel]]>
              </value>
            </param>
            <param index="15">
              <value>
                <![CDATA[BHDR-GN-Handel@Forsa-gmbh.de]]>
              </value>
            </param>
            <param index="16">
              <value>
                <![CDATA[Test12345!]]>
              </value>
            </param>
            <param index="17">
              <value>
                <![CDATA[1]]>
              </value>
            </param>
            <param index="18">
              <value>
                <![CDATA[Test Borrower]]>
              </value>
            </param>
            <param index="19">
              <value>
                <![CDATA[lidaananchenko@ukr.net]]>
              </value>
            </param>
            <param index="20">
              <value>
                <![CDATA[Test12345!]]>
              </value>
            </param>
            <param index="21">
              <value>
                <![CDATA[2]]>
              </value>
            </param>
            <param index="22">
              <value>
                <![CDATA[]]>
              </value>
            </param>
            <param index="23">
              <value>
                <![CDATA[sturm1@forsa-gmbh.de]]>
              </value>
            </param>
            <param index="24">
              <value>
                <![CDATA[Test12345!]]>
              </value>
            </param>
            <param index="25">
              <value>
                <![CDATA[3]]>
              </value>
            </param>
            <param index="26">
              <value>
                <![CDATA[Ja]]>
              </value>
            </param>
            <param index="27">
              <value>
                <![CDATA[Ja]]>
              </value>
            </param>
            <param index="28">
              <value>
                <![CDATA[Ja]]>
              </value>
            </param>
            <param index="29">
              <value>
                <![CDATA[Ja]]>
              </value>
            </param>
            <param index="30">
              <value>
                <![CDATA[Ja]]>
              </value>
            </param>
            <param index="31">
              <value>
                <![CDATA[Ja]]>
              </value>
            </param>
            <param index="32">
              <value>
                <![CDATA[Ja]]>
              </value>
            </param>
            <param index="33">
              <value>
                <![CDATA[Ja]]>
              </value>
            </param>
            <param index="34">
              <value>
                <![CDATA[Ja]]>
              </value>
            </param>
            <param index="35">
              <value>
                <![CDATA[Ja]]>
              </value>
            </param>
            <param index="36">
              <value>
                <![CDATA[Ja]]>
              </value>
            </param>
            <param index="37">
              <value>
                <![CDATA[Ja]]>
              </value>
            </param>
            <param index="38">
              <value>
                <![CDATA[Ja]]>
              </value>
            </param>
            <param index="39">
              <value>
                <![CDATA[Ja]]>
              </value>
            </param>
            <param index="40">
              <value>
                <![CDATA[Ja]]>
              </value>
            </param>
          </params>
          <reporter-output>
          </reporter-output>
        </test-method> <!-- TZPTenderAngebotSendenGNTest -->
        <test-method is-config="true" signature="BrowserTearDown()[pri:0, instance:TopZinsPortal.TZPTenderAngebotSendenGN@2f9f7dcf]" started-at="2021-02-16T16:14:26 CET" name="BrowserTearDown" finished-at="2021-02-16T16:14:30 CET" duration-ms="4122" status="PASS">
          <reporter-output>
          </reporter-output>
        </test-method> <!-- BrowserTearDown -->
      </class> <!-- TopZinsPortal.TZPTenderAngebotSendenGN -->
    </test> <!-- TZP-Angebot-geben-GN -->
    <test started-at="2021-02-16T16:14:30 CET" name="TZP-Angebot-Annehmen-GG" finished-at="2021-02-16T16:14:52 CET" duration-ms="21564">
      <class name="TopZinsPortal.TZPTenderAngebotAnnehmenGG">
        <test-method is-config="true" signature="SetupSeleniumTestdaten(java.lang.String)[pri:0, instance:TopZinsPortal.TZPTenderAngebotAnnehmenGG@42a48628]" started-at="2021-02-16T16:14:30 CET" name="SetupSeleniumTestdaten" finished-at="2021-02-16T16:14:32 CET" duration-ms="1593" status="PASS">
          <params>
            <param index="0">
              <value>
                <![CDATA[Smoketest]]>
              </value>
            </param>
          </params>
          <reporter-output>
          </reporter-output>
        </test-method> <!-- SetupSeleniumTestdaten -->
        <test-method signature="TZPTenderAngebotAnnehmenGGTest(java.lang.String, java.lang.String, java.lang.String, java.lang.String, java.lang.String, java.lang.String, java.lang.String, java.lang.String, java.lang.String, java.lang.String, java.lang.String, java.lang.String, java.lang.String, java.lang.String, java.lang.String, java.lang.String, java.lang.String, java.lang.String, java.lang.String, java.lang.String, java.lang.String, java.lang.String, java.lang.String, java.lang.String, java.lang.String, java.lang.String, java.lang.String, java.lang.String, java.lang.String, java.lang.String, java.lang.String, java.lang.String, java.lang.String, java.lang.String, java.lang.String, java.lang.String, java.lang.String, java.lang.String, java.lang.String, java.lang.String, java.lang.String)[pri:0, instance:TopZinsPortal.TZPTenderAngebotAnnehmenGG@42a48628]" started-at="2021-02-16T16:14:32 CET" name="TZPTenderAngebotAnnehmenGGTest" data-provider="TenderAngebotAnnehmenGG" finished-at="2021-02-16T16:14:47 CET" duration-ms="15682" status="PASS">
          <params>
            <param index="0">
              <value>
                <![CDATA[TZPTenderStartGG-TF-001]]>
              </value>
            </param>
            <param index="1">
              <value>
                <![CDATA[Ja]]>
              </value>
            </param>
            <param index="2">
              <value>
                <![CDATA[BHDR-GG-Handel@Forsa-gmbh.de]]>
              </value>
            </param>
            <param index="3">
              <value>
                <![CDATA[Test12345!]]>
              </value>
            </param>
            <param index="4">
              <value>
                <![CDATA[ActDatum]]>
              </value>
            </param>
            <param index="5">
              <value>
                <![CDATA[18:00]]>
              </value>
            </param>
            <param index="6">
              <value>
                <![CDATA[30/360]]>
              </value>
            </param>
            <param index="7">
              <value>
                <![CDATA[endfällig]]>
              </value>
            </param>
            <param index="8">
              <value>
                <![CDATA[223.400]]>
              </value>
            </param>
            <param index="9">
              <value>
                <![CDATA[ActDatum + 3]]>
              </value>
            </param>
            <param index="10">
              <value>
                <![CDATA[ActDatum + 10]]>
              </value>
            </param>
            <param index="11">
              <value>
                <![CDATA[ActDatum + 20]]>
              </value>
            </param>
            <param index="12">
              <value>
                <![CDATA[ActDatum + 30]]>
              </value>
            </param>
            <param index="13">
              <value>
                <![CDATA[Das ist ein Kommentar]]>
              </value>
            </param>
            <param index="14">
              <value>
                <![CDATA[BHDR-GN-Handel]]>
              </value>
            </param>
            <param index="15">
              <value>
                <![CDATA[BHDR-GN-Handel@Forsa-gmbh.de]]>
              </value>
            </param>
            <param index="16">
              <value>
                <![CDATA[Test12345!]]>
              </value>
            </param>
            <param index="17">
              <value>
                <![CDATA[1]]>
              </value>
            </param>
            <param index="18">
              <value>
                <![CDATA[Test Borrower]]>
              </value>
            </param>
            <param index="19">
              <value>
                <![CDATA[lidaananchenko@ukr.net]]>
              </value>
            </param>
            <param index="20">
              <value>
                <![CDATA[Test12345!]]>
              </value>
            </param>
            <param index="21">
              <value>
                <![CDATA[2]]>
              </value>
            </param>
            <param index="22">
              <value>
                <![CDATA[]]>
              </value>
            </param>
            <param index="23">
              <value>
                <![CDATA[sturm1@forsa-gmbh.de]]>
              </value>
            </param>
            <param index="24">
              <value>
                <![CDATA[Test12345!]]>
              </value>
            </param>
            <param index="25">
              <value>
                <![CDATA[3]]>
              </value>
            </param>
            <param index="26">
              <value>
                <![CDATA[Ja]]>
              </value>
            </param>
            <param index="27">
              <value>
                <![CDATA[Ja]]>
              </value>
            </param>
            <param index="28">
              <value>
                <![CDATA[Ja]]>
              </value>
            </param>
            <param index="29">
              <value>
                <![CDATA[Ja]]>
              </value>
            </param>
            <param index="30">
              <value>
                <![CDATA[Ja]]>
              </value>
            </param>
            <param index="31">
              <value>
                <![CDATA[Ja]]>
              </value>
            </param>
            <param index="32">
              <value>
                <![CDATA[Ja]]>
              </value>
            </param>
            <param index="33">
              <value>
                <![CDATA[Ja]]>
              </value>
            </param>
            <param index="34">
              <value>
                <![CDATA[Ja]]>
              </value>
            </param>
            <param index="35">
              <value>
                <![CDATA[Ja]]>
              </value>
            </param>
            <param index="36">
              <value>
                <![CDATA[Ja]]>
              </value>
            </param>
            <param index="37">
              <value>
                <![CDATA[Ja]]>
              </value>
            </param>
            <param index="38">
              <value>
                <![CDATA[Ja]]>
              </value>
            </param>
            <param index="39">
              <value>
                <![CDATA[Ja]]>
              </value>
            </param>
            <param index="40">
              <value>
                <![CDATA[Ja]]>
              </value>
            </param>
          </params>
          <reporter-output>
          </reporter-output>
        </test-method> <!-- TZPTenderAngebotAnnehmenGGTest -->
        <test-method is-config="true" signature="BrowserTearDown()[pri:0, instance:TopZinsPortal.TZPTenderAngebotAnnehmenGG@42a48628]" started-at="2021-02-16T16:14:47 CET" name="BrowserTearDown" finished-at="2021-02-16T16:14:52 CET" duration-ms="4208" status="PASS">
          <reporter-output>
          </reporter-output>
        </test-method> <!-- BrowserTearDown -->
      </class> <!-- TopZinsPortal.TZPTenderAngebotAnnehmenGG -->
    </test> <!-- TZP-Angebot-Annehmen-GG -->
  </suite> <!-- TopZinzPortal-Ausschreibung-Ablauftesttest -->
</testng-results>
