<?xml version="1.0" encoding="UTF-8"?>
<testng-results ignored="0" total="18" passed="18" failed="0" skipped="0">
  <reporter-output>
  </reporter-output>
  <suite started-at="2021-05-12T16:50:36 CEST" name="TopZinzPortal-Transaktion-Ablauftesttest" finished-at="2021-05-12T16:58:03 CEST" duration-ms="447232">
    <groups>
    </groups>
    <test started-at="2021-05-12T16:50:36 CEST" name="TZP-Zinssatz Vorgabe GN" finished-at="2021-05-12T16:53:18 CEST" duration-ms="162037">
      <class name="TopZinsPortal.TZPZinssatzVorgabeGN">
        <test-method is-config="true" signature="SetupSeleniumTestdaten(java.lang.String)[pri:0, instance:TopZinsPortal.TZPZinssatzVorgabeGN@12468a38]" started-at="2021-05-12T16:50:36 CEST" name="SetupSeleniumTestdaten" finished-at="2021-05-12T16:50:39 CEST" duration-ms="2796" status="PASS">
          <params>
            <param index="0">
              <value>
                <![CDATA[Smoketest]]>
              </value>
            </param>
          </params>
          <reporter-output>
          </reporter-output>
        </test-method> <!-- SetupSeleniumTestdaten -->
        <test-method signature="TZPZinssatzVorgabeGNTest(java.lang.String, java.lang.String, java.lang.String, java.lang.String, java.lang.String, java.lang.String, java.lang.String, java.lang.String, java.lang.String, java.lang.String, java.lang.String, java.lang.String, java.lang.String, java.lang.String, java.lang.String, java.lang.String, java.lang.String, java.lang.String, java.lang.String, java.lang.String, java.lang.String, java.lang.String)[pri:0, instance:TopZinsPortal.TZPZinssatzVorgabeGN@12468a38]" started-at="2021-05-12T16:50:39 CEST" name="TZPZinssatzVorgabeGNTest" data-provider="TZPZinssatzVorgabeGN" finished-at="2021-05-12T16:51:31 CEST" duration-ms="51574" status="PASS">
          <params>
            <param index="0">
              <value>
                <![CDATA[TZPZinssatzVorgabeGN-TF-001]]>
              </value>
            </param>
            <param index="1">
              <value>
                <![CDATA[Ja]]>
              </value>
            </param>
            <param index="2">
              <value>
                <![CDATA[BHDR-GN-Handel]]>
              </value>
            </param>
            <param index="3">
              <value>
                <![CDATA[BHDR.GN.Handel@gmail.com]]>
              </value>
            </param>
            <param index="4">
              <value>
                <![CDATA[Test12345!]]>
              </value>
            </param>
            <param index="5">
              <value>
                <![CDATA[0,01]]>
              </value>
            </param>
            <param index="6">
              <value>
                <![CDATA[0,02]]>
              </value>
            </param>
            <param index="7">
              <value>
                <![CDATA[0,03]]>
              </value>
            </param>
            <param index="8">
              <value>
                <![CDATA[0,04]]>
              </value>
            </param>
            <param index="9">
              <value>
                <![CDATA[0.05]]>
              </value>
            </param>
            <param index="10">
              <value>
                <![CDATA[0.06]]>
              </value>
            </param>
            <param index="11">
              <value>
                <![CDATA[0.07]]>
              </value>
            </param>
            <param index="12">
              <value>
                <![CDATA[0.08]]>
              </value>
            </param>
            <param index="13">
              <value>
                <![CDATA[0,09]]>
              </value>
            </param>
            <param index="14">
              <value>
                <![CDATA[0,10]]>
              </value>
            </param>
            <param index="15">
              <value>
                <![CDATA[0,11]]>
              </value>
            </param>
            <param index="16">
              <value>
                <![CDATA[0.12]]>
              </value>
            </param>
            <param index="17">
              <value>
                <![CDATA[0.18]]>
              </value>
            </param>
            <param index="18">
              <value>
                <![CDATA[0.24]]>
              </value>
            </param>
            <param index="19">
              <value>
                <![CDATA[0.36]]>
              </value>
            </param>
            <param index="20">
              <value>
                <![CDATA[0.48]]>
              </value>
            </param>
            <param index="21">
              <value>
                <![CDATA[0.6]]>
              </value>
            </param>
          </params>
          <reporter-output>
          </reporter-output>
        </test-method> <!-- TZPZinssatzVorgabeGNTest -->
        <test-method signature="TZPZinssatzVorgabeGNTest(java.lang.String, java.lang.String, java.lang.String, java.lang.String, java.lang.String, java.lang.String, java.lang.String, java.lang.String, java.lang.String, java.lang.String, java.lang.String, java.lang.String, java.lang.String, java.lang.String, java.lang.String, java.lang.String, java.lang.String, java.lang.String, java.lang.String, java.lang.String, java.lang.String, java.lang.String)[pri:0, instance:TopZinsPortal.TZPZinssatzVorgabeGN@12468a38]" started-at="2021-05-12T16:51:31 CEST" name="TZPZinssatzVorgabeGNTest" data-provider="TZPZinssatzVorgabeGN" finished-at="2021-05-12T16:52:22 CEST" duration-ms="50867" status="PASS">
          <params>
            <param index="0">
              <value>
                <![CDATA[TZPZinssatzVorgabeGN-TF-001]]>
              </value>
            </param>
            <param index="1">
              <value>
                <![CDATA[Ja]]>
              </value>
            </param>
            <param index="2">
              <value>
                <![CDATA[Burk-GN-Handel -BHDR-]]>
              </value>
            </param>
            <param index="3">
              <value>
                <![CDATA[Burk.GN.Handel@gmail.com]]>
              </value>
            </param>
            <param index="4">
              <value>
                <![CDATA[Test12345!]]>
              </value>
            </param>
            <param index="5">
              <value>
                <![CDATA[0,1]]>
              </value>
            </param>
            <param index="6">
              <value>
                <![CDATA[0,2]]>
              </value>
            </param>
            <param index="7">
              <value>
                <![CDATA[0,3]]>
              </value>
            </param>
            <param index="8">
              <value>
                <![CDATA[0,4]]>
              </value>
            </param>
            <param index="9">
              <value>
                <![CDATA[0,5]]>
              </value>
            </param>
            <param index="10">
              <value>
                <![CDATA[0,6]]>
              </value>
            </param>
            <param index="11">
              <value>
                <![CDATA[0,7]]>
              </value>
            </param>
            <param index="12">
              <value>
                <![CDATA[0,8]]>
              </value>
            </param>
            <param index="13">
              <value>
                <![CDATA[0,9]]>
              </value>
            </param>
            <param index="14">
              <value>
                <![CDATA[1,0]]>
              </value>
            </param>
            <param index="15">
              <value>
                <![CDATA[1,1]]>
              </value>
            </param>
            <param index="16">
              <value>
                <![CDATA[1,2]]>
              </value>
            </param>
            <param index="17">
              <value>
                <![CDATA[1,8]]>
              </value>
            </param>
            <param index="18">
              <value>
                <![CDATA[2,4]]>
              </value>
            </param>
            <param index="19">
              <value>
                <![CDATA[3,6]]>
              </value>
            </param>
            <param index="20">
              <value>
                <![CDATA[4,8]]>
              </value>
            </param>
            <param index="21">
              <value>
                <![CDATA[6,0]]>
              </value>
            </param>
          </params>
          <reporter-output>
          </reporter-output>
        </test-method> <!-- TZPZinssatzVorgabeGNTest -->
        <test-method signature="TZPZinssatzVorgabeGNTest(java.lang.String, java.lang.String, java.lang.String, java.lang.String, java.lang.String, java.lang.String, java.lang.String, java.lang.String, java.lang.String, java.lang.String, java.lang.String, java.lang.String, java.lang.String, java.lang.String, java.lang.String, java.lang.String, java.lang.String, java.lang.String, java.lang.String, java.lang.String, java.lang.String, java.lang.String)[pri:0, instance:TopZinsPortal.TZPZinssatzVorgabeGN@12468a38]" started-at="2021-05-12T16:52:22 CEST" name="TZPZinssatzVorgabeGNTest" data-provider="TZPZinssatzVorgabeGN" finished-at="2021-05-12T16:53:17 CEST" duration-ms="55113" status="PASS">
          <params>
            <param index="0">
              <value>
                <![CDATA[TZPZinssatzVorgabeGN-TF-003]]>
              </value>
            </param>
            <param index="1">
              <value>
                <![CDATA[Ja]]>
              </value>
            </param>
            <param index="2">
              <value>
                <![CDATA[Centner-GN-Handel -BHDR-]]>
              </value>
            </param>
            <param index="3">
              <value>
                <![CDATA[Centner.GN.Handel@gmail.com]]>
              </value>
            </param>
            <param index="4">
              <value>
                <![CDATA[Test12345!]]>
              </value>
            </param>
            <param index="5">
              <value>
                <![CDATA[1]]>
              </value>
            </param>
            <param index="6">
              <value>
                <![CDATA[2]]>
              </value>
            </param>
            <param index="7">
              <value>
                <![CDATA[3]]>
              </value>
            </param>
            <param index="8">
              <value>
                <![CDATA[4]]>
              </value>
            </param>
            <param index="9">
              <value>
                <![CDATA[5]]>
              </value>
            </param>
            <param index="10">
              <value>
                <![CDATA[6]]>
              </value>
            </param>
            <param index="11">
              <value>
                <![CDATA[7]]>
              </value>
            </param>
            <param index="12">
              <value>
                <![CDATA[8]]>
              </value>
            </param>
            <param index="13">
              <value>
                <![CDATA[9]]>
              </value>
            </param>
            <param index="14">
              <value>
                <![CDATA[10]]>
              </value>
            </param>
            <param index="15">
              <value>
                <![CDATA[11]]>
              </value>
            </param>
            <param index="16">
              <value>
                <![CDATA[12]]>
              </value>
            </param>
            <param index="17">
              <value>
                <![CDATA[18]]>
              </value>
            </param>
            <param index="18">
              <value>
                <![CDATA[24]]>
              </value>
            </param>
            <param index="19">
              <value>
                <![CDATA[36]]>
              </value>
            </param>
            <param index="20">
              <value>
                <![CDATA[48]]>
              </value>
            </param>
            <param index="21">
              <value>
                <![CDATA[60]]>
              </value>
            </param>
          </params>
          <reporter-output>
          </reporter-output>
        </test-method> <!-- TZPZinssatzVorgabeGNTest -->
        <test-method is-config="true" signature="BrowserTearDown()[pri:0, instance:TopZinsPortal.TZPZinssatzVorgabeGN@12468a38]" started-at="2021-05-12T16:53:17 CEST" name="BrowserTearDown" finished-at="2021-05-12T16:53:18 CEST" duration-ms="1519" status="PASS">
          <reporter-output>
          </reporter-output>
        </test-method> <!-- BrowserTearDown -->
      </class> <!-- TopZinsPortal.TZPZinssatzVorgabeGN -->
    </test> <!-- TZP-Zinssatz Vorgabe GN -->
    <test started-at="2021-05-12T16:53:18 CEST" name="TZP-Transaktion Start-GG" finished-at="2021-05-12T16:55:02 CEST" duration-ms="103421">
      <class name="TopZinsPortal.TZPTransaktionStartGG">
        <test-method is-config="true" signature="SetupSeleniumTestdaten(java.lang.String)[pri:0, instance:TopZinsPortal.TZPTransaktionStartGG@4550bb58]" started-at="2021-05-12T16:53:18 CEST" name="SetupSeleniumTestdaten" finished-at="2021-05-12T16:53:20 CEST" duration-ms="1526" status="PASS">
          <params>
            <param index="0">
              <value>
                <![CDATA[Smoketest]]>
              </value>
            </param>
          </params>
          <reporter-output>
          </reporter-output>
        </test-method> <!-- SetupSeleniumTestdaten -->
        <test-method signature="TZPTransaktionStartGGTest(java.lang.String, java.lang.String, java.lang.String, java.lang.String, java.lang.String, java.lang.String, java.lang.String, java.lang.String, java.lang.String, java.lang.String, java.lang.String, java.lang.String, java.lang.String, java.lang.String, java.lang.String, java.lang.String, java.lang.String, java.lang.String, java.lang.String, java.lang.String, java.lang.String, java.lang.String, java.lang.String, java.lang.String, java.lang.String, java.lang.String)[pri:0, instance:TopZinsPortal.TZPTransaktionStartGG@4550bb58]" started-at="2021-05-12T16:53:20 CEST" name="TZPTransaktionStartGGTest" data-provider="TZPTransaktionStartGG" finished-at="2021-05-12T16:53:54 CEST" duration-ms="33657" status="PASS">
          <params>
            <param index="0">
              <value>
                <![CDATA[TZPTransaktionStartGG-TF-001]]>
              </value>
            </param>
            <param index="1">
              <value>
                <![CDATA[Ja]]>
              </value>
            </param>
            <param index="2">
              <value>
                <![CDATA[BHDR.GG.Handel@gmail.com]]>
              </value>
            </param>
            <param index="3">
              <value>
                <![CDATA[Test12345!]]>
              </value>
            </param>
            <param index="4">
              <value>
                <![CDATA[1000001]]>
              </value>
            </param>
            <param index="5">
              <value>
                <![CDATA[0,01 %]]>
              </value>
            </param>
            <param index="6">
              <value>
                <![CDATA[ActDatum]]>
              </value>
            </param>
            <param index="7">
              <value>
                <![CDATA[act/360]]>
              </value>
            </param>
            <param index="8">
              <value>
                <![CDATA[halbjährlich]]>
              </value>
            </param>
            <param index="9">
              <value>
                <![CDATA[Sonstiges TF 1 durch den]]>
              </value>
            </param>
            <param index="10">
              <value>
                <![CDATA[Kommentar TF1]]>
              </value>
            </param>
            <param index="11">
              <value>
                <![CDATA[20:00]]>
              </value>
            </param>
            <param index="12">
              <value>
                <![CDATA[Ja]]>
              </value>
            </param>
            <param index="13">
              <value>
                <![CDATA[Nein]]>
              </value>
            </param>
            <param index="14">
              <value>
                <![CDATA[BHDR-GN-Handel]]>
              </value>
            </param>
            <param index="15">
              <value>
                <![CDATA[BHDR.GN.Handel@gmail.com]]>
              </value>
            </param>
            <param index="16">
              <value>
                <![CDATA[Test12345!]]>
              </value>
            </param>
            <param index="17">
              <value>
                <![CDATA[100000]]>
              </value>
            </param>
            <param index="18">
              <value>
                <![CDATA[1]]>
              </value>
            </param>
            <param index="19">
              <value>
                <![CDATA[ActDatum + 3]]>
              </value>
            </param>
            <param index="20">
              <value>
                <![CDATA[Ja]]>
              </value>
            </param>
            <param index="21">
              <value>
                <![CDATA[Nein]]>
              </value>
            </param>
            <param index="22">
              <value>
                <![CDATA[Nein]]>
              </value>
            </param>
            <param index="23">
              <value>
                <![CDATA[Ja]]>
              </value>
            </param>
            <param index="24">
              <value>
                <![CDATA[Nein]]>
              </value>
            </param>
            <param index="25">
              <value>
                <![CDATA[Nein]]>
              </value>
            </param>
          </params>
          <reporter-output>
          </reporter-output>
        </test-method> <!-- TZPTransaktionStartGGTest -->
        <test-method signature="TZPTransaktionStartGGTest(java.lang.String, java.lang.String, java.lang.String, java.lang.String, java.lang.String, java.lang.String, java.lang.String, java.lang.String, java.lang.String, java.lang.String, java.lang.String, java.lang.String, java.lang.String, java.lang.String, java.lang.String, java.lang.String, java.lang.String, java.lang.String, java.lang.String, java.lang.String, java.lang.String, java.lang.String, java.lang.String, java.lang.String, java.lang.String, java.lang.String)[pri:0, instance:TopZinsPortal.TZPTransaktionStartGG@4550bb58]" started-at="2021-05-12T16:53:54 CEST" name="TZPTransaktionStartGGTest" data-provider="TZPTransaktionStartGG" finished-at="2021-05-12T16:54:27 CEST" duration-ms="33583" status="PASS">
          <params>
            <param index="0">
              <value>
                <![CDATA[TZPTransaktionStartGG-TF-002]]>
              </value>
            </param>
            <param index="1">
              <value>
                <![CDATA[Ja]]>
              </value>
            </param>
            <param index="2">
              <value>
                <![CDATA[BHDR.GG.Handel@gmail.com]]>
              </value>
            </param>
            <param index="3">
              <value>
                <![CDATA[Test12345!]]>
              </value>
            </param>
            <param index="4">
              <value>
                <![CDATA[1000002]]>
              </value>
            </param>
            <param index="5">
              <value>
                <![CDATA[0,02 %]]>
              </value>
            </param>
            <param index="6">
              <value>
                <![CDATA[ActDatum]]>
              </value>
            </param>
            <param index="7">
              <value>
                <![CDATA[act/360]]>
              </value>
            </param>
            <param index="8">
              <value>
                <![CDATA[halbjährlich]]>
              </value>
            </param>
            <param index="9">
              <value>
                <![CDATA[Sonstiges TF 3 durch den]]>
              </value>
            </param>
            <param index="10">
              <value>
                <![CDATA[Kommentar TF3]]>
              </value>
            </param>
            <param index="11">
              <value>
                <![CDATA[20:00]]>
              </value>
            </param>
            <param index="12">
              <value>
                <![CDATA[Ja]]>
              </value>
            </param>
            <param index="13">
              <value>
                <![CDATA[Nein]]>
              </value>
            </param>
            <param index="14">
              <value>
                <![CDATA[BHDR-GN-Handel]]>
              </value>
            </param>
            <param index="15">
              <value>
                <![CDATA[BHDR.GN.Handel@gmail.com]]>
              </value>
            </param>
            <param index="16">
              <value>
                <![CDATA[Test12345!]]>
              </value>
            </param>
            <param index="17">
              <value>
                <![CDATA[200000]]>
              </value>
            </param>
            <param index="18">
              <value>
                <![CDATA[2]]>
              </value>
            </param>
            <param index="19">
              <value>
                <![CDATA[ActDatum + 3]]>
              </value>
            </param>
            <param index="20">
              <value>
                <![CDATA[Nein]]>
              </value>
            </param>
            <param index="21">
              <value>
                <![CDATA[Ja]]>
              </value>
            </param>
            <param index="22">
              <value>
                <![CDATA[Nein]]>
              </value>
            </param>
            <param index="23">
              <value>
                <![CDATA[Nein]]>
              </value>
            </param>
            <param index="24">
              <value>
                <![CDATA[Nein]]>
              </value>
            </param>
            <param index="25">
              <value>
                <![CDATA[Nein]]>
              </value>
            </param>
          </params>
          <reporter-output>
          </reporter-output>
        </test-method> <!-- TZPTransaktionStartGGTest -->
        <test-method signature="TZPTransaktionStartGGTest(java.lang.String, java.lang.String, java.lang.String, java.lang.String, java.lang.String, java.lang.String, java.lang.String, java.lang.String, java.lang.String, java.lang.String, java.lang.String, java.lang.String, java.lang.String, java.lang.String, java.lang.String, java.lang.String, java.lang.String, java.lang.String, java.lang.String, java.lang.String, java.lang.String, java.lang.String, java.lang.String, java.lang.String, java.lang.String, java.lang.String)[pri:0, instance:TopZinsPortal.TZPTransaktionStartGG@4550bb58]" started-at="2021-05-12T16:54:27 CEST" name="TZPTransaktionStartGGTest" data-provider="TZPTransaktionStartGG" finished-at="2021-05-12T16:55:01 CEST" duration-ms="33360" status="PASS">
          <params>
            <param index="0">
              <value>
                <![CDATA[TZPTransaktionStartGG-TF-003]]>
              </value>
            </param>
            <param index="1">
              <value>
                <![CDATA[Ja]]>
              </value>
            </param>
            <param index="2">
              <value>
                <![CDATA[BHDR.GG.Handel@gmail.com]]>
              </value>
            </param>
            <param index="3">
              <value>
                <![CDATA[Test12345!]]>
              </value>
            </param>
            <param index="4">
              <value>
                <![CDATA[1000003]]>
              </value>
            </param>
            <param index="5">
              <value>
                <![CDATA[0,03 %]]>
              </value>
            </param>
            <param index="6">
              <value>
                <![CDATA[ActDatum]]>
              </value>
            </param>
            <param index="7">
              <value>
                <![CDATA[act/360]]>
              </value>
            </param>
            <param index="8">
              <value>
                <![CDATA[halbjährlich]]>
              </value>
            </param>
            <param index="9">
              <value>
                <![CDATA[Sonstiges TF 2 durch den]]>
              </value>
            </param>
            <param index="10">
              <value>
                <![CDATA[Kommentar TF2]]>
              </value>
            </param>
            <param index="11">
              <value>
                <![CDATA[20:00]]>
              </value>
            </param>
            <param index="12">
              <value>
                <![CDATA[Ja]]>
              </value>
            </param>
            <param index="13">
              <value>
                <![CDATA[Nein]]>
              </value>
            </param>
            <param index="14">
              <value>
                <![CDATA[BHDR-GN-Handel]]>
              </value>
            </param>
            <param index="15">
              <value>
                <![CDATA[BHDR.GN.Handel@gmail.com]]>
              </value>
            </param>
            <param index="16">
              <value>
                <![CDATA[Test12345!]]>
              </value>
            </param>
            <param index="17">
              <value>
                <![CDATA[300000]]>
              </value>
            </param>
            <param index="18">
              <value>
                <![CDATA[3]]>
              </value>
            </param>
            <param index="19">
              <value>
                <![CDATA[ActDatum + 3]]>
              </value>
            </param>
            <param index="20">
              <value>
                <![CDATA[Nein]]>
              </value>
            </param>
            <param index="21">
              <value>
                <![CDATA[Nein]]>
              </value>
            </param>
            <param index="22">
              <value>
                <![CDATA[Ja]]>
              </value>
            </param>
            <param index="23">
              <value>
                <![CDATA[Ja]]>
              </value>
            </param>
            <param index="24">
              <value>
                <![CDATA[Nein]]>
              </value>
            </param>
            <param index="25">
              <value>
                <![CDATA[Nein]]>
              </value>
            </param>
          </params>
          <reporter-output>
          </reporter-output>
        </test-method> <!-- TZPTransaktionStartGGTest -->
        <test-method is-config="true" signature="BrowserTearDown()[pri:0, instance:TopZinsPortal.TZPTransaktionStartGG@4550bb58]" started-at="2021-05-12T16:55:01 CEST" name="BrowserTearDown" finished-at="2021-05-12T16:55:02 CEST" duration-ms="1208" status="PASS">
          <reporter-output>
          </reporter-output>
        </test-method> <!-- BrowserTearDown -->
      </class> <!-- TopZinsPortal.TZPTransaktionStartGG -->
    </test> <!-- TZP-Transaktion Start-GG -->
    <test started-at="2021-05-12T16:55:02 CEST" name="TZP-Akzeptieren-GN" finished-at="2021-05-12T16:56:11 CEST" duration-ms="69412">
      <class name="TopZinsPortal.TZPTransaktionBearbeitenGN">
        <test-method is-config="true" signature="SetupSeleniumTestdaten(java.lang.String)[pri:0, instance:TopZinsPortal.TZPTransaktionBearbeitenGN@77fbd92c]" started-at="2021-05-12T16:55:02 CEST" name="SetupSeleniumTestdaten" finished-at="2021-05-12T16:55:03 CEST" duration-ms="1603" status="PASS">
          <params>
            <param index="0">
              <value>
                <![CDATA[Smoketest]]>
              </value>
            </param>
          </params>
          <reporter-output>
          </reporter-output>
        </test-method> <!-- SetupSeleniumTestdaten -->
        <test-method signature="TZPTransaktionBearbeitenGNTest(java.lang.String, java.lang.String, java.lang.String, java.lang.String, java.lang.String, java.lang.String, java.lang.String, java.lang.String, java.lang.String, java.lang.String, java.lang.String, java.lang.String, java.lang.String, java.lang.String, java.lang.String, java.lang.String, java.lang.String, java.lang.String, java.lang.String, java.lang.String, java.lang.String, java.lang.String, java.lang.String, java.lang.String, java.lang.String, java.lang.String)[pri:0, instance:TopZinsPortal.TZPTransaktionBearbeitenGN@77fbd92c]" started-at="2021-05-12T16:55:03 CEST" name="TZPTransaktionBearbeitenGNTest" data-provider="TZPTransaktionBearbeitenGN" finished-at="2021-05-12T16:55:27 CEST" duration-ms="23747" status="PASS">
          <params>
            <param index="0">
              <value>
                <![CDATA[TZPTransaktionStartGG-TF-001]]>
              </value>
            </param>
            <param index="1">
              <value>
                <![CDATA[Ja]]>
              </value>
            </param>
            <param index="2">
              <value>
                <![CDATA[BHDR.GG.Handel@gmail.com]]>
              </value>
            </param>
            <param index="3">
              <value>
                <![CDATA[Test12345!]]>
              </value>
            </param>
            <param index="4">
              <value>
                <![CDATA[1000001]]>
              </value>
            </param>
            <param index="5">
              <value>
                <![CDATA[0,01 %]]>
              </value>
            </param>
            <param index="6">
              <value>
                <![CDATA[ActDatum]]>
              </value>
            </param>
            <param index="7">
              <value>
                <![CDATA[act/360]]>
              </value>
            </param>
            <param index="8">
              <value>
                <![CDATA[halbjährlich]]>
              </value>
            </param>
            <param index="9">
              <value>
                <![CDATA[Sonstiges TF 1 durch den]]>
              </value>
            </param>
            <param index="10">
              <value>
                <![CDATA[Kommentar TF1]]>
              </value>
            </param>
            <param index="11">
              <value>
                <![CDATA[20:00]]>
              </value>
            </param>
            <param index="12">
              <value>
                <![CDATA[Ja]]>
              </value>
            </param>
            <param index="13">
              <value>
                <![CDATA[Nein]]>
              </value>
            </param>
            <param index="14">
              <value>
                <![CDATA[BHDR-GN-Handel]]>
              </value>
            </param>
            <param index="15">
              <value>
                <![CDATA[BHDR.GN.Handel@gmail.com]]>
              </value>
            </param>
            <param index="16">
              <value>
                <![CDATA[Test12345!]]>
              </value>
            </param>
            <param index="17">
              <value>
                <![CDATA[100000]]>
              </value>
            </param>
            <param index="18">
              <value>
                <![CDATA[1]]>
              </value>
            </param>
            <param index="19">
              <value>
                <![CDATA[ActDatum + 3]]>
              </value>
            </param>
            <param index="20">
              <value>
                <![CDATA[Ja]]>
              </value>
            </param>
            <param index="21">
              <value>
                <![CDATA[Nein]]>
              </value>
            </param>
            <param index="22">
              <value>
                <![CDATA[Nein]]>
              </value>
            </param>
            <param index="23">
              <value>
                <![CDATA[Ja]]>
              </value>
            </param>
            <param index="24">
              <value>
                <![CDATA[Nein]]>
              </value>
            </param>
            <param index="25">
              <value>
                <![CDATA[Nein]]>
              </value>
            </param>
          </params>
          <reporter-output>
          </reporter-output>
        </test-method> <!-- TZPTransaktionBearbeitenGNTest -->
        <test-method signature="TZPTransaktionBearbeitenGNTest(java.lang.String, java.lang.String, java.lang.String, java.lang.String, java.lang.String, java.lang.String, java.lang.String, java.lang.String, java.lang.String, java.lang.String, java.lang.String, java.lang.String, java.lang.String, java.lang.String, java.lang.String, java.lang.String, java.lang.String, java.lang.String, java.lang.String, java.lang.String, java.lang.String, java.lang.String, java.lang.String, java.lang.String, java.lang.String, java.lang.String)[pri:0, instance:TopZinsPortal.TZPTransaktionBearbeitenGN@77fbd92c]" started-at="2021-05-12T16:55:27 CEST" name="TZPTransaktionBearbeitenGNTest" data-provider="TZPTransaktionBearbeitenGN" finished-at="2021-05-12T16:55:49 CEST" duration-ms="21566" status="PASS">
          <params>
            <param index="0">
              <value>
                <![CDATA[TZPTransaktionStartGG-TF-002]]>
              </value>
            </param>
            <param index="1">
              <value>
                <![CDATA[Ja]]>
              </value>
            </param>
            <param index="2">
              <value>
                <![CDATA[BHDR.GG.Handel@gmail.com]]>
              </value>
            </param>
            <param index="3">
              <value>
                <![CDATA[Test12345!]]>
              </value>
            </param>
            <param index="4">
              <value>
                <![CDATA[1000002]]>
              </value>
            </param>
            <param index="5">
              <value>
                <![CDATA[0,02 %]]>
              </value>
            </param>
            <param index="6">
              <value>
                <![CDATA[ActDatum]]>
              </value>
            </param>
            <param index="7">
              <value>
                <![CDATA[act/360]]>
              </value>
            </param>
            <param index="8">
              <value>
                <![CDATA[halbjährlich]]>
              </value>
            </param>
            <param index="9">
              <value>
                <![CDATA[Sonstiges TF 3 durch den]]>
              </value>
            </param>
            <param index="10">
              <value>
                <![CDATA[Kommentar TF3]]>
              </value>
            </param>
            <param index="11">
              <value>
                <![CDATA[20:00]]>
              </value>
            </param>
            <param index="12">
              <value>
                <![CDATA[Ja]]>
              </value>
            </param>
            <param index="13">
              <value>
                <![CDATA[Nein]]>
              </value>
            </param>
            <param index="14">
              <value>
                <![CDATA[BHDR-GN-Handel]]>
              </value>
            </param>
            <param index="15">
              <value>
                <![CDATA[BHDR.GN.Handel@gmail.com]]>
              </value>
            </param>
            <param index="16">
              <value>
                <![CDATA[Test12345!]]>
              </value>
            </param>
            <param index="17">
              <value>
                <![CDATA[200000]]>
              </value>
            </param>
            <param index="18">
              <value>
                <![CDATA[2]]>
              </value>
            </param>
            <param index="19">
              <value>
                <![CDATA[ActDatum + 3]]>
              </value>
            </param>
            <param index="20">
              <value>
                <![CDATA[Nein]]>
              </value>
            </param>
            <param index="21">
              <value>
                <![CDATA[Ja]]>
              </value>
            </param>
            <param index="22">
              <value>
                <![CDATA[Nein]]>
              </value>
            </param>
            <param index="23">
              <value>
                <![CDATA[Nein]]>
              </value>
            </param>
            <param index="24">
              <value>
                <![CDATA[Nein]]>
              </value>
            </param>
            <param index="25">
              <value>
                <![CDATA[Nein]]>
              </value>
            </param>
          </params>
          <reporter-output>
          </reporter-output>
        </test-method> <!-- TZPTransaktionBearbeitenGNTest -->
        <test-method signature="TZPTransaktionBearbeitenGNTest(java.lang.String, java.lang.String, java.lang.String, java.lang.String, java.lang.String, java.lang.String, java.lang.String, java.lang.String, java.lang.String, java.lang.String, java.lang.String, java.lang.String, java.lang.String, java.lang.String, java.lang.String, java.lang.String, java.lang.String, java.lang.String, java.lang.String, java.lang.String, java.lang.String, java.lang.String, java.lang.String, java.lang.String, java.lang.String, java.lang.String)[pri:0, instance:TopZinsPortal.TZPTransaktionBearbeitenGN@77fbd92c]" started-at="2021-05-12T16:55:49 CEST" name="TZPTransaktionBearbeitenGNTest" data-provider="TZPTransaktionBearbeitenGN" finished-at="2021-05-12T16:56:10 CEST" duration-ms="21198" status="PASS">
          <params>
            <param index="0">
              <value>
                <![CDATA[TZPTransaktionStartGG-TF-003]]>
              </value>
            </param>
            <param index="1">
              <value>
                <![CDATA[Ja]]>
              </value>
            </param>
            <param index="2">
              <value>
                <![CDATA[BHDR.GG.Handel@gmail.com]]>
              </value>
            </param>
            <param index="3">
              <value>
                <![CDATA[Test12345!]]>
              </value>
            </param>
            <param index="4">
              <value>
                <![CDATA[1000003]]>
              </value>
            </param>
            <param index="5">
              <value>
                <![CDATA[0,03 %]]>
              </value>
            </param>
            <param index="6">
              <value>
                <![CDATA[ActDatum]]>
              </value>
            </param>
            <param index="7">
              <value>
                <![CDATA[act/360]]>
              </value>
            </param>
            <param index="8">
              <value>
                <![CDATA[halbjährlich]]>
              </value>
            </param>
            <param index="9">
              <value>
                <![CDATA[Sonstiges TF 2 durch den]]>
              </value>
            </param>
            <param index="10">
              <value>
                <![CDATA[Kommentar TF2]]>
              </value>
            </param>
            <param index="11">
              <value>
                <![CDATA[20:00]]>
              </value>
            </param>
            <param index="12">
              <value>
                <![CDATA[Ja]]>
              </value>
            </param>
            <param index="13">
              <value>
                <![CDATA[Nein]]>
              </value>
            </param>
            <param index="14">
              <value>
                <![CDATA[BHDR-GN-Handel]]>
              </value>
            </param>
            <param index="15">
              <value>
                <![CDATA[BHDR.GN.Handel@gmail.com]]>
              </value>
            </param>
            <param index="16">
              <value>
                <![CDATA[Test12345!]]>
              </value>
            </param>
            <param index="17">
              <value>
                <![CDATA[300000]]>
              </value>
            </param>
            <param index="18">
              <value>
                <![CDATA[3]]>
              </value>
            </param>
            <param index="19">
              <value>
                <![CDATA[ActDatum + 3]]>
              </value>
            </param>
            <param index="20">
              <value>
                <![CDATA[Nein]]>
              </value>
            </param>
            <param index="21">
              <value>
                <![CDATA[Nein]]>
              </value>
            </param>
            <param index="22">
              <value>
                <![CDATA[Ja]]>
              </value>
            </param>
            <param index="23">
              <value>
                <![CDATA[Ja]]>
              </value>
            </param>
            <param index="24">
              <value>
                <![CDATA[Nein]]>
              </value>
            </param>
            <param index="25">
              <value>
                <![CDATA[Nein]]>
              </value>
            </param>
          </params>
          <reporter-output>
          </reporter-output>
        </test-method> <!-- TZPTransaktionBearbeitenGNTest -->
        <test-method is-config="true" signature="BrowserTearDown()[pri:0, instance:TopZinsPortal.TZPTransaktionBearbeitenGN@77fbd92c]" started-at="2021-05-12T16:56:10 CEST" name="BrowserTearDown" finished-at="2021-05-12T16:56:11 CEST" duration-ms="1211" status="PASS">
          <reporter-output>
          </reporter-output>
        </test-method> <!-- BrowserTearDown -->
      </class> <!-- TopZinsPortal.TZPTransaktionBearbeitenGN -->
    </test> <!-- TZP-Akzeptieren-GN -->
    <test started-at="2021-05-12T16:56:11 CEST" name="TZP-Transaktion-Bearbeiten-Admin" finished-at="2021-05-12T16:56:40 CEST" duration-ms="29242">
      <class name="TopZinsPortal.TZPTransaktionBearbeitenAdmin">
        <test-method is-config="true" signature="SetupSeleniumTestdaten(java.lang.String)[pri:0, instance:TopZinsPortal.TZPTransaktionBearbeitenAdmin@313ac989]" started-at="2021-05-12T16:56:11 CEST" name="SetupSeleniumTestdaten" finished-at="2021-05-12T16:56:13 CEST" duration-ms="1640" status="PASS">
          <params>
            <param index="0">
              <value>
                <![CDATA[Smoketest]]>
              </value>
            </param>
          </params>
          <reporter-output>
          </reporter-output>
        </test-method> <!-- SetupSeleniumTestdaten -->
        <test-method signature="TZPTransaktionBearbeitenAdminTest(java.lang.String, java.lang.String, java.lang.String, java.lang.String, java.lang.String, java.lang.String, java.lang.String, java.lang.String, java.lang.String, java.lang.String, java.lang.String, java.lang.String, java.lang.String, java.lang.String, java.lang.String, java.lang.String, java.lang.String, java.lang.String, java.lang.String, java.lang.String, java.lang.String, java.lang.String, java.lang.String, java.lang.String, java.lang.String, java.lang.String)[pri:0, instance:TopZinsPortal.TZPTransaktionBearbeitenAdmin@313ac989]" started-at="2021-05-12T16:56:13 CEST" name="TZPTransaktionBearbeitenAdminTest" data-provider="TZPTransaktionBearbeitenAdmin" finished-at="2021-05-12T16:56:18 CEST" duration-ms="5105" status="PASS">
          <params>
            <param index="0">
              <value>
                <![CDATA[TZPTransaktionStartGG-TF-001]]>
              </value>
            </param>
            <param index="1">
              <value>
                <![CDATA[Ja]]>
              </value>
            </param>
            <param index="2">
              <value>
                <![CDATA[BHDR.GG.Handel@gmail.com]]>
              </value>
            </param>
            <param index="3">
              <value>
                <![CDATA[Test12345!]]>
              </value>
            </param>
            <param index="4">
              <value>
                <![CDATA[1000001]]>
              </value>
            </param>
            <param index="5">
              <value>
                <![CDATA[0,01 %]]>
              </value>
            </param>
            <param index="6">
              <value>
                <![CDATA[ActDatum]]>
              </value>
            </param>
            <param index="7">
              <value>
                <![CDATA[act/360]]>
              </value>
            </param>
            <param index="8">
              <value>
                <![CDATA[halbjährlich]]>
              </value>
            </param>
            <param index="9">
              <value>
                <![CDATA[Sonstiges TF 1 durch den]]>
              </value>
            </param>
            <param index="10">
              <value>
                <![CDATA[Kommentar TF1]]>
              </value>
            </param>
            <param index="11">
              <value>
                <![CDATA[20:00]]>
              </value>
            </param>
            <param index="12">
              <value>
                <![CDATA[Ja]]>
              </value>
            </param>
            <param index="13">
              <value>
                <![CDATA[Nein]]>
              </value>
            </param>
            <param index="14">
              <value>
                <![CDATA[BHDR-GN-Handel]]>
              </value>
            </param>
            <param index="15">
              <value>
                <![CDATA[BHDR.GN.Handel@gmail.com]]>
              </value>
            </param>
            <param index="16">
              <value>
                <![CDATA[Test12345!]]>
              </value>
            </param>
            <param index="17">
              <value>
                <![CDATA[100000]]>
              </value>
            </param>
            <param index="18">
              <value>
                <![CDATA[1]]>
              </value>
            </param>
            <param index="19">
              <value>
                <![CDATA[ActDatum + 3]]>
              </value>
            </param>
            <param index="20">
              <value>
                <![CDATA[Ja]]>
              </value>
            </param>
            <param index="21">
              <value>
                <![CDATA[Nein]]>
              </value>
            </param>
            <param index="22">
              <value>
                <![CDATA[Nein]]>
              </value>
            </param>
            <param index="23">
              <value>
                <![CDATA[Ja]]>
              </value>
            </param>
            <param index="24">
              <value>
                <![CDATA[Nein]]>
              </value>
            </param>
            <param index="25">
              <value>
                <![CDATA[Nein]]>
              </value>
            </param>
          </params>
          <reporter-output>
          </reporter-output>
        </test-method> <!-- TZPTransaktionBearbeitenAdminTest -->
        <test-method signature="TZPTransaktionBearbeitenAdminTest(java.lang.String, java.lang.String, java.lang.String, java.lang.String, java.lang.String, java.lang.String, java.lang.String, java.lang.String, java.lang.String, java.lang.String, java.lang.String, java.lang.String, java.lang.String, java.lang.String, java.lang.String, java.lang.String, java.lang.String, java.lang.String, java.lang.String, java.lang.String, java.lang.String, java.lang.String, java.lang.String, java.lang.String, java.lang.String, java.lang.String)[pri:0, instance:TopZinsPortal.TZPTransaktionBearbeitenAdmin@313ac989]" started-at="2021-05-12T16:56:18 CEST" name="TZPTransaktionBearbeitenAdminTest" data-provider="TZPTransaktionBearbeitenAdmin" finished-at="2021-05-12T16:56:23 CEST" duration-ms="5035" status="PASS">
          <params>
            <param index="0">
              <value>
                <![CDATA[TZPTransaktionStartGG-TF-002]]>
              </value>
            </param>
            <param index="1">
              <value>
                <![CDATA[Ja]]>
              </value>
            </param>
            <param index="2">
              <value>
                <![CDATA[BHDR.GG.Handel@gmail.com]]>
              </value>
            </param>
            <param index="3">
              <value>
                <![CDATA[Test12345!]]>
              </value>
            </param>
            <param index="4">
              <value>
                <![CDATA[1000002]]>
              </value>
            </param>
            <param index="5">
              <value>
                <![CDATA[0,02 %]]>
              </value>
            </param>
            <param index="6">
              <value>
                <![CDATA[ActDatum]]>
              </value>
            </param>
            <param index="7">
              <value>
                <![CDATA[act/360]]>
              </value>
            </param>
            <param index="8">
              <value>
                <![CDATA[halbjährlich]]>
              </value>
            </param>
            <param index="9">
              <value>
                <![CDATA[Sonstiges TF 3 durch den]]>
              </value>
            </param>
            <param index="10">
              <value>
                <![CDATA[Kommentar TF3]]>
              </value>
            </param>
            <param index="11">
              <value>
                <![CDATA[20:00]]>
              </value>
            </param>
            <param index="12">
              <value>
                <![CDATA[Ja]]>
              </value>
            </param>
            <param index="13">
              <value>
                <![CDATA[Nein]]>
              </value>
            </param>
            <param index="14">
              <value>
                <![CDATA[BHDR-GN-Handel]]>
              </value>
            </param>
            <param index="15">
              <value>
                <![CDATA[BHDR.GN.Handel@gmail.com]]>
              </value>
            </param>
            <param index="16">
              <value>
                <![CDATA[Test12345!]]>
              </value>
            </param>
            <param index="17">
              <value>
                <![CDATA[200000]]>
              </value>
            </param>
            <param index="18">
              <value>
                <![CDATA[2]]>
              </value>
            </param>
            <param index="19">
              <value>
                <![CDATA[ActDatum + 3]]>
              </value>
            </param>
            <param index="20">
              <value>
                <![CDATA[Nein]]>
              </value>
            </param>
            <param index="21">
              <value>
                <![CDATA[Ja]]>
              </value>
            </param>
            <param index="22">
              <value>
                <![CDATA[Nein]]>
              </value>
            </param>
            <param index="23">
              <value>
                <![CDATA[Nein]]>
              </value>
            </param>
            <param index="24">
              <value>
                <![CDATA[Nein]]>
              </value>
            </param>
            <param index="25">
              <value>
                <![CDATA[Nein]]>
              </value>
            </param>
          </params>
          <reporter-output>
          </reporter-output>
        </test-method> <!-- TZPTransaktionBearbeitenAdminTest -->
        <test-method signature="TZPTransaktionBearbeitenAdminTest(java.lang.String, java.lang.String, java.lang.String, java.lang.String, java.lang.String, java.lang.String, java.lang.String, java.lang.String, java.lang.String, java.lang.String, java.lang.String, java.lang.String, java.lang.String, java.lang.String, java.lang.String, java.lang.String, java.lang.String, java.lang.String, java.lang.String, java.lang.String, java.lang.String, java.lang.String, java.lang.String, java.lang.String, java.lang.String, java.lang.String)[pri:0, instance:TopZinsPortal.TZPTransaktionBearbeitenAdmin@313ac989]" started-at="2021-05-12T16:56:23 CEST" name="TZPTransaktionBearbeitenAdminTest" data-provider="TZPTransaktionBearbeitenAdmin" finished-at="2021-05-12T16:56:39 CEST" duration-ms="16177" status="PASS">
          <params>
            <param index="0">
              <value>
                <![CDATA[TZPTransaktionStartGG-TF-003]]>
              </value>
            </param>
            <param index="1">
              <value>
                <![CDATA[Ja]]>
              </value>
            </param>
            <param index="2">
              <value>
                <![CDATA[BHDR.GG.Handel@gmail.com]]>
              </value>
            </param>
            <param index="3">
              <value>
                <![CDATA[Test12345!]]>
              </value>
            </param>
            <param index="4">
              <value>
                <![CDATA[1000003]]>
              </value>
            </param>
            <param index="5">
              <value>
                <![CDATA[0,03 %]]>
              </value>
            </param>
            <param index="6">
              <value>
                <![CDATA[ActDatum]]>
              </value>
            </param>
            <param index="7">
              <value>
                <![CDATA[act/360]]>
              </value>
            </param>
            <param index="8">
              <value>
                <![CDATA[halbjährlich]]>
              </value>
            </param>
            <param index="9">
              <value>
                <![CDATA[Sonstiges TF 2 durch den]]>
              </value>
            </param>
            <param index="10">
              <value>
                <![CDATA[Kommentar TF2]]>
              </value>
            </param>
            <param index="11">
              <value>
                <![CDATA[20:00]]>
              </value>
            </param>
            <param index="12">
              <value>
                <![CDATA[Ja]]>
              </value>
            </param>
            <param index="13">
              <value>
                <![CDATA[Nein]]>
              </value>
            </param>
            <param index="14">
              <value>
                <![CDATA[BHDR-GN-Handel]]>
              </value>
            </param>
            <param index="15">
              <value>
                <![CDATA[BHDR.GN.Handel@gmail.com]]>
              </value>
            </param>
            <param index="16">
              <value>
                <![CDATA[Test12345!]]>
              </value>
            </param>
            <param index="17">
              <value>
                <![CDATA[300000]]>
              </value>
            </param>
            <param index="18">
              <value>
                <![CDATA[3]]>
              </value>
            </param>
            <param index="19">
              <value>
                <![CDATA[ActDatum + 3]]>
              </value>
            </param>
            <param index="20">
              <value>
                <![CDATA[Nein]]>
              </value>
            </param>
            <param index="21">
              <value>
                <![CDATA[Nein]]>
              </value>
            </param>
            <param index="22">
              <value>
                <![CDATA[Ja]]>
              </value>
            </param>
            <param index="23">
              <value>
                <![CDATA[Ja]]>
              </value>
            </param>
            <param index="24">
              <value>
                <![CDATA[Nein]]>
              </value>
            </param>
            <param index="25">
              <value>
                <![CDATA[Nein]]>
              </value>
            </param>
          </params>
          <reporter-output>
          </reporter-output>
        </test-method> <!-- TZPTransaktionBearbeitenAdminTest -->
        <test-method is-config="true" signature="BrowserTearDown()[pri:0, instance:TopZinsPortal.TZPTransaktionBearbeitenAdmin@313ac989]" started-at="2021-05-12T16:56:39 CEST" name="BrowserTearDown" finished-at="2021-05-12T16:56:40 CEST" duration-ms="1206" status="PASS">
          <reporter-output>
          </reporter-output>
        </test-method> <!-- BrowserTearDown -->
      </class> <!-- TopZinsPortal.TZPTransaktionBearbeitenAdmin -->
    </test> <!-- TZP-Transaktion-Bearbeiten-Admin -->
    <test started-at="2021-05-12T16:56:40 CEST" name="TZP-Akzeptieren-GG" finished-at="2021-05-12T16:57:29 CEST" duration-ms="48953">
      <class name="TopZinsPortal.TZPTransaktionAkzeptierenGG">
        <test-method is-config="true" signature="SetupSeleniumTestdaten(java.lang.String)[pri:0, instance:TopZinsPortal.TZPTransaktionAkzeptierenGG@6f1de4c7]" started-at="2021-05-12T16:56:40 CEST" name="SetupSeleniumTestdaten" finished-at="2021-05-12T16:56:42 CEST" duration-ms="1624" status="PASS">
          <params>
            <param index="0">
              <value>
                <![CDATA[Smoketest]]>
              </value>
            </param>
          </params>
          <reporter-output>
          </reporter-output>
        </test-method> <!-- SetupSeleniumTestdaten -->
        <test-method signature="TZPTransaktionAkzeptierenGGTest(java.lang.String, java.lang.String, java.lang.String, java.lang.String, java.lang.String, java.lang.String, java.lang.String, java.lang.String, java.lang.String, java.lang.String, java.lang.String, java.lang.String, java.lang.String, java.lang.String, java.lang.String, java.lang.String, java.lang.String, java.lang.String, java.lang.String, java.lang.String, java.lang.String, java.lang.String, java.lang.String, java.lang.String, java.lang.String, java.lang.String)[pri:0, instance:TopZinsPortal.TZPTransaktionAkzeptierenGG@6f1de4c7]" started-at="2021-05-12T16:56:42 CEST" name="TZPTransaktionAkzeptierenGGTest" data-provider="TZPTransaktionAkzeptierenGG" finished-at="2021-05-12T16:57:00 CEST" duration-ms="17500" status="PASS">
          <params>
            <param index="0">
              <value>
                <![CDATA[TZPTransaktionStartGG-TF-001]]>
              </value>
            </param>
            <param index="1">
              <value>
                <![CDATA[Ja]]>
              </value>
            </param>
            <param index="2">
              <value>
                <![CDATA[BHDR.GG.Handel@gmail.com]]>
              </value>
            </param>
            <param index="3">
              <value>
                <![CDATA[Test12345!]]>
              </value>
            </param>
            <param index="4">
              <value>
                <![CDATA[1000001]]>
              </value>
            </param>
            <param index="5">
              <value>
                <![CDATA[0,01 %]]>
              </value>
            </param>
            <param index="6">
              <value>
                <![CDATA[ActDatum]]>
              </value>
            </param>
            <param index="7">
              <value>
                <![CDATA[act/360]]>
              </value>
            </param>
            <param index="8">
              <value>
                <![CDATA[halbjährlich]]>
              </value>
            </param>
            <param index="9">
              <value>
                <![CDATA[Sonstiges TF 1 durch den]]>
              </value>
            </param>
            <param index="10">
              <value>
                <![CDATA[Kommentar TF1]]>
              </value>
            </param>
            <param index="11">
              <value>
                <![CDATA[20:00]]>
              </value>
            </param>
            <param index="12">
              <value>
                <![CDATA[Ja]]>
              </value>
            </param>
            <param index="13">
              <value>
                <![CDATA[Nein]]>
              </value>
            </param>
            <param index="14">
              <value>
                <![CDATA[BHDR-GN-Handel]]>
              </value>
            </param>
            <param index="15">
              <value>
                <![CDATA[BHDR.GN.Handel@gmail.com]]>
              </value>
            </param>
            <param index="16">
              <value>
                <![CDATA[Test12345!]]>
              </value>
            </param>
            <param index="17">
              <value>
                <![CDATA[100000]]>
              </value>
            </param>
            <param index="18">
              <value>
                <![CDATA[1]]>
              </value>
            </param>
            <param index="19">
              <value>
                <![CDATA[ActDatum + 3]]>
              </value>
            </param>
            <param index="20">
              <value>
                <![CDATA[Ja]]>
              </value>
            </param>
            <param index="21">
              <value>
                <![CDATA[Nein]]>
              </value>
            </param>
            <param index="22">
              <value>
                <![CDATA[Nein]]>
              </value>
            </param>
            <param index="23">
              <value>
                <![CDATA[Ja]]>
              </value>
            </param>
            <param index="24">
              <value>
                <![CDATA[Nein]]>
              </value>
            </param>
            <param index="25">
              <value>
                <![CDATA[Nein]]>
              </value>
            </param>
          </params>
          <reporter-output>
          </reporter-output>
        </test-method> <!-- TZPTransaktionAkzeptierenGGTest -->
        <test-method signature="TZPTransaktionAkzeptierenGGTest(java.lang.String, java.lang.String, java.lang.String, java.lang.String, java.lang.String, java.lang.String, java.lang.String, java.lang.String, java.lang.String, java.lang.String, java.lang.String, java.lang.String, java.lang.String, java.lang.String, java.lang.String, java.lang.String, java.lang.String, java.lang.String, java.lang.String, java.lang.String, java.lang.String, java.lang.String, java.lang.String, java.lang.String, java.lang.String, java.lang.String)[pri:0, instance:TopZinsPortal.TZPTransaktionAkzeptierenGG@6f1de4c7]" started-at="2021-05-12T16:57:00 CEST" name="TZPTransaktionAkzeptierenGGTest" data-provider="TZPTransaktionAkzeptierenGG" finished-at="2021-05-12T16:57:11 CEST" duration-ms="11815" status="PASS">
          <params>
            <param index="0">
              <value>
                <![CDATA[TZPTransaktionStartGG-TF-002]]>
              </value>
            </param>
            <param index="1">
              <value>
                <![CDATA[Ja]]>
              </value>
            </param>
            <param index="2">
              <value>
                <![CDATA[BHDR.GG.Handel@gmail.com]]>
              </value>
            </param>
            <param index="3">
              <value>
                <![CDATA[Test12345!]]>
              </value>
            </param>
            <param index="4">
              <value>
                <![CDATA[1000002]]>
              </value>
            </param>
            <param index="5">
              <value>
                <![CDATA[0,02 %]]>
              </value>
            </param>
            <param index="6">
              <value>
                <![CDATA[ActDatum]]>
              </value>
            </param>
            <param index="7">
              <value>
                <![CDATA[act/360]]>
              </value>
            </param>
            <param index="8">
              <value>
                <![CDATA[halbjährlich]]>
              </value>
            </param>
            <param index="9">
              <value>
                <![CDATA[Sonstiges TF 3 durch den]]>
              </value>
            </param>
            <param index="10">
              <value>
                <![CDATA[Kommentar TF3]]>
              </value>
            </param>
            <param index="11">
              <value>
                <![CDATA[20:00]]>
              </value>
            </param>
            <param index="12">
              <value>
                <![CDATA[Ja]]>
              </value>
            </param>
            <param index="13">
              <value>
                <![CDATA[Nein]]>
              </value>
            </param>
            <param index="14">
              <value>
                <![CDATA[BHDR-GN-Handel]]>
              </value>
            </param>
            <param index="15">
              <value>
                <![CDATA[BHDR.GN.Handel@gmail.com]]>
              </value>
            </param>
            <param index="16">
              <value>
                <![CDATA[Test12345!]]>
              </value>
            </param>
            <param index="17">
              <value>
                <![CDATA[200000]]>
              </value>
            </param>
            <param index="18">
              <value>
                <![CDATA[2]]>
              </value>
            </param>
            <param index="19">
              <value>
                <![CDATA[ActDatum + 3]]>
              </value>
            </param>
            <param index="20">
              <value>
                <![CDATA[Nein]]>
              </value>
            </param>
            <param index="21">
              <value>
                <![CDATA[Ja]]>
              </value>
            </param>
            <param index="22">
              <value>
                <![CDATA[Nein]]>
              </value>
            </param>
            <param index="23">
              <value>
                <![CDATA[Nein]]>
              </value>
            </param>
            <param index="24">
              <value>
                <![CDATA[Nein]]>
              </value>
            </param>
            <param index="25">
              <value>
                <![CDATA[Nein]]>
              </value>
            </param>
          </params>
          <reporter-output>
          </reporter-output>
        </test-method> <!-- TZPTransaktionAkzeptierenGGTest -->
        <test-method signature="TZPTransaktionAkzeptierenGGTest(java.lang.String, java.lang.String, java.lang.String, java.lang.String, java.lang.String, java.lang.String, java.lang.String, java.lang.String, java.lang.String, java.lang.String, java.lang.String, java.lang.String, java.lang.String, java.lang.String, java.lang.String, java.lang.String, java.lang.String, java.lang.String, java.lang.String, java.lang.String, java.lang.String, java.lang.String, java.lang.String, java.lang.String, java.lang.String, java.lang.String)[pri:0, instance:TopZinsPortal.TZPTransaktionAkzeptierenGG@6f1de4c7]" started-at="2021-05-12T16:57:11 CEST" name="TZPTransaktionAkzeptierenGGTest" data-provider="TZPTransaktionAkzeptierenGG" finished-at="2021-05-12T16:57:28 CEST" duration-ms="16712" status="PASS">
          <params>
            <param index="0">
              <value>
                <![CDATA[TZPTransaktionStartGG-TF-003]]>
              </value>
            </param>
            <param index="1">
              <value>
                <![CDATA[Ja]]>
              </value>
            </param>
            <param index="2">
              <value>
                <![CDATA[BHDR.GG.Handel@gmail.com]]>
              </value>
            </param>
            <param index="3">
              <value>
                <![CDATA[Test12345!]]>
              </value>
            </param>
            <param index="4">
              <value>
                <![CDATA[1000003]]>
              </value>
            </param>
            <param index="5">
              <value>
                <![CDATA[0,03 %]]>
              </value>
            </param>
            <param index="6">
              <value>
                <![CDATA[ActDatum]]>
              </value>
            </param>
            <param index="7">
              <value>
                <![CDATA[act/360]]>
              </value>
            </param>
            <param index="8">
              <value>
                <![CDATA[halbjährlich]]>
              </value>
            </param>
            <param index="9">
              <value>
                <![CDATA[Sonstiges TF 2 durch den]]>
              </value>
            </param>
            <param index="10">
              <value>
                <![CDATA[Kommentar TF2]]>
              </value>
            </param>
            <param index="11">
              <value>
                <![CDATA[20:00]]>
              </value>
            </param>
            <param index="12">
              <value>
                <![CDATA[Ja]]>
              </value>
            </param>
            <param index="13">
              <value>
                <![CDATA[Nein]]>
              </value>
            </param>
            <param index="14">
              <value>
                <![CDATA[BHDR-GN-Handel]]>
              </value>
            </param>
            <param index="15">
              <value>
                <![CDATA[BHDR.GN.Handel@gmail.com]]>
              </value>
            </param>
            <param index="16">
              <value>
                <![CDATA[Test12345!]]>
              </value>
            </param>
            <param index="17">
              <value>
                <![CDATA[300000]]>
              </value>
            </param>
            <param index="18">
              <value>
                <![CDATA[3]]>
              </value>
            </param>
            <param index="19">
              <value>
                <![CDATA[ActDatum + 3]]>
              </value>
            </param>
            <param index="20">
              <value>
                <![CDATA[Nein]]>
              </value>
            </param>
            <param index="21">
              <value>
                <![CDATA[Nein]]>
              </value>
            </param>
            <param index="22">
              <value>
                <![CDATA[Ja]]>
              </value>
            </param>
            <param index="23">
              <value>
                <![CDATA[Ja]]>
              </value>
            </param>
            <param index="24">
              <value>
                <![CDATA[Nein]]>
              </value>
            </param>
            <param index="25">
              <value>
                <![CDATA[Nein]]>
              </value>
            </param>
          </params>
          <reporter-output>
          </reporter-output>
        </test-method> <!-- TZPTransaktionAkzeptierenGGTest -->
        <test-method is-config="true" signature="BrowserTearDown()[pri:0, instance:TopZinsPortal.TZPTransaktionAkzeptierenGG@6f1de4c7]" started-at="2021-05-12T16:57:28 CEST" name="BrowserTearDown" finished-at="2021-05-12T16:57:29 CEST" duration-ms="1229" status="PASS">
          <reporter-output>
          </reporter-output>
        </test-method> <!-- BrowserTearDown -->
      </class> <!-- TopZinsPortal.TZPTransaktionAkzeptierenGG -->
    </test> <!-- TZP-Akzeptieren-GG -->
    <test started-at="2021-05-12T16:57:29 CEST" name="TZP-Abschluss-GN" finished-at="2021-05-12T16:58:03 CEST" duration-ms="34059">
      <class name="TopZinsPortal.TZPTransaktionAbschlussGN">
        <test-method is-config="true" signature="SetupSeleniumTestdaten(java.lang.String)[pri:0, instance:TopZinsPortal.TZPTransaktionAbschlussGN@48f2bd5b]" started-at="2021-05-12T16:57:29 CEST" name="SetupSeleniumTestdaten" finished-at="2021-05-12T16:57:31 CEST" duration-ms="1574" status="PASS">
          <params>
            <param index="0">
              <value>
                <![CDATA[Smoketest]]>
              </value>
            </param>
          </params>
          <reporter-output>
          </reporter-output>
        </test-method> <!-- SetupSeleniumTestdaten -->
        <test-method signature="TZPTransaktionAbschlussGNTest(java.lang.String, java.lang.String, java.lang.String, java.lang.String, java.lang.String, java.lang.String, java.lang.String, java.lang.String, java.lang.String, java.lang.String, java.lang.String, java.lang.String, java.lang.String, java.lang.String, java.lang.String, java.lang.String, java.lang.String, java.lang.String, java.lang.String, java.lang.String, java.lang.String, java.lang.String, java.lang.String, java.lang.String, java.lang.String, java.lang.String)[pri:0, instance:TopZinsPortal.TZPTransaktionAbschlussGN@48f2bd5b]" started-at="2021-05-12T16:57:31 CEST" name="TZPTransaktionAbschlussGNTest" data-provider="TZPTransaktionAbschlussGN" finished-at="2021-05-12T16:57:43 CEST" duration-ms="11978" status="PASS">
          <params>
            <param index="0">
              <value>
                <![CDATA[TZPTransaktionStartGG-TF-001]]>
              </value>
            </param>
            <param index="1">
              <value>
                <![CDATA[Ja]]>
              </value>
            </param>
            <param index="2">
              <value>
                <![CDATA[BHDR.GG.Handel@gmail.com]]>
              </value>
            </param>
            <param index="3">
              <value>
                <![CDATA[Test12345!]]>
              </value>
            </param>
            <param index="4">
              <value>
                <![CDATA[1000001]]>
              </value>
            </param>
            <param index="5">
              <value>
                <![CDATA[0,01 %]]>
              </value>
            </param>
            <param index="6">
              <value>
                <![CDATA[ActDatum]]>
              </value>
            </param>
            <param index="7">
              <value>
                <![CDATA[act/360]]>
              </value>
            </param>
            <param index="8">
              <value>
                <![CDATA[halbjährlich]]>
              </value>
            </param>
            <param index="9">
              <value>
                <![CDATA[Sonstiges TF 1 durch den]]>
              </value>
            </param>
            <param index="10">
              <value>
                <![CDATA[Kommentar TF1]]>
              </value>
            </param>
            <param index="11">
              <value>
                <![CDATA[20:00]]>
              </value>
            </param>
            <param index="12">
              <value>
                <![CDATA[Ja]]>
              </value>
            </param>
            <param index="13">
              <value>
                <![CDATA[Nein]]>
              </value>
            </param>
            <param index="14">
              <value>
                <![CDATA[BHDR-GN-Handel]]>
              </value>
            </param>
            <param index="15">
              <value>
                <![CDATA[BHDR.GN.Handel@gmail.com]]>
              </value>
            </param>
            <param index="16">
              <value>
                <![CDATA[Test12345!]]>
              </value>
            </param>
            <param index="17">
              <value>
                <![CDATA[100000]]>
              </value>
            </param>
            <param index="18">
              <value>
                <![CDATA[1]]>
              </value>
            </param>
            <param index="19">
              <value>
                <![CDATA[ActDatum + 3]]>
              </value>
            </param>
            <param index="20">
              <value>
                <![CDATA[Ja]]>
              </value>
            </param>
            <param index="21">
              <value>
                <![CDATA[Nein]]>
              </value>
            </param>
            <param index="22">
              <value>
                <![CDATA[Nein]]>
              </value>
            </param>
            <param index="23">
              <value>
                <![CDATA[Ja]]>
              </value>
            </param>
            <param index="24">
              <value>
                <![CDATA[Nein]]>
              </value>
            </param>
            <param index="25">
              <value>
                <![CDATA[Nein]]>
              </value>
            </param>
          </params>
          <reporter-output>
          </reporter-output>
        </test-method> <!-- TZPTransaktionAbschlussGNTest -->
        <test-method signature="TZPTransaktionAbschlussGNTest(java.lang.String, java.lang.String, java.lang.String, java.lang.String, java.lang.String, java.lang.String, java.lang.String, java.lang.String, java.lang.String, java.lang.String, java.lang.String, java.lang.String, java.lang.String, java.lang.String, java.lang.String, java.lang.String, java.lang.String, java.lang.String, java.lang.String, java.lang.String, java.lang.String, java.lang.String, java.lang.String, java.lang.String, java.lang.String, java.lang.String)[pri:0, instance:TopZinsPortal.TZPTransaktionAbschlussGN@48f2bd5b]" started-at="2021-05-12T16:57:43 CEST" name="TZPTransaktionAbschlussGNTest" data-provider="TZPTransaktionAbschlussGN" finished-at="2021-05-12T16:57:51 CEST" duration-ms="7738" status="PASS">
          <params>
            <param index="0">
              <value>
                <![CDATA[TZPTransaktionStartGG-TF-002]]>
              </value>
            </param>
            <param index="1">
              <value>
                <![CDATA[Ja]]>
              </value>
            </param>
            <param index="2">
              <value>
                <![CDATA[BHDR.GG.Handel@gmail.com]]>
              </value>
            </param>
            <param index="3">
              <value>
                <![CDATA[Test12345!]]>
              </value>
            </param>
            <param index="4">
              <value>
                <![CDATA[1000002]]>
              </value>
            </param>
            <param index="5">
              <value>
                <![CDATA[0,02 %]]>
              </value>
            </param>
            <param index="6">
              <value>
                <![CDATA[ActDatum]]>
              </value>
            </param>
            <param index="7">
              <value>
                <![CDATA[act/360]]>
              </value>
            </param>
            <param index="8">
              <value>
                <![CDATA[halbjährlich]]>
              </value>
            </param>
            <param index="9">
              <value>
                <![CDATA[Sonstiges TF 3 durch den]]>
              </value>
            </param>
            <param index="10">
              <value>
                <![CDATA[Kommentar TF3]]>
              </value>
            </param>
            <param index="11">
              <value>
                <![CDATA[20:00]]>
              </value>
            </param>
            <param index="12">
              <value>
                <![CDATA[Ja]]>
              </value>
            </param>
            <param index="13">
              <value>
                <![CDATA[Nein]]>
              </value>
            </param>
            <param index="14">
              <value>
                <![CDATA[BHDR-GN-Handel]]>
              </value>
            </param>
            <param index="15">
              <value>
                <![CDATA[BHDR.GN.Handel@gmail.com]]>
              </value>
            </param>
            <param index="16">
              <value>
                <![CDATA[Test12345!]]>
              </value>
            </param>
            <param index="17">
              <value>
                <![CDATA[200000]]>
              </value>
            </param>
            <param index="18">
              <value>
                <![CDATA[2]]>
              </value>
            </param>
            <param index="19">
              <value>
                <![CDATA[ActDatum + 3]]>
              </value>
            </param>
            <param index="20">
              <value>
                <![CDATA[Nein]]>
              </value>
            </param>
            <param index="21">
              <value>
                <![CDATA[Ja]]>
              </value>
            </param>
            <param index="22">
              <value>
                <![CDATA[Nein]]>
              </value>
            </param>
            <param index="23">
              <value>
                <![CDATA[Nein]]>
              </value>
            </param>
            <param index="24">
              <value>
                <![CDATA[Nein]]>
              </value>
            </param>
            <param index="25">
              <value>
                <![CDATA[Nein]]>
              </value>
            </param>
          </params>
          <reporter-output>
          </reporter-output>
        </test-method> <!-- TZPTransaktionAbschlussGNTest -->
        <test-method signature="TZPTransaktionAbschlussGNTest(java.lang.String, java.lang.String, java.lang.String, java.lang.String, java.lang.String, java.lang.String, java.lang.String, java.lang.String, java.lang.String, java.lang.String, java.lang.String, java.lang.String, java.lang.String, java.lang.String, java.lang.String, java.lang.String, java.lang.String, java.lang.String, java.lang.String, java.lang.String, java.lang.String, java.lang.String, java.lang.String, java.lang.String, java.lang.String, java.lang.String)[pri:0, instance:TopZinsPortal.TZPTransaktionAbschlussGN@48f2bd5b]" started-at="2021-05-12T16:57:51 CEST" name="TZPTransaktionAbschlussGNTest" data-provider="TZPTransaktionAbschlussGN" finished-at="2021-05-12T16:58:02 CEST" duration-ms="11486" status="PASS">
          <params>
            <param index="0">
              <value>
                <![CDATA[TZPTransaktionStartGG-TF-003]]>
              </value>
            </param>
            <param index="1">
              <value>
                <![CDATA[Ja]]>
              </value>
            </param>
            <param index="2">
              <value>
                <![CDATA[BHDR.GG.Handel@gmail.com]]>
              </value>
            </param>
            <param index="3">
              <value>
                <![CDATA[Test12345!]]>
              </value>
            </param>
            <param index="4">
              <value>
                <![CDATA[1000003]]>
              </value>
            </param>
            <param index="5">
              <value>
                <![CDATA[0,03 %]]>
              </value>
            </param>
            <param index="6">
              <value>
                <![CDATA[ActDatum]]>
              </value>
            </param>
            <param index="7">
              <value>
                <![CDATA[act/360]]>
              </value>
            </param>
            <param index="8">
              <value>
                <![CDATA[halbjährlich]]>
              </value>
            </param>
            <param index="9">
              <value>
                <![CDATA[Sonstiges TF 2 durch den]]>
              </value>
            </param>
            <param index="10">
              <value>
                <![CDATA[Kommentar TF2]]>
              </value>
            </param>
            <param index="11">
              <value>
                <![CDATA[20:00]]>
              </value>
            </param>
            <param index="12">
              <value>
                <![CDATA[Ja]]>
              </value>
            </param>
            <param index="13">
              <value>
                <![CDATA[Nein]]>
              </value>
            </param>
            <param index="14">
              <value>
                <![CDATA[BHDR-GN-Handel]]>
              </value>
            </param>
            <param index="15">
              <value>
                <![CDATA[BHDR.GN.Handel@gmail.com]]>
              </value>
            </param>
            <param index="16">
              <value>
                <![CDATA[Test12345!]]>
              </value>
            </param>
            <param index="17">
              <value>
                <![CDATA[300000]]>
              </value>
            </param>
            <param index="18">
              <value>
                <![CDATA[3]]>
              </value>
            </param>
            <param index="19">
              <value>
                <![CDATA[ActDatum + 3]]>
              </value>
            </param>
            <param index="20">
              <value>
                <![CDATA[Nein]]>
              </value>
            </param>
            <param index="21">
              <value>
                <![CDATA[Nein]]>
              </value>
            </param>
            <param index="22">
              <value>
                <![CDATA[Ja]]>
              </value>
            </param>
            <param index="23">
              <value>
                <![CDATA[Ja]]>
              </value>
            </param>
            <param index="24">
              <value>
                <![CDATA[Nein]]>
              </value>
            </param>
            <param index="25">
              <value>
                <![CDATA[Nein]]>
              </value>
            </param>
          </params>
          <reporter-output>
          </reporter-output>
        </test-method> <!-- TZPTransaktionAbschlussGNTest -->
        <test-method is-config="true" signature="BrowserTearDown()[pri:0, instance:TopZinsPortal.TZPTransaktionAbschlussGN@48f2bd5b]" started-at="2021-05-12T16:58:02 CEST" name="BrowserTearDown" finished-at="2021-05-12T16:58:03 CEST" duration-ms="1200" status="PASS">
          <reporter-output>
          </reporter-output>
        </test-method> <!-- BrowserTearDown -->
      </class> <!-- TopZinsPortal.TZPTransaktionAbschlussGN -->
    </test> <!-- TZP-Abschluss-GN -->
  </suite> <!-- TopZinzPortal-Transaktion-Ablauftesttest -->
</testng-results>
