<?xml version="1.0" encoding="UTF-8"?>
<testng-results ignored="0" total="8" passed="8" failed="0" skipped="0">
  <reporter-output>
  </reporter-output>
  <suite started-at="2021-05-03T18:50:19 CEST" name="Default suite" finished-at="2021-05-03T18:50:43 CEST" duration-ms="23672">
    <groups>
    </groups>
    <test started-at="2021-05-03T18:50:19 CEST" name="Default test" finished-at="2021-05-03T18:50:43 CEST" duration-ms="23672">
      <class name="TopZinsPortal.TZPCheckEMailsGG">
        <test-method is-config="true" signature="SetupSeleniumTestdaten(java.lang.String)[pri:0, instance:TopZinsPortal.TZPCheckEMailsGG@294425a7]" started-at="2021-05-03T18:50:19 CEST" name="SetupSeleniumTestdaten" finished-at="2021-05-03T18:50:19 CEST" duration-ms="204" status="PASS">
          <params>
            <param index="0">
              <value>
                <![CDATA[Ad Hoc Test]]>
              </value>
            </param>
          </params>
          <reporter-output>
          </reporter-output>
        </test-method> <!-- SetupSeleniumTestdaten -->
        <test-method signature="TZPCheckEmailGGTest(java.lang.String, java.lang.String, java.lang.String, java.lang.String, java.lang.String, java.lang.String, java.lang.String, java.lang.String, java.lang.String)[pri:10, instance:TopZinsPortal.TZPCheckEMailsGG@294425a7]" started-at="2021-05-03T18:50:20 CEST" name="TZPCheckEmailGGTest" data-provider="TZPCheckEMailsGG" finished-at="2021-05-03T18:50:23 CEST" duration-ms="3100" status="PASS">
          <params>
            <param index="0">
              <value>
                <![CDATA[TZPCheckEMailGG-TF-001]]>
              </value>
            </param>
            <param index="1">
              <value>
                <![CDATA[Ja]]>
              </value>
            </param>
            <param index="2">
              <value>
                <![CDATA[BHDR.gg.DGSVO@gmail.com]]>
              </value>
            </param>
            <param index="3">
              <value>
                <![CDATA[Test12345!]]>
              </value>
            </param>
            <param index="4">
              <value>
                <![CDATA[Herzlichen Dank für Ihre Registrierung auf dem FORSA TopZinsPortal]]>
              </value>
            </param>
            <param index="5">
              <value>
                <![CDATA[Vollständige-Registrierung-TopZinsPortal.pdf]]>
              </value>
            </param>
            <param index="6">
              <value>
                <![CDATA[http://www.forsa-gmbh.de/downloads/Topzins/TZP-Registration.mp4]]>
              </value>
            </param>
            <param index="7">
              <value>
                <![CDATA[mailto:sales-forsa@forsa-gmbh.de]]>
              </value>
            </param>
            <param index="8">
              <value>
                <![CDATA[]]>
              </value>
            </param>
          </params>
          <reporter-output>
          </reporter-output>
        </test-method> <!-- TZPCheckEmailGGTest -->
        <test-method signature="TZPCheckEmailGGTest(java.lang.String, java.lang.String, java.lang.String, java.lang.String, java.lang.String, java.lang.String, java.lang.String, java.lang.String, java.lang.String)[pri:10, instance:TopZinsPortal.TZPCheckEMailsGG@294425a7]" started-at="2021-05-03T18:50:23 CEST" name="TZPCheckEmailGGTest" data-provider="TZPCheckEMailsGG" finished-at="2021-05-03T18:50:27 CEST" duration-ms="4531" status="PASS">
          <params>
            <param index="0">
              <value>
                <![CDATA[TZPCheckEMailGG-TF-002]]>
              </value>
            </param>
            <param index="1">
              <value>
                <![CDATA[Ja]]>
              </value>
            </param>
            <param index="2">
              <value>
                <![CDATA[BHDR.gg.DatenKomplett@gmail.com]]>
              </value>
            </param>
            <param index="3">
              <value>
                <![CDATA[Test12345!]]>
              </value>
            </param>
            <param index="4">
              <value>
                <![CDATA[Herzlichen Dank für Ihre Registrierung auf dem FORSA TopZinsPortal]]>
              </value>
            </param>
            <param index="5">
              <value>
                <![CDATA[Vollständige-Registrierung-TopZinsPortal.pdf]]>
              </value>
            </param>
            <param index="6">
              <value>
                <![CDATA[http://www.forsa-gmbh.de/downloads/Topzins/TZP-Registration.mp4]]>
              </value>
            </param>
            <param index="7">
              <value>
                <![CDATA[mailto:sales-forsa@forsa-gmbh.de]]>
              </value>
            </param>
            <param index="8">
              <value>
                <![CDATA[]]>
              </value>
            </param>
          </params>
          <reporter-output>
          </reporter-output>
        </test-method> <!-- TZPCheckEmailGGTest -->
        <test-method signature="TZPCheckEmailGGTest(java.lang.String, java.lang.String, java.lang.String, java.lang.String, java.lang.String, java.lang.String, java.lang.String, java.lang.String, java.lang.String)[pri:10, instance:TopZinsPortal.TZPCheckEMailsGG@294425a7]" started-at="2021-05-03T18:50:27 CEST" name="TZPCheckEmailGGTest" data-provider="TZPCheckEMailsGG" finished-at="2021-05-03T18:50:27 CEST" duration-ms="4" status="PASS">
          <params>
            <param index="0">
              <value>
                <![CDATA[TZPCheckEMailGG-TF-003]]>
              </value>
            </param>
            <param index="1">
              <value>
                <![CDATA[Ja]]>
              </value>
            </param>
            <param index="2">
              <value>
                <![CDATA[BHDR.gg.DatenKomplett@gmail.com]]>
              </value>
            </param>
            <param index="3">
              <value>
                <![CDATA[Test12345!]]>
              </value>
            </param>
            <param index="4">
              <value>
                <![CDATA[FORSA TopZinsPortal - Anforderung der Handelsberechtigung]]>
              </value>
            </param>
            <param index="5">
              <value>
                <![CDATA[]]>
              </value>
            </param>
            <param index="6">
              <value>
                <![CDATA[]]>
              </value>
            </param>
            <param index="7">
              <value>
                <![CDATA[]]>
              </value>
            </param>
            <param index="8">
              <value>
                <![CDATA[]]>
              </value>
            </param>
          </params>
          <reporter-output>
          </reporter-output>
        </test-method> <!-- TZPCheckEmailGGTest -->
        <test-method signature="TZPCheckEmailGGTest(java.lang.String, java.lang.String, java.lang.String, java.lang.String, java.lang.String, java.lang.String, java.lang.String, java.lang.String, java.lang.String)[pri:10, instance:TopZinsPortal.TZPCheckEMailsGG@294425a7]" started-at="2021-05-03T18:50:27 CEST" name="TZPCheckEmailGGTest" data-provider="TZPCheckEMailsGG" finished-at="2021-05-03T18:50:32 CEST" duration-ms="4434" status="PASS">
          <params>
            <param index="0">
              <value>
                <![CDATA[TZPCheckEMailGG-TF-004]]>
              </value>
            </param>
            <param index="1">
              <value>
                <![CDATA[Ja]]>
              </value>
            </param>
            <param index="2">
              <value>
                <![CDATA[BHDR.gg.Handel@gmail.com]]>
              </value>
            </param>
            <param index="3">
              <value>
                <![CDATA[Test12345!]]>
              </value>
            </param>
            <param index="4">
              <value>
                <![CDATA[Herzlichen Dank für Ihre Registrierung auf dem FORSA TopZinsPortal]]>
              </value>
            </param>
            <param index="5">
              <value>
                <![CDATA[Vollständige-Registrierung-TopZinsPortal.pdf]]>
              </value>
            </param>
            <param index="6">
              <value>
                <![CDATA[http://www.forsa-gmbh.de/downloads/Topzins/TZP-Registration.mp4]]>
              </value>
            </param>
            <param index="7">
              <value>
                <![CDATA[mailto:sales-forsa@forsa-gmbh.de]]>
              </value>
            </param>
            <param index="8">
              <value>
                <![CDATA[]]>
              </value>
            </param>
          </params>
          <reporter-output>
          </reporter-output>
        </test-method> <!-- TZPCheckEmailGGTest -->
        <test-method signature="TZPCheckEmailGGTest(java.lang.String, java.lang.String, java.lang.String, java.lang.String, java.lang.String, java.lang.String, java.lang.String, java.lang.String, java.lang.String)[pri:10, instance:TopZinsPortal.TZPCheckEMailsGG@294425a7]" started-at="2021-05-03T18:50:32 CEST" name="TZPCheckEmailGGTest" data-provider="TZPCheckEMailsGG" finished-at="2021-05-03T18:50:32 CEST" duration-ms="4" status="PASS">
          <params>
            <param index="0">
              <value>
                <![CDATA[TZPCheckEMailGG-TF-005]]>
              </value>
            </param>
            <param index="1">
              <value>
                <![CDATA[Ja]]>
              </value>
            </param>
            <param index="2">
              <value>
                <![CDATA[BHDR.gg.Handel@gmail.com]]>
              </value>
            </param>
            <param index="3">
              <value>
                <![CDATA[Test12345!]]>
              </value>
            </param>
            <param index="4">
              <value>
                <![CDATA[FORSA TopZinsPortal - Anforderung der Handelsberechtigung]]>
              </value>
            </param>
            <param index="5">
              <value>
                <![CDATA[]]>
              </value>
            </param>
            <param index="6">
              <value>
                <![CDATA[]]>
              </value>
            </param>
            <param index="7">
              <value>
                <![CDATA[]]>
              </value>
            </param>
            <param index="8">
              <value>
                <![CDATA[]]>
              </value>
            </param>
          </params>
          <reporter-output>
          </reporter-output>
        </test-method> <!-- TZPCheckEmailGGTest -->
        <test-method signature="TZPCheckEmailGGTest(java.lang.String, java.lang.String, java.lang.String, java.lang.String, java.lang.String, java.lang.String, java.lang.String, java.lang.String, java.lang.String)[pri:10, instance:TopZinsPortal.TZPCheckEMailsGG@294425a7]" started-at="2021-05-03T18:50:32 CEST" name="TZPCheckEmailGGTest" data-provider="TZPCheckEMailsGG" finished-at="2021-05-03T18:50:32 CEST" duration-ms="1" status="PASS">
          <params>
            <param index="0">
              <value>
                <![CDATA[TZPCheckEMailGG-TF-006]]>
              </value>
            </param>
            <param index="1">
              <value>
                <![CDATA[Ja]]>
              </value>
            </param>
            <param index="2">
              <value>
                <![CDATA[BHDR.gg.Handel@gmail.com]]>
              </value>
            </param>
            <param index="3">
              <value>
                <![CDATA[Test12345!]]>
              </value>
            </param>
            <param index="4">
              <value>
                <![CDATA[FORSA TopZinsPortal - Die Vergabe der Handelsberechtigung war erfolgreich]]>
              </value>
            </param>
            <param index="5">
              <value>
                <![CDATA[]]>
              </value>
            </param>
            <param index="6">
              <value>
                <![CDATA[]]>
              </value>
            </param>
            <param index="7">
              <value>
                <![CDATA[]]>
              </value>
            </param>
            <param index="8">
              <value>
                <![CDATA[]]>
              </value>
            </param>
          </params>
          <reporter-output>
          </reporter-output>
        </test-method> <!-- TZPCheckEmailGGTest -->
        <test-method signature="TZPCheckEmailGGTest(java.lang.String, java.lang.String, java.lang.String, java.lang.String, java.lang.String, java.lang.String, java.lang.String, java.lang.String, java.lang.String)[pri:10, instance:TopZinsPortal.TZPCheckEMailsGG@294425a7]" started-at="2021-05-03T18:50:32 CEST" name="TZPCheckEmailGGTest" data-provider="TZPCheckEMailsGG" finished-at="2021-05-03T18:50:37 CEST" duration-ms="5223" status="PASS">
          <params>
            <param index="0">
              <value>
                <![CDATA[TZPCheckEMailGG-TF-007]]>
              </value>
            </param>
            <param index="1">
              <value>
                <![CDATA[Ja]]>
              </value>
            </param>
            <param index="2">
              <value>
                <![CDATA[BHDR.gg.Deaktiv@gmail.com]]>
              </value>
            </param>
            <param index="3">
              <value>
                <![CDATA[Test12345!]]>
              </value>
            </param>
            <param index="4">
              <value>
                <![CDATA[Herzlichen Dank für Ihre Registrierung auf dem FORSA TopZinsPortal]]>
              </value>
            </param>
            <param index="5">
              <value>
                <![CDATA[Vollständige-Registrierung-TopZinsPortal.pdf]]>
              </value>
            </param>
            <param index="6">
              <value>
                <![CDATA[http://www.forsa-gmbh.de/downloads/Topzins/TZP-Registration.mp4]]>
              </value>
            </param>
            <param index="7">
              <value>
                <![CDATA[mailto:sales-forsa@forsa-gmbh.de]]>
              </value>
            </param>
            <param index="8">
              <value>
                <![CDATA[]]>
              </value>
            </param>
          </params>
          <reporter-output>
          </reporter-output>
        </test-method> <!-- TZPCheckEmailGGTest -->
        <test-method signature="TZPCheckEmailGGTest(java.lang.String, java.lang.String, java.lang.String, java.lang.String, java.lang.String, java.lang.String, java.lang.String, java.lang.String, java.lang.String)[pri:10, instance:TopZinsPortal.TZPCheckEMailsGG@294425a7]" started-at="2021-05-03T18:50:37 CEST" name="TZPCheckEmailGGTest" data-provider="TZPCheckEMailsGG" finished-at="2021-05-03T18:50:39 CEST" duration-ms="2083" status="PASS">
          <params>
            <param index="0">
              <value>
                <![CDATA[TZPCheckEMailGG-TF-008]]>
              </value>
            </param>
            <param index="1">
              <value>
                <![CDATA[Ja]]>
              </value>
            </param>
            <param index="2">
              <value>
                <![CDATA[BHDR.gg.Loeschen@gmail.com]]>
              </value>
            </param>
            <param index="3">
              <value>
                <![CDATA[Test12345!]]>
              </value>
            </param>
            <param index="4">
              <value>
                <![CDATA[Herzlichen Dank für Ihre Registrierung auf dem FORSA TopZinsPortal]]>
              </value>
            </param>
            <param index="5">
              <value>
                <![CDATA[Vollständige-Registrierung-TopZinsPortal.pdf]]>
              </value>
            </param>
            <param index="6">
              <value>
                <![CDATA[http://www.forsa-gmbh.de/downloads/Topzins/TZP-Registration.mp4]]>
              </value>
            </param>
            <param index="7">
              <value>
                <![CDATA[mailto:sales-forsa@forsa-gmbh.de]]>
              </value>
            </param>
            <param index="8">
              <value>
                <![CDATA[]]>
              </value>
            </param>
          </params>
          <reporter-output>
          </reporter-output>
        </test-method> <!-- TZPCheckEmailGGTest -->
        <test-method is-config="true" signature="BrowserTearDown()[pri:0, instance:TopZinsPortal.TZPCheckEMailsGG@294425a7]" started-at="2021-05-03T18:50:39 CEST" name="BrowserTearDown" finished-at="2021-05-03T18:50:43 CEST" duration-ms="3905" status="PASS">
          <reporter-output>
          </reporter-output>
        </test-method> <!-- BrowserTearDown -->
      </class> <!-- TopZinsPortal.TZPCheckEMailsGG -->
    </test> <!-- Default test -->
  </suite> <!-- Default suite -->
</testng-results>
