<?xml version="1.0" encoding="UTF-8"?>
<testng-results ignored="0" total="3" passed="3" failed="0" skipped="0">
  <reporter-output>
  </reporter-output>
  <suite started-at="2020-11-25T17:29:09 CET" name="Default suite" finished-at="2020-11-25T17:31:24 CET" duration-ms="134907">
    <groups>
    </groups>
    <test started-at="2020-11-25T17:29:09 CET" name="Default test" finished-at="2020-11-25T17:31:24 CET" duration-ms="134907">
      <class name="TopZinsPortal.TZPRegGG">
        <test-method is-config="true" signature="Setup(java.lang.String)[pri:0, instance:TopZinsPortal.TZPRegGG@294425a7]" started-at="2020-11-25T17:29:09 CET" name="Setup" finished-at="2020-11-25T17:29:20 CET" duration-ms="10799" status="PASS">
          <params>
            <param index="0">
              <value>
                <![CDATA[Ad Hoc Test]]>
              </value>
            </param>
          </params>
          <reporter-output>
          </reporter-output>
        </test-method> <!-- Setup -->
        <test-method signature="TZRegGGTest(java.lang.String, java.lang.String, java.lang.String, java.lang.String, java.lang.String, java.lang.String, java.lang.String, java.lang.String, java.lang.String, java.lang.String, java.lang.String, java.lang.String, java.lang.String)[pri:0, instance:TopZinsPortal.TZPRegGG@294425a7]" started-at="2020-11-25T17:29:20 CET" name="TZRegGGTest" data-provider="TZPRegGG" finished-at="2020-11-25T17:30:00 CET" duration-ms="39509" status="PASS">
          <params>
            <param index="0">
              <value>
                <![CDATA[TZPRegGG-TF-001]]>
              </value>
            </param>
            <param index="1">
              <value>
                <![CDATA[BHDR-GG-DGSVO]]>
              </value>
            </param>
            <param index="2">
              <value>
                <![CDATA[Herr]]>
              </value>
            </param>
            <param index="3">
              <value>
                <![CDATA[Dr.]]>
              </value>
            </param>
            <param index="4">
              <value>
                <![CDATA[Vorname Mann]]>
              </value>
            </param>
            <param index="5">
              <value>
                <![CDATA[Nachname Mann]]>
              </value>
            </param>
            <param index="6">
              <value>
                <![CDATA[0611 11 11 11]]>
              </value>
            </param>
            <param index="7">
              <value>
                <![CDATA[b.dikmen.wi@gmail.com]]>
              </value>
            </param>
            <param index="8">
              <value>
                <![CDATA[b.dikmen.wi@gmail.com]]>
              </value>
            </param>
            <param index="9">
              <value>
                <![CDATA[Test12345!]]>
              </value>
            </param>
            <param index="10">
              <value>
                <![CDATA[Ja]]>
              </value>
            </param>
            <param index="11">
              <value>
                <![CDATA[Ja]]>
              </value>
            </param>
            <param index="12">
              <value>
                <![CDATA[nein]]>
              </value>
            </param>
          </params>
          <reporter-output>
          </reporter-output>
        </test-method> <!-- TZRegGGTest -->
        <test-method signature="TZRegGGTest(java.lang.String, java.lang.String, java.lang.String, java.lang.String, java.lang.String, java.lang.String, java.lang.String, java.lang.String, java.lang.String, java.lang.String, java.lang.String, java.lang.String, java.lang.String)[pri:0, instance:TopZinsPortal.TZPRegGG@294425a7]" started-at="2020-11-25T17:30:00 CET" name="TZRegGGTest" data-provider="TZPRegGG" finished-at="2020-11-25T17:30:39 CET" duration-ms="38757" status="PASS">
          <params>
            <param index="0">
              <value>
                <![CDATA[TZPRegGG-TF-002]]>
              </value>
            </param>
            <param index="1">
              <value>
                <![CDATA[BHDR-GG-DatenKomplett]]>
              </value>
            </param>
            <param index="2">
              <value>
                <![CDATA[Herr]]>
              </value>
            </param>
            <param index="3">
              <value>
                <![CDATA[]]>
              </value>
            </param>
            <param index="4">
              <value>
                <![CDATA[Bahadir-Zweitname]]>
              </value>
            </param>
            <param index="5">
              <value>
                <![CDATA[Dikmen-Zweitname]]>
              </value>
            </param>
            <param index="6">
              <value>
                <![CDATA[0611 - 451 - 458]]>
              </value>
            </param>
            <param index="7">
              <value>
                <![CDATA[b.dikmen@online.de]]>
              </value>
            </param>
            <param index="8">
              <value>
                <![CDATA[b.dikmen@online.de]]>
              </value>
            </param>
            <param index="9">
              <value>
                <![CDATA[Test12345!]]>
              </value>
            </param>
            <param index="10">
              <value>
                <![CDATA[Ja]]>
              </value>
            </param>
            <param index="11">
              <value>
                <![CDATA[Ja]]>
              </value>
            </param>
            <param index="12">
              <value>
                <![CDATA[nein]]>
              </value>
            </param>
          </params>
          <reporter-output>
          </reporter-output>
        </test-method> <!-- TZRegGGTest -->
        <test-method signature="TZRegGGTest(java.lang.String, java.lang.String, java.lang.String, java.lang.String, java.lang.String, java.lang.String, java.lang.String, java.lang.String, java.lang.String, java.lang.String, java.lang.String, java.lang.String, java.lang.String)[pri:0, instance:TopZinsPortal.TZPRegGG@294425a7]" started-at="2020-11-25T17:30:39 CET" name="TZRegGGTest" data-provider="TZPRegGG" finished-at="2020-11-25T17:31:18 CET" duration-ms="38760" status="PASS">
          <params>
            <param index="0">
              <value>
                <![CDATA[TZPRegGG-TF-003]]>
              </value>
            </param>
            <param index="1">
              <value>
                <![CDATA[BHDR-GG-Handel]]>
              </value>
            </param>
            <param index="2">
              <value>
                <![CDATA[Frau]]>
              </value>
            </param>
            <param index="3">
              <value>
                <![CDATA[]]>
              </value>
            </param>
            <param index="4">
              <value>
                <![CDATA[Vor BHDR-GG-Handel]]>
              </value>
            </param>
            <param index="5">
              <value>
                <![CDATA[Nach BHDR-GG-Handel]]>
              </value>
            </param>
            <param index="6">
              <value>
                <![CDATA[0611451458]]>
              </value>
            </param>
            <param index="7">
              <value>
                <![CDATA[dikmen@forsa-gmbh.de]]>
              </value>
            </param>
            <param index="8">
              <value>
                <![CDATA[dikmen@forsa-gmbh.de]]>
              </value>
            </param>
            <param index="9">
              <value>
                <![CDATA[Test12345!]]>
              </value>
            </param>
            <param index="10">
              <value>
                <![CDATA[Ja]]>
              </value>
            </param>
            <param index="11">
              <value>
                <![CDATA[Ja]]>
              </value>
            </param>
            <param index="12">
              <value>
                <![CDATA[nein]]>
              </value>
            </param>
          </params>
          <reporter-output>
          </reporter-output>
        </test-method> <!-- TZRegGGTest -->
        <test-method is-config="true" signature="tearDown()[pri:0, instance:TopZinsPortal.TZPRegGG@294425a7]" started-at="2020-11-25T17:31:18 CET" name="tearDown" finished-at="2020-11-25T17:31:24 CET" duration-ms="6428" status="PASS">
          <reporter-output>
          </reporter-output>
        </test-method> <!-- tearDown -->
      </class> <!-- TopZinsPortal.TZPRegGG -->
    </test> <!-- Default test -->
  </suite> <!-- Default suite -->
</testng-results>
