<?xml version="1.0" encoding="UTF-8"?>
<!-- Generated by org.testng.reporters.JUnitXMLReporter -->
<testsuite ignored="0" hostname="forsa-vm31" failures="0" tests="2" name="TZP-Ausschreibung-Angebot-Abgeben-GN" time="47.393" errors="0" timestamp="2021-03-26T13:05:53 CET">
  <testcase classname="TopZinsPortal.TZPTenderAngebotSendenGN" name="TZPTenderAngebotSendenGNTest" time="41.606"/>
  <testcase classname="TopZinsPortal.TZPTenderAngebotSendenGN" name="TZPTenderAngebotSendenGNTest" time="0.001"/>
</testsuite> <!-- TZP-Ausschreibung-Angebot-Abgeben-GN -->
