<?xml version="1.0" encoding="UTF-8"?>
<!-- Generated by org.testng.reporters.JUnitXMLReporter -->
<testsuite ignored="0" hostname="forsa-vm31" failures="1" tests="2" name="TZP-Ausschreibung Start-GG" time="21.897" errors="0" timestamp="2021-02-22T17:54:38 CET">
  <testcase classname="TopZinsPortal.TZPTenderStartGG" name="TZPTenderStartGGTest" time="12.623">
    <failure type="junit.framework.AssertionFailedError" message="Gemeldeter Fehler: org.openqa.selenium.NoSuchElementException: Cannot locate an element using xpath=//a[@data-test=&amp;apos;Ausschreibungen&amp;apos;]
For documentation on this error, please visit: https://www.seleniumhq.org/exceptions/no_such_element.html
Build info: version: &amp;apos;3.141.59&amp;apos;, revision: &amp;apos;e82be7d358&amp;apos;, time: &amp;apos;2018-11-14T08:17:03&amp;apos;
System info: host: &amp;apos;FORSA-VM31&amp;apos;, ip: &amp;apos;10.52.76.82&amp;apos;, os.name: &amp;apos;Windows 10&amp;apos;, os.arch: &amp;apos;amd64&amp;apos;, os.version: &amp;apos;10.0&amp;apos;, java.version: &amp;apos;15&amp;apos;
Driver info: driver.version: RemoteWebDriver">
      <![CDATA[junit.framework.AssertionFailedError: Gemeldeter Fehler: org.openqa.selenium.NoSuchElementException: Cannot locate an element using xpath=//a[@data-test='Ausschreibungen']
For documentation on this error, please visit: https://www.seleniumhq.org/exceptions/no_such_element.html
Build info: version: '3.141.59', revision: 'e82be7d358', time: '2018-11-14T08:17:03'
System info: host: 'FORSA-VM31', ip: '10.52.76.82', os.name: 'Windows 10', os.arch: 'amd64', os.version: '10.0', java.version: '15'
Driver info: driver.version: RemoteWebDriver
at junit.framework.Assert.fail(Assert.java:47)
at junit.framework.Assert.assertTrue(Assert.java:20)
at Utils.SeleniumUtils.ButtonKlick(SeleniumUtils.java:340)
at TopZinsPortal.TZPTenderStartGG.TZPTenderStartGGTest(TZPTenderStartGG.java:165)
at java.base/java.util.ArrayList.forEach(ArrayList.java:1511)
... Removed 27 stack frames]]>
    </failure>
  </testcase> <!-- TZPTenderStartGGTest -->
  <testcase classname="TopZinsPortal.TZPTenderStartGG" name="TZPTenderStartGGTest" time="0.002"/>
</testsuite> <!-- TZP-Ausschreibung Start-GG -->
