<?xml version="1.0" encoding="UTF-8"?>
<!-- Generated by org.testng.reporters.JUnitXMLReporter -->
<testsuite ignored="0" hostname="forsa-vm31" failures="0" tests="2" name="TZP-Ausschreibung-Angebot-Abgeben-GN" time="46.69" errors="0" timestamp="2021-03-02T10:31:28 CET">
  <testcase classname="TopZinsPortal.TZPTenderAngebotSendenGN" name="TZPTenderAngebotSendenGNTest" time="40.948"/>
  <testcase classname="TopZinsPortal.TZPTenderAngebotSendenGN" name="TZPTenderAngebotSendenGNTest" time="0.002"/>
</testsuite> <!-- TZP-Ausschreibung-Angebot-Abgeben-GN -->
