<?xml version="1.0" encoding="UTF-8"?>
<!-- Generated by org.testng.reporters.JUnitXMLReporter -->
<testsuite ignored="0" hostname="forsa-vm31" failures="0" tests="5" name="TZP-Stammdaten-GN" time="396.553" errors="0" timestamp="2021-03-26T11:07:38 CET">
  <testcase classname="TopZinsPortal.TZPStammGN" name="TZPStammGNTest" time="81.622"/>
  <testcase classname="TopZinsPortal.TZPStammGN" name="TZPStammGNTest" time="77.523"/>
  <testcase classname="TopZinsPortal.TZPStammGN" name="TZPStammGNTest" time="77.276"/>
  <testcase classname="TopZinsPortal.TZPStammGN" name="TZPStammGNTest" time="77.015"/>
  <testcase classname="TopZinsPortal.TZPStammGN" name="TZPStammGNTest" time="77.402"/>
</testsuite> <!-- TZP-Stammdaten-GN -->
