<?xml version="1.0" encoding="UTF-8"?>
<!-- Generated by org.testng.reporters.JUnitXMLReporter -->
<testsuite ignored="0" hostname="forsa-vm31" failures="0" tests="23" name="TZP-Registrierung-GG" time="129.285" errors="0" timestamp="2021-03-12T14:23:50 CET">
  <testcase classname="TopZinsPortal.TZPRegGG" name="TZPRegGGTest" time="25.037"/>
  <testcase classname="TopZinsPortal.TZPRegGG" name="TZPRegGGTest" time="24.456"/>
  <testcase classname="TopZinsPortal.TZPRegGG" name="TZPRegGGTest" time="24.008"/>
  <testcase classname="TopZinsPortal.TZPRegGG" name="TZPRegGGTest" time="24.107"/>
  <testcase classname="TopZinsPortal.TZPRegGG" name="TZPRegGGTest" time="24.214"/>
  <testcase classname="TopZinsPortal.TZPRegGG" name="TZPRegGGTest" time="0.001"/>
  <testcase classname="TopZinsPortal.TZPRegGG" name="TZPRegGGTest" time="0.001"/>
  <testcase classname="TopZinsPortal.TZPRegGG" name="TZPRegGGTest" time="0.001"/>
  <testcase classname="TopZinsPortal.TZPRegGG" name="TZPRegGGTest" time="0.001"/>
  <testcase classname="TopZinsPortal.TZPRegGG" name="TZPRegGGTest" time="0.001"/>
  <testcase classname="TopZinsPortal.TZPRegGG" name="TZPRegGGTest" time="0.001"/>
  <testcase classname="TopZinsPortal.TZPRegGG" name="TZPRegGGTest" time="0.0"/>
  <testcase classname="TopZinsPortal.TZPRegGG" name="TZPRegGGTest" time="0.001"/>
  <testcase classname="TopZinsPortal.TZPRegGG" name="TZPRegGGTest" time="0.001"/>
  <testcase classname="TopZinsPortal.TZPRegGG" name="TZPRegGGTest" time="0.0"/>
  <testcase classname="TopZinsPortal.TZPRegGG" name="TZPRegGGTest" time="0.001"/>
  <testcase classname="TopZinsPortal.TZPRegGG" name="TZPRegGGTest" time="0.0"/>
  <testcase classname="TopZinsPortal.TZPRegGG" name="TZPRegGGTest" time="0.001"/>
  <testcase classname="TopZinsPortal.TZPRegGG" name="TZPRegGGTest" time="0.001"/>
  <testcase classname="TopZinsPortal.TZPRegGG" name="TZPRegGGTest" time="0.001"/>
  <testcase classname="TopZinsPortal.TZPRegGG" name="TZPRegGGTest" time="0.001"/>
  <testcase classname="TopZinsPortal.TZPRegGG" name="TZPRegGGTest" time="0.001"/>
  <testcase classname="TopZinsPortal.TZPRegGG" name="TZPRegGGTest" time="0.0"/>
</testsuite> <!-- TZP-Registrierung-GG -->
