<?xml version="1.0" encoding="UTF-8"?>
<!-- Generated by org.testng.reporters.JUnitXMLReporter -->
<testsuite ignored="0" hostname="forsa-vm31" failures="0" tests="8" name="TZP-Stammdaten-GN" time="128.057" errors="0" timestamp="2021-01-04T14:34:11 CET">
  <testcase classname="TopZinsPortal.TZPStammGN" name="TZPStammGNTest" time="0.001"/>
  <testcase classname="TopZinsPortal.TZPStammGN" name="TZPStammGNTest" time="0.001"/>
  <testcase classname="TopZinsPortal.TZPStammGN" name="TZPStammGNTest" time="0.0"/>
  <testcase classname="TopZinsPortal.TZPStammGN" name="TZPStammGNTest" time="0.0"/>
  <testcase classname="TopZinsPortal.TZPStammGN" name="TZPStammGNTest" time="60.835"/>
  <testcase classname="TopZinsPortal.TZPStammGN" name="TZPStammGNTest" time="59.638"/>
  <testcase classname="TopZinsPortal.TZPStammGN" name="TZPStammGNTest" time="0.001"/>
  <testcase classname="TopZinsPortal.TZPStammGN" name="TZPStammGNTest" time="0.001"/>
</testsuite> <!-- TZP-Stammdaten-GN -->
