<?xml version="1.0" encoding="UTF-8"?>
<!-- Generated by org.testng.reporters.JUnitXMLReporter -->
<testsuite ignored="0" hostname="forsa-vm31" failures="0" tests="6" name="TZP-Admin-Deaktivieren" time="58.216" errors="0" timestamp="2021-03-26T11:10:24 CET">
  <testcase classname="TopZinsPortal.TZPAdminUserDeaktivierenGN" name="TZPAdminUserDeaktivierenGNTest" time="26.253"/>
  <testcase classname="TopZinsPortal.TZPAdminUserDeaktivierenGN" name="TZPAdminUserDeaktivierenGNTest" time="26.231"/>
  <testcase classname="TopZinsPortal.TZPAdminUserDeaktivierenGN" name="TZPAdminUserDeaktivierenGNTest" time="0.0"/>
  <testcase classname="TopZinsPortal.TZPAdminUserDeaktivierenGN" name="TZPAdminUserDeaktivierenGNTest" time="0.0"/>
  <testcase classname="TopZinsPortal.TZPAdminUserDeaktivierenGN" name="TZPAdminUserDeaktivierenGNTest" time="0.0"/>
  <testcase classname="TopZinsPortal.TZPAdminUserDeaktivierenGN" name="TZPAdminUserDeaktivierenGNTest" time="0.0"/>
</testsuite> <!-- TZP-Admin-Deaktivieren -->
