<?xml version="1.0" encoding="UTF-8"?>
<!-- Generated by org.testng.reporters.JUnitXMLReporter -->
<testsuite ignored="0" hostname="forsa-vm31" failures="0" tests="8" name="TZP-Login-GN" time="28.976" errors="0" timestamp="2021-01-18T11:47:28 CET">
  <testcase classname="TopZinsPortal.TZPLoginGN" name="TZPLoginGNTest" time="0.001"/>
  <testcase classname="TopZinsPortal.TZPLoginGN" name="TZPLoginGNTest" time="0.002"/>
  <testcase classname="TopZinsPortal.TZPLoginGN" name="TZPLoginGNTest" time="0.001"/>
  <testcase classname="TopZinsPortal.TZPLoginGN" name="TZPLoginGNTest" time="0.001"/>
  <testcase classname="TopZinsPortal.TZPLoginGN" name="TZPLoginGNTest" time="10.842"/>
  <testcase classname="TopZinsPortal.TZPLoginGN" name="TZPLoginGNTest" time="10.523"/>
  <testcase classname="TopZinsPortal.TZPLoginGN" name="TZPLoginGNTest" time="0.001"/>
  <testcase classname="TopZinsPortal.TZPLoginGN" name="TZPLoginGNTest" time="0.001"/>
</testsuite> <!-- TZP-Login-GN -->
