<html>
<head>
<title>TestNG:  TZP-Stammdaten-GG</title>
<link href="../testng.css" rel="stylesheet" type="text/css" />
<link href="../my-testng.css" rel="stylesheet" type="text/css" />

<style type="text/css">
.log { display: none;} 
.stack-trace { display: none;} 
</style>
<script type="text/javascript">
<!--
function flip(e) {
  current = e.style.display;
  if (current == 'block') {
    e.style.display = 'none';
    return 0;
  }
  else {
    e.style.display = 'block';
    return 1;
  }
}

function toggleBox(szDivId, elem, msg1, msg2)
{
  var res = -1;  if (document.getElementById) {
    res = flip(document.getElementById(szDivId));
  }
  else if (document.all) {
    // this is the way old msie versions work
    res = flip(document.all[szDivId]);
  }
  if(elem) {
    if(res == 0) elem.innerHTML = msg1; else elem.innerHTML = msg2;
  }

}

function toggleAllBoxes() {
  if (document.getElementsByTagName) {
    d = document.getElementsByTagName('div');
    for (i = 0; i < d.length; i++) {
      if (d[i].className == 'log') {
        flip(d[i]);
      }
    }
  }
}

// -->
</script>

</head>
<body>
<h2 align='center'>TZP-Stammdaten-GG</h2><table border='1' align="center">
<tr>
<td>Tests passed/Failed/Skipped:</td><td>5/2/0</td>
</tr><tr>
<td>Started on:</td><td>Mon Jan 25 13:50:34 CET 2021</td>
</tr>
<tr><td>Total time:</td><td>72 seconds (72015 ms)</td>
</tr><tr>
<td>Included groups:</td><td></td>
</tr><tr>
<td>Excluded groups:</td><td></td>
</tr>
</table><p/>
<small><i>(Hover the method name to see the test class name)</i></small><p/>
<table width='100%' border='1' class='invocation-failed'>
<tr><td colspan='4' align='center'><b>FAILED TESTS</b></td></tr>
<tr><td><b>Test method</b></td>
<td width="30%"><b>Exception</b></td>
<td width="10%"><b>Time (seconds)</b></td>
<td><b>Instance</b></td>
</tr>
<tr>
<td title='TopZinsPortal.TZPStammGG.TZPStammGGTest()'><b>TZPStammGGTest</b><br>Test class: TopZinsPortal.TZPStammGG<br>Parameters: TZStammGG-TF-006, Ja, Center-GG-DatenKomplett@forsa-gmbh.de, Test12345!, Center-GG-DatenKomplett, Gewerkschaften, 851WYGNLUQLFZBSYGB56, Deutschland, www.online.de, Center-GG-DatenKomplett@forsa-gmbh.de, Hackenbaum, 2A, 65207, Wiesbaden, Adresszusatz, Ing Diba, INGDDEFFXXX, DE02500105170137075030 ING-DIBA INGDDEFF, Center Datenkomplett, Herr, Andre, 0049-611-97381-63, Entfallen, Dr., Center Datenkomplett, Center-GG-DatenKomplett@forsa-gmbh.de, Dieses Feld ist prefilled und ist nicht editierbar, 23.08.1968</td>
<td><div><pre>junit.framework.AssertionFailedError: Gemeldeter Fehler: org.openqa.selenium.NoSuchElementException: no such element: Unable to locate element: {&quot;method&quot;:&quot;xpath&quot;,&quot;selector&quot;:&quot;//span[text()=&apos;Handelsberechtigung anfordern&apos;]//ancestor::button[@tabindex=&apos;0&apos;]&quot;}
  (Session info: chrome=87.0.4280.141)
For documentation on this error, please visit: https://www.seleniumhq.org/exceptions/no_such_element.html
Build info: version: &apos;3.141.59&apos;, revision: &apos;e82be7d358&apos;, time: &apos;2018-11-14T08:17:03&apos;
System info: host: &apos;FORSA-VM31&apos;, ip: &apos;10.52.76.82&apos;, os.name: &apos;Windows 10&apos;, os.arch: &apos;amd64&apos;, os.version: &apos;10.0&apos;, java.version: &apos;15&apos;
Driver info: org.openqa.selenium.chrome.ChromeDriver
Capabilities {acceptInsecureCerts: false, browserName: chrome, browserVersion: 87.0.4280.141, chrome: {chromedriverVersion: 87.0.4280.88 (89e2380a3e36c..., userDataDir: C:\Users\B22E7~1.DIK\AppDat...}, goog:chromeOptions: {debuggerAddress: localhost:59486}, javascriptEnabled: true, networkConnectionEnabled: false, pageLoadStrategy: normal, platform: WINDOWS, platformName: WINDOWS, proxy: Proxy(), setWindowRect: true, strictFileInteractability: false, timeouts: {implicit: 0, pageLoad: 300000, script: 30000}, unhandledPromptBehavior: dismiss and notify, webauthn:virtualAuthenticators: true}
Session ID: 7054a12fee2c3564646e8ee5fc00942d
*** Element info: {Using=xpath, value=//span[text()=&apos;Handelsberechtigung anfordern&apos;]//ancestor::button[@tabindex=&apos;0&apos;]}
	at junit.framework.Assert.fail(Assert.java:47)
	at junit.framework.Assert.assertTrue(Assert.java:20)
	at Utils.SeleniumUtils.ButtonKlick(SeleniumUtils.java:176)
	at TopZinsPortal.TZPStammGG.TZPStammGGTest(TZPStammGG.java:311)
	at java.base/java.util.ArrayList.forEach(ArrayList.java:1511)
... Removed 27 stack frames</pre></div><a href='#' onClick='toggleBox("stack-trace1199113935", this, "Click to show all stack frames", "Click to hide stack frames")'>Click to show all stack frames</a>
<div class='stack-trace' id='stack-trace1199113935'><pre>junit.framework.AssertionFailedError: Gemeldeter Fehler: org.openqa.selenium.NoSuchElementException: no such element: Unable to locate element: {&quot;method&quot;:&quot;xpath&quot;,&quot;selector&quot;:&quot;//span[text()=&apos;Handelsberechtigung anfordern&apos;]//ancestor::button[@tabindex=&apos;0&apos;]&quot;}
  (Session info: chrome=87.0.4280.141)
For documentation on this error, please visit: https://www.seleniumhq.org/exceptions/no_such_element.html
Build info: version: &apos;3.141.59&apos;, revision: &apos;e82be7d358&apos;, time: &apos;2018-11-14T08:17:03&apos;
System info: host: &apos;FORSA-VM31&apos;, ip: &apos;10.52.76.82&apos;, os.name: &apos;Windows 10&apos;, os.arch: &apos;amd64&apos;, os.version: &apos;10.0&apos;, java.version: &apos;15&apos;
Driver info: org.openqa.selenium.chrome.ChromeDriver
Capabilities {acceptInsecureCerts: false, browserName: chrome, browserVersion: 87.0.4280.141, chrome: {chromedriverVersion: 87.0.4280.88 (89e2380a3e36c..., userDataDir: C:\Users\B22E7~1.DIK\AppDat...}, goog:chromeOptions: {debuggerAddress: localhost:59486}, javascriptEnabled: true, networkConnectionEnabled: false, pageLoadStrategy: normal, platform: WINDOWS, platformName: WINDOWS, proxy: Proxy(), setWindowRect: true, strictFileInteractability: false, timeouts: {implicit: 0, pageLoad: 300000, script: 30000}, unhandledPromptBehavior: dismiss and notify, webauthn:virtualAuthenticators: true}
Session ID: 7054a12fee2c3564646e8ee5fc00942d
*** Element info: {Using=xpath, value=//span[text()=&apos;Handelsberechtigung anfordern&apos;]//ancestor::button[@tabindex=&apos;0&apos;]}
	at junit.framework.Assert.fail(Assert.java:47)
	at junit.framework.Assert.assertTrue(Assert.java:20)
	at Utils.SeleniumUtils.ButtonKlick(SeleniumUtils.java:176)
	at TopZinsPortal.TZPStammGG.TZPStammGGTest(TZPStammGG.java:311)
	at java.base/jdk.internal.reflect.NativeMethodAccessorImpl.invoke0(Native Method)
	at java.base/jdk.internal.reflect.NativeMethodAccessorImpl.invoke(NativeMethodAccessorImpl.java:64)
	at java.base/jdk.internal.reflect.DelegatingMethodAccessorImpl.invoke(DelegatingMethodAccessorImpl.java:43)
	at java.base/java.lang.reflect.Method.invoke(Method.java:564)
	at org.testng.internal.MethodInvocationHelper.invokeMethod(MethodInvocationHelper.java:132)
	at org.testng.internal.TestInvoker.invokeMethod(TestInvoker.java:599)
	at org.testng.internal.TestInvoker.invokeTestMethod(TestInvoker.java:174)
	at org.testng.internal.MethodRunner.runInSequence(MethodRunner.java:46)
	at org.testng.internal.TestInvoker$MethodInvocationAgent.invoke(TestInvoker.java:822)
	at org.testng.internal.TestInvoker.invokeTestMethods(TestInvoker.java:147)
	at org.testng.internal.TestMethodWorker.invokeTestMethods(TestMethodWorker.java:146)
	at org.testng.internal.TestMethodWorker.run(TestMethodWorker.java:128)
	at java.base/java.util.ArrayList.forEach(ArrayList.java:1511)
	at org.testng.TestRunner.privateRun(TestRunner.java:764)
	at org.testng.TestRunner.run(TestRunner.java:585)
	at org.testng.SuiteRunner.runTest(SuiteRunner.java:384)
	at org.testng.SuiteRunner.runSequentially(SuiteRunner.java:378)
	at org.testng.SuiteRunner.privateRun(SuiteRunner.java:337)
	at org.testng.SuiteRunner.run(SuiteRunner.java:286)
	at org.testng.SuiteRunnerWorker.runSuite(SuiteRunnerWorker.java:53)
	at org.testng.SuiteRunnerWorker.run(SuiteRunnerWorker.java:96)
	at org.testng.TestNG.runSuitesSequentially(TestNG.java:1218)
	at org.testng.TestNG.runSuitesLocally(TestNG.java:1140)
	at org.testng.TestNG.runSuites(TestNG.java:1069)
	at org.testng.TestNG.run(TestNG.java:1037)
	at org.testng.remote.AbstractRemoteTestNG.run(AbstractRemoteTestNG.java:115)
	at org.testng.remote.RemoteTestNG.initAndRun(RemoteTestNG.java:251)
	at org.testng.remote.RemoteTestNG.main(RemoteTestNG.java:77)
</pre></div></td>
<td>61</td>
<td>TopZinsPortal.TZPStammGG@42a48628</td></tr>
<tr>
<td title='TopZinsPortal.TZPStammGG.TZPStammGGTest()'><b>TZPStammGGTest</b><br>Test class: TopZinsPortal.TZPStammGG<br>Parameters: TZStammGG-TF-007, Ja, Center@forsa-gmbh.de, Test12345!, Center-GG-Handel, Versicherungsunternehmen, 851WYGNLUQLFZBSYGB56, Deutschland, www.forsa.de, Center@forsa-gmbh.de, Hackenbaum, 3 - 4, 65207, Wiesbaden, Adresszusatz, Ing Diba, INGDDEFFXXX, DE02500105170137075030 ING-DIBA INGDDEFF, Center Handel, Herr, Andre, 00496119738163, Entfallen, Dr., Center Handel, Center@forsa-gmbh.de, Dieses Feld ist prefilled und ist nicht editierbar, 23.08.1968</td>
<td><div><pre>org.openqa.selenium.ElementClickInterceptedException: element click intercepted: Element &lt;input aria-invalid=&quot;false&quot; name=&quot;email&quot; type=&quot;text&quot; data-test=&quot;email-input&quot; class=&quot;MuiInputBase-input MuiOutlinedInput-input&quot; value=&quot;&quot;&gt; is not clickable at point (518, 217). Other element would receive the click: &lt;span class=&quot;jss350&quot;&gt;...&lt;/span&gt;
  (Session info: chrome=87.0.4280.141)
Build info: version: &apos;3.141.59&apos;, revision: &apos;e82be7d358&apos;, time: &apos;2018-11-14T08:17:03&apos;
System info: host: &apos;FORSA-VM31&apos;, ip: &apos;10.52.76.82&apos;, os.name: &apos;Windows 10&apos;, os.arch: &apos;amd64&apos;, os.version: &apos;10.0&apos;, java.version: &apos;15&apos;
Driver info: org.openqa.selenium.chrome.ChromeDriver
Capabilities {acceptInsecureCerts: false, browserName: chrome, browserVersion: 87.0.4280.141, chrome: {chromedriverVersion: 87.0.4280.88 (89e2380a3e36c..., userDataDir: C:\Users\B22E7~1.DIK\AppDat...}, goog:chromeOptions: {debuggerAddress: localhost:59486}, javascriptEnabled: true, networkConnectionEnabled: false, pageLoadStrategy: normal, platform: WINDOWS, platformName: WINDOWS, proxy: Proxy(), setWindowRect: true, strictFileInteractability: false, timeouts: {implicit: 0, pageLoad: 300000, script: 30000}, unhandledPromptBehavior: dismiss and notify, webauthn:virtualAuthenticators: true}
Session ID: 7054a12fee2c3564646e8ee5fc00942d
	at org.openqa.selenium.remote.http.W3CHttpResponseCodec.createException(W3CHttpResponseCodec.java:187)
	at org.openqa.selenium.remote.http.W3CHttpResponseCodec.decode(W3CHttpResponseCodec.java:122)
	at org.openqa.selenium.remote.http.W3CHttpResponseCodec.decode(W3CHttpResponseCodec.java:49)
	at org.openqa.selenium.remote.HttpCommandExecutor.execute(HttpCommandExecutor.java:158)
	at org.openqa.selenium.remote.service.DriverCommandExecutor.execute(DriverCommandExecutor.java:83)
	at org.openqa.selenium.remote.RemoteWebDriver.execute(RemoteWebDriver.java:552)
	at org.openqa.selenium.remote.RemoteWebElement.execute(RemoteWebElement.java:285)
	at org.openqa.selenium.remote.RemoteWebElement.click(RemoteWebElement.java:84)
	at Utils.SeleniumUtils.InputText(SeleniumUtils.java:102)
	at TopZinsPortal.TZPStammGG.TZPStammGGTest(TZPStammGG.java:156)
	at java.base/java.util.ArrayList.forEach(ArrayList.java:1511)
... Removed 32 stack frames</pre></div><a href='#' onClick='toggleBox("stack-trace126819625", this, "Click to show all stack frames", "Click to hide stack frames")'>Click to show all stack frames</a>
<div class='stack-trace' id='stack-trace126819625'><pre>org.openqa.selenium.ElementClickInterceptedException: element click intercepted: Element &lt;input aria-invalid=&quot;false&quot; name=&quot;email&quot; type=&quot;text&quot; data-test=&quot;email-input&quot; class=&quot;MuiInputBase-input MuiOutlinedInput-input&quot; value=&quot;&quot;&gt; is not clickable at point (518, 217). Other element would receive the click: &lt;span class=&quot;jss350&quot;&gt;...&lt;/span&gt;
  (Session info: chrome=87.0.4280.141)
Build info: version: &apos;3.141.59&apos;, revision: &apos;e82be7d358&apos;, time: &apos;2018-11-14T08:17:03&apos;
System info: host: &apos;FORSA-VM31&apos;, ip: &apos;10.52.76.82&apos;, os.name: &apos;Windows 10&apos;, os.arch: &apos;amd64&apos;, os.version: &apos;10.0&apos;, java.version: &apos;15&apos;
Driver info: org.openqa.selenium.chrome.ChromeDriver
Capabilities {acceptInsecureCerts: false, browserName: chrome, browserVersion: 87.0.4280.141, chrome: {chromedriverVersion: 87.0.4280.88 (89e2380a3e36c..., userDataDir: C:\Users\B22E7~1.DIK\AppDat...}, goog:chromeOptions: {debuggerAddress: localhost:59486}, javascriptEnabled: true, networkConnectionEnabled: false, pageLoadStrategy: normal, platform: WINDOWS, platformName: WINDOWS, proxy: Proxy(), setWindowRect: true, strictFileInteractability: false, timeouts: {implicit: 0, pageLoad: 300000, script: 30000}, unhandledPromptBehavior: dismiss and notify, webauthn:virtualAuthenticators: true}
Session ID: 7054a12fee2c3564646e8ee5fc00942d
	at java.base/jdk.internal.reflect.NativeConstructorAccessorImpl.newInstance0(Native Method)
	at java.base/jdk.internal.reflect.NativeConstructorAccessorImpl.newInstance(NativeConstructorAccessorImpl.java:64)
	at java.base/jdk.internal.reflect.DelegatingConstructorAccessorImpl.newInstance(DelegatingConstructorAccessorImpl.java:45)
	at java.base/java.lang.reflect.Constructor.newInstanceWithCaller(Constructor.java:500)
	at java.base/java.lang.reflect.Constructor.newInstance(Constructor.java:481)
	at org.openqa.selenium.remote.http.W3CHttpResponseCodec.createException(W3CHttpResponseCodec.java:187)
	at org.openqa.selenium.remote.http.W3CHttpResponseCodec.decode(W3CHttpResponseCodec.java:122)
	at org.openqa.selenium.remote.http.W3CHttpResponseCodec.decode(W3CHttpResponseCodec.java:49)
	at org.openqa.selenium.remote.HttpCommandExecutor.execute(HttpCommandExecutor.java:158)
	at org.openqa.selenium.remote.service.DriverCommandExecutor.execute(DriverCommandExecutor.java:83)
	at org.openqa.selenium.remote.RemoteWebDriver.execute(RemoteWebDriver.java:552)
	at org.openqa.selenium.remote.RemoteWebElement.execute(RemoteWebElement.java:285)
	at org.openqa.selenium.remote.RemoteWebElement.click(RemoteWebElement.java:84)
	at Utils.SeleniumUtils.InputText(SeleniumUtils.java:102)
	at TopZinsPortal.TZPStammGG.TZPStammGGTest(TZPStammGG.java:156)
	at java.base/jdk.internal.reflect.NativeMethodAccessorImpl.invoke0(Native Method)
	at java.base/jdk.internal.reflect.NativeMethodAccessorImpl.invoke(NativeMethodAccessorImpl.java:64)
	at java.base/jdk.internal.reflect.DelegatingMethodAccessorImpl.invoke(DelegatingMethodAccessorImpl.java:43)
	at java.base/java.lang.reflect.Method.invoke(Method.java:564)
	at org.testng.internal.MethodInvocationHelper.invokeMethod(MethodInvocationHelper.java:132)
	at org.testng.internal.TestInvoker.invokeMethod(TestInvoker.java:599)
	at org.testng.internal.TestInvoker.invokeTestMethod(TestInvoker.java:174)
	at org.testng.internal.MethodRunner.runInSequence(MethodRunner.java:46)
	at org.testng.internal.TestInvoker$MethodInvocationAgent.invoke(TestInvoker.java:822)
	at org.testng.internal.TestInvoker.invokeTestMethods(TestInvoker.java:147)
	at org.testng.internal.TestMethodWorker.invokeTestMethods(TestMethodWorker.java:146)
	at org.testng.internal.TestMethodWorker.run(TestMethodWorker.java:128)
	at java.base/java.util.ArrayList.forEach(ArrayList.java:1511)
	at org.testng.TestRunner.privateRun(TestRunner.java:764)
	at org.testng.TestRunner.run(TestRunner.java:585)
	at org.testng.SuiteRunner.runTest(SuiteRunner.java:384)
	at org.testng.SuiteRunner.runSequentially(SuiteRunner.java:378)
	at org.testng.SuiteRunner.privateRun(SuiteRunner.java:337)
	at org.testng.SuiteRunner.run(SuiteRunner.java:286)
	at org.testng.SuiteRunnerWorker.runSuite(SuiteRunnerWorker.java:53)
	at org.testng.SuiteRunnerWorker.run(SuiteRunnerWorker.java:96)
	at org.testng.TestNG.runSuitesSequentially(TestNG.java:1218)
	at org.testng.TestNG.runSuitesLocally(TestNG.java:1140)
	at org.testng.TestNG.runSuites(TestNG.java:1069)
	at org.testng.TestNG.run(TestNG.java:1037)
	at org.testng.remote.AbstractRemoteTestNG.run(AbstractRemoteTestNG.java:115)
	at org.testng.remote.RemoteTestNG.initAndRun(RemoteTestNG.java:251)
	at org.testng.remote.RemoteTestNG.main(RemoteTestNG.java:77)
</pre></div></td>
<td>2</td>
<td>TopZinsPortal.TZPStammGG@42a48628</td></tr>
</table><p>
<table width='100%' border='1' class='invocation-passed'>
<tr><td colspan='4' align='center'><b>PASSED TESTS</b></td></tr>
<tr><td><b>Test method</b></td>
<td width="30%"><b>Exception</b></td>
<td width="10%"><b>Time (seconds)</b></td>
<td><b>Instance</b></td>
</tr>
<tr>
<td title='TopZinsPortal.TZPStammGG.TZPStammGGTest()'><b>TZPStammGGTest</b><br>Test class: TopZinsPortal.TZPStammGG<br>Parameters: TZStammGG-TF-001, Nein, BHDR-GG-DGSVO@forsa-gmbh.de, Test12345!, BHDR-GG-DGSVO, Kommunale Stiftungen, 851WYGNLUQLFZBSYGB56, Deutschland, www.google.de, BHDR-GG-DGSVO@forsa-gmbh.de, Hackenbaum, Nov-13, 65207, Wiesbaden, Adresszusatz, Ing Diba, INGDDEFFXXX, DE02500105170137075030 ING-DIBA INGDDEFF, Dikmen, Herr, Bahadir, 0049/611/97381/63, Entfallen, Dr., Dikmen, BHDR-GG-DGSVO@forsa-gmbh.de, Dieses Feld ist prefilled und ist nicht editierbar, 01.01.1990</td>
<td></td>
<td>0</td>
<td>TopZinsPortal.TZPStammGG@42a48628</td></tr>
<tr>
<td title='TopZinsPortal.TZPStammGG.TZPStammGGTest()'><b>TZPStammGGTest</b><br>Test class: TopZinsPortal.TZPStammGG<br>Parameters: TZStammGG-TF-002, Nein, BHDR-GG-DatenKomplett@forsa-gmbh.de, Test12345!, BHDR-GG-DatenKomplett, Gewerkschaften, 851WYGNLUQLFZBSYGB56, Deutschland, www.online.de, BHDR-GG-DatenKomplett@forsa-gmbh.de, Hackenbaum, 2A, 65207, Wiesbaden, Adresszusatz, Ing Diba, INGDDEFFXXX, DE02500105170137075030 ING-DIBA INGDDEFF, Dikmen, Herr, Bahadir, 0049-611-97381-63, Entfallen, Dr., Dikmen, BHDR-GG-DatenKomplett@forsa-gmbh.de, Dieses Feld ist prefilled und ist nicht editierbar, 23.08.1968</td>
<td></td>
<td>0</td>
<td>TopZinsPortal.TZPStammGG@42a48628</td></tr>
<tr>
<td title='TopZinsPortal.TZPStammGG.TZPStammGGTest()'><b>TZPStammGGTest</b><br>Test class: TopZinsPortal.TZPStammGG<br>Parameters: TZStammGG-TF-003, Nein, BHDR-GG-Handel@forsa-gmbh.de, Test12345!, BHDR-GG-Handel, Versicherungsunternehmen, 851WYGNLUQLFZBSYGB56, Deutschland, www.forsa.de, BHDR-GG-Handel@forsa-gmbh.de, Hackenbaum, 3 - 4, 65207, Wiesbaden, Adresszusatz, Ing Diba, INGDDEFFXXX, DE02500105170137075030 ING-DIBA INGDDEFF, Dikmen, Herr, Bahadir, 00496119738163, Entfallen, Dr., Dikmen, BHDR-GG-Handel@forsa-gmbh.de, Dieses Feld ist prefilled und ist nicht editierbar, 23.08.1968</td>
<td></td>
<td>0</td>
<td>TopZinsPortal.TZPStammGG@42a48628</td></tr>
<tr>
<td title='TopZinsPortal.TZPStammGG.TZPStammGGTest()'><b>TZPStammGGTest</b><br>Test class: TopZinsPortal.TZPStammGG<br>Parameters: TZStammGG-TF-004, Nein, Burk-GG-DatenKomplett@forsa-gmbh.de, Test12345!, Burk-GG-DatenKomplett, Gewerkschaften, 851WYGNLUQLFZBSYGB56, Deutschland, www.forsa.de, Burk-GG-DatenKomplett@forsa-gmbh.de, Test-Straﬂe, 2A, 65207, Wiesbaden, Adresszusatz, Ing Diba, INGDDEFFXXX, DE02500105170137075030 ING-DIBA INGDDEFF, Sturm, Herr, Burkhard, 0049-611-97381-63, Entfallen, Dr., Dikmen, Burk-GG-DatenKomplett@forsa-gmbh.de, Dieses Feld ist prefilled und ist nicht editierbar, 01.01.1990</td>
<td></td>
<td>0</td>
<td>TopZinsPortal.TZPStammGG@42a48628</td></tr>
<tr>
<td title='TopZinsPortal.TZPStammGG.TZPStammGGTest()'><b>TZPStammGGTest</b><br>Test class: TopZinsPortal.TZPStammGG<br>Parameters: TZStammGG-TF-005, Nein, Burk-GG-Handel@forsa-gmbh.de, Test12345!, Burk-GG-Handel, Versicherungsunternehmen, 851WYGNLUQLFZBSYGB56, Deutschland, www.forsa.de, Burk-GG-Handel@forsa-gmbh.de, Test-Straﬂe, 3 - 4, 65207, Wiesbaden, Adresszusatz, Ing Diba, INGDDEFFXXX, DE02500105170137075030 ING-DIBA INGDDEFF, Sturm , Herr, Burkhard, 00496119738163, Entfallen, Dr., Dikmen, Burk-GG-Handel@forsa-gmbh.de, Dieses Feld ist prefilled und ist nicht editierbar, 01.01.1990</td>
<td></td>
<td>0</td>
<td>TopZinsPortal.TZPStammGG@42a48628</td></tr>
</table><p>
</body>
</html>