<?xml version="1.0" encoding="UTF-8"?>
<!-- Generated by org.testng.reporters.JUnitXMLReporter -->
<testsuite ignored="0" hostname="forsa-vm31" failures="0" tests="3" name="TZP-Admin-HandelsfreigabeGN" time="79.315" errors="0" timestamp="2021-05-12T15:51:36 CEST">
  <testcase classname="TopZinsPortal.TZPAdminHandelsfreigabeGN" name="TZPAdminHandelsfreigabeGNTest" time="29.103"/>
  <testcase classname="TopZinsPortal.TZPAdminHandelsfreigabeGN" name="TZPAdminHandelsfreigabeGNTest" time="23.605"/>
  <testcase classname="TopZinsPortal.TZPAdminHandelsfreigabeGN" name="TZPAdminHandelsfreigabeGNTest" time="23.556"/>
</testsuite> <!-- TZP-Admin-HandelsfreigabeGN -->
