<?xml version="1.0" encoding="UTF-8"?>
<!-- Generated by org.testng.reporters.JUnitXMLReporter -->
<testsuite ignored="0" hostname="forsa-vm31" failures="0" tests="2" name="TZP-Admin-HandelsfreigabeGN" time="33.11" errors="0" timestamp="2020-12-25T13:11:02 CET">
  <testcase classname="TopZinsPortal.TZPAdminHandelsfreigabeGN" name="TZPAdminHandelsfreigabeGNTest" time="25.493"/>
  <testcase classname="TopZinsPortal.TZPAdminHandelsfreigabeGN" name="TZPAdminHandelsfreigabeGNTest" time="0.001"/>
</testsuite> <!-- TZP-Admin-HandelsfreigabeGN -->
