<?xml version="1.0" encoding="UTF-8"?>
<!-- Generated by org.testng.reporters.JUnitXMLReporter -->
<testsuite ignored="0" hostname="forsa-vm31" failures="0" tests="3" name="TZP-Admin-HandelsfreigabeGN" time="76.569" errors="0" timestamp="2021-06-22T15:48:10 CEST">
  <testcase classname="TopZinsPortal.TZPAdminHandelsfreigabeGN" name="TZPAdminHandelsfreigabeGNTest" time="27.952"/>
  <testcase classname="TopZinsPortal.TZPAdminHandelsfreigabeGN" name="TZPAdminHandelsfreigabeGNTest" time="22.85"/>
  <testcase classname="TopZinsPortal.TZPAdminHandelsfreigabeGN" name="TZPAdminHandelsfreigabeGNTest" time="22.925"/>
</testsuite> <!-- TZP-Admin-HandelsfreigabeGN -->
