<?xml version="1.0" encoding="UTF-8"?>
<!-- Generated by org.testng.reporters.JUnitXMLReporter -->
<testsuite ignored="0" hostname="forsa-vm31" failures="0" tests="4" name="TZP-Stammdaten-GN" time="417.107" errors="0" timestamp="2021-05-12T15:50:17 CEST">
  <testcase classname="TopZinsPortal.TZPStammGN" name="TZPStammGNTest" time="104.919"/>
  <testcase classname="TopZinsPortal.TZPStammGN" name="TZPStammGNTest" time="103.471"/>
  <testcase classname="TopZinsPortal.TZPStammGN" name="TZPStammGNTest" time="102.638"/>
  <testcase classname="TopZinsPortal.TZPStammGN" name="TZPStammGNTest" time="103.135"/>
</testsuite> <!-- TZP-Stammdaten-GN -->
