<?xml version="1.0" encoding="UTF-8"?>
<!-- Generated by org.testng.reporters.JUnitXMLReporter -->
<testsuite ignored="0" hostname="forsa-vm31" failures="1" tests="6" name="TZP-Admin-HandelsfreigabeGN" time="26.067" errors="0" timestamp="2021-02-16T13:51:38 CET">
  <testcase classname="TopZinsPortal.TZPAdminHandelsfreigabeGN" name="TZPAdminHandelsfreigabeGNTest" time="0.001"/>
  <testcase classname="TopZinsPortal.TZPAdminHandelsfreigabeGN" name="TZPAdminHandelsfreigabeGNTest" time="20.309">
    <failure type="org.openqa.selenium.ElementClickInterceptedException" message="element click intercepted: Element &amp;lt;li class=&amp;quot;MuiButtonBase-root MuiListItem-root MuiMenuItem-root jss543 MuiMenuItem-gutters MuiListItem-gutters MuiListItem-button&amp;quot; tabindex=&amp;quot;-1&amp;quot; role=&amp;quot;menuitem&amp;quot; aria-disabled=&amp;quot;false&amp;quot; data-test=&amp;quot;MIT HANDELSBERECHTIGUNG&amp;quot;&amp;gt;...&amp;lt;/li&amp;gt; is not clickable at point (150, 301). Other element would receive the click: &amp;lt;div class=&amp;quot;MuiDialog-container MuiDialog-scrollPaper&amp;quot; role=&amp;quot;none presentation&amp;quot; tabindex=&amp;quot;-1&amp;quot; style=&amp;quot;opacity: 1; transition: opacity 225ms cubic-bezier(0.4, 0, 0.2, 1) 0ms;&amp;quot;&amp;gt;...&amp;lt;/div&amp;gt;
  (Session info: chrome=88.0.4324.150)
Build info: version: &amp;apos;3.141.59&amp;apos;, revision: &amp;apos;e82be7d358&amp;apos;, time: &amp;apos;2018-11-14T08:17:03&amp;apos;
System info: host: &amp;apos;FORSA-VM31&amp;apos;, ip: &amp;apos;10.52.76.82&amp;apos;, os.name: &amp;apos;Windows 10&amp;apos;, os.arch: &amp;apos;amd64&amp;apos;, os.version: &amp;apos;10.0&amp;apos;, java.version: &amp;apos;15&amp;apos;
Driver info: org.openqa.selenium.chrome.ChromeDriver
Capabilities {acceptInsecureCerts: false, browserName: chrome, browserVersion: 88.0.4324.150, chrome: {chromedriverVersion: 88.0.4324.96 (68dba2d8a0b14..., userDataDir: C:\Users\B22E7~1.DIK\AppDat...}, goog:chromeOptions: {debuggerAddress: localhost:56857}, javascriptEnabled: true, networkConnectionEnabled: false, pageLoadStrategy: normal, platform: WINDOWS, platformName: WINDOWS, proxy: Proxy(), setWindowRect: true, strictFileInteractability: false, timeouts: {implicit: 0, pageLoad: 300000, script: 30000}, unhandledPromptBehavior: dismiss and notify, webauthn:extension:largeBlob: true, webauthn:virtualAuthenticators: true}
Session ID: b25838166a064bac3d8c1beedee8422b">
      <![CDATA[org.openqa.selenium.ElementClickInterceptedException: element click intercepted: Element <li class="MuiButtonBase-root MuiListItem-root MuiMenuItem-root jss543 MuiMenuItem-gutters MuiListItem-gutters MuiListItem-button" tabindex="-1" role="menuitem" aria-disabled="false" data-test="MIT HANDELSBERECHTIGUNG">...</li> is not clickable at point (150, 301). Other element would receive the click: <div class="MuiDialog-container MuiDialog-scrollPaper" role="none presentation" tabindex="-1" style="opacity: 1; transition: opacity 225ms cubic-bezier(0.4, 0, 0.2, 1) 0ms;">...</div>
  (Session info: chrome=88.0.4324.150)
Build info: version: '3.141.59', revision: 'e82be7d358', time: '2018-11-14T08:17:03'
System info: host: 'FORSA-VM31', ip: '10.52.76.82', os.name: 'Windows 10', os.arch: 'amd64', os.version: '10.0', java.version: '15'
Driver info: org.openqa.selenium.chrome.ChromeDriver
Capabilities {acceptInsecureCerts: false, browserName: chrome, browserVersion: 88.0.4324.150, chrome: {chromedriverVersion: 88.0.4324.96 (68dba2d8a0b14..., userDataDir: C:\Users\B22E7~1.DIK\AppDat...}, goog:chromeOptions: {debuggerAddress: localhost:56857}, javascriptEnabled: true, networkConnectionEnabled: false, pageLoadStrategy: normal, platform: WINDOWS, platformName: WINDOWS, proxy: Proxy(), setWindowRect: true, strictFileInteractability: false, timeouts: {implicit: 0, pageLoad: 300000, script: 30000}, unhandledPromptBehavior: dismiss and notify, webauthn:extension:largeBlob: true, webauthn:virtualAuthenticators: true}
Session ID: b25838166a064bac3d8c1beedee8422b
at org.openqa.selenium.remote.http.W3CHttpResponseCodec.createException(W3CHttpResponseCodec.java:187)
at org.openqa.selenium.remote.http.W3CHttpResponseCodec.decode(W3CHttpResponseCodec.java:122)
at org.openqa.selenium.remote.http.W3CHttpResponseCodec.decode(W3CHttpResponseCodec.java:49)
at org.openqa.selenium.remote.HttpCommandExecutor.execute(HttpCommandExecutor.java:158)
at org.openqa.selenium.remote.service.DriverCommandExecutor.execute(DriverCommandExecutor.java:83)
at org.openqa.selenium.remote.RemoteWebDriver.execute(RemoteWebDriver.java:552)
at org.openqa.selenium.remote.RemoteWebElement.execute(RemoteWebElement.java:285)
at org.openqa.selenium.remote.RemoteWebElement.click(RemoteWebElement.java:84)
at Utils.SeleniumUtils.ButtonKlick(SeleniumUtils.java:324)
at TopZinsPortal.TZPAdminHandelsfreigabeGN.TZPAdminHandelsfreigabeGNTest(TZPAdminHandelsfreigabeGN.java:206)
at java.base/java.util.ArrayList.forEach(ArrayList.java:1511)
... Removed 32 stack frames]]>
    </failure>
  </testcase> <!-- TZPAdminHandelsfreigabeGNTest -->
  <testcase classname="TopZinsPortal.TZPAdminHandelsfreigabeGN" name="TZPAdminHandelsfreigabeGNTest" time="0.001"/>
  <testcase classname="TopZinsPortal.TZPAdminHandelsfreigabeGN" name="TZPAdminHandelsfreigabeGNTest" time="0.001"/>
  <testcase classname="TopZinsPortal.TZPAdminHandelsfreigabeGN" name="TZPAdminHandelsfreigabeGNTest" time="0.001"/>
  <testcase classname="TopZinsPortal.TZPAdminHandelsfreigabeGN" name="TZPAdminHandelsfreigabeGNTest" time="0.001"/>
</testsuite> <!-- TZP-Admin-HandelsfreigabeGN -->
