<?xml version="1.0" encoding="UTF-8"?>
<!-- Generated by org.testng.reporters.JUnitXMLReporter -->
<testsuite ignored="0" hostname="forsa-vm31" failures="0" tests="4" name="TZP-Stammdaten-GN" time="528.471" errors="0" timestamp="2021-06-22T15:46:53 CEST">
  <testcase classname="TopZinsPortal.TZPStammGN" name="TZPStammGNTest" time="131.936"/>
  <testcase classname="TopZinsPortal.TZPStammGN" name="TZPStammGNTest" time="130.719"/>
  <testcase classname="TopZinsPortal.TZPStammGN" name="TZPStammGNTest" time="131.666"/>
  <testcase classname="TopZinsPortal.TZPStammGN" name="TZPStammGNTest" time="131.248"/>
</testsuite> <!-- TZP-Stammdaten-GN -->
