<?xml version="1.0" encoding="UTF-8"?>
<!-- Generated by org.testng.reporters.JUnitXMLReporter -->
<testsuite ignored="0" hostname="forsa-vm31" failures="0" tests="5" name="TZP-Stammdaten-GG" time="224.685" errors="0" timestamp="2021-03-26T10:38:05 CET">
  <testcase classname="TopZinsPortal.TZPStammGG" name="TZPStammGGTest" time="73.951"/>
  <testcase classname="TopZinsPortal.TZPStammGG" name="TZPStammGGTest" time="72.588"/>
  <testcase classname="TopZinsPortal.TZPStammGG" name="TZPStammGGTest" time="72.452"/>
  <testcase classname="TopZinsPortal.TZPStammGG" name="TZPStammGGTest" time="0.001"/>
  <testcase classname="TopZinsPortal.TZPStammGG" name="TZPStammGGTest" time="0.0"/>
</testsuite> <!-- TZP-Stammdaten-GG -->
