<?xml version="1.0" encoding="UTF-8"?>
<!-- Generated by org.testng.reporters.JUnitXMLReporter -->
<testsuite ignored="0" hostname="forsa-vm31" failures="0" tests="7" name="TZP-Login-GG" time="26.628" errors="0" timestamp="2021-01-30T10:24:16 CET">
  <testcase classname="TopZinsPortal.TZPLoginGG" name="TZPLoginGGTest" time="0.001"/>
  <testcase classname="TopZinsPortal.TZPLoginGG" name="TZPLoginGGTest" time="10.416"/>
  <testcase classname="TopZinsPortal.TZPLoginGG" name="TZPLoginGGTest" time="10.567"/>
  <testcase classname="TopZinsPortal.TZPLoginGG" name="TZPLoginGGTest" time="0.001"/>
  <testcase classname="TopZinsPortal.TZPLoginGG" name="TZPLoginGGTest" time="0.0"/>
  <testcase classname="TopZinsPortal.TZPLoginGG" name="TZPLoginGGTest" time="0.001"/>
  <testcase classname="TopZinsPortal.TZPLoginGG" name="TZPLoginGGTest" time="0.0"/>
</testsuite> <!-- TZP-Login-GG -->
