<?xml version="1.0" encoding="UTF-8"?>
<!-- Generated by org.testng.reporters.JUnitXMLReporter -->
<testsuite ignored="0" hostname="forsa-vm31" failures="0" tests="5" name="TZP-Login-GG" time="50.459" errors="0" timestamp="2021-01-07T10:55:28 CET">
  <testcase classname="TopZinsPortal.TZPLoginGG" name="TZPLoginGGTest" time="0.001"/>
  <testcase classname="TopZinsPortal.TZPLoginGG" name="TZPLoginGGTest" time="10.735"/>
  <testcase classname="TopZinsPortal.TZPLoginGG" name="TZPLoginGGTest" time="11.121"/>
  <testcase classname="TopZinsPortal.TZPLoginGG" name="TZPLoginGGTest" time="10.577"/>
  <testcase classname="TopZinsPortal.TZPLoginGG" name="TZPLoginGGTest" time="10.563"/>
</testsuite> <!-- TZP-Login-GG -->
