<?xml version="1.0" encoding="UTF-8"?>
<!-- Generated by org.testng.reporters.JUnitXMLReporter -->
<testsuite ignored="0" hostname="forsa-vm31" failures="0" tests="8" name="TZP-Stammdaten-GN" time="130.932" errors="0" timestamp="2021-01-18T11:49:39 CET">
  <testcase classname="TopZinsPortal.TZPStammGN" name="TZPStammGNTest" time="0.001"/>
  <testcase classname="TopZinsPortal.TZPStammGN" name="TZPStammGNTest" time="0.001"/>
  <testcase classname="TopZinsPortal.TZPStammGN" name="TZPStammGNTest" time="0.001"/>
  <testcase classname="TopZinsPortal.TZPStammGN" name="TZPStammGNTest" time="0.001"/>
  <testcase classname="TopZinsPortal.TZPStammGN" name="TZPStammGNTest" time="62.22"/>
  <testcase classname="TopZinsPortal.TZPStammGN" name="TZPStammGNTest" time="60.613"/>
  <testcase classname="TopZinsPortal.TZPStammGN" name="TZPStammGNTest" time="0.001"/>
  <testcase classname="TopZinsPortal.TZPStammGN" name="TZPStammGNTest" time="0.001"/>
</testsuite> <!-- TZP-Stammdaten-GN -->
