<?xml version="1.0" encoding="UTF-8"?>
<!-- Generated by org.testng.reporters.JUnitXMLReporter -->
<testsuite ignored="0" hostname="forsa-vm31" failures="0" tests="6" name="TZP-Admin-Deaktivieren" time="50.63" errors="0" timestamp="2021-03-12T15:01:16 CET">
  <testcase classname="TopZinsPortal.TZPAdminUserDeaktivierenGN" name="TZPAdminUserDeaktivierenGNTest" time="23.571"/>
  <testcase classname="TopZinsPortal.TZPAdminUserDeaktivierenGN" name="TZPAdminUserDeaktivierenGNTest" time="21.438"/>
  <testcase classname="TopZinsPortal.TZPAdminUserDeaktivierenGN" name="TZPAdminUserDeaktivierenGNTest" time="0.001"/>
  <testcase classname="TopZinsPortal.TZPAdminUserDeaktivierenGN" name="TZPAdminUserDeaktivierenGNTest" time="0.001"/>
  <testcase classname="TopZinsPortal.TZPAdminUserDeaktivierenGN" name="TZPAdminUserDeaktivierenGNTest" time="0.0"/>
  <testcase classname="TopZinsPortal.TZPAdminUserDeaktivierenGN" name="TZPAdminUserDeaktivierenGNTest" time="0.0"/>
</testsuite> <!-- TZP-Admin-Deaktivieren -->
