<?xml version="1.0" encoding="UTF-8"?>
<!-- Generated by org.testng.reporters.JUnitXMLReporter -->
<testsuite ignored="0" hostname="forsa-vm31" failures="17" tests="23" name="TZP-Lesen E-Mails-GN" time="127.733" errors="0" timestamp="2021-06-22T15:33:53 CEST">
  <testcase classname="TopZinsPortal.TZPCheckEMailsGN" name="TZPCheckEMailsGNTest" time="6.632">
    <failure type="java.lang.AssertionError" message="The following asserts failed:
	expected [true] but found [false]">
      <![CDATA[java.lang.AssertionError: The following asserts failed:
expected [true] but found [false]
at TopZinsPortal.TZPCheckEMailsGN.TZPCheckEMailsGNTest(TZPCheckEMailsGN.java:125)
at java.base/java.util.ArrayList.forEach(ArrayList.java:1511)
... Removed 29 stack frames]]>
    </failure>
  </testcase> <!-- TZPCheckEMailsGNTest -->
  <testcase classname="TopZinsPortal.TZPCheckEMailsGN" name="TZPCheckEMailsGNTest" time="7.722">
    <failure type="java.lang.AssertionError" message="The following asserts failed:
	expected [true] but found [false]">
      <![CDATA[java.lang.AssertionError: The following asserts failed:
expected [true] but found [false]
at TopZinsPortal.TZPCheckEMailsGN.TZPCheckEMailsGNTest(TZPCheckEMailsGN.java:125)
at java.base/java.util.ArrayList.forEach(ArrayList.java:1511)
... Removed 29 stack frames]]>
    </failure>
  </testcase> <!-- TZPCheckEMailsGNTest -->
  <testcase classname="TopZinsPortal.TZPCheckEMailsGN" name="TZPCheckEMailsGNTest" time="4.515"/>
  <testcase classname="TopZinsPortal.TZPCheckEMailsGN" name="TZPCheckEMailsGNTest" time="7.173">
    <failure type="java.lang.AssertionError" message="The following asserts failed:
	expected [true] but found [false]">
      <![CDATA[java.lang.AssertionError: The following asserts failed:
expected [true] but found [false]
at TopZinsPortal.TZPCheckEMailsGN.TZPCheckEMailsGNTest(TZPCheckEMailsGN.java:125)
at java.base/java.util.ArrayList.forEach(ArrayList.java:1511)
... Removed 29 stack frames]]>
    </failure>
  </testcase> <!-- TZPCheckEMailsGNTest -->
  <testcase classname="TopZinsPortal.TZPCheckEMailsGN" name="TZPCheckEMailsGNTest" time="4.512">
    <failure type="java.lang.AssertionError" message="The following asserts failed:
	expected [true] but found [false]">
      <![CDATA[java.lang.AssertionError: The following asserts failed:
expected [true] but found [false]
at TopZinsPortal.TZPCheckEMailsGN.TZPCheckEMailsGNTest(TZPCheckEMailsGN.java:125)
at java.base/java.util.ArrayList.forEach(ArrayList.java:1511)
... Removed 29 stack frames]]>
    </failure>
  </testcase> <!-- TZPCheckEMailsGNTest -->
  <testcase classname="TopZinsPortal.TZPCheckEMailsGN" name="TZPCheckEMailsGNTest" time="4.51">
    <failure type="java.lang.AssertionError" message="The following asserts failed:
	expected [true] but found [false]">
      <![CDATA[java.lang.AssertionError: The following asserts failed:
expected [true] but found [false]
at TopZinsPortal.TZPCheckEMailsGN.TZPCheckEMailsGNTest(TZPCheckEMailsGN.java:125)
at java.base/java.util.ArrayList.forEach(ArrayList.java:1511)
... Removed 29 stack frames]]>
    </failure>
  </testcase> <!-- TZPCheckEMailsGNTest -->
  <testcase classname="TopZinsPortal.TZPCheckEMailsGN" name="TZPCheckEMailsGNTest" time="4.517">
    <failure type="java.lang.AssertionError" message="The following asserts failed:
	expected [true] but found [false]">
      <![CDATA[java.lang.AssertionError: The following asserts failed:
expected [true] but found [false]
at TopZinsPortal.TZPCheckEMailsGN.TZPCheckEMailsGNTest(TZPCheckEMailsGN.java:125)
at java.base/java.util.ArrayList.forEach(ArrayList.java:1511)
... Removed 29 stack frames]]>
    </failure>
  </testcase> <!-- TZPCheckEMailsGNTest -->
  <testcase classname="TopZinsPortal.TZPCheckEMailsGN" name="TZPCheckEMailsGNTest" time="4.517">
    <failure type="java.lang.AssertionError" message="The following asserts failed:
	expected [true] but found [false]">
      <![CDATA[java.lang.AssertionError: The following asserts failed:
expected [true] but found [false]
at TopZinsPortal.TZPCheckEMailsGN.TZPCheckEMailsGNTest(TZPCheckEMailsGN.java:125)
at java.base/java.util.ArrayList.forEach(ArrayList.java:1511)
... Removed 29 stack frames]]>
    </failure>
  </testcase> <!-- TZPCheckEMailsGNTest -->
  <testcase classname="TopZinsPortal.TZPCheckEMailsGN" name="TZPCheckEMailsGNTest" time="4.515">
    <failure type="java.lang.AssertionError" message="The following asserts failed:
	expected [true] but found [false]">
      <![CDATA[java.lang.AssertionError: The following asserts failed:
expected [true] but found [false]
at TopZinsPortal.TZPCheckEMailsGN.TZPCheckEMailsGNTest(TZPCheckEMailsGN.java:125)
at java.base/java.util.ArrayList.forEach(ArrayList.java:1511)
... Removed 29 stack frames]]>
    </failure>
  </testcase> <!-- TZPCheckEMailsGNTest -->
  <testcase classname="TopZinsPortal.TZPCheckEMailsGN" name="TZPCheckEMailsGNTest" time="7.256">
    <failure type="java.lang.AssertionError" message="The following asserts failed:
	expected [true] but found [false]">
      <![CDATA[java.lang.AssertionError: The following asserts failed:
expected [true] but found [false]
at TopZinsPortal.TZPCheckEMailsGN.TZPCheckEMailsGNTest(TZPCheckEMailsGN.java:125)
at java.base/java.util.ArrayList.forEach(ArrayList.java:1511)
... Removed 29 stack frames]]>
    </failure>
  </testcase> <!-- TZPCheckEMailsGNTest -->
  <testcase classname="TopZinsPortal.TZPCheckEMailsGN" name="TZPCheckEMailsGNTest" time="4.516"/>
  <testcase classname="TopZinsPortal.TZPCheckEMailsGN" name="TZPCheckEMailsGNTest" time="6.997"/>
  <testcase classname="TopZinsPortal.TZPCheckEMailsGN" name="TZPCheckEMailsGNTest" time="4.506"/>
  <testcase classname="TopZinsPortal.TZPCheckEMailsGN" name="TZPCheckEMailsGNTest" time="9.568"/>
  <testcase classname="TopZinsPortal.TZPCheckEMailsGN" name="TZPCheckEMailsGNTest" time="4.514">
    <failure type="java.lang.AssertionError" message="The following asserts failed:
	expected [true] but found [false]">
      <![CDATA[java.lang.AssertionError: The following asserts failed:
expected [true] but found [false]
at TopZinsPortal.TZPCheckEMailsGN.TZPCheckEMailsGNTest(TZPCheckEMailsGN.java:125)
at java.base/java.util.ArrayList.forEach(ArrayList.java:1511)
... Removed 29 stack frames]]>
    </failure>
  </testcase> <!-- TZPCheckEMailsGNTest -->
  <testcase classname="TopZinsPortal.TZPCheckEMailsGN" name="TZPCheckEMailsGNTest" time="4.505">
    <failure type="java.lang.AssertionError" message="The following asserts failed:
	expected [true] but found [false]">
      <![CDATA[java.lang.AssertionError: The following asserts failed:
expected [true] but found [false]
at TopZinsPortal.TZPCheckEMailsGN.TZPCheckEMailsGNTest(TZPCheckEMailsGN.java:125)
at java.base/java.util.ArrayList.forEach(ArrayList.java:1511)
... Removed 29 stack frames]]>
    </failure>
  </testcase> <!-- TZPCheckEMailsGNTest -->
  <testcase classname="TopZinsPortal.TZPCheckEMailsGN" name="TZPCheckEMailsGNTest" time="4.506">
    <failure type="java.lang.AssertionError" message="The following asserts failed:
	expected [true] but found [false]">
      <![CDATA[java.lang.AssertionError: The following asserts failed:
expected [true] but found [false]
at TopZinsPortal.TZPCheckEMailsGN.TZPCheckEMailsGNTest(TZPCheckEMailsGN.java:125)
at java.base/java.util.ArrayList.forEach(ArrayList.java:1511)
... Removed 28 stack frames]]>
    </failure>
  </testcase> <!-- TZPCheckEMailsGNTest -->
  <testcase classname="TopZinsPortal.TZPCheckEMailsGN" name="TZPCheckEMailsGNTest" time="4.512">
    <failure type="java.lang.AssertionError" message="The following asserts failed:
	expected [true] but found [false]">
      <![CDATA[java.lang.AssertionError: The following asserts failed:
expected [true] but found [false]
at TopZinsPortal.TZPCheckEMailsGN.TZPCheckEMailsGNTest(TZPCheckEMailsGN.java:125)
at java.base/java.util.ArrayList.forEach(ArrayList.java:1511)
... Removed 28 stack frames]]>
    </failure>
  </testcase> <!-- TZPCheckEMailsGNTest -->
  <testcase classname="TopZinsPortal.TZPCheckEMailsGN" name="TZPCheckEMailsGNTest" time="8.822"/>
  <testcase classname="TopZinsPortal.TZPCheckEMailsGN" name="TZPCheckEMailsGNTest" time="4.517">
    <failure type="java.lang.AssertionError" message="The following asserts failed:
	expected [true] but found [false]">
      <![CDATA[java.lang.AssertionError: The following asserts failed:
expected [true] but found [false]
at TopZinsPortal.TZPCheckEMailsGN.TZPCheckEMailsGNTest(TZPCheckEMailsGN.java:125)
at java.base/java.util.ArrayList.forEach(ArrayList.java:1511)
... Removed 28 stack frames]]>
    </failure>
  </testcase> <!-- TZPCheckEMailsGNTest -->
  <testcase classname="TopZinsPortal.TZPCheckEMailsGN" name="TZPCheckEMailsGNTest" time="4.507">
    <failure type="java.lang.AssertionError" message="The following asserts failed:
	expected [true] but found [false]">
      <![CDATA[java.lang.AssertionError: The following asserts failed:
expected [true] but found [false]
at TopZinsPortal.TZPCheckEMailsGN.TZPCheckEMailsGNTest(TZPCheckEMailsGN.java:125)
at java.base/java.util.ArrayList.forEach(ArrayList.java:1511)
... Removed 28 stack frames]]>
    </failure>
  </testcase> <!-- TZPCheckEMailsGNTest -->
  <testcase classname="TopZinsPortal.TZPCheckEMailsGN" name="TZPCheckEMailsGNTest" time="4.512">
    <failure type="java.lang.AssertionError" message="The following asserts failed:
	expected [true] but found [false]">
      <![CDATA[java.lang.AssertionError: The following asserts failed:
expected [true] but found [false]
at TopZinsPortal.TZPCheckEMailsGN.TZPCheckEMailsGNTest(TZPCheckEMailsGN.java:125)
at java.base/java.util.ArrayList.forEach(ArrayList.java:1511)
... Removed 28 stack frames]]>
    </failure>
  </testcase> <!-- TZPCheckEMailsGNTest -->
  <testcase classname="TopZinsPortal.TZPCheckEMailsGN" name="TZPCheckEMailsGNTest" time="4.517">
    <failure type="java.lang.AssertionError" message="The following asserts failed:
	expected [true] but found [false]">
      <![CDATA[java.lang.AssertionError: The following asserts failed:
expected [true] but found [false]
at TopZinsPortal.TZPCheckEMailsGN.TZPCheckEMailsGNTest(TZPCheckEMailsGN.java:125)
at java.base/java.util.ArrayList.forEach(ArrayList.java:1511)
... Removed 28 stack frames]]>
    </failure>
  </testcase> <!-- TZPCheckEMailsGNTest -->
</testsuite> <!-- TZP-Lesen E-Mails-GN -->
