<?xml version="1.0" encoding="UTF-8"?>
<!-- Generated by org.testng.reporters.JUnitXMLReporter -->
<testsuite ignored="0" hostname="forsa-vm31" failures="0" tests="6" name="TZP-Stammdaten-GN" time="147.782" errors="0" timestamp="2020-12-25T13:10:29 CET">
  <testcase classname="TopZinsPortal.TZPStammGN" name="TZPStammGNTest" time="0.001"/>
  <testcase classname="TopZinsPortal.TZPStammGN" name="TZPStammGNTest" time="0.001"/>
  <testcase classname="TopZinsPortal.TZPStammGN" name="TZPStammGNTest" time="0.001"/>
  <testcase classname="TopZinsPortal.TZPStammGN" name="TZPStammGNTest" time="0.001"/>
  <testcase classname="TopZinsPortal.TZPStammGN" name="TZPStammGNTest" time="70.737"/>
  <testcase classname="TopZinsPortal.TZPStammGN" name="TZPStammGNTest" time="69.31"/>
</testsuite> <!-- TZP-Stammdaten-GN -->
