<?xml version="1.0" encoding="UTF-8"?>
<!-- Generated by org.testng.reporters.JUnitXMLReporter -->
<testsuite ignored="0" hostname="forsa-vm31" failures="0" tests="16" name="TZP-Admin-Loeschen" time="20.812" errors="0" timestamp="2021-02-08T13:44:12 CET">
  <testcase classname="TopZinsPortal.TZPAdminUserLoeschen" name="TZPAdminUserLoeschenTest" time="0.001"/>
  <testcase classname="TopZinsPortal.TZPAdminUserLoeschen" name="TZPAdminUserLoeschenTest" time="0.0"/>
  <testcase classname="TopZinsPortal.TZPAdminUserLoeschen" name="TZPAdminUserLoeschenTest" time="0.001"/>
  <testcase classname="TopZinsPortal.TZPAdminUserLoeschen" name="TZPAdminUserLoeschenTest" time="0.0"/>
  <testcase classname="TopZinsPortal.TZPAdminUserLoeschen" name="TZPAdminUserLoeschenTest" time="0.0"/>
  <testcase classname="TopZinsPortal.TZPAdminUserLoeschen" name="TZPAdminUserLoeschenTest" time="15.223"/>
  <testcase classname="TopZinsPortal.TZPAdminUserLoeschen" name="TZPAdminUserLoeschenTest" time="0.001"/>
  <testcase classname="TopZinsPortal.TZPAdminUserLoeschen" name="TZPAdminUserLoeschenTest" time="0.001"/>
  <testcase classname="TopZinsPortal.TZPAdminUserLoeschen" name="TZPAdminUserLoeschenTest" time="0.0"/>
  <testcase classname="TopZinsPortal.TZPAdminUserLoeschen" name="TZPAdminUserLoeschenTest" time="0.0"/>
  <testcase classname="TopZinsPortal.TZPAdminUserLoeschen" name="TZPAdminUserLoeschenTest" time="0.0"/>
  <testcase classname="TopZinsPortal.TZPAdminUserLoeschen" name="TZPAdminUserLoeschenTest" time="0.001"/>
  <testcase classname="TopZinsPortal.TZPAdminUserLoeschen" name="TZPAdminUserLoeschenTest" time="0.001"/>
  <testcase classname="TopZinsPortal.TZPAdminUserLoeschen" name="TZPAdminUserLoeschenTest" time="0.001"/>
  <testcase classname="TopZinsPortal.TZPAdminUserLoeschen" name="TZPAdminUserLoeschenTest" time="0.001"/>
  <testcase classname="TopZinsPortal.TZPAdminUserLoeschen" name="TZPAdminUserLoeschenTest" time="0.001"/>
</testsuite> <!-- TZP-Admin-Loeschen -->
