<?xml version="1.0" encoding="UTF-8"?>
<!-- Generated by org.testng.reporters.JUnitXMLReporter -->
<testsuite ignored="0" hostname="forsa-vm31" failures="0" tests="15" name="TZP-Admin-Loeschen" time="21.571" errors="0" timestamp="2020-12-30T15:49:01 CET">
  <testcase classname="TopZinsPortal.TZPAdminUserLoeschen" name="TZPAdminUserLoeschenTest" time="0.001"/>
  <testcase classname="TopZinsPortal.TZPAdminUserLoeschen" name="TZPAdminUserLoeschenTest" time="0.001"/>
  <testcase classname="TopZinsPortal.TZPAdminUserLoeschen" name="TZPAdminUserLoeschenTest" time="0.001"/>
  <testcase classname="TopZinsPortal.TZPAdminUserLoeschen" name="TZPAdminUserLoeschenTest" time="0.0"/>
  <testcase classname="TopZinsPortal.TZPAdminUserLoeschen" name="TZPAdminUserLoeschenTest" time="13.591"/>
  <testcase classname="TopZinsPortal.TZPAdminUserLoeschen" name="TZPAdminUserLoeschenTest" time="0.001"/>
  <testcase classname="TopZinsPortal.TZPAdminUserLoeschen" name="TZPAdminUserLoeschenTest" time="0.0"/>
  <testcase classname="TopZinsPortal.TZPAdminUserLoeschen" name="TZPAdminUserLoeschenTest" time="0.001"/>
  <testcase classname="TopZinsPortal.TZPAdminUserLoeschen" name="TZPAdminUserLoeschenTest" time="0.001"/>
  <testcase classname="TopZinsPortal.TZPAdminUserLoeschen" name="TZPAdminUserLoeschenTest" time="0.0"/>
  <testcase classname="TopZinsPortal.TZPAdminUserLoeschen" name="TZPAdminUserLoeschenTest" time="0.0"/>
  <testcase classname="TopZinsPortal.TZPAdminUserLoeschen" name="TZPAdminUserLoeschenTest" time="0.001"/>
  <testcase classname="TopZinsPortal.TZPAdminUserLoeschen" name="TZPAdminUserLoeschenTest" time="0.0"/>
  <testcase classname="TopZinsPortal.TZPAdminUserLoeschen" name="TZPAdminUserLoeschenTest" time="0.0"/>
  <testcase classname="TopZinsPortal.TZPAdminUserLoeschen" name="TZPAdminUserLoeschenTest" time="0.001"/>
</testsuite> <!-- TZP-Admin-Loeschen -->
