<?xml version="1.0" encoding="UTF-8"?>
<!-- Generated by org.testng.reporters.JUnitXMLReporter -->
<testsuite ignored="0" hostname="forsa-vm31" failures="0" tests="14" name="TZP-Registrierung-GG" time="200.175" errors="0" timestamp="2021-01-07T10:54:37 CET">
  <testcase classname="TopZinsPortal.TZPRegGG" name="TZPRegGGTest" time="19.594"/>
  <testcase classname="TopZinsPortal.TZPRegGG" name="TZPRegGGTest" time="19.086"/>
  <testcase classname="TopZinsPortal.TZPRegGG" name="TZPRegGGTest" time="18.717"/>
  <testcase classname="TopZinsPortal.TZPRegGG" name="TZPRegGGTest" time="19.046"/>
  <testcase classname="TopZinsPortal.TZPRegGG" name="TZPRegGGTest" time="19.081"/>
  <testcase classname="TopZinsPortal.TZPRegGG" name="TZPRegGGTest" time="0.001"/>
  <testcase classname="TopZinsPortal.TZPRegGG" name="TZPRegGGTest" time="0.001"/>
  <testcase classname="TopZinsPortal.TZPRegGG" name="TZPRegGGTest" time="0.001"/>
  <testcase classname="TopZinsPortal.TZPRegGG" name="TZPRegGGTest" time="18.538"/>
  <testcase classname="TopZinsPortal.TZPRegGG" name="TZPRegGGTest" time="18.882"/>
  <testcase classname="TopZinsPortal.TZPRegGG" name="TZPRegGGTest" time="18.476"/>
  <testcase classname="TopZinsPortal.TZPRegGG" name="TZPRegGGTest" time="18.65"/>
  <testcase classname="TopZinsPortal.TZPRegGG" name="TZPRegGGTest" time="18.892"/>
  <testcase classname="TopZinsPortal.TZPRegGG" name="TZPRegGGTest" time="0.001"/>
</testsuite> <!-- TZP-Registrierung-GG -->
