<?xml version="1.0" encoding="UTF-8"?>
<!-- Generated by org.testng.reporters.JUnitXMLReporter -->
<testsuite ignored="0" hostname="forsa-vm31" failures="0" tests="6" name="TZP-Registrierung-GG" time="153.489" errors="0" timestamp="2021-07-05T11:19:58 CEST">
  <testcase classname="TopZinsPortal.TZPRegGG" name="TZPRegGGTest" time="0.006"/>
  <testcase classname="TopZinsPortal.TZPRegGG" name="TZPRegGGTest" time="30.064"/>
  <testcase classname="TopZinsPortal.TZPRegGG" name="TZPRegGGTest" time="29.963"/>
  <testcase classname="TopZinsPortal.TZPRegGG" name="TZPRegGGTest" time="29.468"/>
  <testcase classname="TopZinsPortal.TZPRegGG" name="TZPRegGGTest" time="29.912"/>
  <testcase classname="TopZinsPortal.TZPRegGG" name="TZPRegGGTest" time="29.611"/>
</testsuite> <!-- TZP-Registrierung-GG -->
