<?xml version="1.0" encoding="UTF-8"?>
<!-- Generated by org.testng.reporters.JUnitXMLReporter -->
<testsuite ignored="0" hostname="forsa-vm31" failures="0" tests="6" name="TZP-Registrierung-GG" time="170.286" errors="0" timestamp="2021-08-06T10:25:12 CEST">
  <testcase classname="TopZinsPortal.TZPRegGG" name="TZPRegGGTest" time="0.006"/>
  <testcase classname="TopZinsPortal.TZPRegGG" name="TZPRegGGTest" time="33.459"/>
  <testcase classname="TopZinsPortal.TZPRegGG" name="TZPRegGGTest" time="33.289"/>
  <testcase classname="TopZinsPortal.TZPRegGG" name="TZPRegGGTest" time="32.801"/>
  <testcase classname="TopZinsPortal.TZPRegGG" name="TZPRegGGTest" time="33.088"/>
  <testcase classname="TopZinsPortal.TZPRegGG" name="TZPRegGGTest" time="33.064"/>
</testsuite> <!-- TZP-Registrierung-GG -->
