<?xml version="1.0" encoding="UTF-8"?>
<!-- Generated by org.testng.reporters.JUnitXMLReporter -->
<testsuite ignored="0" hostname="forsa-vm31" failures="0" tests="7" name="TZP-Transaktion-Akzeptieren-GN-SeveralUser" time="94.488" errors="0" timestamp="2021-07-16T11:16:42 CEST">
  <testcase classname="TopZinsPortal.TZPTransaktionBearbeitenGNSeveralUser" name="TZPTransaktionBearbeitenGNSeveralUserTest" time="23.836"/>
  <testcase classname="TopZinsPortal.TZPTransaktionBearbeitenGNSeveralUser" name="TZPTransaktionBearbeitenGNSeveralUserTest" time="22.696"/>
  <testcase classname="TopZinsPortal.TZPTransaktionBearbeitenGNSeveralUser" name="TZPTransaktionBearbeitenGNSeveralUserTest" time="21.215"/>
  <testcase classname="TopZinsPortal.TZPTransaktionBearbeitenGNSeveralUser" name="TZPTransaktionBearbeitenGNSeveralUserTest" time="23.676"/>
  <testcase classname="TopZinsPortal.TZPTransaktionBearbeitenGNSeveralUser" name="TZPTransaktionAkzeptierenGNSeveralUserTest" time="0.001"/>
  <testcase classname="TopZinsPortal.TZPTransaktionBearbeitenGNSeveralUser" name="TZPTransaktionAblehnenGNSeveralUserTest" time="0.001"/>
  <testcase classname="TopZinsPortal.TZPTransaktionBearbeitenGNSeveralUser" name="TZPTransaktionTelefonischWeiterleitenGNSeveralUserTest" time="0.001"/>
</testsuite> <!-- TZP-Transaktion-Akzeptieren-GN-SeveralUser -->
