<?xml version="1.0" encoding="UTF-8"?>
<!-- Generated by org.testng.reporters.JUnitXMLReporter -->
<testsuite ignored="0" hostname="forsa-vm31" failures="0" tests="4" name="TZP-Transaktion Start-GG" time="142.114" errors="0" timestamp="2021-08-06T10:59:44 CEST">
  <testcase classname="TopZinsPortal.TZPTransaktionStartGG" name="TZPTransaktionStartGGTest" time="34.982"/>
  <testcase classname="TopZinsPortal.TZPTransaktionStartGG" name="TZPTransaktionStartGGTest" time="34.831"/>
  <testcase classname="TopZinsPortal.TZPTransaktionStartGG" name="TZPTransaktionStartGGTest" time="33.691"/>
  <testcase classname="TopZinsPortal.TZPTransaktionStartGG" name="TZPTransaktionStartGGTest" time="34.022"/>
</testsuite> <!-- TZP-Transaktion Start-GG -->
