<?xml version="1.0" encoding="UTF-8"?>
<!-- Generated by org.testng.reporters.JUnitXMLReporter -->
<testsuite ignored="0" hostname="forsa-vm31" failures="0" tests="4" name="TZP-Stammdaten-GN" time="418.378" errors="0" timestamp="2021-07-16T09:35:33 CEST">
  <testcase classname="TopZinsPortal.TZPStammGN" name="TZPStammGNTest" time="104.622"/>
  <testcase classname="TopZinsPortal.TZPStammGN" name="TZPStammGNTest" time="103.837"/>
  <testcase classname="TopZinsPortal.TZPStammGN" name="TZPStammGNTest" time="103.071"/>
  <testcase classname="TopZinsPortal.TZPStammGN" name="TZPStammGNTest" time="103.703"/>
</testsuite> <!-- TZP-Stammdaten-GN -->
