<?xml version="1.0" encoding="UTF-8"?>
<!-- Generated by org.testng.reporters.JUnitXMLReporter -->
<testsuite ignored="0" hostname="forsa-vm31" failures="2" tests="6" name="TZP-Serveral-User-Mails-Lesen-GG" time="36.168" errors="0" timestamp="2021-07-02T11:56:00 CEST">
  <testcase classname="TopZinsPortal.TZPCheckEMailsSeveralUserGG" name="TZPCheckEMailSeveralUserGGTest" time="10.994">
    <failure type="java.lang.AssertionError" message="The following asserts failed:
	expected [true] but found [false]">
      <![CDATA[java.lang.AssertionError: The following asserts failed:
expected [true] but found [false]
at TopZinsPortal.TZPCheckEMailsSeveralUserGG.TZPCheckEMailSeveralUserGGTest(TZPCheckEMailsSeveralUserGG.java:126)
at java.base/java.util.ArrayList.forEach(ArrayList.java:1511)
... Removed 29 stack frames]]>
    </failure>
  </testcase> <!-- TZPCheckEMailSeveralUserGGTest -->
  <testcase classname="TopZinsPortal.TZPCheckEMailsSeveralUserGG" name="TZPCheckEMailSeveralUserGGTest" time="4.501"/>
  <testcase classname="TopZinsPortal.TZPCheckEMailsSeveralUserGG" name="TZPCheckEMailSeveralUserGGTest" time="4.511"/>
  <testcase classname="TopZinsPortal.TZPCheckEMailsSeveralUserGG" name="TZPCheckEMailSeveralUserGGTest" time="6.545">
    <failure type="java.lang.AssertionError" message="The following asserts failed:
	expected [true] but found [false]">
      <![CDATA[java.lang.AssertionError: The following asserts failed:
expected [true] but found [false]
at TopZinsPortal.TZPCheckEMailsSeveralUserGG.TZPCheckEMailSeveralUserGGTest(TZPCheckEMailsSeveralUserGG.java:126)
at java.base/java.util.ArrayList.forEach(ArrayList.java:1511)
... Removed 29 stack frames]]>
    </failure>
  </testcase> <!-- TZPCheckEMailSeveralUserGGTest -->
  <testcase classname="TopZinsPortal.TZPCheckEMailsSeveralUserGG" name="TZPCheckEMailSeveralUserGGTest" time="4.508"/>
  <testcase classname="TopZinsPortal.TZPCheckEMailsSeveralUserGG" name="TZPCheckEMailSeveralUserGGTest" time="4.509"/>
</testsuite> <!-- TZP-Serveral-User-Mails-Lesen-GG -->
