<?xml version="1.0" encoding="UTF-8"?>
<!-- Generated by org.testng.reporters.JUnitXMLReporter -->
<testsuite ignored="0" hostname="forsa-vm31" failures="0" tests="2" name="TZP-Ausschreibung-Angebot-Abgeben-GN-SeveralUser" time="115.098" errors="0" timestamp="2021-07-17T08:40:42 CEST">
  <testcase classname="TopZinsPortal.TZPTenderAngebotSendenGNSeveralUser" name="TZPTenderAngebotSendenGNSeveralUserTest" time="58.636"/>
  <testcase classname="TopZinsPortal.TZPTenderAngebotSendenGNSeveralUser" name="TZPTenderAngebotSendenGNSeveralUserTest" time="53.808"/>
</testsuite> <!-- TZP-Ausschreibung-Angebot-Abgeben-GN-SeveralUser -->
