<?xml version="1.0" encoding="UTF-8"?>
<!-- Generated by org.testng.reporters.JUnitXMLReporter -->
<testsuite ignored="0" hostname="forsa-vm31" failures="0" tests="7" name="TZP-Registrierung-GN" time="194.64" errors="0" timestamp="2021-07-05T11:23:12 CEST">
  <testcase classname="TopZinsPortal.TZPRegGN" name="TZPRegGNTest" time="26.945"/>
  <testcase classname="TopZinsPortal.TZPRegGN" name="TZPRegGNTest" time="27.089"/>
  <testcase classname="TopZinsPortal.TZPRegGN" name="TZPRegGNTest" time="27.322"/>
  <testcase classname="TopZinsPortal.TZPRegGN" name="TZPRegGNTest" time="26.908"/>
  <testcase classname="TopZinsPortal.TZPRegGN" name="TZPRegGNTest" time="27.347"/>
  <testcase classname="TopZinsPortal.TZPRegGN" name="TZPRegGNTest" time="28.0"/>
  <testcase classname="TopZinsPortal.TZPRegGN" name="TZPRegGNTest" time="28.014"/>
</testsuite> <!-- TZP-Registrierung-GN -->
