<?xml version="1.0" encoding="UTF-8"?>
<!-- Generated by org.testng.reporters.JUnitXMLReporter -->
<testsuite ignored="0" hostname="forsa-vm31" failures="0" tests="2" name="TZP-Ausschreibung-Angebot-Annehmen-GG-SeveralUser" time="50.484" errors="0" timestamp="2021-07-16T11:45:18 CEST">
  <testcase classname="TopZinsPortal.TZPTenderAngebotAnnehmenGGSeveralUser" name="TZPTenderAngebotAnnehmenGGSeveralUserTest" time="23.821"/>
  <testcase classname="TopZinsPortal.TZPTenderAngebotAnnehmenGGSeveralUser" name="TZPTenderAngebotAnnehmenGGSeveralUserTest" time="23.783"/>
</testsuite> <!-- TZP-Ausschreibung-Angebot-Annehmen-GG-SeveralUser -->
