<?xml version="1.0" encoding="UTF-8"?>
<!-- Generated by org.testng.reporters.JUnitXMLReporter -->
<testsuite ignored="0" hostname="forsa-vm31" failures="4" tests="14" name="TZP-Serveral-User-Mails-Lesen-Kontrolle-GN" time="71.938" errors="0" timestamp="2021-07-17T08:44:05 CEST">
  <testcase classname="TopZinsPortal.TZPCheckEMailsSeveralUserGN" name="TZPCheckEMailSeveralUserGNTest" time="4.512"/>
  <testcase classname="TopZinsPortal.TZPCheckEMailsSeveralUserGN" name="TZPCheckEMailSeveralUserGNTest" time="11.201"/>
  <testcase classname="TopZinsPortal.TZPCheckEMailsSeveralUserGN" name="TZPCheckEMailSeveralUserGNTest" time="4.506"/>
  <testcase classname="TopZinsPortal.TZPCheckEMailsSeveralUserGN" name="TZPCheckEMailSeveralUserGNTest" time="4.514"/>
  <testcase classname="TopZinsPortal.TZPCheckEMailsSeveralUserGN" name="TZPCheckEMailSeveralUserGNTest" time="4.514">
    <failure type="java.lang.AssertionError" message="The following asserts failed:
	expected [true] but found [false]">
      <![CDATA[java.lang.AssertionError: The following asserts failed:
expected [true] but found [false]
at TopZinsPortal.TZPCheckEMailsSeveralUserGN.TZPCheckEMailSeveralUserGNTest(TZPCheckEMailsSeveralUserGN.java:125)
at java.base/java.util.ArrayList.forEach(ArrayList.java:1511)
... Removed 29 stack frames]]>
    </failure>
  </testcase> <!-- TZPCheckEMailSeveralUserGNTest -->
  <testcase classname="TopZinsPortal.TZPCheckEMailsSeveralUserGN" name="TZPCheckEMailSeveralUserGNTest" time="4.514"/>
  <testcase classname="TopZinsPortal.TZPCheckEMailsSeveralUserGN" name="TZPCheckEMailSeveralUserGNTest" time="4.511">
    <failure type="java.lang.AssertionError" message="The following asserts failed:
	expected [true] but found [false]">
      <![CDATA[java.lang.AssertionError: The following asserts failed:
expected [true] but found [false]
at TopZinsPortal.TZPCheckEMailsSeveralUserGN.TZPCheckEMailSeveralUserGNTest(TZPCheckEMailsSeveralUserGN.java:125)
at java.base/java.util.ArrayList.forEach(ArrayList.java:1511)
... Removed 29 stack frames]]>
    </failure>
  </testcase> <!-- TZPCheckEMailSeveralUserGNTest -->
  <testcase classname="TopZinsPortal.TZPCheckEMailsSeveralUserGN" name="TZPCheckEMailSeveralUserGNTest" time="4.504"/>
  <testcase classname="TopZinsPortal.TZPCheckEMailsSeveralUserGN" name="TZPCheckEMailSeveralUserGNTest" time="5.963"/>
  <testcase classname="TopZinsPortal.TZPCheckEMailsSeveralUserGN" name="TZPCheckEMailSeveralUserGNTest" time="4.512"/>
  <testcase classname="TopZinsPortal.TZPCheckEMailsSeveralUserGN" name="TZPCheckEMailSeveralUserGNTest" time="4.519"/>
  <testcase classname="TopZinsPortal.TZPCheckEMailsSeveralUserGN" name="TZPCheckEMailSeveralUserGNTest" time="4.517">
    <failure type="java.lang.AssertionError" message="The following asserts failed:
	expected [true] but found [false]">
      <![CDATA[java.lang.AssertionError: The following asserts failed:
expected [true] but found [false]
at TopZinsPortal.TZPCheckEMailsSeveralUserGN.TZPCheckEMailSeveralUserGNTest(TZPCheckEMailsSeveralUserGN.java:125)
at java.base/java.util.ArrayList.forEach(ArrayList.java:1511)
... Removed 29 stack frames]]>
    </failure>
  </testcase> <!-- TZPCheckEMailSeveralUserGNTest -->
  <testcase classname="TopZinsPortal.TZPCheckEMailsSeveralUserGN" name="TZPCheckEMailSeveralUserGNTest" time="4.511"/>
  <testcase classname="TopZinsPortal.TZPCheckEMailsSeveralUserGN" name="TZPCheckEMailSeveralUserGNTest" time="4.515">
    <failure type="java.lang.AssertionError" message="The following asserts failed:
	expected [true] but found [false]">
      <![CDATA[java.lang.AssertionError: The following asserts failed:
expected [true] but found [false]
at TopZinsPortal.TZPCheckEMailsSeveralUserGN.TZPCheckEMailSeveralUserGNTest(TZPCheckEMailsSeveralUserGN.java:125)
at java.base/java.util.ArrayList.forEach(ArrayList.java:1511)
... Removed 29 stack frames]]>
    </failure>
  </testcase> <!-- TZPCheckEMailSeveralUserGNTest -->
</testsuite> <!-- TZP-Serveral-User-Mails-Lesen-Kontrolle-GN -->
