<?xml version="1.0" encoding="UTF-8"?>
<!-- Generated by org.testng.reporters.JUnitXMLReporter -->
<testsuite ignored="0" hostname="forsa-vm31" failures="0" tests="3" name="TZP-Stammdaten-GG" time="180.385" errors="0" timestamp="2021-07-17T07:41:56 CEST">
  <testcase classname="TopZinsPortal.TZPStammGG" name="TZPStammGGTest" time="0.001"/>
  <testcase classname="TopZinsPortal.TZPStammGG" name="TZPStammGGTest" time="89.363"/>
  <testcase classname="TopZinsPortal.TZPStammGG" name="TZPStammGGTest" time="88.36"/>
</testsuite> <!-- TZP-Stammdaten-GG -->
