<?xml version="1.0" encoding="UTF-8"?>
<!-- Generated by org.testng.reporters.JUnitXMLReporter -->
<testsuite ignored="0" hostname="forsa-vm31" failures="0" tests="2" name="TZP-Ausschreibung Start-GG-SeveralUser" time="98.727" errors="0" timestamp="2021-07-17T08:38:47 CEST">
  <testcase classname="TopZinsPortal.TZPTenderStartGGSeveralUser" name="TZPTenderStartGGSeveralUserTest" time="47.583"/>
  <testcase classname="TopZinsPortal.TZPTenderStartGGSeveralUser" name="TZPTenderStartGGSeveralUserTest" time="46.793"/>
</testsuite> <!-- TZP-Ausschreibung Start-GG-SeveralUser -->
