<?xml version="1.0" encoding="UTF-8"?>
<!-- Generated by org.testng.reporters.JUnitXMLReporter -->
<testsuite ignored="0" hostname="forsa-vm31" failures="2" tests="6" name="TZP-Serveral-User-Mails-Lesen-GN" time="38.904" errors="0" timestamp="2021-07-02T11:56:38 CEST">
  <testcase classname="TopZinsPortal.TZPCheckEMailsSeveralUserGN" name="TZPCheckEMailSeveralUserGNTest" time="13.185">
    <failure type="java.lang.AssertionError" message="The following asserts failed:
	expected [true] but found [false]">
      <![CDATA[java.lang.AssertionError: The following asserts failed:
expected [true] but found [false]
at TopZinsPortal.TZPCheckEMailsSeveralUserGN.TZPCheckEMailSeveralUserGNTest(TZPCheckEMailsSeveralUserGN.java:125)
at java.base/java.util.ArrayList.forEach(ArrayList.java:1511)
... Removed 29 stack frames]]>
    </failure>
  </testcase> <!-- TZPCheckEMailSeveralUserGNTest -->
  <testcase classname="TopZinsPortal.TZPCheckEMailsSeveralUserGN" name="TZPCheckEMailSeveralUserGNTest" time="4.509"/>
  <testcase classname="TopZinsPortal.TZPCheckEMailsSeveralUserGN" name="TZPCheckEMailSeveralUserGNTest" time="4.512"/>
  <testcase classname="TopZinsPortal.TZPCheckEMailsSeveralUserGN" name="TZPCheckEMailSeveralUserGNTest" time="7.089">
    <failure type="java.lang.AssertionError" message="The following asserts failed:
	expected [true] but found [false]">
      <![CDATA[java.lang.AssertionError: The following asserts failed:
expected [true] but found [false]
at TopZinsPortal.TZPCheckEMailsSeveralUserGN.TZPCheckEMailSeveralUserGNTest(TZPCheckEMailsSeveralUserGN.java:125)
at java.base/java.util.ArrayList.forEach(ArrayList.java:1511)
... Removed 29 stack frames]]>
    </failure>
  </testcase> <!-- TZPCheckEMailSeveralUserGNTest -->
  <testcase classname="TopZinsPortal.TZPCheckEMailsSeveralUserGN" name="TZPCheckEMailSeveralUserGNTest" time="4.508"/>
  <testcase classname="TopZinsPortal.TZPCheckEMailsSeveralUserGN" name="TZPCheckEMailSeveralUserGNTest" time="4.505"/>
</testsuite> <!-- TZP-Serveral-User-Mails-Lesen-GN -->
