<?xml version="1.0" encoding="UTF-8"?>
<!-- Generated by org.testng.reporters.JUnitXMLReporter -->
<testsuite ignored="0" hostname="forsa-vm31" failures="0" tests="3" name="TZP-Serveral-User-Loeschen-GN" time="37.708" errors="0" timestamp="2021-08-05T16:03:47 CEST">
  <testcase classname="TopZinsPortal.TZPAdminSeveralUserLoeschenGN" name="TZPAdminSeveralUserLoeschenGNTest" time="15.35"/>
  <testcase classname="TopZinsPortal.TZPAdminSeveralUserLoeschenGN" name="TZPAdminSeveralUserLoeschenGNTest" time="9.677"/>
  <testcase classname="TopZinsPortal.TZPAdminSeveralUserLoeschenGN" name="TZPAdminSeveralUserLoeschenGNTest" time="9.636"/>
</testsuite> <!-- TZP-Serveral-User-Loeschen-GN -->
