<?xml version="1.0" encoding="UTF-8"?>
<!-- Generated by org.testng.reporters.JUnitXMLReporter -->
<testsuite ignored="0" hostname="forsa-vm31" failures="0" tests="3" name="TZP-Zinssatz-Vorgabe-GN" time="122.835" errors="0" timestamp="2021-07-05T11:40:02 CEST">
  <testcase classname="TopZinsPortal.TZPZinssatzVorgabeGN" name="TZPZinssatzVorgabeGNTest" time="40.44"/>
  <testcase classname="TopZinsPortal.TZPZinssatzVorgabeGN" name="TZPZinssatzVorgabeGNTest" time="39.504"/>
  <testcase classname="TopZinsPortal.TZPZinssatzVorgabeGN" name="TZPZinssatzVorgabeGNTest" time="39.873"/>
</testsuite> <!-- TZP-Zinssatz-Vorgabe-GN -->
